CRITICAL - 2021-12-22 06:04:19 --> Invalid file: template/v_wrapper.php
#0 C:\xampp\htdocs\ci4app\vendor\codeigniter4\framework\system\View\View.php(198): CodeIgniter\Exceptions\FrameworkException::forInvalidFile('template/v_wrap...')
#1 C:\xampp\htdocs\ci4app\vendor\codeigniter4\framework\system\Common.php(1097): CodeIgniter\View\View->render('template/v_wrap...', Array, true)
#2 C:\xampp\htdocs\ci4app\app\Controllers\Home.php(13): view('template/v_wrap...')
#3 C:\xampp\htdocs\ci4app\vendor\codeigniter4\framework\system\CodeIgniter.php(824): App\Controllers\Home->index()
#4 C:\xampp\htdocs\ci4app\vendor\codeigniter4\framework\system\CodeIgniter.php(410): CodeIgniter\CodeIgniter->runController(Object(App\Controllers\Home))
#5 C:\xampp\htdocs\ci4app\vendor\codeigniter4\framework\system\CodeIgniter.php(318): CodeIgniter\CodeIgniter->handleRequest(NULL, Object(Config\Cache), false)
#6 C:\xampp\htdocs\ci4app\public\index.php(37): CodeIgniter\CodeIgniter->run()
#7 C:\xampp\htdocs\ci4app\vendor\codeigniter4\framework\system\Commands\Server\rewrite.php(43): require_once('C:\\xampp\\htdocs...')
#8 {main}
CRITICAL - 2021-12-22 06:06:12 --> Invalid file: template/v_head.php
#0 C:\xampp\htdocs\ci4app\vendor\codeigniter4\framework\system\View\View.php(198): CodeIgniter\Exceptions\FrameworkException::forInvalidFile('template/v_head...')
#1 C:\xampp\htdocs\ci4app\vendor\codeigniter4\framework\system\Common.php(1097): CodeIgniter\View\View->render('template/v_head...', Array, true)
#2 C:\xampp\htdocs\ci4app\app\Views\administrator\template\v_wrapper.php(2): view('template/v_head...')
#3 C:\xampp\htdocs\ci4app\vendor\codeigniter4\framework\system\View\View.php(214): include('C:\\xampp\\htdocs...')
#4 C:\xampp\htdocs\ci4app\vendor\codeigniter4\framework\system\View\View.php(217): CodeIgniter\View\View->CodeIgniter\View\{closure}()
#5 C:\xampp\htdocs\ci4app\vendor\codeigniter4\framework\system\Common.php(1097): CodeIgniter\View\View->render('administrator/t...', Array, true)
#6 C:\xampp\htdocs\ci4app\app\Controllers\Home.php(13): view('administrator/t...')
#7 C:\xampp\htdocs\ci4app\vendor\codeigniter4\framework\system\CodeIgniter.php(824): App\Controllers\Home->index()
#8 C:\xampp\htdocs\ci4app\vendor\codeigniter4\framework\system\CodeIgniter.php(410): CodeIgniter\CodeIgniter->runController(Object(App\Controllers\Home))
#9 C:\xampp\htdocs\ci4app\vendor\codeigniter4\framework\system\CodeIgniter.php(318): CodeIgniter\CodeIgniter->handleRequest(NULL, Object(Config\Cache), false)
#10 C:\xampp\htdocs\ci4app\public\index.php(37): CodeIgniter\CodeIgniter->run()
#11 C:\xampp\htdocs\ci4app\vendor\codeigniter4\framework\system\Commands\Server\rewrite.php(43): require_once('C:\\xampp\\htdocs...')
#12 {main}
CRITICAL - 2021-12-22 06:06:13 --> Invalid file: template/v_head.php
#0 C:\xampp\htdocs\ci4app\vendor\codeigniter4\framework\system\View\View.php(198): CodeIgniter\Exceptions\FrameworkException::forInvalidFile('template/v_head...')
#1 C:\xampp\htdocs\ci4app\vendor\codeigniter4\framework\system\Common.php(1097): CodeIgniter\View\View->render('template/v_head...', Array, true)
#2 C:\xampp\htdocs\ci4app\app\Views\administrator\template\v_wrapper.php(2): view('template/v_head...')
#3 C:\xampp\htdocs\ci4app\vendor\codeigniter4\framework\system\View\View.php(214): include('C:\\xampp\\htdocs...')
#4 C:\xampp\htdocs\ci4app\vendor\codeigniter4\framework\system\View\View.php(217): CodeIgniter\View\View->CodeIgniter\View\{closure}()
#5 C:\xampp\htdocs\ci4app\vendor\codeigniter4\framework\system\Common.php(1097): CodeIgniter\View\View->render('administrator/t...', Array, true)
#6 C:\xampp\htdocs\ci4app\app\Controllers\Home.php(13): view('administrator/t...')
#7 C:\xampp\htdocs\ci4app\vendor\codeigniter4\framework\system\CodeIgniter.php(824): App\Controllers\Home->index()
#8 C:\xampp\htdocs\ci4app\vendor\codeigniter4\framework\system\CodeIgniter.php(410): CodeIgniter\CodeIgniter->runController(Object(App\Controllers\Home))
#9 C:\xampp\htdocs\ci4app\vendor\codeigniter4\framework\system\CodeIgniter.php(318): CodeIgniter\CodeIgniter->handleRequest(NULL, Object(Config\Cache), false)
#10 C:\xampp\htdocs\ci4app\public\index.php(37): CodeIgniter\CodeIgniter->run()
#11 C:\xampp\htdocs\ci4app\vendor\codeigniter4\framework\system\Commands\Server\rewrite.php(43): require_once('C:\\xampp\\htdocs...')
#12 {main}
CRITICAL - 2021-12-22 06:06:13 --> Invalid file: template/v_head.php
#0 C:\xampp\htdocs\ci4app\vendor\codeigniter4\framework\system\View\View.php(198): CodeIgniter\Exceptions\FrameworkException::forInvalidFile('template/v_head...')
#1 C:\xampp\htdocs\ci4app\vendor\codeigniter4\framework\system\Common.php(1097): CodeIgniter\View\View->render('template/v_head...', Array, true)
#2 C:\xampp\htdocs\ci4app\app\Views\administrator\template\v_wrapper.php(2): view('template/v_head...')
#3 C:\xampp\htdocs\ci4app\vendor\codeigniter4\framework\system\View\View.php(214): include('C:\\xampp\\htdocs...')
#4 C:\xampp\htdocs\ci4app\vendor\codeigniter4\framework\system\View\View.php(217): CodeIgniter\View\View->CodeIgniter\View\{closure}()
#5 C:\xampp\htdocs\ci4app\vendor\codeigniter4\framework\system\Common.php(1097): CodeIgniter\View\View->render('administrator/t...', Array, true)
#6 C:\xampp\htdocs\ci4app\app\Controllers\Home.php(13): view('administrator/t...')
#7 C:\xampp\htdocs\ci4app\vendor\codeigniter4\framework\system\CodeIgniter.php(824): App\Controllers\Home->index()
#8 C:\xampp\htdocs\ci4app\vendor\codeigniter4\framework\system\CodeIgniter.php(410): CodeIgniter\CodeIgniter->runController(Object(App\Controllers\Home))
#9 C:\xampp\htdocs\ci4app\vendor\codeigniter4\framework\system\CodeIgniter.php(318): CodeIgniter\CodeIgniter->handleRequest(NULL, Object(Config\Cache), false)
#10 C:\xampp\htdocs\ci4app\public\index.php(37): CodeIgniter\CodeIgniter->run()
#11 C:\xampp\htdocs\ci4app\vendor\codeigniter4\framework\system\Commands\Server\rewrite.php(43): require_once('C:\\xampp\\htdocs...')
#12 {main}
CRITICAL - 2021-12-22 06:06:13 --> Invalid file: template/v_head.php
#0 C:\xampp\htdocs\ci4app\vendor\codeigniter4\framework\system\View\View.php(198): CodeIgniter\Exceptions\FrameworkException::forInvalidFile('template/v_head...')
#1 C:\xampp\htdocs\ci4app\vendor\codeigniter4\framework\system\Common.php(1097): CodeIgniter\View\View->render('template/v_head...', Array, true)
#2 C:\xampp\htdocs\ci4app\app\Views\administrator\template\v_wrapper.php(2): view('template/v_head...')
#3 C:\xampp\htdocs\ci4app\vendor\codeigniter4\framework\system\View\View.php(214): include('C:\\xampp\\htdocs...')
#4 C:\xampp\htdocs\ci4app\vendor\codeigniter4\framework\system\View\View.php(217): CodeIgniter\View\View->CodeIgniter\View\{closure}()
#5 C:\xampp\htdocs\ci4app\vendor\codeigniter4\framework\system\Common.php(1097): CodeIgniter\View\View->render('administrator/t...', Array, true)
#6 C:\xampp\htdocs\ci4app\app\Controllers\Home.php(13): view('administrator/t...')
#7 C:\xampp\htdocs\ci4app\vendor\codeigniter4\framework\system\CodeIgniter.php(824): App\Controllers\Home->index()
#8 C:\xampp\htdocs\ci4app\vendor\codeigniter4\framework\system\CodeIgniter.php(410): CodeIgniter\CodeIgniter->runController(Object(App\Controllers\Home))
#9 C:\xampp\htdocs\ci4app\vendor\codeigniter4\framework\system\CodeIgniter.php(318): CodeIgniter\CodeIgniter->handleRequest(NULL, Object(Config\Cache), false)
#10 C:\xampp\htdocs\ci4app\public\index.php(37): CodeIgniter\CodeIgniter->run()
#11 C:\xampp\htdocs\ci4app\vendor\codeigniter4\framework\system\Commands\Server\rewrite.php(43): require_once('C:\\xampp\\htdocs...')
#12 {main}
CRITICAL - 2021-12-22 06:06:13 --> Invalid file: template/v_head.php
#0 C:\xampp\htdocs\ci4app\vendor\codeigniter4\framework\system\View\View.php(198): CodeIgniter\Exceptions\FrameworkException::forInvalidFile('template/v_head...')
#1 C:\xampp\htdocs\ci4app\vendor\codeigniter4\framework\system\Common.php(1097): CodeIgniter\View\View->render('template/v_head...', Array, true)
#2 C:\xampp\htdocs\ci4app\app\Views\administrator\template\v_wrapper.php(2): view('template/v_head...')
#3 C:\xampp\htdocs\ci4app\vendor\codeigniter4\framework\system\View\View.php(214): include('C:\\xampp\\htdocs...')
#4 C:\xampp\htdocs\ci4app\vendor\codeigniter4\framework\system\View\View.php(217): CodeIgniter\View\View->CodeIgniter\View\{closure}()
#5 C:\xampp\htdocs\ci4app\vendor\codeigniter4\framework\system\Common.php(1097): CodeIgniter\View\View->render('administrator/t...', Array, true)
#6 C:\xampp\htdocs\ci4app\app\Controllers\Home.php(13): view('administrator/t...')
#7 C:\xampp\htdocs\ci4app\vendor\codeigniter4\framework\system\CodeIgniter.php(824): App\Controllers\Home->index()
#8 C:\xampp\htdocs\ci4app\vendor\codeigniter4\framework\system\CodeIgniter.php(410): CodeIgniter\CodeIgniter->runController(Object(App\Controllers\Home))
#9 C:\xampp\htdocs\ci4app\vendor\codeigniter4\framework\system\CodeIgniter.php(318): CodeIgniter\CodeIgniter->handleRequest(NULL, Object(Config\Cache), false)
#10 C:\xampp\htdocs\ci4app\public\index.php(37): CodeIgniter\CodeIgniter->run()
#11 C:\xampp\htdocs\ci4app\vendor\codeigniter4\framework\system\Commands\Server\rewrite.php(43): require_once('C:\\xampp\\htdocs...')
#12 {main}
CRITICAL - 2021-12-22 06:06:14 --> Invalid file: template/v_head.php
#0 C:\xampp\htdocs\ci4app\vendor\codeigniter4\framework\system\View\View.php(198): CodeIgniter\Exceptions\FrameworkException::forInvalidFile('template/v_head...')
#1 C:\xampp\htdocs\ci4app\vendor\codeigniter4\framework\system\Common.php(1097): CodeIgniter\View\View->render('template/v_head...', Array, true)
#2 C:\xampp\htdocs\ci4app\app\Views\administrator\template\v_wrapper.php(2): view('template/v_head...')
#3 C:\xampp\htdocs\ci4app\vendor\codeigniter4\framework\system\View\View.php(214): include('C:\\xampp\\htdocs...')
#4 C:\xampp\htdocs\ci4app\vendor\codeigniter4\framework\system\View\View.php(217): CodeIgniter\View\View->CodeIgniter\View\{closure}()
#5 C:\xampp\htdocs\ci4app\vendor\codeigniter4\framework\system\Common.php(1097): CodeIgniter\View\View->render('administrator/t...', Array, true)
#6 C:\xampp\htdocs\ci4app\app\Controllers\Home.php(13): view('administrator/t...')
#7 C:\xampp\htdocs\ci4app\vendor\codeigniter4\framework\system\CodeIgniter.php(824): App\Controllers\Home->index()
#8 C:\xampp\htdocs\ci4app\vendor\codeigniter4\framework\system\CodeIgniter.php(410): CodeIgniter\CodeIgniter->runController(Object(App\Controllers\Home))
#9 C:\xampp\htdocs\ci4app\vendor\codeigniter4\framework\system\CodeIgniter.php(318): CodeIgniter\CodeIgniter->handleRequest(NULL, Object(Config\Cache), false)
#10 C:\xampp\htdocs\ci4app\public\index.php(37): CodeIgniter\CodeIgniter->run()
#11 C:\xampp\htdocs\ci4app\vendor\codeigniter4\framework\system\Commands\Server\rewrite.php(43): require_once('C:\\xampp\\htdocs...')
#12 {main}
CRITICAL - 2021-12-22 06:06:14 --> Invalid file: template/v_head.php
#0 C:\xampp\htdocs\ci4app\vendor\codeigniter4\framework\system\View\View.php(198): CodeIgniter\Exceptions\FrameworkException::forInvalidFile('template/v_head...')
#1 C:\xampp\htdocs\ci4app\vendor\codeigniter4\framework\system\Common.php(1097): CodeIgniter\View\View->render('template/v_head...', Array, true)
#2 C:\xampp\htdocs\ci4app\app\Views\administrator\template\v_wrapper.php(2): view('template/v_head...')
#3 C:\xampp\htdocs\ci4app\vendor\codeigniter4\framework\system\View\View.php(214): include('C:\\xampp\\htdocs...')
#4 C:\xampp\htdocs\ci4app\vendor\codeigniter4\framework\system\View\View.php(217): CodeIgniter\View\View->CodeIgniter\View\{closure}()
#5 C:\xampp\htdocs\ci4app\vendor\codeigniter4\framework\system\Common.php(1097): CodeIgniter\View\View->render('administrator/t...', Array, true)
#6 C:\xampp\htdocs\ci4app\app\Controllers\Home.php(13): view('administrator/t...')
#7 C:\xampp\htdocs\ci4app\vendor\codeigniter4\framework\system\CodeIgniter.php(824): App\Controllers\Home->index()
#8 C:\xampp\htdocs\ci4app\vendor\codeigniter4\framework\system\CodeIgniter.php(410): CodeIgniter\CodeIgniter->runController(Object(App\Controllers\Home))
#9 C:\xampp\htdocs\ci4app\vendor\codeigniter4\framework\system\CodeIgniter.php(318): CodeIgniter\CodeIgniter->handleRequest(NULL, Object(Config\Cache), false)
#10 C:\xampp\htdocs\ci4app\public\index.php(37): CodeIgniter\CodeIgniter->run()
#11 C:\xampp\htdocs\ci4app\vendor\codeigniter4\framework\system\Commands\Server\rewrite.php(43): require_once('C:\\xampp\\htdocs...')
#12 {main}
CRITICAL - 2021-12-22 06:06:14 --> Invalid file: template/v_head.php
#0 C:\xampp\htdocs\ci4app\vendor\codeigniter4\framework\system\View\View.php(198): CodeIgniter\Exceptions\FrameworkException::forInvalidFile('template/v_head...')
#1 C:\xampp\htdocs\ci4app\vendor\codeigniter4\framework\system\Common.php(1097): CodeIgniter\View\View->render('template/v_head...', Array, true)
#2 C:\xampp\htdocs\ci4app\app\Views\administrator\template\v_wrapper.php(2): view('template/v_head...')
#3 C:\xampp\htdocs\ci4app\vendor\codeigniter4\framework\system\View\View.php(214): include('C:\\xampp\\htdocs...')
#4 C:\xampp\htdocs\ci4app\vendor\codeigniter4\framework\system\View\View.php(217): CodeIgniter\View\View->CodeIgniter\View\{closure}()
#5 C:\xampp\htdocs\ci4app\vendor\codeigniter4\framework\system\Common.php(1097): CodeIgniter\View\View->render('administrator/t...', Array, true)
#6 C:\xampp\htdocs\ci4app\app\Controllers\Home.php(13): view('administrator/t...')
#7 C:\xampp\htdocs\ci4app\vendor\codeigniter4\framework\system\CodeIgniter.php(824): App\Controllers\Home->index()
#8 C:\xampp\htdocs\ci4app\vendor\codeigniter4\framework\system\CodeIgniter.php(410): CodeIgniter\CodeIgniter->runController(Object(App\Controllers\Home))
#9 C:\xampp\htdocs\ci4app\vendor\codeigniter4\framework\system\CodeIgniter.php(318): CodeIgniter\CodeIgniter->handleRequest(NULL, Object(Config\Cache), false)
#10 C:\xampp\htdocs\ci4app\public\index.php(37): CodeIgniter\CodeIgniter->run()
#11 C:\xampp\htdocs\ci4app\vendor\codeigniter4\framework\system\Commands\Server\rewrite.php(43): require_once('C:\\xampp\\htdocs...')
#12 {main}
CRITICAL - 2021-12-22 06:06:14 --> Invalid file: template/v_head.php
#0 C:\xampp\htdocs\ci4app\vendor\codeigniter4\framework\system\View\View.php(198): CodeIgniter\Exceptions\FrameworkException::forInvalidFile('template/v_head...')
#1 C:\xampp\htdocs\ci4app\vendor\codeigniter4\framework\system\Common.php(1097): CodeIgniter\View\View->render('template/v_head...', Array, true)
#2 C:\xampp\htdocs\ci4app\app\Views\administrator\template\v_wrapper.php(2): view('template/v_head...')
#3 C:\xampp\htdocs\ci4app\vendor\codeigniter4\framework\system\View\View.php(214): include('C:\\xampp\\htdocs...')
#4 C:\xampp\htdocs\ci4app\vendor\codeigniter4\framework\system\View\View.php(217): CodeIgniter\View\View->CodeIgniter\View\{closure}()
#5 C:\xampp\htdocs\ci4app\vendor\codeigniter4\framework\system\Common.php(1097): CodeIgniter\View\View->render('administrator/t...', Array, true)
#6 C:\xampp\htdocs\ci4app\app\Controllers\Home.php(13): view('administrator/t...')
#7 C:\xampp\htdocs\ci4app\vendor\codeigniter4\framework\system\CodeIgniter.php(824): App\Controllers\Home->index()
#8 C:\xampp\htdocs\ci4app\vendor\codeigniter4\framework\system\CodeIgniter.php(410): CodeIgniter\CodeIgniter->runController(Object(App\Controllers\Home))
#9 C:\xampp\htdocs\ci4app\vendor\codeigniter4\framework\system\CodeIgniter.php(318): CodeIgniter\CodeIgniter->handleRequest(NULL, Object(Config\Cache), false)
#10 C:\xampp\htdocs\ci4app\public\index.php(37): CodeIgniter\CodeIgniter->run()
#11 C:\xampp\htdocs\ci4app\vendor\codeigniter4\framework\system\Commands\Server\rewrite.php(43): require_once('C:\\xampp\\htdocs...')
#12 {main}
CRITICAL - 2021-12-22 06:09:10 --> Invalid file: template/v_head.php
#0 C:\xampp\htdocs\ci4app\vendor\codeigniter4\framework\system\View\View.php(198): CodeIgniter\Exceptions\FrameworkException::forInvalidFile('template/v_head...')
#1 C:\xampp\htdocs\ci4app\vendor\codeigniter4\framework\system\Common.php(1097): CodeIgniter\View\View->render('template/v_head...', Array, true)
#2 C:\xampp\htdocs\ci4app\app\Views\administrator\template\v_wrapper.php(2): view('template/v_head...')
#3 C:\xampp\htdocs\ci4app\vendor\codeigniter4\framework\system\View\View.php(214): include('C:\\xampp\\htdocs...')
#4 C:\xampp\htdocs\ci4app\vendor\codeigniter4\framework\system\View\View.php(217): CodeIgniter\View\View->CodeIgniter\View\{closure}()
#5 C:\xampp\htdocs\ci4app\vendor\codeigniter4\framework\system\Common.php(1097): CodeIgniter\View\View->render('administrator/t...', Array, true)
#6 C:\xampp\htdocs\ci4app\app\Controllers\Home.php(13): view('administrator/t...', Array)
#7 C:\xampp\htdocs\ci4app\vendor\codeigniter4\framework\system\CodeIgniter.php(824): App\Controllers\Home->index()
#8 C:\xampp\htdocs\ci4app\vendor\codeigniter4\framework\system\CodeIgniter.php(410): CodeIgniter\CodeIgniter->runController(Object(App\Controllers\Home))
#9 C:\xampp\htdocs\ci4app\vendor\codeigniter4\framework\system\CodeIgniter.php(318): CodeIgniter\CodeIgniter->handleRequest(NULL, Object(Config\Cache), false)
#10 C:\xampp\htdocs\ci4app\public\index.php(37): CodeIgniter\CodeIgniter->run()
#11 C:\xampp\htdocs\ci4app\vendor\codeigniter4\framework\system\Commands\Server\rewrite.php(43): require_once('C:\\xampp\\htdocs...')
#12 {main}
CRITICAL - 2021-12-22 06:09:15 --> Invalid file: template/v_head.php
#0 C:\xampp\htdocs\ci4app\vendor\codeigniter4\framework\system\View\View.php(198): CodeIgniter\Exceptions\FrameworkException::forInvalidFile('template/v_head...')
#1 C:\xampp\htdocs\ci4app\vendor\codeigniter4\framework\system\Common.php(1097): CodeIgniter\View\View->render('template/v_head...', Array, true)
#2 C:\xampp\htdocs\ci4app\app\Views\administrator\template\v_wrapper.php(2): view('template/v_head...')
#3 C:\xampp\htdocs\ci4app\vendor\codeigniter4\framework\system\View\View.php(214): include('C:\\xampp\\htdocs...')
#4 C:\xampp\htdocs\ci4app\vendor\codeigniter4\framework\system\View\View.php(217): CodeIgniter\View\View->CodeIgniter\View\{closure}()
#5 C:\xampp\htdocs\ci4app\vendor\codeigniter4\framework\system\Common.php(1097): CodeIgniter\View\View->render('administrator/t...', Array, true)
#6 C:\xampp\htdocs\ci4app\app\Controllers\Home.php(13): view('administrator/t...', Array)
#7 C:\xampp\htdocs\ci4app\vendor\codeigniter4\framework\system\CodeIgniter.php(824): App\Controllers\Home->index()
#8 C:\xampp\htdocs\ci4app\vendor\codeigniter4\framework\system\CodeIgniter.php(410): CodeIgniter\CodeIgniter->runController(Object(App\Controllers\Home))
#9 C:\xampp\htdocs\ci4app\vendor\codeigniter4\framework\system\CodeIgniter.php(318): CodeIgniter\CodeIgniter->handleRequest(NULL, Object(Config\Cache), false)
#10 C:\xampp\htdocs\ci4app\public\index.php(37): CodeIgniter\CodeIgniter->run()
#11 C:\xampp\htdocs\ci4app\vendor\codeigniter4\framework\system\Commands\Server\rewrite.php(43): require_once('C:\\xampp\\htdocs...')
#12 {main}
CRITICAL - 2021-12-22 06:18:03 --> Invalid file: administrator/template/v_home.php
#0 C:\xampp\htdocs\ci4app\vendor\codeigniter4\framework\system\View\View.php(198): CodeIgniter\Exceptions\FrameworkException::forInvalidFile('administrator/t...')
#1 C:\xampp\htdocs\ci4app\vendor\codeigniter4\framework\system\Common.php(1097): CodeIgniter\View\View->render('administrator/t...', Array, true)
#2 C:\xampp\htdocs\ci4app\app\Views\administrator\template\v_content.php(3): view('administrator/t...')
#3 C:\xampp\htdocs\ci4app\vendor\codeigniter4\framework\system\View\View.php(214): include('C:\\xampp\\htdocs...')
#4 C:\xampp\htdocs\ci4app\vendor\codeigniter4\framework\system\View\View.php(217): CodeIgniter\View\View->CodeIgniter\View\{closure}()
#5 C:\xampp\htdocs\ci4app\vendor\codeigniter4\framework\system\Common.php(1097): CodeIgniter\View\View->render('administrator/t...', Array, true)
#6 C:\xampp\htdocs\ci4app\app\Views\administrator\template\v_wrapper.php(5): view('administrator/t...')
#7 C:\xampp\htdocs\ci4app\vendor\codeigniter4\framework\system\View\View.php(214): include('C:\\xampp\\htdocs...')
#8 C:\xampp\htdocs\ci4app\vendor\codeigniter4\framework\system\View\View.php(217): CodeIgniter\View\View->CodeIgniter\View\{closure}()
#9 C:\xampp\htdocs\ci4app\vendor\codeigniter4\framework\system\Common.php(1097): CodeIgniter\View\View->render('administrator/t...', Array, true)
#10 C:\xampp\htdocs\ci4app\app\Controllers\Home.php(13): view('administrator/t...', Array)
#11 C:\xampp\htdocs\ci4app\vendor\codeigniter4\framework\system\CodeIgniter.php(824): App\Controllers\Home->index()
#12 C:\xampp\htdocs\ci4app\vendor\codeigniter4\framework\system\CodeIgniter.php(410): CodeIgniter\CodeIgniter->runController(Object(App\Controllers\Home))
#13 C:\xampp\htdocs\ci4app\vendor\codeigniter4\framework\system\CodeIgniter.php(318): CodeIgniter\CodeIgniter->handleRequest(NULL, Object(Config\Cache), false)
#14 C:\xampp\htdocs\ci4app\public\index.php(37): CodeIgniter\CodeIgniter->run()
#15 C:\xampp\htdocs\ci4app\vendor\codeigniter4\framework\system\Commands\Server\rewrite.php(43): require_once('C:\\xampp\\htdocs...')
#16 {main}
CRITICAL - 2021-12-22 10:13:08 --> Invalid file: administrator/template/v_wrapper.php
#0 C:\xampp\htdocs\ci4app\vendor\codeigniter4\framework\system\View\View.php(198): CodeIgniter\Exceptions\FrameworkException::forInvalidFile('administrator/t...')
#1 C:\xampp\htdocs\ci4app\vendor\codeigniter4\framework\system\Common.php(1097): CodeIgniter\View\View->render('administrator/t...', Array, true)
#2 C:\xampp\htdocs\ci4app\app\Controllers\Home.php(13): view('administrator/t...', Array)
#3 C:\xampp\htdocs\ci4app\vendor\codeigniter4\framework\system\CodeIgniter.php(824): App\Controllers\Home->index()
#4 C:\xampp\htdocs\ci4app\vendor\codeigniter4\framework\system\CodeIgniter.php(410): CodeIgniter\CodeIgniter->runController(Object(App\Controllers\Home))
#5 C:\xampp\htdocs\ci4app\vendor\codeigniter4\framework\system\CodeIgniter.php(318): CodeIgniter\CodeIgniter->handleRequest(NULL, Object(Config\Cache), false)
#6 C:\xampp\htdocs\ci4app\public\index.php(37): CodeIgniter\CodeIgniter->run()
#7 C:\xampp\htdocs\ci4app\vendor\codeigniter4\framework\system\Commands\Server\rewrite.php(43): require_once('C:\\xampp\\htdocs...')
#8 {main}
CRITICAL - 2021-12-22 10:15:57 --> Invalid file: administrator/template/v_wrapper.php
#0 C:\xampp\htdocs\ci4app\vendor\codeigniter4\framework\system\View\View.php(198): CodeIgniter\Exceptions\FrameworkException::forInvalidFile('administrator/t...')
#1 C:\xampp\htdocs\ci4app\vendor\codeigniter4\framework\system\Common.php(1097): CodeIgniter\View\View->render('administrator/t...', Array, true)
#2 C:\xampp\htdocs\ci4app\app\Controllers\Home.php(13): view('administrator/t...', Array)
#3 C:\xampp\htdocs\ci4app\vendor\codeigniter4\framework\system\CodeIgniter.php(824): App\Controllers\Home->index()
#4 C:\xampp\htdocs\ci4app\vendor\codeigniter4\framework\system\CodeIgniter.php(410): CodeIgniter\CodeIgniter->runController(Object(App\Controllers\Home))
#5 C:\xampp\htdocs\ci4app\vendor\codeigniter4\framework\system\CodeIgniter.php(318): CodeIgniter\CodeIgniter->handleRequest(NULL, Object(Config\Cache), false)
#6 C:\xampp\htdocs\ci4app\public\index.php(37): CodeIgniter\CodeIgniter->run()
#7 C:\xampp\htdocs\ci4app\vendor\codeigniter4\framework\system\Commands\Server\rewrite.php(43): require_once('C:\\xampp\\htdocs...')
#8 {main}
CRITICAL - 2021-12-22 10:16:26 --> Invalid file: administrator/template/v_wrapper.php
#0 C:\xampp\htdocs\ci4app\vendor\codeigniter4\framework\system\View\View.php(198): CodeIgniter\Exceptions\FrameworkException::forInvalidFile('administrator/t...')
#1 C:\xampp\htdocs\ci4app\vendor\codeigniter4\framework\system\Common.php(1097): CodeIgniter\View\View->render('administrator/t...', Array, true)
#2 C:\xampp\htdocs\ci4app\app\Controllers\Home.php(13): view('administrator/t...', Array)
#3 C:\xampp\htdocs\ci4app\vendor\codeigniter4\framework\system\CodeIgniter.php(824): App\Controllers\Home->index()
#4 C:\xampp\htdocs\ci4app\vendor\codeigniter4\framework\system\CodeIgniter.php(410): CodeIgniter\CodeIgniter->runController(Object(App\Controllers\Home))
#5 C:\xampp\htdocs\ci4app\vendor\codeigniter4\framework\system\CodeIgniter.php(318): CodeIgniter\CodeIgniter->handleRequest(NULL, Object(Config\Cache), false)
#6 C:\xampp\htdocs\ci4app\public\index.php(37): CodeIgniter\CodeIgniter->run()
#7 C:\xampp\htdocs\ci4app\vendor\codeigniter4\framework\system\Commands\Server\rewrite.php(43): require_once('C:\\xampp\\htdocs...')
#8 {main}
CRITICAL - 2021-12-22 10:16:28 --> Invalid file: administrator/template/v_wrapper.php
#0 C:\xampp\htdocs\ci4app\vendor\codeigniter4\framework\system\View\View.php(198): CodeIgniter\Exceptions\FrameworkException::forInvalidFile('administrator/t...')
#1 C:\xampp\htdocs\ci4app\vendor\codeigniter4\framework\system\Common.php(1097): CodeIgniter\View\View->render('administrator/t...', Array, true)
#2 C:\xampp\htdocs\ci4app\app\Controllers\Home.php(13): view('administrator/t...', Array)
#3 C:\xampp\htdocs\ci4app\vendor\codeigniter4\framework\system\CodeIgniter.php(824): App\Controllers\Home->index()
#4 C:\xampp\htdocs\ci4app\vendor\codeigniter4\framework\system\CodeIgniter.php(410): CodeIgniter\CodeIgniter->runController(Object(App\Controllers\Home))
#5 C:\xampp\htdocs\ci4app\vendor\codeigniter4\framework\system\CodeIgniter.php(318): CodeIgniter\CodeIgniter->handleRequest(NULL, Object(Config\Cache), false)
#6 C:\xampp\htdocs\ci4app\public\index.php(37): CodeIgniter\CodeIgniter->run()
#7 C:\xampp\htdocs\ci4app\vendor\codeigniter4\framework\system\Commands\Server\rewrite.php(43): require_once('C:\\xampp\\htdocs...')
#8 {main}
CRITICAL - 2021-12-22 10:16:28 --> Invalid file: administrator/template/v_wrapper.php
#0 C:\xampp\htdocs\ci4app\vendor\codeigniter4\framework\system\View\View.php(198): CodeIgniter\Exceptions\FrameworkException::forInvalidFile('administrator/t...')
#1 C:\xampp\htdocs\ci4app\vendor\codeigniter4\framework\system\Common.php(1097): CodeIgniter\View\View->render('administrator/t...', Array, true)
#2 C:\xampp\htdocs\ci4app\app\Controllers\Home.php(13): view('administrator/t...', Array)
#3 C:\xampp\htdocs\ci4app\vendor\codeigniter4\framework\system\CodeIgniter.php(824): App\Controllers\Home->index()
#4 C:\xampp\htdocs\ci4app\vendor\codeigniter4\framework\system\CodeIgniter.php(410): CodeIgniter\CodeIgniter->runController(Object(App\Controllers\Home))
#5 C:\xampp\htdocs\ci4app\vendor\codeigniter4\framework\system\CodeIgniter.php(318): CodeIgniter\CodeIgniter->handleRequest(NULL, Object(Config\Cache), false)
#6 C:\xampp\htdocs\ci4app\public\index.php(37): CodeIgniter\CodeIgniter->run()
#7 C:\xampp\htdocs\ci4app\vendor\codeigniter4\framework\system\Commands\Server\rewrite.php(43): require_once('C:\\xampp\\htdocs...')
#8 {main}
CRITICAL - 2021-12-22 10:16:29 --> Invalid file: administrator/template/v_wrapper.php
#0 C:\xampp\htdocs\ci4app\vendor\codeigniter4\framework\system\View\View.php(198): CodeIgniter\Exceptions\FrameworkException::forInvalidFile('administrator/t...')
#1 C:\xampp\htdocs\ci4app\vendor\codeigniter4\framework\system\Common.php(1097): CodeIgniter\View\View->render('administrator/t...', Array, true)
#2 C:\xampp\htdocs\ci4app\app\Controllers\Home.php(13): view('administrator/t...', Array)
#3 C:\xampp\htdocs\ci4app\vendor\codeigniter4\framework\system\CodeIgniter.php(824): App\Controllers\Home->index()
#4 C:\xampp\htdocs\ci4app\vendor\codeigniter4\framework\system\CodeIgniter.php(410): CodeIgniter\CodeIgniter->runController(Object(App\Controllers\Home))
#5 C:\xampp\htdocs\ci4app\vendor\codeigniter4\framework\system\CodeIgniter.php(318): CodeIgniter\CodeIgniter->handleRequest(NULL, Object(Config\Cache), false)
#6 C:\xampp\htdocs\ci4app\public\index.php(37): CodeIgniter\CodeIgniter->run()
#7 C:\xampp\htdocs\ci4app\vendor\codeigniter4\framework\system\Commands\Server\rewrite.php(43): require_once('C:\\xampp\\htdocs...')
#8 {main}
CRITICAL - 2021-12-22 10:16:29 --> Invalid file: administrator/template/v_wrapper.php
#0 C:\xampp\htdocs\ci4app\vendor\codeigniter4\framework\system\View\View.php(198): CodeIgniter\Exceptions\FrameworkException::forInvalidFile('administrator/t...')
#1 C:\xampp\htdocs\ci4app\vendor\codeigniter4\framework\system\Common.php(1097): CodeIgniter\View\View->render('administrator/t...', Array, true)
#2 C:\xampp\htdocs\ci4app\app\Controllers\Home.php(13): view('administrator/t...', Array)
#3 C:\xampp\htdocs\ci4app\vendor\codeigniter4\framework\system\CodeIgniter.php(824): App\Controllers\Home->index()
#4 C:\xampp\htdocs\ci4app\vendor\codeigniter4\framework\system\CodeIgniter.php(410): CodeIgniter\CodeIgniter->runController(Object(App\Controllers\Home))
#5 C:\xampp\htdocs\ci4app\vendor\codeigniter4\framework\system\CodeIgniter.php(318): CodeIgniter\CodeIgniter->handleRequest(NULL, Object(Config\Cache), false)
#6 C:\xampp\htdocs\ci4app\public\index.php(37): CodeIgniter\CodeIgniter->run()
#7 C:\xampp\htdocs\ci4app\vendor\codeigniter4\framework\system\Commands\Server\rewrite.php(43): require_once('C:\\xampp\\htdocs...')
#8 {main}
CRITICAL - 2021-12-22 10:17:02 --> Invalid file: administrator/template/v_wrapper.php
#0 C:\xampp\htdocs\ci4app\vendor\codeigniter4\framework\system\View\View.php(198): CodeIgniter\Exceptions\FrameworkException::forInvalidFile('administrator/t...')
#1 C:\xampp\htdocs\ci4app\vendor\codeigniter4\framework\system\Common.php(1097): CodeIgniter\View\View->render('administrator/t...', Array, true)
#2 C:\xampp\htdocs\ci4app\app\Controllers\Home.php(13): view('administrator/t...', Array)
#3 C:\xampp\htdocs\ci4app\vendor\codeigniter4\framework\system\CodeIgniter.php(824): App\Controllers\Home->index()
#4 C:\xampp\htdocs\ci4app\vendor\codeigniter4\framework\system\CodeIgniter.php(410): CodeIgniter\CodeIgniter->runController(Object(App\Controllers\Home))
#5 C:\xampp\htdocs\ci4app\vendor\codeigniter4\framework\system\CodeIgniter.php(318): CodeIgniter\CodeIgniter->handleRequest(NULL, Object(Config\Cache), false)
#6 C:\xampp\htdocs\ci4app\public\index.php(37): CodeIgniter\CodeIgniter->run()
#7 C:\xampp\htdocs\ci4app\vendor\codeigniter4\framework\system\Commands\Server\rewrite.php(43): require_once('C:\\xampp\\htdocs...')
#8 {main}
CRITICAL - 2021-12-22 10:17:03 --> Invalid file: administrator/template/v_wrapper.php
#0 C:\xampp\htdocs\ci4app\vendor\codeigniter4\framework\system\View\View.php(198): CodeIgniter\Exceptions\FrameworkException::forInvalidFile('administrator/t...')
#1 C:\xampp\htdocs\ci4app\vendor\codeigniter4\framework\system\Common.php(1097): CodeIgniter\View\View->render('administrator/t...', Array, true)
#2 C:\xampp\htdocs\ci4app\app\Controllers\Home.php(13): view('administrator/t...', Array)
#3 C:\xampp\htdocs\ci4app\vendor\codeigniter4\framework\system\CodeIgniter.php(824): App\Controllers\Home->index()
#4 C:\xampp\htdocs\ci4app\vendor\codeigniter4\framework\system\CodeIgniter.php(410): CodeIgniter\CodeIgniter->runController(Object(App\Controllers\Home))
#5 C:\xampp\htdocs\ci4app\vendor\codeigniter4\framework\system\CodeIgniter.php(318): CodeIgniter\CodeIgniter->handleRequest(NULL, Object(Config\Cache), false)
#6 C:\xampp\htdocs\ci4app\public\index.php(37): CodeIgniter\CodeIgniter->run()
#7 C:\xampp\htdocs\ci4app\vendor\codeigniter4\framework\system\Commands\Server\rewrite.php(43): require_once('C:\\xampp\\htdocs...')
#8 {main}
CRITICAL - 2021-12-22 10:17:03 --> Invalid file: administrator/template/v_wrapper.php
#0 C:\xampp\htdocs\ci4app\vendor\codeigniter4\framework\system\View\View.php(198): CodeIgniter\Exceptions\FrameworkException::forInvalidFile('administrator/t...')
#1 C:\xampp\htdocs\ci4app\vendor\codeigniter4\framework\system\Common.php(1097): CodeIgniter\View\View->render('administrator/t...', Array, true)
#2 C:\xampp\htdocs\ci4app\app\Controllers\Home.php(13): view('administrator/t...', Array)
#3 C:\xampp\htdocs\ci4app\vendor\codeigniter4\framework\system\CodeIgniter.php(824): App\Controllers\Home->index()
#4 C:\xampp\htdocs\ci4app\vendor\codeigniter4\framework\system\CodeIgniter.php(410): CodeIgniter\CodeIgniter->runController(Object(App\Controllers\Home))
#5 C:\xampp\htdocs\ci4app\vendor\codeigniter4\framework\system\CodeIgniter.php(318): CodeIgniter\CodeIgniter->handleRequest(NULL, Object(Config\Cache), false)
#6 C:\xampp\htdocs\ci4app\public\index.php(37): CodeIgniter\CodeIgniter->run()
#7 C:\xampp\htdocs\ci4app\vendor\codeigniter4\framework\system\Commands\Server\rewrite.php(43): require_once('C:\\xampp\\htdocs...')
#8 {main}
CRITICAL - 2021-12-22 10:17:04 --> Invalid file: administrator/template/v_wrapper.php
#0 C:\xampp\htdocs\ci4app\vendor\codeigniter4\framework\system\View\View.php(198): CodeIgniter\Exceptions\FrameworkException::forInvalidFile('administrator/t...')
#1 C:\xampp\htdocs\ci4app\vendor\codeigniter4\framework\system\Common.php(1097): CodeIgniter\View\View->render('administrator/t...', Array, true)
#2 C:\xampp\htdocs\ci4app\app\Controllers\Home.php(13): view('administrator/t...', Array)
#3 C:\xampp\htdocs\ci4app\vendor\codeigniter4\framework\system\CodeIgniter.php(824): App\Controllers\Home->index()
#4 C:\xampp\htdocs\ci4app\vendor\codeigniter4\framework\system\CodeIgniter.php(410): CodeIgniter\CodeIgniter->runController(Object(App\Controllers\Home))
#5 C:\xampp\htdocs\ci4app\vendor\codeigniter4\framework\system\CodeIgniter.php(318): CodeIgniter\CodeIgniter->handleRequest(NULL, Object(Config\Cache), false)
#6 C:\xampp\htdocs\ci4app\public\index.php(37): CodeIgniter\CodeIgniter->run()
#7 C:\xampp\htdocs\ci4app\vendor\codeigniter4\framework\system\Commands\Server\rewrite.php(43): require_once('C:\\xampp\\htdocs...')
#8 {main}
CRITICAL - 2021-12-22 10:17:04 --> Invalid file: administrator/template/v_wrapper.php
#0 C:\xampp\htdocs\ci4app\vendor\codeigniter4\framework\system\View\View.php(198): CodeIgniter\Exceptions\FrameworkException::forInvalidFile('administrator/t...')
#1 C:\xampp\htdocs\ci4app\vendor\codeigniter4\framework\system\Common.php(1097): CodeIgniter\View\View->render('administrator/t...', Array, true)
#2 C:\xampp\htdocs\ci4app\app\Controllers\Home.php(13): view('administrator/t...', Array)
#3 C:\xampp\htdocs\ci4app\vendor\codeigniter4\framework\system\CodeIgniter.php(824): App\Controllers\Home->index()
#4 C:\xampp\htdocs\ci4app\vendor\codeigniter4\framework\system\CodeIgniter.php(410): CodeIgniter\CodeIgniter->runController(Object(App\Controllers\Home))
#5 C:\xampp\htdocs\ci4app\vendor\codeigniter4\framework\system\CodeIgniter.php(318): CodeIgniter\CodeIgniter->handleRequest(NULL, Object(Config\Cache), false)
#6 C:\xampp\htdocs\ci4app\public\index.php(37): CodeIgniter\CodeIgniter->run()
#7 C:\xampp\htdocs\ci4app\vendor\codeigniter4\framework\system\Commands\Server\rewrite.php(43): require_once('C:\\xampp\\htdocs...')
#8 {main}
CRITICAL - 2021-12-22 10:17:26 --> Invalid file: administrator/template/v_wrapper.php
#0 C:\xampp\htdocs\ci4app\vendor\codeigniter4\framework\system\View\View.php(198): CodeIgniter\Exceptions\FrameworkException::forInvalidFile('administrator/t...')
#1 C:\xampp\htdocs\ci4app\vendor\codeigniter4\framework\system\Common.php(1097): CodeIgniter\View\View->render('administrator/t...', Array, true)
#2 C:\xampp\htdocs\ci4app\app\Controllers\Home.php(13): view('administrator/t...', Array)
#3 C:\xampp\htdocs\ci4app\vendor\codeigniter4\framework\system\CodeIgniter.php(824): App\Controllers\Home->index()
#4 C:\xampp\htdocs\ci4app\vendor\codeigniter4\framework\system\CodeIgniter.php(410): CodeIgniter\CodeIgniter->runController(Object(App\Controllers\Home))
#5 C:\xampp\htdocs\ci4app\vendor\codeigniter4\framework\system\CodeIgniter.php(318): CodeIgniter\CodeIgniter->handleRequest(NULL, Object(Config\Cache), false)
#6 C:\xampp\htdocs\ci4app\public\index.php(37): CodeIgniter\CodeIgniter->run()
#7 C:\xampp\htdocs\ci4app\vendor\codeigniter4\framework\system\Commands\Server\rewrite.php(43): require_once('C:\\xampp\\htdocs...')
#8 {main}
CRITICAL - 2021-12-22 10:17:28 --> Invalid file: administrator/template/v_wrapper.php
#0 C:\xampp\htdocs\ci4app\vendor\codeigniter4\framework\system\View\View.php(198): CodeIgniter\Exceptions\FrameworkException::forInvalidFile('administrator/t...')
#1 C:\xampp\htdocs\ci4app\vendor\codeigniter4\framework\system\Common.php(1097): CodeIgniter\View\View->render('administrator/t...', Array, true)
#2 C:\xampp\htdocs\ci4app\app\Controllers\Home.php(13): view('administrator/t...', Array)
#3 C:\xampp\htdocs\ci4app\vendor\codeigniter4\framework\system\CodeIgniter.php(824): App\Controllers\Home->index()
#4 C:\xampp\htdocs\ci4app\vendor\codeigniter4\framework\system\CodeIgniter.php(410): CodeIgniter\CodeIgniter->runController(Object(App\Controllers\Home))
#5 C:\xampp\htdocs\ci4app\vendor\codeigniter4\framework\system\CodeIgniter.php(318): CodeIgniter\CodeIgniter->handleRequest(NULL, Object(Config\Cache), false)
#6 C:\xampp\htdocs\ci4app\public\index.php(37): CodeIgniter\CodeIgniter->run()
#7 C:\xampp\htdocs\ci4app\vendor\codeigniter4\framework\system\Commands\Server\rewrite.php(43): require_once('C:\\xampp\\htdocs...')
#8 {main}
