CRITICAL - 2021-12-25 11:39:01 --> Too few arguments to function App\Controllers\Kecamatan::edit(), 0 passed in C:\xampp\htdocs\ci4app\vendor\codeigniter4\framework\system\CodeIgniter.php on line 824 and exactly 1 expected
#0 C:\xampp\htdocs\ci4app\vendor\codeigniter4\framework\system\CodeIgniter.php(824): App\Controllers\Kecamatan->edit()
#1 C:\xampp\htdocs\ci4app\vendor\codeigniter4\framework\system\CodeIgniter.php(410): CodeIgniter\CodeIgniter->runController(Object(App\Controllers\Kecamatan))
#2 C:\xampp\htdocs\ci4app\vendor\codeigniter4\framework\system\CodeIgniter.php(318): CodeIgniter\CodeIgniter->handleRequest(NULL, Object(Config\Cache), false)
#3 C:\xampp\htdocs\ci4app\public\index.php(37): CodeIgniter\CodeIgniter->run()
#4 C:\xampp\htdocs\ci4app\vendor\codeigniter4\framework\system\Commands\Server\rewrite.php(43): require_once('C:\\xampp\\htdocs...')
#5 {main}
CRITICAL - 2021-12-25 11:39:13 --> Too few arguments to function App\Controllers\Kecamatan::edit(), 0 passed in C:\xampp\htdocs\ci4app\vendor\codeigniter4\framework\system\CodeIgniter.php on line 824 and exactly 1 expected
#0 C:\xampp\htdocs\ci4app\vendor\codeigniter4\framework\system\CodeIgniter.php(824): App\Controllers\Kecamatan->edit()
#1 C:\xampp\htdocs\ci4app\vendor\codeigniter4\framework\system\CodeIgniter.php(410): CodeIgniter\CodeIgniter->runController(Object(App\Controllers\Kecamatan))
#2 C:\xampp\htdocs\ci4app\vendor\codeigniter4\framework\system\CodeIgniter.php(318): CodeIgniter\CodeIgniter->handleRequest(NULL, Object(Config\Cache), false)
#3 C:\xampp\htdocs\ci4app\public\index.php(37): CodeIgniter\CodeIgniter->run()
#4 C:\xampp\htdocs\ci4app\vendor\codeigniter4\framework\system\Commands\Server\rewrite.php(43): require_once('C:\\xampp\\htdocs...')
#5 {main}
CRITICAL - 2021-12-25 11:40:18 --> Too few arguments to function App\Controllers\Kecamatan::edit(), 0 passed in C:\xampp\htdocs\ci4app\vendor\codeigniter4\framework\system\CodeIgniter.php on line 824 and exactly 1 expected
#0 C:\xampp\htdocs\ci4app\vendor\codeigniter4\framework\system\CodeIgniter.php(824): App\Controllers\Kecamatan->edit()
#1 C:\xampp\htdocs\ci4app\vendor\codeigniter4\framework\system\CodeIgniter.php(410): CodeIgniter\CodeIgniter->runController(Object(App\Controllers\Kecamatan))
#2 C:\xampp\htdocs\ci4app\vendor\codeigniter4\framework\system\CodeIgniter.php(318): CodeIgniter\CodeIgniter->handleRequest(NULL, Object(Config\Cache), false)
#3 C:\xampp\htdocs\ci4app\public\index.php(37): CodeIgniter\CodeIgniter->run()
#4 C:\xampp\htdocs\ci4app\vendor\codeigniter4\framework\system\Commands\Server\rewrite.php(43): require_once('C:\\xampp\\htdocs...')
#5 {main}
CRITICAL - 2021-12-25 11:40:27 --> Too few arguments to function App\Controllers\Kecamatan::edit(), 0 passed in C:\xampp\htdocs\ci4app\vendor\codeigniter4\framework\system\CodeIgniter.php on line 824 and exactly 1 expected
#0 C:\xampp\htdocs\ci4app\vendor\codeigniter4\framework\system\CodeIgniter.php(824): App\Controllers\Kecamatan->edit()
#1 C:\xampp\htdocs\ci4app\vendor\codeigniter4\framework\system\CodeIgniter.php(410): CodeIgniter\CodeIgniter->runController(Object(App\Controllers\Kecamatan))
#2 C:\xampp\htdocs\ci4app\vendor\codeigniter4\framework\system\CodeIgniter.php(318): CodeIgniter\CodeIgniter->handleRequest(NULL, Object(Config\Cache), false)
#3 C:\xampp\htdocs\ci4app\public\index.php(37): CodeIgniter\CodeIgniter->run()
#4 C:\xampp\htdocs\ci4app\vendor\codeigniter4\framework\system\Commands\Server\rewrite.php(43): require_once('C:\\xampp\\htdocs...')
#5 {main}
CRITICAL - 2021-12-25 12:08:32 --> Undefined variable: title2
#0 C:\xampp\htdocs\ci4app\app\Views\layout\v_nav.php(178): CodeIgniter\Debug\Exceptions->errorHandler(8, 'Undefined varia...', 'C:\\xampp\\htdocs...', 178, Array)
#1 C:\xampp\htdocs\ci4app\vendor\codeigniter4\framework\system\View\View.php(214): include('C:\\xampp\\htdocs...')
#2 C:\xampp\htdocs\ci4app\vendor\codeigniter4\framework\system\View\View.php(217): CodeIgniter\View\View->CodeIgniter\View\{closure}()
#3 C:\xampp\htdocs\ci4app\vendor\codeigniter4\framework\system\Common.php(1097): CodeIgniter\View\View->render('layout/v_nav.ph...', Array, true)
#4 C:\xampp\htdocs\ci4app\app\Views\layout\v_wrapper.php(4): view('layout/v_nav.ph...')
#5 C:\xampp\htdocs\ci4app\vendor\codeigniter4\framework\system\View\View.php(214): include('C:\\xampp\\htdocs...')
#6 C:\xampp\htdocs\ci4app\vendor\codeigniter4\framework\system\View\View.php(217): CodeIgniter\View\View->CodeIgniter\View\{closure}()
#7 C:\xampp\htdocs\ci4app\vendor\codeigniter4\framework\system\Common.php(1097): CodeIgniter\View\View->render('layout/v_wrappe...', Array, true)
#8 C:\xampp\htdocs\ci4app\app\Controllers\Kecamatan.php(23): view('layout/v_wrappe...', Array)
#9 C:\xampp\htdocs\ci4app\vendor\codeigniter4\framework\system\CodeIgniter.php(824): App\Controllers\Kecamatan->index()
#10 C:\xampp\htdocs\ci4app\vendor\codeigniter4\framework\system\CodeIgniter.php(410): CodeIgniter\CodeIgniter->runController(Object(App\Controllers\Kecamatan))
#11 C:\xampp\htdocs\ci4app\vendor\codeigniter4\framework\system\CodeIgniter.php(318): CodeIgniter\CodeIgniter->handleRequest(NULL, Object(Config\Cache), false)
#12 C:\xampp\htdocs\ci4app\public\index.php(37): CodeIgniter\CodeIgniter->run()
#13 C:\xampp\htdocs\ci4app\vendor\codeigniter4\framework\system\Commands\Server\rewrite.php(43): require_once('C:\\xampp\\htdocs...')
#14 {main}
CRITICAL - 2021-12-25 12:12:41 --> Undefined variable: title2
#0 C:\xampp\htdocs\ci4app\app\Views\layout\v_nav.php(178): CodeIgniter\Debug\Exceptions->errorHandler(8, 'Undefined varia...', 'C:\\xampp\\htdocs...', 178, Array)
#1 C:\xampp\htdocs\ci4app\vendor\codeigniter4\framework\system\View\View.php(214): include('C:\\xampp\\htdocs...')
#2 C:\xampp\htdocs\ci4app\vendor\codeigniter4\framework\system\View\View.php(217): CodeIgniter\View\View->CodeIgniter\View\{closure}()
#3 C:\xampp\htdocs\ci4app\vendor\codeigniter4\framework\system\Common.php(1097): CodeIgniter\View\View->render('layout/v_nav.ph...', Array, true)
#4 C:\xampp\htdocs\ci4app\app\Views\layout\v_wrapper.php(4): view('layout/v_nav.ph...')
#5 C:\xampp\htdocs\ci4app\vendor\codeigniter4\framework\system\View\View.php(214): include('C:\\xampp\\htdocs...')
#6 C:\xampp\htdocs\ci4app\vendor\codeigniter4\framework\system\View\View.php(217): CodeIgniter\View\View->CodeIgniter\View\{closure}()
#7 C:\xampp\htdocs\ci4app\vendor\codeigniter4\framework\system\Common.php(1097): CodeIgniter\View\View->render('layout/v_wrappe...', Array, true)
#8 C:\xampp\htdocs\ci4app\app\Controllers\Kecamatan.php(23): view('layout/v_wrappe...', Array)
#9 C:\xampp\htdocs\ci4app\vendor\codeigniter4\framework\system\CodeIgniter.php(824): App\Controllers\Kecamatan->index()
#10 C:\xampp\htdocs\ci4app\vendor\codeigniter4\framework\system\CodeIgniter.php(410): CodeIgniter\CodeIgniter->runController(Object(App\Controllers\Kecamatan))
#11 C:\xampp\htdocs\ci4app\vendor\codeigniter4\framework\system\CodeIgniter.php(318): CodeIgniter\CodeIgniter->handleRequest(NULL, Object(Config\Cache), false)
#12 C:\xampp\htdocs\ci4app\public\index.php(37): CodeIgniter\CodeIgniter->run()
#13 C:\xampp\htdocs\ci4app\vendor\codeigniter4\framework\system\Commands\Server\rewrite.php(43): require_once('C:\\xampp\\htdocs...')
#14 {main}
CRITICAL - 2021-12-25 12:12:57 --> Undefined variable: title2
#0 C:\xampp\htdocs\ci4app\app\Views\layout\v_nav.php(178): CodeIgniter\Debug\Exceptions->errorHandler(8, 'Undefined varia...', 'C:\\xampp\\htdocs...', 178, Array)
#1 C:\xampp\htdocs\ci4app\vendor\codeigniter4\framework\system\View\View.php(214): include('C:\\xampp\\htdocs...')
#2 C:\xampp\htdocs\ci4app\vendor\codeigniter4\framework\system\View\View.php(217): CodeIgniter\View\View->CodeIgniter\View\{closure}()
#3 C:\xampp\htdocs\ci4app\vendor\codeigniter4\framework\system\Common.php(1097): CodeIgniter\View\View->render('layout/v_nav.ph...', Array, true)
#4 C:\xampp\htdocs\ci4app\app\Views\layout\v_wrapper.php(4): view('layout/v_nav.ph...')
#5 C:\xampp\htdocs\ci4app\vendor\codeigniter4\framework\system\View\View.php(214): include('C:\\xampp\\htdocs...')
#6 C:\xampp\htdocs\ci4app\vendor\codeigniter4\framework\system\View\View.php(217): CodeIgniter\View\View->CodeIgniter\View\{closure}()
#7 C:\xampp\htdocs\ci4app\vendor\codeigniter4\framework\system\Common.php(1097): CodeIgniter\View\View->render('layout/v_wrappe...', Array, true)
#8 C:\xampp\htdocs\ci4app\app\Controllers\Kecamatan.php(23): view('layout/v_wrappe...', Array)
#9 C:\xampp\htdocs\ci4app\vendor\codeigniter4\framework\system\CodeIgniter.php(824): App\Controllers\Kecamatan->index()
#10 C:\xampp\htdocs\ci4app\vendor\codeigniter4\framework\system\CodeIgniter.php(410): CodeIgniter\CodeIgniter->runController(Object(App\Controllers\Kecamatan))
#11 C:\xampp\htdocs\ci4app\vendor\codeigniter4\framework\system\CodeIgniter.php(318): CodeIgniter\CodeIgniter->handleRequest(NULL, Object(Config\Cache), false)
#12 C:\xampp\htdocs\ci4app\public\index.php(37): CodeIgniter\CodeIgniter->run()
#13 C:\xampp\htdocs\ci4app\vendor\codeigniter4\framework\system\Commands\Server\rewrite.php(43): require_once('C:\\xampp\\htdocs...')
#14 {main}
CRITICAL - 2021-12-25 12:12:59 --> Undefined variable: title2
#0 C:\xampp\htdocs\ci4app\app\Views\layout\v_nav.php(178): CodeIgniter\Debug\Exceptions->errorHandler(8, 'Undefined varia...', 'C:\\xampp\\htdocs...', 178, Array)
#1 C:\xampp\htdocs\ci4app\vendor\codeigniter4\framework\system\View\View.php(214): include('C:\\xampp\\htdocs...')
#2 C:\xampp\htdocs\ci4app\vendor\codeigniter4\framework\system\View\View.php(217): CodeIgniter\View\View->CodeIgniter\View\{closure}()
#3 C:\xampp\htdocs\ci4app\vendor\codeigniter4\framework\system\Common.php(1097): CodeIgniter\View\View->render('layout/v_nav.ph...', Array, true)
#4 C:\xampp\htdocs\ci4app\app\Views\layout\v_wrapper.php(4): view('layout/v_nav.ph...')
#5 C:\xampp\htdocs\ci4app\vendor\codeigniter4\framework\system\View\View.php(214): include('C:\\xampp\\htdocs...')
#6 C:\xampp\htdocs\ci4app\vendor\codeigniter4\framework\system\View\View.php(217): CodeIgniter\View\View->CodeIgniter\View\{closure}()
#7 C:\xampp\htdocs\ci4app\vendor\codeigniter4\framework\system\Common.php(1097): CodeIgniter\View\View->render('layout/v_wrappe...', Array, true)
#8 C:\xampp\htdocs\ci4app\app\Controllers\Home.php(13): view('layout/v_wrappe...', Array)
#9 C:\xampp\htdocs\ci4app\vendor\codeigniter4\framework\system\CodeIgniter.php(824): App\Controllers\Home->index()
#10 C:\xampp\htdocs\ci4app\vendor\codeigniter4\framework\system\CodeIgniter.php(410): CodeIgniter\CodeIgniter->runController(Object(App\Controllers\Home))
#11 C:\xampp\htdocs\ci4app\vendor\codeigniter4\framework\system\CodeIgniter.php(318): CodeIgniter\CodeIgniter->handleRequest(NULL, Object(Config\Cache), false)
#12 C:\xampp\htdocs\ci4app\public\index.php(37): CodeIgniter\CodeIgniter->run()
#13 C:\xampp\htdocs\ci4app\vendor\codeigniter4\framework\system\Commands\Server\rewrite.php(43): require_once('C:\\xampp\\htdocs...')
#14 {main}
CRITICAL - 2021-12-25 12:59:54 --> You must set the database table to be used with your query.
#0 C:\xampp\htdocs\ci4app\vendor\codeigniter4\framework\system\Model.php(545): CodeIgniter\Database\BaseConnection->table(NULL)
#1 C:\xampp\htdocs\ci4app\vendor\codeigniter4\framework\system\Model.php(717): CodeIgniter\Model->builder()
#2 C:\xampp\htdocs\ci4app\app\Controllers\Kecamatan.php(73): CodeIgniter\Model->__call('update_kecamata...', Array)
#3 C:\xampp\htdocs\ci4app\vendor\codeigniter4\framework\system\CodeIgniter.php(824): App\Controllers\Kecamatan->update('9')
#4 C:\xampp\htdocs\ci4app\vendor\codeigniter4\framework\system\CodeIgniter.php(410): CodeIgniter\CodeIgniter->runController(Object(App\Controllers\Kecamatan))
#5 C:\xampp\htdocs\ci4app\vendor\codeigniter4\framework\system\CodeIgniter.php(318): CodeIgniter\CodeIgniter->handleRequest(NULL, Object(Config\Cache), false)
#6 C:\xampp\htdocs\ci4app\public\index.php(37): CodeIgniter\CodeIgniter->run()
#7 C:\xampp\htdocs\ci4app\vendor\codeigniter4\framework\system\Commands\Server\rewrite.php(43): require_once('C:\\xampp\\htdocs...')
#8 {main}
CRITICAL - 2021-12-25 13:17:15 --> Too few arguments to function App\Models\M_kecamatan::update_kecamatan(), 1 passed in C:\xampp\htdocs\ci4app\app\Controllers\Kecamatan.php on line 74 and exactly 2 expected
#0 C:\xampp\htdocs\ci4app\app\Controllers\Kecamatan.php(74): App\Models\M_kecamatan->update_kecamatan(Array)
#1 C:\xampp\htdocs\ci4app\vendor\codeigniter4\framework\system\CodeIgniter.php(824): App\Controllers\Kecamatan->update('9')
#2 C:\xampp\htdocs\ci4app\vendor\codeigniter4\framework\system\CodeIgniter.php(410): CodeIgniter\CodeIgniter->runController(Object(App\Controllers\Kecamatan))
#3 C:\xampp\htdocs\ci4app\vendor\codeigniter4\framework\system\CodeIgniter.php(318): CodeIgniter\CodeIgniter->handleRequest(NULL, Object(Config\Cache), false)
#4 C:\xampp\htdocs\ci4app\public\index.php(37): CodeIgniter\CodeIgniter->run()
#5 C:\xampp\htdocs\ci4app\vendor\codeigniter4\framework\system\Commands\Server\rewrite.php(43): require_once('C:\\xampp\\htdocs...')
#6 {main}
