CRITICAL - 2022-01-10 00:23:59 --> Invalid file: layout/v_wrapper.php
#0 C:\xampp\htdocs\it-project\vendor\codeigniter4\framework\system\View\View.php(198): CodeIgniter\Exceptions\FrameworkException::forInvalidFile('layout/v_wrappe...')
#1 C:\xampp\htdocs\it-project\vendor\codeigniter4\framework\system\Common.php(1097): CodeIgniter\View\View->render('layout/v_wrappe...', Array, true)
#2 C:\xampp\htdocs\it-project\app\Controllers\Home.php(13): view('layout/v_wrappe...', Array)
#3 C:\xampp\htdocs\it-project\vendor\codeigniter4\framework\system\CodeIgniter.php(824): App\Controllers\Home->index()
#4 C:\xampp\htdocs\it-project\vendor\codeigniter4\framework\system\CodeIgniter.php(410): CodeIgniter\CodeIgniter->runController(Object(App\Controllers\Home))
#5 C:\xampp\htdocs\it-project\vendor\codeigniter4\framework\system\CodeIgniter.php(318): CodeIgniter\CodeIgniter->handleRequest(NULL, Object(Config\Cache), false)
#6 C:\xampp\htdocs\it-project\public\index.php(37): CodeIgniter\CodeIgniter->run()
#7 C:\xampp\htdocs\it-project\vendor\codeigniter4\framework\system\Commands\Server\rewrite.php(43): require_once('C:\\xampp\\htdocs...')
#8 {main}
CRITICAL - 2022-01-10 00:24:23 --> Invalid file: layout/v_head.php
#0 C:\xampp\htdocs\it-project\vendor\codeigniter4\framework\system\View\View.php(198): CodeIgniter\Exceptions\FrameworkException::forInvalidFile('layout/v_head.p...')
#1 C:\xampp\htdocs\it-project\vendor\codeigniter4\framework\system\Common.php(1097): CodeIgniter\View\View->render('layout/v_head.p...', Array, true)
#2 C:\xampp\htdocs\it-project\app\Views\admin\layout\v_wrapper.php(2): view('layout/v_head.p...')
#3 C:\xampp\htdocs\it-project\vendor\codeigniter4\framework\system\View\View.php(214): include('C:\\xampp\\htdocs...')
#4 C:\xampp\htdocs\it-project\vendor\codeigniter4\framework\system\View\View.php(217): CodeIgniter\View\View->CodeIgniter\View\{closure}()
#5 C:\xampp\htdocs\it-project\vendor\codeigniter4\framework\system\Common.php(1097): CodeIgniter\View\View->render('admin/layout/v_...', Array, true)
#6 C:\xampp\htdocs\it-project\app\Controllers\Home.php(13): view('admin/layout/v_...', Array)
#7 C:\xampp\htdocs\it-project\vendor\codeigniter4\framework\system\CodeIgniter.php(824): App\Controllers\Home->index()
#8 C:\xampp\htdocs\it-project\vendor\codeigniter4\framework\system\CodeIgniter.php(410): CodeIgniter\CodeIgniter->runController(Object(App\Controllers\Home))
#9 C:\xampp\htdocs\it-project\vendor\codeigniter4\framework\system\CodeIgniter.php(318): CodeIgniter\CodeIgniter->handleRequest(NULL, Object(Config\Cache), false)
#10 C:\xampp\htdocs\it-project\public\index.php(37): CodeIgniter\CodeIgniter->run()
#11 C:\xampp\htdocs\it-project\vendor\codeigniter4\framework\system\Commands\Server\rewrite.php(43): require_once('C:\\xampp\\htdocs...')
#12 {main}
CRITICAL - 2022-01-10 00:24:24 --> Invalid file: layout/v_head.php
#0 C:\xampp\htdocs\it-project\vendor\codeigniter4\framework\system\View\View.php(198): CodeIgniter\Exceptions\FrameworkException::forInvalidFile('layout/v_head.p...')
#1 C:\xampp\htdocs\it-project\vendor\codeigniter4\framework\system\Common.php(1097): CodeIgniter\View\View->render('layout/v_head.p...', Array, true)
#2 C:\xampp\htdocs\it-project\app\Views\admin\layout\v_wrapper.php(2): view('layout/v_head.p...')
#3 C:\xampp\htdocs\it-project\vendor\codeigniter4\framework\system\View\View.php(214): include('C:\\xampp\\htdocs...')
#4 C:\xampp\htdocs\it-project\vendor\codeigniter4\framework\system\View\View.php(217): CodeIgniter\View\View->CodeIgniter\View\{closure}()
#5 C:\xampp\htdocs\it-project\vendor\codeigniter4\framework\system\Common.php(1097): CodeIgniter\View\View->render('admin/layout/v_...', Array, true)
#6 C:\xampp\htdocs\it-project\app\Controllers\Home.php(13): view('admin/layout/v_...', Array)
#7 C:\xampp\htdocs\it-project\vendor\codeigniter4\framework\system\CodeIgniter.php(824): App\Controllers\Home->index()
#8 C:\xampp\htdocs\it-project\vendor\codeigniter4\framework\system\CodeIgniter.php(410): CodeIgniter\CodeIgniter->runController(Object(App\Controllers\Home))
#9 C:\xampp\htdocs\it-project\vendor\codeigniter4\framework\system\CodeIgniter.php(318): CodeIgniter\CodeIgniter->handleRequest(NULL, Object(Config\Cache), false)
#10 C:\xampp\htdocs\it-project\public\index.php(37): CodeIgniter\CodeIgniter->run()
#11 C:\xampp\htdocs\it-project\vendor\codeigniter4\framework\system\Commands\Server\rewrite.php(43): require_once('C:\\xampp\\htdocs...')
#12 {main}
CRITICAL - 2022-01-10 00:24:24 --> Invalid file: layout/v_head.php
#0 C:\xampp\htdocs\it-project\vendor\codeigniter4\framework\system\View\View.php(198): CodeIgniter\Exceptions\FrameworkException::forInvalidFile('layout/v_head.p...')
#1 C:\xampp\htdocs\it-project\vendor\codeigniter4\framework\system\Common.php(1097): CodeIgniter\View\View->render('layout/v_head.p...', Array, true)
#2 C:\xampp\htdocs\it-project\app\Views\admin\layout\v_wrapper.php(2): view('layout/v_head.p...')
#3 C:\xampp\htdocs\it-project\vendor\codeigniter4\framework\system\View\View.php(214): include('C:\\xampp\\htdocs...')
#4 C:\xampp\htdocs\it-project\vendor\codeigniter4\framework\system\View\View.php(217): CodeIgniter\View\View->CodeIgniter\View\{closure}()
#5 C:\xampp\htdocs\it-project\vendor\codeigniter4\framework\system\Common.php(1097): CodeIgniter\View\View->render('admin/layout/v_...', Array, true)
#6 C:\xampp\htdocs\it-project\app\Controllers\Home.php(13): view('admin/layout/v_...', Array)
#7 C:\xampp\htdocs\it-project\vendor\codeigniter4\framework\system\CodeIgniter.php(824): App\Controllers\Home->index()
#8 C:\xampp\htdocs\it-project\vendor\codeigniter4\framework\system\CodeIgniter.php(410): CodeIgniter\CodeIgniter->runController(Object(App\Controllers\Home))
#9 C:\xampp\htdocs\it-project\vendor\codeigniter4\framework\system\CodeIgniter.php(318): CodeIgniter\CodeIgniter->handleRequest(NULL, Object(Config\Cache), false)
#10 C:\xampp\htdocs\it-project\public\index.php(37): CodeIgniter\CodeIgniter->run()
#11 C:\xampp\htdocs\it-project\vendor\codeigniter4\framework\system\Commands\Server\rewrite.php(43): require_once('C:\\xampp\\htdocs...')
#12 {main}
CRITICAL - 2022-01-10 00:24:24 --> Invalid file: layout/v_head.php
#0 C:\xampp\htdocs\it-project\vendor\codeigniter4\framework\system\View\View.php(198): CodeIgniter\Exceptions\FrameworkException::forInvalidFile('layout/v_head.p...')
#1 C:\xampp\htdocs\it-project\vendor\codeigniter4\framework\system\Common.php(1097): CodeIgniter\View\View->render('layout/v_head.p...', Array, true)
#2 C:\xampp\htdocs\it-project\app\Views\admin\layout\v_wrapper.php(2): view('layout/v_head.p...')
#3 C:\xampp\htdocs\it-project\vendor\codeigniter4\framework\system\View\View.php(214): include('C:\\xampp\\htdocs...')
#4 C:\xampp\htdocs\it-project\vendor\codeigniter4\framework\system\View\View.php(217): CodeIgniter\View\View->CodeIgniter\View\{closure}()
#5 C:\xampp\htdocs\it-project\vendor\codeigniter4\framework\system\Common.php(1097): CodeIgniter\View\View->render('admin/layout/v_...', Array, true)
#6 C:\xampp\htdocs\it-project\app\Controllers\Home.php(13): view('admin/layout/v_...', Array)
#7 C:\xampp\htdocs\it-project\vendor\codeigniter4\framework\system\CodeIgniter.php(824): App\Controllers\Home->index()
#8 C:\xampp\htdocs\it-project\vendor\codeigniter4\framework\system\CodeIgniter.php(410): CodeIgniter\CodeIgniter->runController(Object(App\Controllers\Home))
#9 C:\xampp\htdocs\it-project\vendor\codeigniter4\framework\system\CodeIgniter.php(318): CodeIgniter\CodeIgniter->handleRequest(NULL, Object(Config\Cache), false)
#10 C:\xampp\htdocs\it-project\public\index.php(37): CodeIgniter\CodeIgniter->run()
#11 C:\xampp\htdocs\it-project\vendor\codeigniter4\framework\system\Commands\Server\rewrite.php(43): require_once('C:\\xampp\\htdocs...')
#12 {main}
CRITICAL - 2022-01-10 00:24:25 --> Invalid file: layout/v_head.php
#0 C:\xampp\htdocs\it-project\vendor\codeigniter4\framework\system\View\View.php(198): CodeIgniter\Exceptions\FrameworkException::forInvalidFile('layout/v_head.p...')
#1 C:\xampp\htdocs\it-project\vendor\codeigniter4\framework\system\Common.php(1097): CodeIgniter\View\View->render('layout/v_head.p...', Array, true)
#2 C:\xampp\htdocs\it-project\app\Views\admin\layout\v_wrapper.php(2): view('layout/v_head.p...')
#3 C:\xampp\htdocs\it-project\vendor\codeigniter4\framework\system\View\View.php(214): include('C:\\xampp\\htdocs...')
#4 C:\xampp\htdocs\it-project\vendor\codeigniter4\framework\system\View\View.php(217): CodeIgniter\View\View->CodeIgniter\View\{closure}()
#5 C:\xampp\htdocs\it-project\vendor\codeigniter4\framework\system\Common.php(1097): CodeIgniter\View\View->render('admin/layout/v_...', Array, true)
#6 C:\xampp\htdocs\it-project\app\Controllers\Home.php(13): view('admin/layout/v_...', Array)
#7 C:\xampp\htdocs\it-project\vendor\codeigniter4\framework\system\CodeIgniter.php(824): App\Controllers\Home->index()
#8 C:\xampp\htdocs\it-project\vendor\codeigniter4\framework\system\CodeIgniter.php(410): CodeIgniter\CodeIgniter->runController(Object(App\Controllers\Home))
#9 C:\xampp\htdocs\it-project\vendor\codeigniter4\framework\system\CodeIgniter.php(318): CodeIgniter\CodeIgniter->handleRequest(NULL, Object(Config\Cache), false)
#10 C:\xampp\htdocs\it-project\public\index.php(37): CodeIgniter\CodeIgniter->run()
#11 C:\xampp\htdocs\it-project\vendor\codeigniter4\framework\system\Commands\Server\rewrite.php(43): require_once('C:\\xampp\\htdocs...')
#12 {main}
CRITICAL - 2022-01-10 04:13:26 --> Cannot declare class App\Controllers\Home, because the name is already in use
#0 [internal function]: CodeIgniter\Debug\Exceptions->shutdownHandler()
#1 {main}
CRITICAL - 2022-01-10 04:13:28 --> Cannot declare class App\Controllers\Home, because the name is already in use
#0 [internal function]: CodeIgniter\Debug\Exceptions->shutdownHandler()
#1 {main}
CRITICAL - 2022-01-10 04:13:31 --> Cannot declare class App\Controllers\Home, because the name is already in use
#0 [internal function]: CodeIgniter\Debug\Exceptions->shutdownHandler()
#1 {main}
CRITICAL - 2022-01-10 04:24:03 --> Cannot declare class App\Controllers\Administrator, because the name is already in use
#0 [internal function]: CodeIgniter\Debug\Exceptions->shutdownHandler()
#1 {main}
CRITICAL - 2022-01-10 04:29:14 --> Cannot declare class App\Controllers\Administrator, because the name is already in use
#0 [internal function]: CodeIgniter\Debug\Exceptions->shutdownHandler()
#1 {main}
ERROR - 2022-01-10 04:39:32 --> Error connecting to the database: No connection could be made because the target machine actively refused it.

CRITICAL - 2022-01-10 04:39:32 --> Unable to connect to the database.
Main connection [MySQLi]: No connection could be made because the target machine actively refused it.

#0 C:\xampp\htdocs\it-project\vendor\codeigniter4\framework\system\Database\BaseConnection.php(577): CodeIgniter\Database\BaseConnection->initialize()
#1 C:\xampp\htdocs\it-project\vendor\codeigniter4\framework\system\Database\BaseBuilder.php(1443): CodeIgniter\Database\BaseConnection->query('SELECT *\nFROM `...', Array, false)
#2 C:\xampp\htdocs\it-project\app\Models\M_berita.php(11): CodeIgniter\Database\BaseBuilder->get()
#3 C:\xampp\htdocs\it-project\app\Controllers\Berita.php(20): App\Models\M_berita->get_berita()
#4 C:\xampp\htdocs\it-project\vendor\codeigniter4\framework\system\CodeIgniter.php(824): App\Controllers\Berita->index()
#5 C:\xampp\htdocs\it-project\vendor\codeigniter4\framework\system\CodeIgniter.php(410): CodeIgniter\CodeIgniter->runController(Object(App\Controllers\Berita))
#6 C:\xampp\htdocs\it-project\vendor\codeigniter4\framework\system\CodeIgniter.php(318): CodeIgniter\CodeIgniter->handleRequest(NULL, Object(Config\Cache), false)
#7 C:\xampp\htdocs\it-project\public\index.php(37): CodeIgniter\CodeIgniter->run()
#8 C:\xampp\htdocs\it-project\vendor\codeigniter4\framework\system\Commands\Server\rewrite.php(43): require_once('C:\\xampp\\htdocs...')
#9 {main}
ERROR - 2022-01-10 04:43:38 --> Error connecting to the database: No connection could be made because the target machine actively refused it.

CRITICAL - 2022-01-10 04:43:38 --> Unable to connect to the database.
Main connection [MySQLi]: No connection could be made because the target machine actively refused it.

#0 C:\xampp\htdocs\it-project\vendor\codeigniter4\framework\system\Database\BaseConnection.php(577): CodeIgniter\Database\BaseConnection->initialize()
#1 C:\xampp\htdocs\it-project\vendor\codeigniter4\framework\system\Database\BaseBuilder.php(1443): CodeIgniter\Database\BaseConnection->query('SELECT *\nFROM `...', Array, false)
#2 C:\xampp\htdocs\it-project\app\Models\M_berita.php(11): CodeIgniter\Database\BaseBuilder->get()
#3 C:\xampp\htdocs\it-project\app\Controllers\Berita.php(20): App\Models\M_berita->get_berita()
#4 C:\xampp\htdocs\it-project\vendor\codeigniter4\framework\system\CodeIgniter.php(824): App\Controllers\Berita->index()
#5 C:\xampp\htdocs\it-project\vendor\codeigniter4\framework\system\CodeIgniter.php(410): CodeIgniter\CodeIgniter->runController(Object(App\Controllers\Berita))
#6 C:\xampp\htdocs\it-project\vendor\codeigniter4\framework\system\CodeIgniter.php(318): CodeIgniter\CodeIgniter->handleRequest(NULL, Object(Config\Cache), false)
#7 C:\xampp\htdocs\it-project\public\index.php(37): CodeIgniter\CodeIgniter->run()
#8 C:\xampp\htdocs\it-project\vendor\codeigniter4\framework\system\Commands\Server\rewrite.php(43): require_once('C:\\xampp\\htdocs...')
#9 {main}
ERROR - 2022-01-10 04:43:47 --> Error connecting to the database: No connection could be made because the target machine actively refused it.

CRITICAL - 2022-01-10 04:43:47 --> Unable to connect to the database.
Main connection [MySQLi]: No connection could be made because the target machine actively refused it.

#0 C:\xampp\htdocs\it-project\vendor\codeigniter4\framework\system\Database\BaseConnection.php(577): CodeIgniter\Database\BaseConnection->initialize()
#1 C:\xampp\htdocs\it-project\vendor\codeigniter4\framework\system\Database\BaseBuilder.php(1443): CodeIgniter\Database\BaseConnection->query('SELECT *\nFROM `...', Array, false)
#2 C:\xampp\htdocs\it-project\app\Models\M_berita.php(11): CodeIgniter\Database\BaseBuilder->get()
#3 C:\xampp\htdocs\it-project\app\Controllers\Berita.php(20): App\Models\M_berita->get_berita()
#4 C:\xampp\htdocs\it-project\vendor\codeigniter4\framework\system\CodeIgniter.php(824): App\Controllers\Berita->index()
#5 C:\xampp\htdocs\it-project\vendor\codeigniter4\framework\system\CodeIgniter.php(410): CodeIgniter\CodeIgniter->runController(Object(App\Controllers\Berita))
#6 C:\xampp\htdocs\it-project\vendor\codeigniter4\framework\system\CodeIgniter.php(318): CodeIgniter\CodeIgniter->handleRequest(NULL, Object(Config\Cache), false)
#7 C:\xampp\htdocs\it-project\public\index.php(37): CodeIgniter\CodeIgniter->run()
#8 C:\xampp\htdocs\it-project\vendor\codeigniter4\framework\system\Commands\Server\rewrite.php(43): require_once('C:\\xampp\\htdocs...')
#9 {main}
CRITICAL - 2022-01-10 04:44:21 --> Invalid file: layout/v_wrapper.php
#0 C:\xampp\htdocs\it-project\vendor\codeigniter4\framework\system\View\View.php(198): CodeIgniter\Exceptions\FrameworkException::forInvalidFile('layout/v_wrappe...')
#1 C:\xampp\htdocs\it-project\vendor\codeigniter4\framework\system\Common.php(1097): CodeIgniter\View\View->render('layout/v_wrappe...', Array, true)
#2 C:\xampp\htdocs\it-project\app\Controllers\Berita.php(23): view('layout/v_wrappe...', Array)
#3 C:\xampp\htdocs\it-project\vendor\codeigniter4\framework\system\CodeIgniter.php(824): App\Controllers\Berita->index()
#4 C:\xampp\htdocs\it-project\vendor\codeigniter4\framework\system\CodeIgniter.php(410): CodeIgniter\CodeIgniter->runController(Object(App\Controllers\Berita))
#5 C:\xampp\htdocs\it-project\vendor\codeigniter4\framework\system\CodeIgniter.php(318): CodeIgniter\CodeIgniter->handleRequest(NULL, Object(Config\Cache), false)
#6 C:\xampp\htdocs\it-project\public\index.php(37): CodeIgniter\CodeIgniter->run()
#7 C:\xampp\htdocs\it-project\vendor\codeigniter4\framework\system\Commands\Server\rewrite.php(43): require_once('C:\\xampp\\htdocs...')
#8 {main}
CRITICAL - 2022-01-10 04:44:56 --> Invalid file: layout/v_wrapper.php
#0 C:\xampp\htdocs\it-project\vendor\codeigniter4\framework\system\View\View.php(198): CodeIgniter\Exceptions\FrameworkException::forInvalidFile('layout/v_wrappe...')
#1 C:\xampp\htdocs\it-project\vendor\codeigniter4\framework\system\Common.php(1097): CodeIgniter\View\View->render('layout/v_wrappe...', Array, true)
#2 C:\xampp\htdocs\it-project\app\Controllers\Berita.php(23): view('layout/v_wrappe...', Array)
#3 C:\xampp\htdocs\it-project\vendor\codeigniter4\framework\system\CodeIgniter.php(824): App\Controllers\Berita->index()
#4 C:\xampp\htdocs\it-project\vendor\codeigniter4\framework\system\CodeIgniter.php(410): CodeIgniter\CodeIgniter->runController(Object(App\Controllers\Berita))
#5 C:\xampp\htdocs\it-project\vendor\codeigniter4\framework\system\CodeIgniter.php(318): CodeIgniter\CodeIgniter->handleRequest(NULL, Object(Config\Cache), false)
#6 C:\xampp\htdocs\it-project\public\index.php(37): CodeIgniter\CodeIgniter->run()
#7 C:\xampp\htdocs\it-project\vendor\codeigniter4\framework\system\Commands\Server\rewrite.php(43): require_once('C:\\xampp\\htdocs...')
#8 {main}
CRITICAL - 2022-01-10 04:44:57 --> Invalid file: layout/v_wrapper.php
#0 C:\xampp\htdocs\it-project\vendor\codeigniter4\framework\system\View\View.php(198): CodeIgniter\Exceptions\FrameworkException::forInvalidFile('layout/v_wrappe...')
#1 C:\xampp\htdocs\it-project\vendor\codeigniter4\framework\system\Common.php(1097): CodeIgniter\View\View->render('layout/v_wrappe...', Array, true)
#2 C:\xampp\htdocs\it-project\app\Controllers\Berita.php(23): view('layout/v_wrappe...', Array)
#3 C:\xampp\htdocs\it-project\vendor\codeigniter4\framework\system\CodeIgniter.php(824): App\Controllers\Berita->index()
#4 C:\xampp\htdocs\it-project\vendor\codeigniter4\framework\system\CodeIgniter.php(410): CodeIgniter\CodeIgniter->runController(Object(App\Controllers\Berita))
#5 C:\xampp\htdocs\it-project\vendor\codeigniter4\framework\system\CodeIgniter.php(318): CodeIgniter\CodeIgniter->handleRequest(NULL, Object(Config\Cache), false)
#6 C:\xampp\htdocs\it-project\public\index.php(37): CodeIgniter\CodeIgniter->run()
#7 C:\xampp\htdocs\it-project\vendor\codeigniter4\framework\system\Commands\Server\rewrite.php(43): require_once('C:\\xampp\\htdocs...')
#8 {main}
CRITICAL - 2022-01-10 04:45:03 --> Invalid file: layout/v_wrapper.php
#0 C:\xampp\htdocs\it-project\vendor\codeigniter4\framework\system\View\View.php(198): CodeIgniter\Exceptions\FrameworkException::forInvalidFile('layout/v_wrappe...')
#1 C:\xampp\htdocs\it-project\vendor\codeigniter4\framework\system\Common.php(1097): CodeIgniter\View\View->render('layout/v_wrappe...', Array, true)
#2 C:\xampp\htdocs\it-project\app\Controllers\Berita.php(23): view('layout/v_wrappe...', Array)
#3 C:\xampp\htdocs\it-project\vendor\codeigniter4\framework\system\CodeIgniter.php(824): App\Controllers\Berita->index()
#4 C:\xampp\htdocs\it-project\vendor\codeigniter4\framework\system\CodeIgniter.php(410): CodeIgniter\CodeIgniter->runController(Object(App\Controllers\Berita))
#5 C:\xampp\htdocs\it-project\vendor\codeigniter4\framework\system\CodeIgniter.php(318): CodeIgniter\CodeIgniter->handleRequest(NULL, Object(Config\Cache), false)
#6 C:\xampp\htdocs\it-project\public\index.php(37): CodeIgniter\CodeIgniter->run()
#7 C:\xampp\htdocs\it-project\vendor\codeigniter4\framework\system\Commands\Server\rewrite.php(43): require_once('C:\\xampp\\htdocs...')
#8 {main}
CRITICAL - 2022-01-10 04:45:24 --> Invalid file: layout/v_wrapper.php
#0 C:\xampp\htdocs\it-project\vendor\codeigniter4\framework\system\View\View.php(198): CodeIgniter\Exceptions\FrameworkException::forInvalidFile('layout/v_wrappe...')
#1 C:\xampp\htdocs\it-project\vendor\codeigniter4\framework\system\Common.php(1097): CodeIgniter\View\View->render('layout/v_wrappe...', Array, true)
#2 C:\xampp\htdocs\it-project\app\Controllers\Berita.php(23): view('layout/v_wrappe...', Array)
#3 C:\xampp\htdocs\it-project\vendor\codeigniter4\framework\system\CodeIgniter.php(824): App\Controllers\Berita->index()
#4 C:\xampp\htdocs\it-project\vendor\codeigniter4\framework\system\CodeIgniter.php(410): CodeIgniter\CodeIgniter->runController(Object(App\Controllers\Berita))
#5 C:\xampp\htdocs\it-project\vendor\codeigniter4\framework\system\CodeIgniter.php(318): CodeIgniter\CodeIgniter->handleRequest(NULL, Object(Config\Cache), false)
#6 C:\xampp\htdocs\it-project\public\index.php(37): CodeIgniter\CodeIgniter->run()
#7 C:\xampp\htdocs\it-project\vendor\codeigniter4\framework\system\Commands\Server\rewrite.php(43): require_once('C:\\xampp\\htdocs...')
#8 {main}
CRITICAL - 2022-01-10 04:45:27 --> Invalid file: layout/v_wrapper.php
#0 C:\xampp\htdocs\it-project\vendor\codeigniter4\framework\system\View\View.php(198): CodeIgniter\Exceptions\FrameworkException::forInvalidFile('layout/v_wrappe...')
#1 C:\xampp\htdocs\it-project\vendor\codeigniter4\framework\system\Common.php(1097): CodeIgniter\View\View->render('layout/v_wrappe...', Array, true)
#2 C:\xampp\htdocs\it-project\app\Controllers\Berita.php(23): view('layout/v_wrappe...', Array)
#3 C:\xampp\htdocs\it-project\vendor\codeigniter4\framework\system\CodeIgniter.php(824): App\Controllers\Berita->index()
#4 C:\xampp\htdocs\it-project\vendor\codeigniter4\framework\system\CodeIgniter.php(410): CodeIgniter\CodeIgniter->runController(Object(App\Controllers\Berita))
#5 C:\xampp\htdocs\it-project\vendor\codeigniter4\framework\system\CodeIgniter.php(318): CodeIgniter\CodeIgniter->handleRequest(NULL, Object(Config\Cache), false)
#6 C:\xampp\htdocs\it-project\public\index.php(37): CodeIgniter\CodeIgniter->run()
#7 C:\xampp\htdocs\it-project\vendor\codeigniter4\framework\system\Commands\Server\rewrite.php(43): require_once('C:\\xampp\\htdocs...')
#8 {main}
CRITICAL - 2022-01-10 04:45:28 --> Invalid file: layout/v_wrapper.php
#0 C:\xampp\htdocs\it-project\vendor\codeigniter4\framework\system\View\View.php(198): CodeIgniter\Exceptions\FrameworkException::forInvalidFile('layout/v_wrappe...')
#1 C:\xampp\htdocs\it-project\vendor\codeigniter4\framework\system\Common.php(1097): CodeIgniter\View\View->render('layout/v_wrappe...', Array, true)
#2 C:\xampp\htdocs\it-project\app\Controllers\Berita.php(23): view('layout/v_wrappe...', Array)
#3 C:\xampp\htdocs\it-project\vendor\codeigniter4\framework\system\CodeIgniter.php(824): App\Controllers\Berita->index()
#4 C:\xampp\htdocs\it-project\vendor\codeigniter4\framework\system\CodeIgniter.php(410): CodeIgniter\CodeIgniter->runController(Object(App\Controllers\Berita))
#5 C:\xampp\htdocs\it-project\vendor\codeigniter4\framework\system\CodeIgniter.php(318): CodeIgniter\CodeIgniter->handleRequest(NULL, Object(Config\Cache), false)
#6 C:\xampp\htdocs\it-project\public\index.php(37): CodeIgniter\CodeIgniter->run()
#7 C:\xampp\htdocs\it-project\vendor\codeigniter4\framework\system\Commands\Server\rewrite.php(43): require_once('C:\\xampp\\htdocs...')
#8 {main}
CRITICAL - 2022-01-10 04:45:29 --> Invalid file: layout/v_wrapper.php
#0 C:\xampp\htdocs\it-project\vendor\codeigniter4\framework\system\View\View.php(198): CodeIgniter\Exceptions\FrameworkException::forInvalidFile('layout/v_wrappe...')
#1 C:\xampp\htdocs\it-project\vendor\codeigniter4\framework\system\Common.php(1097): CodeIgniter\View\View->render('layout/v_wrappe...', Array, true)
#2 C:\xampp\htdocs\it-project\app\Controllers\Berita.php(23): view('layout/v_wrappe...', Array)
#3 C:\xampp\htdocs\it-project\vendor\codeigniter4\framework\system\CodeIgniter.php(824): App\Controllers\Berita->index()
#4 C:\xampp\htdocs\it-project\vendor\codeigniter4\framework\system\CodeIgniter.php(410): CodeIgniter\CodeIgniter->runController(Object(App\Controllers\Berita))
#5 C:\xampp\htdocs\it-project\vendor\codeigniter4\framework\system\CodeIgniter.php(318): CodeIgniter\CodeIgniter->handleRequest(NULL, Object(Config\Cache), false)
#6 C:\xampp\htdocs\it-project\public\index.php(37): CodeIgniter\CodeIgniter->run()
#7 C:\xampp\htdocs\it-project\vendor\codeigniter4\framework\system\Commands\Server\rewrite.php(43): require_once('C:\\xampp\\htdocs...')
#8 {main}
CRITICAL - 2022-01-10 04:45:52 --> Invalid file: berita/v_lists.php
#0 C:\xampp\htdocs\it-project\vendor\codeigniter4\framework\system\View\View.php(198): CodeIgniter\Exceptions\FrameworkException::forInvalidFile('berita/v_lists....')
#1 C:\xampp\htdocs\it-project\vendor\codeigniter4\framework\system\Common.php(1097): CodeIgniter\View\View->render('berita/v_lists', Array, true)
#2 C:\xampp\htdocs\it-project\app\Views\admin\layout\v_content.php(3): view('berita/v_lists')
#3 C:\xampp\htdocs\it-project\vendor\codeigniter4\framework\system\View\View.php(214): include('C:\\xampp\\htdocs...')
#4 C:\xampp\htdocs\it-project\vendor\codeigniter4\framework\system\View\View.php(217): CodeIgniter\View\View->CodeIgniter\View\{closure}()
#5 C:\xampp\htdocs\it-project\vendor\codeigniter4\framework\system\Common.php(1097): CodeIgniter\View\View->render('admin/layout/v_...', Array, true)
#6 C:\xampp\htdocs\it-project\app\Views\admin\layout\v_wrapper.php(5): view('admin/layout/v_...')
#7 C:\xampp\htdocs\it-project\vendor\codeigniter4\framework\system\View\View.php(214): include('C:\\xampp\\htdocs...')
#8 C:\xampp\htdocs\it-project\vendor\codeigniter4\framework\system\View\View.php(217): CodeIgniter\View\View->CodeIgniter\View\{closure}()
#9 C:\xampp\htdocs\it-project\vendor\codeigniter4\framework\system\Common.php(1097): CodeIgniter\View\View->render('admin/layout/v_...', Array, true)
#10 C:\xampp\htdocs\it-project\app\Controllers\Berita.php(23): view('admin/layout/v_...', Array)
#11 C:\xampp\htdocs\it-project\vendor\codeigniter4\framework\system\CodeIgniter.php(824): App\Controllers\Berita->index()
#12 C:\xampp\htdocs\it-project\vendor\codeigniter4\framework\system\CodeIgniter.php(410): CodeIgniter\CodeIgniter->runController(Object(App\Controllers\Berita))
#13 C:\xampp\htdocs\it-project\vendor\codeigniter4\framework\system\CodeIgniter.php(318): CodeIgniter\CodeIgniter->handleRequest(NULL, Object(Config\Cache), false)
#14 C:\xampp\htdocs\it-project\public\index.php(37): CodeIgniter\CodeIgniter->run()
#15 C:\xampp\htdocs\it-project\vendor\codeigniter4\framework\system\Commands\Server\rewrite.php(43): require_once('C:\\xampp\\htdocs...')
#16 {main}
CRITICAL - 2022-01-10 04:46:02 --> Invalid file: berita/v_lists.php
#0 C:\xampp\htdocs\it-project\vendor\codeigniter4\framework\system\View\View.php(198): CodeIgniter\Exceptions\FrameworkException::forInvalidFile('berita/v_lists....')
#1 C:\xampp\htdocs\it-project\vendor\codeigniter4\framework\system\Common.php(1097): CodeIgniter\View\View->render('berita/v_lists', Array, true)
#2 C:\xampp\htdocs\it-project\app\Views\admin\layout\v_content.php(3): view('berita/v_lists')
#3 C:\xampp\htdocs\it-project\vendor\codeigniter4\framework\system\View\View.php(214): include('C:\\xampp\\htdocs...')
#4 C:\xampp\htdocs\it-project\vendor\codeigniter4\framework\system\View\View.php(217): CodeIgniter\View\View->CodeIgniter\View\{closure}()
#5 C:\xampp\htdocs\it-project\vendor\codeigniter4\framework\system\Common.php(1097): CodeIgniter\View\View->render('admin/layout/v_...', Array, true)
#6 C:\xampp\htdocs\it-project\app\Views\admin\layout\v_wrapper.php(5): view('admin/layout/v_...')
#7 C:\xampp\htdocs\it-project\vendor\codeigniter4\framework\system\View\View.php(214): include('C:\\xampp\\htdocs...')
#8 C:\xampp\htdocs\it-project\vendor\codeigniter4\framework\system\View\View.php(217): CodeIgniter\View\View->CodeIgniter\View\{closure}()
#9 C:\xampp\htdocs\it-project\vendor\codeigniter4\framework\system\Common.php(1097): CodeIgniter\View\View->render('admin/layout/v_...', Array, true)
#10 C:\xampp\htdocs\it-project\app\Controllers\Berita.php(23): view('admin/layout/v_...', Array)
#11 C:\xampp\htdocs\it-project\vendor\codeigniter4\framework\system\CodeIgniter.php(824): App\Controllers\Berita->index()
#12 C:\xampp\htdocs\it-project\vendor\codeigniter4\framework\system\CodeIgniter.php(410): CodeIgniter\CodeIgniter->runController(Object(App\Controllers\Berita))
#13 C:\xampp\htdocs\it-project\vendor\codeigniter4\framework\system\CodeIgniter.php(318): CodeIgniter\CodeIgniter->handleRequest(NULL, Object(Config\Cache), false)
#14 C:\xampp\htdocs\it-project\public\index.php(37): CodeIgniter\CodeIgniter->run()
#15 C:\xampp\htdocs\it-project\vendor\codeigniter4\framework\system\Commands\Server\rewrite.php(43): require_once('C:\\xampp\\htdocs...')
#16 {main}
CRITICAL - 2022-01-10 04:46:03 --> Invalid file: berita/v_lists.php
#0 C:\xampp\htdocs\it-project\vendor\codeigniter4\framework\system\View\View.php(198): CodeIgniter\Exceptions\FrameworkException::forInvalidFile('berita/v_lists....')
#1 C:\xampp\htdocs\it-project\vendor\codeigniter4\framework\system\Common.php(1097): CodeIgniter\View\View->render('berita/v_lists', Array, true)
#2 C:\xampp\htdocs\it-project\app\Views\admin\layout\v_content.php(3): view('berita/v_lists')
#3 C:\xampp\htdocs\it-project\vendor\codeigniter4\framework\system\View\View.php(214): include('C:\\xampp\\htdocs...')
#4 C:\xampp\htdocs\it-project\vendor\codeigniter4\framework\system\View\View.php(217): CodeIgniter\View\View->CodeIgniter\View\{closure}()
#5 C:\xampp\htdocs\it-project\vendor\codeigniter4\framework\system\Common.php(1097): CodeIgniter\View\View->render('admin/layout/v_...', Array, true)
#6 C:\xampp\htdocs\it-project\app\Views\admin\layout\v_wrapper.php(5): view('admin/layout/v_...')
#7 C:\xampp\htdocs\it-project\vendor\codeigniter4\framework\system\View\View.php(214): include('C:\\xampp\\htdocs...')
#8 C:\xampp\htdocs\it-project\vendor\codeigniter4\framework\system\View\View.php(217): CodeIgniter\View\View->CodeIgniter\View\{closure}()
#9 C:\xampp\htdocs\it-project\vendor\codeigniter4\framework\system\Common.php(1097): CodeIgniter\View\View->render('admin/layout/v_...', Array, true)
#10 C:\xampp\htdocs\it-project\app\Controllers\Berita.php(23): view('admin/layout/v_...', Array)
#11 C:\xampp\htdocs\it-project\vendor\codeigniter4\framework\system\CodeIgniter.php(824): App\Controllers\Berita->index()
#12 C:\xampp\htdocs\it-project\vendor\codeigniter4\framework\system\CodeIgniter.php(410): CodeIgniter\CodeIgniter->runController(Object(App\Controllers\Berita))
#13 C:\xampp\htdocs\it-project\vendor\codeigniter4\framework\system\CodeIgniter.php(318): CodeIgniter\CodeIgniter->handleRequest(NULL, Object(Config\Cache), false)
#14 C:\xampp\htdocs\it-project\public\index.php(37): CodeIgniter\CodeIgniter->run()
#15 C:\xampp\htdocs\it-project\vendor\codeigniter4\framework\system\Commands\Server\rewrite.php(43): require_once('C:\\xampp\\htdocs...')
#16 {main}
CRITICAL - 2022-01-10 04:46:33 --> Invalid file: berita/v_lists.php
#0 C:\xampp\htdocs\it-project\vendor\codeigniter4\framework\system\View\View.php(198): CodeIgniter\Exceptions\FrameworkException::forInvalidFile('berita/v_lists....')
#1 C:\xampp\htdocs\it-project\vendor\codeigniter4\framework\system\Common.php(1097): CodeIgniter\View\View->render('berita/v_lists', Array, true)
#2 C:\xampp\htdocs\it-project\app\Views\admin\layout\v_content.php(3): view('berita/v_lists')
#3 C:\xampp\htdocs\it-project\vendor\codeigniter4\framework\system\View\View.php(214): include('C:\\xampp\\htdocs...')
#4 C:\xampp\htdocs\it-project\vendor\codeigniter4\framework\system\View\View.php(217): CodeIgniter\View\View->CodeIgniter\View\{closure}()
#5 C:\xampp\htdocs\it-project\vendor\codeigniter4\framework\system\Common.php(1097): CodeIgniter\View\View->render('admin/layout/v_...', Array, true)
#6 C:\xampp\htdocs\it-project\app\Views\admin\layout\v_wrapper.php(5): view('admin/layout/v_...')
#7 C:\xampp\htdocs\it-project\vendor\codeigniter4\framework\system\View\View.php(214): include('C:\\xampp\\htdocs...')
#8 C:\xampp\htdocs\it-project\vendor\codeigniter4\framework\system\View\View.php(217): CodeIgniter\View\View->CodeIgniter\View\{closure}()
#9 C:\xampp\htdocs\it-project\vendor\codeigniter4\framework\system\Common.php(1097): CodeIgniter\View\View->render('admin/layout/v_...', Array, true)
#10 C:\xampp\htdocs\it-project\app\Controllers\Berita.php(23): view('admin/layout/v_...', Array)
#11 C:\xampp\htdocs\it-project\vendor\codeigniter4\framework\system\CodeIgniter.php(824): App\Controllers\Berita->index()
#12 C:\xampp\htdocs\it-project\vendor\codeigniter4\framework\system\CodeIgniter.php(410): CodeIgniter\CodeIgniter->runController(Object(App\Controllers\Berita))
#13 C:\xampp\htdocs\it-project\vendor\codeigniter4\framework\system\CodeIgniter.php(318): CodeIgniter\CodeIgniter->handleRequest(NULL, Object(Config\Cache), false)
#14 C:\xampp\htdocs\it-project\public\index.php(37): CodeIgniter\CodeIgniter->run()
#15 C:\xampp\htdocs\it-project\vendor\codeigniter4\framework\system\Commands\Server\rewrite.php(43): require_once('C:\\xampp\\htdocs...')
#16 {main}
CRITICAL - 2022-01-10 04:47:57 --> Invalid file: berita/v_lists.php
#0 C:\xampp\htdocs\it-project\vendor\codeigniter4\framework\system\View\View.php(198): CodeIgniter\Exceptions\FrameworkException::forInvalidFile('berita/v_lists....')
#1 C:\xampp\htdocs\it-project\vendor\codeigniter4\framework\system\Common.php(1097): CodeIgniter\View\View->render('berita/v_lists', Array, true)
#2 C:\xampp\htdocs\it-project\app\Views\admin\layout\v_content.php(3): view('berita/v_lists')
#3 C:\xampp\htdocs\it-project\vendor\codeigniter4\framework\system\View\View.php(214): include('C:\\xampp\\htdocs...')
#4 C:\xampp\htdocs\it-project\vendor\codeigniter4\framework\system\View\View.php(217): CodeIgniter\View\View->CodeIgniter\View\{closure}()
#5 C:\xampp\htdocs\it-project\vendor\codeigniter4\framework\system\Common.php(1097): CodeIgniter\View\View->render('admin/layout/v_...', Array, true)
#6 C:\xampp\htdocs\it-project\app\Views\admin\layout\v_wrapper.php(5): view('admin/layout/v_...')
#7 C:\xampp\htdocs\it-project\vendor\codeigniter4\framework\system\View\View.php(214): include('C:\\xampp\\htdocs...')
#8 C:\xampp\htdocs\it-project\vendor\codeigniter4\framework\system\View\View.php(217): CodeIgniter\View\View->CodeIgniter\View\{closure}()
#9 C:\xampp\htdocs\it-project\vendor\codeigniter4\framework\system\Common.php(1097): CodeIgniter\View\View->render('admin/layout/v_...', Array, true)
#10 C:\xampp\htdocs\it-project\app\Controllers\Berita.php(23): view('admin/layout/v_...', Array)
#11 C:\xampp\htdocs\it-project\vendor\codeigniter4\framework\system\CodeIgniter.php(824): App\Controllers\Berita->index()
#12 C:\xampp\htdocs\it-project\vendor\codeigniter4\framework\system\CodeIgniter.php(410): CodeIgniter\CodeIgniter->runController(Object(App\Controllers\Berita))
#13 C:\xampp\htdocs\it-project\vendor\codeigniter4\framework\system\CodeIgniter.php(318): CodeIgniter\CodeIgniter->handleRequest(NULL, Object(Config\Cache), false)
#14 C:\xampp\htdocs\it-project\public\index.php(37): CodeIgniter\CodeIgniter->run()
#15 C:\xampp\htdocs\it-project\vendor\codeigniter4\framework\system\Commands\Server\rewrite.php(43): require_once('C:\\xampp\\htdocs...')
#16 {main}
CRITICAL - 2022-01-10 04:48:22 --> Invalid file: layout/v_home.php
#0 C:\xampp\htdocs\it-project\vendor\codeigniter4\framework\system\View\View.php(198): CodeIgniter\Exceptions\FrameworkException::forInvalidFile('layout/v_home.p...')
#1 C:\xampp\htdocs\it-project\vendor\codeigniter4\framework\system\Common.php(1097): CodeIgniter\View\View->render('layout/v_home', Array, true)
#2 C:\xampp\htdocs\it-project\app\Views\admin\layout\v_content.php(3): view('layout/v_home')
#3 C:\xampp\htdocs\it-project\vendor\codeigniter4\framework\system\View\View.php(214): include('C:\\xampp\\htdocs...')
#4 C:\xampp\htdocs\it-project\vendor\codeigniter4\framework\system\View\View.php(217): CodeIgniter\View\View->CodeIgniter\View\{closure}()
#5 C:\xampp\htdocs\it-project\vendor\codeigniter4\framework\system\Common.php(1097): CodeIgniter\View\View->render('admin/layout/v_...', Array, true)
#6 C:\xampp\htdocs\it-project\app\Views\admin\layout\v_wrapper.php(5): view('admin/layout/v_...')
#7 C:\xampp\htdocs\it-project\vendor\codeigniter4\framework\system\View\View.php(214): include('C:\\xampp\\htdocs...')
#8 C:\xampp\htdocs\it-project\vendor\codeigniter4\framework\system\View\View.php(217): CodeIgniter\View\View->CodeIgniter\View\{closure}()
#9 C:\xampp\htdocs\it-project\vendor\codeigniter4\framework\system\Common.php(1097): CodeIgniter\View\View->render('admin/layout/v_...', Array, true)
#10 C:\xampp\htdocs\it-project\app\Controllers\Administrator.php(13): view('admin/layout/v_...', Array)
#11 C:\xampp\htdocs\it-project\vendor\codeigniter4\framework\system\CodeIgniter.php(824): App\Controllers\Administrator->index()
#12 C:\xampp\htdocs\it-project\vendor\codeigniter4\framework\system\CodeIgniter.php(410): CodeIgniter\CodeIgniter->runController(Object(App\Controllers\Administrator))
#13 C:\xampp\htdocs\it-project\vendor\codeigniter4\framework\system\CodeIgniter.php(318): CodeIgniter\CodeIgniter->handleRequest(NULL, Object(Config\Cache), false)
#14 C:\xampp\htdocs\it-project\public\index.php(37): CodeIgniter\CodeIgniter->run()
#15 C:\xampp\htdocs\it-project\vendor\codeigniter4\framework\system\Commands\Server\rewrite.php(43): require_once('C:\\xampp\\htdocs...')
#16 {main}
CRITICAL - 2022-01-10 04:48:24 --> Invalid file: layout/v_home.php
#0 C:\xampp\htdocs\it-project\vendor\codeigniter4\framework\system\View\View.php(198): CodeIgniter\Exceptions\FrameworkException::forInvalidFile('layout/v_home.p...')
#1 C:\xampp\htdocs\it-project\vendor\codeigniter4\framework\system\Common.php(1097): CodeIgniter\View\View->render('layout/v_home', Array, true)
#2 C:\xampp\htdocs\it-project\app\Views\admin\layout\v_content.php(3): view('layout/v_home')
#3 C:\xampp\htdocs\it-project\vendor\codeigniter4\framework\system\View\View.php(214): include('C:\\xampp\\htdocs...')
#4 C:\xampp\htdocs\it-project\vendor\codeigniter4\framework\system\View\View.php(217): CodeIgniter\View\View->CodeIgniter\View\{closure}()
#5 C:\xampp\htdocs\it-project\vendor\codeigniter4\framework\system\Common.php(1097): CodeIgniter\View\View->render('admin/layout/v_...', Array, true)
#6 C:\xampp\htdocs\it-project\app\Views\admin\layout\v_wrapper.php(5): view('admin/layout/v_...')
#7 C:\xampp\htdocs\it-project\vendor\codeigniter4\framework\system\View\View.php(214): include('C:\\xampp\\htdocs...')
#8 C:\xampp\htdocs\it-project\vendor\codeigniter4\framework\system\View\View.php(217): CodeIgniter\View\View->CodeIgniter\View\{closure}()
#9 C:\xampp\htdocs\it-project\vendor\codeigniter4\framework\system\Common.php(1097): CodeIgniter\View\View->render('admin/layout/v_...', Array, true)
#10 C:\xampp\htdocs\it-project\app\Controllers\Administrator.php(13): view('admin/layout/v_...', Array)
#11 C:\xampp\htdocs\it-project\vendor\codeigniter4\framework\system\CodeIgniter.php(824): App\Controllers\Administrator->index()
#12 C:\xampp\htdocs\it-project\vendor\codeigniter4\framework\system\CodeIgniter.php(410): CodeIgniter\CodeIgniter->runController(Object(App\Controllers\Administrator))
#13 C:\xampp\htdocs\it-project\vendor\codeigniter4\framework\system\CodeIgniter.php(318): CodeIgniter\CodeIgniter->handleRequest(NULL, Object(Config\Cache), false)
#14 C:\xampp\htdocs\it-project\public\index.php(37): CodeIgniter\CodeIgniter->run()
#15 C:\xampp\htdocs\it-project\vendor\codeigniter4\framework\system\Commands\Server\rewrite.php(43): require_once('C:\\xampp\\htdocs...')
#16 {main}
CRITICAL - 2022-01-10 04:51:30 --> Invalid file: berita/v_lists.php
#0 C:\xampp\htdocs\it-project\vendor\codeigniter4\framework\system\View\View.php(198): CodeIgniter\Exceptions\FrameworkException::forInvalidFile('berita/v_lists....')
#1 C:\xampp\htdocs\it-project\vendor\codeigniter4\framework\system\Common.php(1097): CodeIgniter\View\View->render('berita/v_lists', Array, true)
#2 C:\xampp\htdocs\it-project\app\Views\admin\layout\v_content.php(3): view('berita/v_lists')
#3 C:\xampp\htdocs\it-project\vendor\codeigniter4\framework\system\View\View.php(214): include('C:\\xampp\\htdocs...')
#4 C:\xampp\htdocs\it-project\vendor\codeigniter4\framework\system\View\View.php(217): CodeIgniter\View\View->CodeIgniter\View\{closure}()
#5 C:\xampp\htdocs\it-project\vendor\codeigniter4\framework\system\Common.php(1097): CodeIgniter\View\View->render('admin/layout/v_...', Array, true)
#6 C:\xampp\htdocs\it-project\app\Views\admin\layout\v_wrapper.php(5): view('admin/layout/v_...')
#7 C:\xampp\htdocs\it-project\vendor\codeigniter4\framework\system\View\View.php(214): include('C:\\xampp\\htdocs...')
#8 C:\xampp\htdocs\it-project\vendor\codeigniter4\framework\system\View\View.php(217): CodeIgniter\View\View->CodeIgniter\View\{closure}()
#9 C:\xampp\htdocs\it-project\vendor\codeigniter4\framework\system\Common.php(1097): CodeIgniter\View\View->render('admin/layout/v_...', Array, true)
#10 C:\xampp\htdocs\it-project\app\Controllers\Berita.php(23): view('admin/layout/v_...', Array)
#11 C:\xampp\htdocs\it-project\vendor\codeigniter4\framework\system\CodeIgniter.php(824): App\Controllers\Berita->index()
#12 C:\xampp\htdocs\it-project\vendor\codeigniter4\framework\system\CodeIgniter.php(410): CodeIgniter\CodeIgniter->runController(Object(App\Controllers\Berita))
#13 C:\xampp\htdocs\it-project\vendor\codeigniter4\framework\system\CodeIgniter.php(318): CodeIgniter\CodeIgniter->handleRequest(NULL, Object(Config\Cache), false)
#14 C:\xampp\htdocs\it-project\public\index.php(37): CodeIgniter\CodeIgniter->run()
#15 C:\xampp\htdocs\it-project\vendor\codeigniter4\framework\system\Commands\Server\rewrite.php(43): require_once('C:\\xampp\\htdocs...')
#16 {main}
CRITICAL - 2022-01-10 07:06:10 --> Undefined variable: kelurahan
#0 C:\xampp\htdocs\it-project\app\Views\admin\berita\v_lists.php(44): CodeIgniter\Debug\Exceptions->errorHandler(8, 'Undefined varia...', 'C:\\xampp\\htdocs...', 44, Array)
#1 C:\xampp\htdocs\it-project\vendor\codeigniter4\framework\system\View\View.php(214): include('C:\\xampp\\htdocs...')
#2 C:\xampp\htdocs\it-project\vendor\codeigniter4\framework\system\View\View.php(217): CodeIgniter\View\View->CodeIgniter\View\{closure}()
#3 C:\xampp\htdocs\it-project\vendor\codeigniter4\framework\system\Common.php(1097): CodeIgniter\View\View->render('admin/berita/v_...', Array, true)
#4 C:\xampp\htdocs\it-project\app\Views\admin\layout\v_content.php(3): view('admin/berita/v_...')
#5 C:\xampp\htdocs\it-project\vendor\codeigniter4\framework\system\View\View.php(214): include('C:\\xampp\\htdocs...')
#6 C:\xampp\htdocs\it-project\vendor\codeigniter4\framework\system\View\View.php(217): CodeIgniter\View\View->CodeIgniter\View\{closure}()
#7 C:\xampp\htdocs\it-project\vendor\codeigniter4\framework\system\Common.php(1097): CodeIgniter\View\View->render('admin/layout/v_...', Array, true)
#8 C:\xampp\htdocs\it-project\app\Views\admin\layout\v_wrapper.php(5): view('admin/layout/v_...')
#9 C:\xampp\htdocs\it-project\vendor\codeigniter4\framework\system\View\View.php(214): include('C:\\xampp\\htdocs...')
#10 C:\xampp\htdocs\it-project\vendor\codeigniter4\framework\system\View\View.php(217): CodeIgniter\View\View->CodeIgniter\View\{closure}()
#11 C:\xampp\htdocs\it-project\vendor\codeigniter4\framework\system\Common.php(1097): CodeIgniter\View\View->render('admin/layout/v_...', Array, true)
#12 C:\xampp\htdocs\it-project\app\Controllers\Berita.php(23): view('admin/layout/v_...', Array)
#13 C:\xampp\htdocs\it-project\vendor\codeigniter4\framework\system\CodeIgniter.php(824): App\Controllers\Berita->index()
#14 C:\xampp\htdocs\it-project\vendor\codeigniter4\framework\system\CodeIgniter.php(410): CodeIgniter\CodeIgniter->runController(Object(App\Controllers\Berita))
#15 C:\xampp\htdocs\it-project\vendor\codeigniter4\framework\system\CodeIgniter.php(318): CodeIgniter\CodeIgniter->handleRequest(NULL, Object(Config\Cache), false)
#16 C:\xampp\htdocs\it-project\public\index.php(37): CodeIgniter\CodeIgniter->run()
#17 C:\xampp\htdocs\it-project\vendor\codeigniter4\framework\system\Commands\Server\rewrite.php(43): require_once('C:\\xampp\\htdocs...')
#18 {main}
CRITICAL - 2022-01-10 07:06:21 --> Undefined index: kode
#0 C:\xampp\htdocs\it-project\app\Views\admin\berita\v_lists.php(48): CodeIgniter\Debug\Exceptions->errorHandler(8, 'Undefined index...', 'C:\\xampp\\htdocs...', 48, Array)
#1 C:\xampp\htdocs\it-project\vendor\codeigniter4\framework\system\View\View.php(214): include('C:\\xampp\\htdocs...')
#2 C:\xampp\htdocs\it-project\vendor\codeigniter4\framework\system\View\View.php(217): CodeIgniter\View\View->CodeIgniter\View\{closure}()
#3 C:\xampp\htdocs\it-project\vendor\codeigniter4\framework\system\Common.php(1097): CodeIgniter\View\View->render('admin/berita/v_...', Array, true)
#4 C:\xampp\htdocs\it-project\app\Views\admin\layout\v_content.php(3): view('admin/berita/v_...')
#5 C:\xampp\htdocs\it-project\vendor\codeigniter4\framework\system\View\View.php(214): include('C:\\xampp\\htdocs...')
#6 C:\xampp\htdocs\it-project\vendor\codeigniter4\framework\system\View\View.php(217): CodeIgniter\View\View->CodeIgniter\View\{closure}()
#7 C:\xampp\htdocs\it-project\vendor\codeigniter4\framework\system\Common.php(1097): CodeIgniter\View\View->render('admin/layout/v_...', Array, true)
#8 C:\xampp\htdocs\it-project\app\Views\admin\layout\v_wrapper.php(5): view('admin/layout/v_...')
#9 C:\xampp\htdocs\it-project\vendor\codeigniter4\framework\system\View\View.php(214): include('C:\\xampp\\htdocs...')
#10 C:\xampp\htdocs\it-project\vendor\codeigniter4\framework\system\View\View.php(217): CodeIgniter\View\View->CodeIgniter\View\{closure}()
#11 C:\xampp\htdocs\it-project\vendor\codeigniter4\framework\system\Common.php(1097): CodeIgniter\View\View->render('admin/layout/v_...', Array, true)
#12 C:\xampp\htdocs\it-project\app\Controllers\Berita.php(23): view('admin/layout/v_...', Array)
#13 C:\xampp\htdocs\it-project\vendor\codeigniter4\framework\system\CodeIgniter.php(824): App\Controllers\Berita->index()
#14 C:\xampp\htdocs\it-project\vendor\codeigniter4\framework\system\CodeIgniter.php(410): CodeIgniter\CodeIgniter->runController(Object(App\Controllers\Berita))
#15 C:\xampp\htdocs\it-project\vendor\codeigniter4\framework\system\CodeIgniter.php(318): CodeIgniter\CodeIgniter->handleRequest(NULL, Object(Config\Cache), false)
#16 C:\xampp\htdocs\it-project\public\index.php(37): CodeIgniter\CodeIgniter->run()
#17 C:\xampp\htdocs\it-project\vendor\codeigniter4\framework\system\Commands\Server\rewrite.php(43): require_once('C:\\xampp\\htdocs...')
#18 {main}
CRITICAL - 2022-01-10 07:07:52 --> Undefined index: id
#0 C:\xampp\htdocs\it-project\app\Views\admin\berita\v_lists.php(58): CodeIgniter\Debug\Exceptions->errorHandler(8, 'Undefined index...', 'C:\\xampp\\htdocs...', 58, Array)
#1 C:\xampp\htdocs\it-project\vendor\codeigniter4\framework\system\View\View.php(214): include('C:\\xampp\\htdocs...')
#2 C:\xampp\htdocs\it-project\vendor\codeigniter4\framework\system\View\View.php(217): CodeIgniter\View\View->CodeIgniter\View\{closure}()
#3 C:\xampp\htdocs\it-project\vendor\codeigniter4\framework\system\Common.php(1097): CodeIgniter\View\View->render('admin/berita/v_...', Array, true)
#4 C:\xampp\htdocs\it-project\app\Views\admin\layout\v_content.php(3): view('admin/berita/v_...')
#5 C:\xampp\htdocs\it-project\vendor\codeigniter4\framework\system\View\View.php(214): include('C:\\xampp\\htdocs...')
#6 C:\xampp\htdocs\it-project\vendor\codeigniter4\framework\system\View\View.php(217): CodeIgniter\View\View->CodeIgniter\View\{closure}()
#7 C:\xampp\htdocs\it-project\vendor\codeigniter4\framework\system\Common.php(1097): CodeIgniter\View\View->render('admin/layout/v_...', Array, true)
#8 C:\xampp\htdocs\it-project\app\Views\admin\layout\v_wrapper.php(5): view('admin/layout/v_...')
#9 C:\xampp\htdocs\it-project\vendor\codeigniter4\framework\system\View\View.php(214): include('C:\\xampp\\htdocs...')
#10 C:\xampp\htdocs\it-project\vendor\codeigniter4\framework\system\View\View.php(217): CodeIgniter\View\View->CodeIgniter\View\{closure}()
#11 C:\xampp\htdocs\it-project\vendor\codeigniter4\framework\system\Common.php(1097): CodeIgniter\View\View->render('admin/layout/v_...', Array, true)
#12 C:\xampp\htdocs\it-project\app\Controllers\Berita.php(23): view('admin/layout/v_...', Array)
#13 C:\xampp\htdocs\it-project\vendor\codeigniter4\framework\system\CodeIgniter.php(824): App\Controllers\Berita->index()
#14 C:\xampp\htdocs\it-project\vendor\codeigniter4\framework\system\CodeIgniter.php(410): CodeIgniter\CodeIgniter->runController(Object(App\Controllers\Berita))
#15 C:\xampp\htdocs\it-project\vendor\codeigniter4\framework\system\CodeIgniter.php(318): CodeIgniter\CodeIgniter->handleRequest(NULL, Object(Config\Cache), false)
#16 C:\xampp\htdocs\it-project\public\index.php(37): CodeIgniter\CodeIgniter->run()
#17 C:\xampp\htdocs\it-project\vendor\codeigniter4\framework\system\Commands\Server\rewrite.php(43): require_once('C:\\xampp\\htdocs...')
#18 {main}
