CRITICAL - 2021-12-26 11:05:27 --> Undefined index: id
#0 C:\xampp\htdocs\ci4app\app\Views\kecamatan\v_lists.php(188): CodeIgniter\Debug\Exceptions->errorHandler(8, 'Undefined index...', 'C:\\xampp\\htdocs...', 188, Array)
#1 C:\xampp\htdocs\ci4app\vendor\codeigniter4\framework\system\View\View.php(214): include('C:\\xampp\\htdocs...')
#2 C:\xampp\htdocs\ci4app\vendor\codeigniter4\framework\system\View\View.php(217): CodeIgniter\View\View->CodeIgniter\View\{closure}()
#3 C:\xampp\htdocs\ci4app\vendor\codeigniter4\framework\system\Common.php(1097): CodeIgniter\View\View->render('kecamatan/v_lis...', Array, true)
#4 C:\xampp\htdocs\ci4app\app\Views\layout\v_content.php(3): view('kecamatan/v_lis...')
#5 C:\xampp\htdocs\ci4app\vendor\codeigniter4\framework\system\View\View.php(214): include('C:\\xampp\\htdocs...')
#6 C:\xampp\htdocs\ci4app\vendor\codeigniter4\framework\system\View\View.php(217): CodeIgniter\View\View->CodeIgniter\View\{closure}()
#7 C:\xampp\htdocs\ci4app\vendor\codeigniter4\framework\system\Common.php(1097): CodeIgniter\View\View->render('layout/v_conten...', Array, true)
#8 C:\xampp\htdocs\ci4app\app\Views\layout\v_wrapper.php(5): view('layout/v_conten...')
#9 C:\xampp\htdocs\ci4app\vendor\codeigniter4\framework\system\View\View.php(214): include('C:\\xampp\\htdocs...')
#10 C:\xampp\htdocs\ci4app\vendor\codeigniter4\framework\system\View\View.php(217): CodeIgniter\View\View->CodeIgniter\View\{closure}()
#11 C:\xampp\htdocs\ci4app\vendor\codeigniter4\framework\system\Common.php(1097): CodeIgniter\View\View->render('layout/v_wrappe...', Array, true)
#12 C:\xampp\htdocs\ci4app\app\Controllers\Kecamatan.php(23): view('layout/v_wrappe...', Array)
#13 C:\xampp\htdocs\ci4app\vendor\codeigniter4\framework\system\CodeIgniter.php(824): App\Controllers\Kecamatan->index()
#14 C:\xampp\htdocs\ci4app\vendor\codeigniter4\framework\system\CodeIgniter.php(410): CodeIgniter\CodeIgniter->runController(Object(App\Controllers\Kecamatan))
#15 C:\xampp\htdocs\ci4app\vendor\codeigniter4\framework\system\CodeIgniter.php(318): CodeIgniter\CodeIgniter->handleRequest(NULL, Object(Config\Cache), false)
#16 C:\xampp\htdocs\ci4app\public\index.php(37): CodeIgniter\CodeIgniter->run()
#17 C:\xampp\htdocs\ci4app\vendor\codeigniter4\framework\system\Commands\Server\rewrite.php(43): require_once('C:\\xampp\\htdocs...')
#18 {main}
CRITICAL - 2021-12-26 11:06:53 --> Undefined index: id
#0 C:\xampp\htdocs\ci4app\app\Views\kecamatan\v_lists.php(188): CodeIgniter\Debug\Exceptions->errorHandler(8, 'Undefined index...', 'C:\\xampp\\htdocs...', 188, Array)
#1 C:\xampp\htdocs\ci4app\vendor\codeigniter4\framework\system\View\View.php(214): include('C:\\xampp\\htdocs...')
#2 C:\xampp\htdocs\ci4app\vendor\codeigniter4\framework\system\View\View.php(217): CodeIgniter\View\View->CodeIgniter\View\{closure}()
#3 C:\xampp\htdocs\ci4app\vendor\codeigniter4\framework\system\Common.php(1097): CodeIgniter\View\View->render('kecamatan/v_lis...', Array, true)
#4 C:\xampp\htdocs\ci4app\app\Views\layout\v_content.php(3): view('kecamatan/v_lis...')
#5 C:\xampp\htdocs\ci4app\vendor\codeigniter4\framework\system\View\View.php(214): include('C:\\xampp\\htdocs...')
#6 C:\xampp\htdocs\ci4app\vendor\codeigniter4\framework\system\View\View.php(217): CodeIgniter\View\View->CodeIgniter\View\{closure}()
#7 C:\xampp\htdocs\ci4app\vendor\codeigniter4\framework\system\Common.php(1097): CodeIgniter\View\View->render('layout/v_conten...', Array, true)
#8 C:\xampp\htdocs\ci4app\app\Views\layout\v_wrapper.php(5): view('layout/v_conten...')
#9 C:\xampp\htdocs\ci4app\vendor\codeigniter4\framework\system\View\View.php(214): include('C:\\xampp\\htdocs...')
#10 C:\xampp\htdocs\ci4app\vendor\codeigniter4\framework\system\View\View.php(217): CodeIgniter\View\View->CodeIgniter\View\{closure}()
#11 C:\xampp\htdocs\ci4app\vendor\codeigniter4\framework\system\Common.php(1097): CodeIgniter\View\View->render('layout/v_wrappe...', Array, true)
#12 C:\xampp\htdocs\ci4app\app\Controllers\Kecamatan.php(23): view('layout/v_wrappe...', Array)
#13 C:\xampp\htdocs\ci4app\vendor\codeigniter4\framework\system\CodeIgniter.php(824): App\Controllers\Kecamatan->index()
#14 C:\xampp\htdocs\ci4app\vendor\codeigniter4\framework\system\CodeIgniter.php(410): CodeIgniter\CodeIgniter->runController(Object(App\Controllers\Kecamatan))
#15 C:\xampp\htdocs\ci4app\vendor\codeigniter4\framework\system\CodeIgniter.php(318): CodeIgniter\CodeIgniter->handleRequest(NULL, Object(Config\Cache), false)
#16 C:\xampp\htdocs\ci4app\public\index.php(37): CodeIgniter\CodeIgniter->run()
#17 C:\xampp\htdocs\ci4app\vendor\codeigniter4\framework\system\Commands\Server\rewrite.php(43): require_once('C:\\xampp\\htdocs...')
#18 {main}
CRITICAL - 2021-12-26 11:06:54 --> Undefined index: id
#0 C:\xampp\htdocs\ci4app\app\Views\kecamatan\v_lists.php(188): CodeIgniter\Debug\Exceptions->errorHandler(8, 'Undefined index...', 'C:\\xampp\\htdocs...', 188, Array)
#1 C:\xampp\htdocs\ci4app\vendor\codeigniter4\framework\system\View\View.php(214): include('C:\\xampp\\htdocs...')
#2 C:\xampp\htdocs\ci4app\vendor\codeigniter4\framework\system\View\View.php(217): CodeIgniter\View\View->CodeIgniter\View\{closure}()
#3 C:\xampp\htdocs\ci4app\vendor\codeigniter4\framework\system\Common.php(1097): CodeIgniter\View\View->render('kecamatan/v_lis...', Array, true)
#4 C:\xampp\htdocs\ci4app\app\Views\layout\v_content.php(3): view('kecamatan/v_lis...')
#5 C:\xampp\htdocs\ci4app\vendor\codeigniter4\framework\system\View\View.php(214): include('C:\\xampp\\htdocs...')
#6 C:\xampp\htdocs\ci4app\vendor\codeigniter4\framework\system\View\View.php(217): CodeIgniter\View\View->CodeIgniter\View\{closure}()
#7 C:\xampp\htdocs\ci4app\vendor\codeigniter4\framework\system\Common.php(1097): CodeIgniter\View\View->render('layout/v_conten...', Array, true)
#8 C:\xampp\htdocs\ci4app\app\Views\layout\v_wrapper.php(5): view('layout/v_conten...')
#9 C:\xampp\htdocs\ci4app\vendor\codeigniter4\framework\system\View\View.php(214): include('C:\\xampp\\htdocs...')
#10 C:\xampp\htdocs\ci4app\vendor\codeigniter4\framework\system\View\View.php(217): CodeIgniter\View\View->CodeIgniter\View\{closure}()
#11 C:\xampp\htdocs\ci4app\vendor\codeigniter4\framework\system\Common.php(1097): CodeIgniter\View\View->render('layout/v_wrappe...', Array, true)
#12 C:\xampp\htdocs\ci4app\app\Controllers\Kecamatan.php(23): view('layout/v_wrappe...', Array)
#13 C:\xampp\htdocs\ci4app\vendor\codeigniter4\framework\system\CodeIgniter.php(824): App\Controllers\Kecamatan->index()
#14 C:\xampp\htdocs\ci4app\vendor\codeigniter4\framework\system\CodeIgniter.php(410): CodeIgniter\CodeIgniter->runController(Object(App\Controllers\Kecamatan))
#15 C:\xampp\htdocs\ci4app\vendor\codeigniter4\framework\system\CodeIgniter.php(318): CodeIgniter\CodeIgniter->handleRequest(NULL, Object(Config\Cache), false)
#16 C:\xampp\htdocs\ci4app\public\index.php(37): CodeIgniter\CodeIgniter->run()
#17 C:\xampp\htdocs\ci4app\vendor\codeigniter4\framework\system\Commands\Server\rewrite.php(43): require_once('C:\\xampp\\htdocs...')
#18 {main}
CRITICAL - 2021-12-26 11:07:00 --> Undefined index: id
#0 C:\xampp\htdocs\ci4app\app\Views\kecamatan\v_lists.php(188): CodeIgniter\Debug\Exceptions->errorHandler(8, 'Undefined index...', 'C:\\xampp\\htdocs...', 188, Array)
#1 C:\xampp\htdocs\ci4app\vendor\codeigniter4\framework\system\View\View.php(214): include('C:\\xampp\\htdocs...')
#2 C:\xampp\htdocs\ci4app\vendor\codeigniter4\framework\system\View\View.php(217): CodeIgniter\View\View->CodeIgniter\View\{closure}()
#3 C:\xampp\htdocs\ci4app\vendor\codeigniter4\framework\system\Common.php(1097): CodeIgniter\View\View->render('kecamatan/v_lis...', Array, true)
#4 C:\xampp\htdocs\ci4app\app\Views\layout\v_content.php(3): view('kecamatan/v_lis...')
#5 C:\xampp\htdocs\ci4app\vendor\codeigniter4\framework\system\View\View.php(214): include('C:\\xampp\\htdocs...')
#6 C:\xampp\htdocs\ci4app\vendor\codeigniter4\framework\system\View\View.php(217): CodeIgniter\View\View->CodeIgniter\View\{closure}()
#7 C:\xampp\htdocs\ci4app\vendor\codeigniter4\framework\system\Common.php(1097): CodeIgniter\View\View->render('layout/v_conten...', Array, true)
#8 C:\xampp\htdocs\ci4app\app\Views\layout\v_wrapper.php(5): view('layout/v_conten...')
#9 C:\xampp\htdocs\ci4app\vendor\codeigniter4\framework\system\View\View.php(214): include('C:\\xampp\\htdocs...')
#10 C:\xampp\htdocs\ci4app\vendor\codeigniter4\framework\system\View\View.php(217): CodeIgniter\View\View->CodeIgniter\View\{closure}()
#11 C:\xampp\htdocs\ci4app\vendor\codeigniter4\framework\system\Common.php(1097): CodeIgniter\View\View->render('layout/v_wrappe...', Array, true)
#12 C:\xampp\htdocs\ci4app\app\Controllers\Kecamatan.php(23): view('layout/v_wrappe...', Array)
#13 C:\xampp\htdocs\ci4app\vendor\codeigniter4\framework\system\CodeIgniter.php(824): App\Controllers\Kecamatan->index()
#14 C:\xampp\htdocs\ci4app\vendor\codeigniter4\framework\system\CodeIgniter.php(410): CodeIgniter\CodeIgniter->runController(Object(App\Controllers\Kecamatan))
#15 C:\xampp\htdocs\ci4app\vendor\codeigniter4\framework\system\CodeIgniter.php(318): CodeIgniter\CodeIgniter->handleRequest(NULL, Object(Config\Cache), false)
#16 C:\xampp\htdocs\ci4app\public\index.php(37): CodeIgniter\CodeIgniter->run()
#17 C:\xampp\htdocs\ci4app\vendor\codeigniter4\framework\system\Commands\Server\rewrite.php(43): require_once('C:\\xampp\\htdocs...')
#18 {main}
CRITICAL - 2021-12-26 11:10:43 --> Undefined index: id
#0 C:\xampp\htdocs\ci4app\app\Views\kecamatan\v_lists.php(188): CodeIgniter\Debug\Exceptions->errorHandler(8, 'Undefined index...', 'C:\\xampp\\htdocs...', 188, Array)
#1 C:\xampp\htdocs\ci4app\vendor\codeigniter4\framework\system\View\View.php(214): include('C:\\xampp\\htdocs...')
#2 C:\xampp\htdocs\ci4app\vendor\codeigniter4\framework\system\View\View.php(217): CodeIgniter\View\View->CodeIgniter\View\{closure}()
#3 C:\xampp\htdocs\ci4app\vendor\codeigniter4\framework\system\Common.php(1097): CodeIgniter\View\View->render('kecamatan/v_lis...', Array, true)
#4 C:\xampp\htdocs\ci4app\app\Views\layout\v_content.php(3): view('kecamatan/v_lis...')
#5 C:\xampp\htdocs\ci4app\vendor\codeigniter4\framework\system\View\View.php(214): include('C:\\xampp\\htdocs...')
#6 C:\xampp\htdocs\ci4app\vendor\codeigniter4\framework\system\View\View.php(217): CodeIgniter\View\View->CodeIgniter\View\{closure}()
#7 C:\xampp\htdocs\ci4app\vendor\codeigniter4\framework\system\Common.php(1097): CodeIgniter\View\View->render('layout/v_conten...', Array, true)
#8 C:\xampp\htdocs\ci4app\app\Views\layout\v_wrapper.php(5): view('layout/v_conten...')
#9 C:\xampp\htdocs\ci4app\vendor\codeigniter4\framework\system\View\View.php(214): include('C:\\xampp\\htdocs...')
#10 C:\xampp\htdocs\ci4app\vendor\codeigniter4\framework\system\View\View.php(217): CodeIgniter\View\View->CodeIgniter\View\{closure}()
#11 C:\xampp\htdocs\ci4app\vendor\codeigniter4\framework\system\Common.php(1097): CodeIgniter\View\View->render('layout/v_wrappe...', Array, true)
#12 C:\xampp\htdocs\ci4app\app\Controllers\Kecamatan.php(23): view('layout/v_wrappe...', Array)
#13 C:\xampp\htdocs\ci4app\vendor\codeigniter4\framework\system\CodeIgniter.php(824): App\Controllers\Kecamatan->index()
#14 C:\xampp\htdocs\ci4app\vendor\codeigniter4\framework\system\CodeIgniter.php(410): CodeIgniter\CodeIgniter->runController(Object(App\Controllers\Kecamatan))
#15 C:\xampp\htdocs\ci4app\vendor\codeigniter4\framework\system\CodeIgniter.php(318): CodeIgniter\CodeIgniter->handleRequest(NULL, Object(Config\Cache), false)
#16 C:\xampp\htdocs\ci4app\public\index.php(37): CodeIgniter\CodeIgniter->run()
#17 C:\xampp\htdocs\ci4app\vendor\codeigniter4\framework\system\Commands\Server\rewrite.php(43): require_once('C:\\xampp\\htdocs...')
#18 {main}
CRITICAL - 2021-12-26 11:22:47 --> Undefined index: kode
#0 C:\xampp\htdocs\ci4app\app\Views\kecamatan\v_lists.php(194): CodeIgniter\Debug\Exceptions->errorHandler(8, 'Undefined index...', 'C:\\xampp\\htdocs...', 194, Array)
#1 C:\xampp\htdocs\ci4app\vendor\codeigniter4\framework\system\View\View.php(214): include('C:\\xampp\\htdocs...')
#2 C:\xampp\htdocs\ci4app\vendor\codeigniter4\framework\system\View\View.php(217): CodeIgniter\View\View->CodeIgniter\View\{closure}()
#3 C:\xampp\htdocs\ci4app\vendor\codeigniter4\framework\system\Common.php(1097): CodeIgniter\View\View->render('kecamatan/v_lis...', Array, true)
#4 C:\xampp\htdocs\ci4app\app\Views\layout\v_content.php(3): view('kecamatan/v_lis...')
#5 C:\xampp\htdocs\ci4app\vendor\codeigniter4\framework\system\View\View.php(214): include('C:\\xampp\\htdocs...')
#6 C:\xampp\htdocs\ci4app\vendor\codeigniter4\framework\system\View\View.php(217): CodeIgniter\View\View->CodeIgniter\View\{closure}()
#7 C:\xampp\htdocs\ci4app\vendor\codeigniter4\framework\system\Common.php(1097): CodeIgniter\View\View->render('layout/v_conten...', Array, true)
#8 C:\xampp\htdocs\ci4app\app\Views\layout\v_wrapper.php(5): view('layout/v_conten...')
#9 C:\xampp\htdocs\ci4app\vendor\codeigniter4\framework\system\View\View.php(214): include('C:\\xampp\\htdocs...')
#10 C:\xampp\htdocs\ci4app\vendor\codeigniter4\framework\system\View\View.php(217): CodeIgniter\View\View->CodeIgniter\View\{closure}()
#11 C:\xampp\htdocs\ci4app\vendor\codeigniter4\framework\system\Common.php(1097): CodeIgniter\View\View->render('layout/v_wrappe...', Array, true)
#12 C:\xampp\htdocs\ci4app\app\Controllers\Kecamatan.php(23): view('layout/v_wrappe...', Array)
#13 C:\xampp\htdocs\ci4app\vendor\codeigniter4\framework\system\CodeIgniter.php(824): App\Controllers\Kecamatan->index()
#14 C:\xampp\htdocs\ci4app\vendor\codeigniter4\framework\system\CodeIgniter.php(410): CodeIgniter\CodeIgniter->runController(Object(App\Controllers\Kecamatan))
#15 C:\xampp\htdocs\ci4app\vendor\codeigniter4\framework\system\CodeIgniter.php(318): CodeIgniter\CodeIgniter->handleRequest(NULL, Object(Config\Cache), false)
#16 C:\xampp\htdocs\ci4app\public\index.php(37): CodeIgniter\CodeIgniter->run()
#17 C:\xampp\htdocs\ci4app\vendor\codeigniter4\framework\system\Commands\Server\rewrite.php(43): require_once('C:\\xampp\\htdocs...')
#18 {main}
CRITICAL - 2021-12-26 11:34:40 --> Undefined index: kode
#0 C:\xampp\htdocs\ci4app\app\Views\kecamatan\v_lists.php(194): CodeIgniter\Debug\Exceptions->errorHandler(8, 'Undefined index...', 'C:\\xampp\\htdocs...', 194, Array)
#1 C:\xampp\htdocs\ci4app\vendor\codeigniter4\framework\system\View\View.php(214): include('C:\\xampp\\htdocs...')
#2 C:\xampp\htdocs\ci4app\vendor\codeigniter4\framework\system\View\View.php(217): CodeIgniter\View\View->CodeIgniter\View\{closure}()
#3 C:\xampp\htdocs\ci4app\vendor\codeigniter4\framework\system\Common.php(1097): CodeIgniter\View\View->render('kecamatan/v_lis...', Array, true)
#4 C:\xampp\htdocs\ci4app\app\Views\layout\v_content.php(3): view('kecamatan/v_lis...')
#5 C:\xampp\htdocs\ci4app\vendor\codeigniter4\framework\system\View\View.php(214): include('C:\\xampp\\htdocs...')
#6 C:\xampp\htdocs\ci4app\vendor\codeigniter4\framework\system\View\View.php(217): CodeIgniter\View\View->CodeIgniter\View\{closure}()
#7 C:\xampp\htdocs\ci4app\vendor\codeigniter4\framework\system\Common.php(1097): CodeIgniter\View\View->render('layout/v_conten...', Array, true)
#8 C:\xampp\htdocs\ci4app\app\Views\layout\v_wrapper.php(5): view('layout/v_conten...')
#9 C:\xampp\htdocs\ci4app\vendor\codeigniter4\framework\system\View\View.php(214): include('C:\\xampp\\htdocs...')
#10 C:\xampp\htdocs\ci4app\vendor\codeigniter4\framework\system\View\View.php(217): CodeIgniter\View\View->CodeIgniter\View\{closure}()
#11 C:\xampp\htdocs\ci4app\vendor\codeigniter4\framework\system\Common.php(1097): CodeIgniter\View\View->render('layout/v_wrappe...', Array, true)
#12 C:\xampp\htdocs\ci4app\app\Controllers\Kecamatan.php(23): view('layout/v_wrappe...', Array)
#13 C:\xampp\htdocs\ci4app\vendor\codeigniter4\framework\system\CodeIgniter.php(824): App\Controllers\Kecamatan->index()
#14 C:\xampp\htdocs\ci4app\vendor\codeigniter4\framework\system\CodeIgniter.php(410): CodeIgniter\CodeIgniter->runController(Object(App\Controllers\Kecamatan))
#15 C:\xampp\htdocs\ci4app\vendor\codeigniter4\framework\system\CodeIgniter.php(318): CodeIgniter\CodeIgniter->handleRequest(NULL, Object(Config\Cache), false)
#16 C:\xampp\htdocs\ci4app\public\index.php(37): CodeIgniter\CodeIgniter->run()
#17 C:\xampp\htdocs\ci4app\vendor\codeigniter4\framework\system\Commands\Server\rewrite.php(43): require_once('C:\\xampp\\htdocs...')
#18 {main}
CRITICAL - 2021-12-26 11:49:17 --> Undefined index: kode
#0 C:\xampp\htdocs\ci4app\app\Views\kecamatan\v_lists.php(194): CodeIgniter\Debug\Exceptions->errorHandler(8, 'Undefined index...', 'C:\\xampp\\htdocs...', 194, Array)
#1 C:\xampp\htdocs\ci4app\vendor\codeigniter4\framework\system\View\View.php(214): include('C:\\xampp\\htdocs...')
#2 C:\xampp\htdocs\ci4app\vendor\codeigniter4\framework\system\View\View.php(217): CodeIgniter\View\View->CodeIgniter\View\{closure}()
#3 C:\xampp\htdocs\ci4app\vendor\codeigniter4\framework\system\Common.php(1097): CodeIgniter\View\View->render('kecamatan/v_lis...', Array, true)
#4 C:\xampp\htdocs\ci4app\app\Views\layout\v_content.php(3): view('kecamatan/v_lis...')
#5 C:\xampp\htdocs\ci4app\vendor\codeigniter4\framework\system\View\View.php(214): include('C:\\xampp\\htdocs...')
#6 C:\xampp\htdocs\ci4app\vendor\codeigniter4\framework\system\View\View.php(217): CodeIgniter\View\View->CodeIgniter\View\{closure}()
#7 C:\xampp\htdocs\ci4app\vendor\codeigniter4\framework\system\Common.php(1097): CodeIgniter\View\View->render('layout/v_conten...', Array, true)
#8 C:\xampp\htdocs\ci4app\app\Views\layout\v_wrapper.php(5): view('layout/v_conten...')
#9 C:\xampp\htdocs\ci4app\vendor\codeigniter4\framework\system\View\View.php(214): include('C:\\xampp\\htdocs...')
#10 C:\xampp\htdocs\ci4app\vendor\codeigniter4\framework\system\View\View.php(217): CodeIgniter\View\View->CodeIgniter\View\{closure}()
#11 C:\xampp\htdocs\ci4app\vendor\codeigniter4\framework\system\Common.php(1097): CodeIgniter\View\View->render('layout/v_wrappe...', Array, true)
#12 C:\xampp\htdocs\ci4app\app\Controllers\Kecamatan.php(23): view('layout/v_wrappe...', Array)
#13 C:\xampp\htdocs\ci4app\vendor\codeigniter4\framework\system\CodeIgniter.php(824): App\Controllers\Kecamatan->index()
#14 C:\xampp\htdocs\ci4app\vendor\codeigniter4\framework\system\CodeIgniter.php(410): CodeIgniter\CodeIgniter->runController(Object(App\Controllers\Kecamatan))
#15 C:\xampp\htdocs\ci4app\vendor\codeigniter4\framework\system\CodeIgniter.php(318): CodeIgniter\CodeIgniter->handleRequest(NULL, Object(Config\Cache), false)
#16 C:\xampp\htdocs\ci4app\public\index.php(37): CodeIgniter\CodeIgniter->run()
#17 C:\xampp\htdocs\ci4app\vendor\codeigniter4\framework\system\Commands\Server\rewrite.php(43): require_once('C:\\xampp\\htdocs...')
#18 {main}
CRITICAL - 2021-12-26 11:49:45 --> Undefined index: kode
#0 C:\xampp\htdocs\ci4app\app\Views\kecamatan\v_lists.php(194): CodeIgniter\Debug\Exceptions->errorHandler(8, 'Undefined index...', 'C:\\xampp\\htdocs...', 194, Array)
#1 C:\xampp\htdocs\ci4app\vendor\codeigniter4\framework\system\View\View.php(214): include('C:\\xampp\\htdocs...')
#2 C:\xampp\htdocs\ci4app\vendor\codeigniter4\framework\system\View\View.php(217): CodeIgniter\View\View->CodeIgniter\View\{closure}()
#3 C:\xampp\htdocs\ci4app\vendor\codeigniter4\framework\system\Common.php(1097): CodeIgniter\View\View->render('kecamatan/v_lis...', Array, true)
#4 C:\xampp\htdocs\ci4app\app\Views\layout\v_content.php(3): view('kecamatan/v_lis...')
#5 C:\xampp\htdocs\ci4app\vendor\codeigniter4\framework\system\View\View.php(214): include('C:\\xampp\\htdocs...')
#6 C:\xampp\htdocs\ci4app\vendor\codeigniter4\framework\system\View\View.php(217): CodeIgniter\View\View->CodeIgniter\View\{closure}()
#7 C:\xampp\htdocs\ci4app\vendor\codeigniter4\framework\system\Common.php(1097): CodeIgniter\View\View->render('layout/v_conten...', Array, true)
#8 C:\xampp\htdocs\ci4app\app\Views\layout\v_wrapper.php(5): view('layout/v_conten...')
#9 C:\xampp\htdocs\ci4app\vendor\codeigniter4\framework\system\View\View.php(214): include('C:\\xampp\\htdocs...')
#10 C:\xampp\htdocs\ci4app\vendor\codeigniter4\framework\system\View\View.php(217): CodeIgniter\View\View->CodeIgniter\View\{closure}()
#11 C:\xampp\htdocs\ci4app\vendor\codeigniter4\framework\system\Common.php(1097): CodeIgniter\View\View->render('layout/v_wrappe...', Array, true)
#12 C:\xampp\htdocs\ci4app\app\Controllers\Kecamatan.php(29): view('layout/v_wrappe...', Array)
#13 C:\xampp\htdocs\ci4app\vendor\codeigniter4\framework\system\CodeIgniter.php(824): App\Controllers\Kecamatan->index()
#14 C:\xampp\htdocs\ci4app\vendor\codeigniter4\framework\system\CodeIgniter.php(410): CodeIgniter\CodeIgniter->runController(Object(App\Controllers\Kecamatan))
#15 C:\xampp\htdocs\ci4app\vendor\codeigniter4\framework\system\CodeIgniter.php(318): CodeIgniter\CodeIgniter->handleRequest(NULL, Object(Config\Cache), false)
#16 C:\xampp\htdocs\ci4app\public\index.php(37): CodeIgniter\CodeIgniter->run()
#17 C:\xampp\htdocs\ci4app\vendor\codeigniter4\framework\system\Commands\Server\rewrite.php(43): require_once('C:\\xampp\\htdocs...')
#18 {main}
CRITICAL - 2021-12-26 11:49:47 --> Undefined index: kode
#0 C:\xampp\htdocs\ci4app\app\Views\kecamatan\v_lists.php(194): CodeIgniter\Debug\Exceptions->errorHandler(8, 'Undefined index...', 'C:\\xampp\\htdocs...', 194, Array)
#1 C:\xampp\htdocs\ci4app\vendor\codeigniter4\framework\system\View\View.php(214): include('C:\\xampp\\htdocs...')
#2 C:\xampp\htdocs\ci4app\vendor\codeigniter4\framework\system\View\View.php(217): CodeIgniter\View\View->CodeIgniter\View\{closure}()
#3 C:\xampp\htdocs\ci4app\vendor\codeigniter4\framework\system\Common.php(1097): CodeIgniter\View\View->render('kecamatan/v_lis...', Array, true)
#4 C:\xampp\htdocs\ci4app\app\Views\layout\v_content.php(3): view('kecamatan/v_lis...')
#5 C:\xampp\htdocs\ci4app\vendor\codeigniter4\framework\system\View\View.php(214): include('C:\\xampp\\htdocs...')
#6 C:\xampp\htdocs\ci4app\vendor\codeigniter4\framework\system\View\View.php(217): CodeIgniter\View\View->CodeIgniter\View\{closure}()
#7 C:\xampp\htdocs\ci4app\vendor\codeigniter4\framework\system\Common.php(1097): CodeIgniter\View\View->render('layout/v_conten...', Array, true)
#8 C:\xampp\htdocs\ci4app\app\Views\layout\v_wrapper.php(5): view('layout/v_conten...')
#9 C:\xampp\htdocs\ci4app\vendor\codeigniter4\framework\system\View\View.php(214): include('C:\\xampp\\htdocs...')
#10 C:\xampp\htdocs\ci4app\vendor\codeigniter4\framework\system\View\View.php(217): CodeIgniter\View\View->CodeIgniter\View\{closure}()
#11 C:\xampp\htdocs\ci4app\vendor\codeigniter4\framework\system\Common.php(1097): CodeIgniter\View\View->render('layout/v_wrappe...', Array, true)
#12 C:\xampp\htdocs\ci4app\app\Controllers\Kecamatan.php(29): view('layout/v_wrappe...', Array)
#13 C:\xampp\htdocs\ci4app\vendor\codeigniter4\framework\system\CodeIgniter.php(824): App\Controllers\Kecamatan->index()
#14 C:\xampp\htdocs\ci4app\vendor\codeigniter4\framework\system\CodeIgniter.php(410): CodeIgniter\CodeIgniter->runController(Object(App\Controllers\Kecamatan))
#15 C:\xampp\htdocs\ci4app\vendor\codeigniter4\framework\system\CodeIgniter.php(318): CodeIgniter\CodeIgniter->handleRequest(NULL, Object(Config\Cache), false)
#16 C:\xampp\htdocs\ci4app\public\index.php(37): CodeIgniter\CodeIgniter->run()
#17 C:\xampp\htdocs\ci4app\vendor\codeigniter4\framework\system\Commands\Server\rewrite.php(43): require_once('C:\\xampp\\htdocs...')
#18 {main}
CRITICAL - 2021-12-26 11:49:48 --> Undefined index: kode
#0 C:\xampp\htdocs\ci4app\app\Views\kecamatan\v_lists.php(194): CodeIgniter\Debug\Exceptions->errorHandler(8, 'Undefined index...', 'C:\\xampp\\htdocs...', 194, Array)
#1 C:\xampp\htdocs\ci4app\vendor\codeigniter4\framework\system\View\View.php(214): include('C:\\xampp\\htdocs...')
#2 C:\xampp\htdocs\ci4app\vendor\codeigniter4\framework\system\View\View.php(217): CodeIgniter\View\View->CodeIgniter\View\{closure}()
#3 C:\xampp\htdocs\ci4app\vendor\codeigniter4\framework\system\Common.php(1097): CodeIgniter\View\View->render('kecamatan/v_lis...', Array, true)
#4 C:\xampp\htdocs\ci4app\app\Views\layout\v_content.php(3): view('kecamatan/v_lis...')
#5 C:\xampp\htdocs\ci4app\vendor\codeigniter4\framework\system\View\View.php(214): include('C:\\xampp\\htdocs...')
#6 C:\xampp\htdocs\ci4app\vendor\codeigniter4\framework\system\View\View.php(217): CodeIgniter\View\View->CodeIgniter\View\{closure}()
#7 C:\xampp\htdocs\ci4app\vendor\codeigniter4\framework\system\Common.php(1097): CodeIgniter\View\View->render('layout/v_conten...', Array, true)
#8 C:\xampp\htdocs\ci4app\app\Views\layout\v_wrapper.php(5): view('layout/v_conten...')
#9 C:\xampp\htdocs\ci4app\vendor\codeigniter4\framework\system\View\View.php(214): include('C:\\xampp\\htdocs...')
#10 C:\xampp\htdocs\ci4app\vendor\codeigniter4\framework\system\View\View.php(217): CodeIgniter\View\View->CodeIgniter\View\{closure}()
#11 C:\xampp\htdocs\ci4app\vendor\codeigniter4\framework\system\Common.php(1097): CodeIgniter\View\View->render('layout/v_wrappe...', Array, true)
#12 C:\xampp\htdocs\ci4app\app\Controllers\Kecamatan.php(29): view('layout/v_wrappe...', Array)
#13 C:\xampp\htdocs\ci4app\vendor\codeigniter4\framework\system\CodeIgniter.php(824): App\Controllers\Kecamatan->index()
#14 C:\xampp\htdocs\ci4app\vendor\codeigniter4\framework\system\CodeIgniter.php(410): CodeIgniter\CodeIgniter->runController(Object(App\Controllers\Kecamatan))
#15 C:\xampp\htdocs\ci4app\vendor\codeigniter4\framework\system\CodeIgniter.php(318): CodeIgniter\CodeIgniter->handleRequest(NULL, Object(Config\Cache), false)
#16 C:\xampp\htdocs\ci4app\public\index.php(37): CodeIgniter\CodeIgniter->run()
#17 C:\xampp\htdocs\ci4app\vendor\codeigniter4\framework\system\Commands\Server\rewrite.php(43): require_once('C:\\xampp\\htdocs...')
#18 {main}
CRITICAL - 2021-12-26 11:52:01 --> Undefined index: kode
#0 C:\xampp\htdocs\ci4app\app\Views\kecamatan\v_lists.php(194): CodeIgniter\Debug\Exceptions->errorHandler(8, 'Undefined index...', 'C:\\xampp\\htdocs...', 194, Array)
#1 C:\xampp\htdocs\ci4app\vendor\codeigniter4\framework\system\View\View.php(214): include('C:\\xampp\\htdocs...')
#2 C:\xampp\htdocs\ci4app\vendor\codeigniter4\framework\system\View\View.php(217): CodeIgniter\View\View->CodeIgniter\View\{closure}()
#3 C:\xampp\htdocs\ci4app\vendor\codeigniter4\framework\system\Common.php(1097): CodeIgniter\View\View->render('kecamatan/v_lis...', Array, true)
#4 C:\xampp\htdocs\ci4app\app\Views\layout\v_content.php(3): view('kecamatan/v_lis...')
#5 C:\xampp\htdocs\ci4app\vendor\codeigniter4\framework\system\View\View.php(214): include('C:\\xampp\\htdocs...')
#6 C:\xampp\htdocs\ci4app\vendor\codeigniter4\framework\system\View\View.php(217): CodeIgniter\View\View->CodeIgniter\View\{closure}()
#7 C:\xampp\htdocs\ci4app\vendor\codeigniter4\framework\system\Common.php(1097): CodeIgniter\View\View->render('layout/v_conten...', Array, true)
#8 C:\xampp\htdocs\ci4app\app\Views\layout\v_wrapper.php(5): view('layout/v_conten...')
#9 C:\xampp\htdocs\ci4app\vendor\codeigniter4\framework\system\View\View.php(214): include('C:\\xampp\\htdocs...')
#10 C:\xampp\htdocs\ci4app\vendor\codeigniter4\framework\system\View\View.php(217): CodeIgniter\View\View->CodeIgniter\View\{closure}()
#11 C:\xampp\htdocs\ci4app\vendor\codeigniter4\framework\system\Common.php(1097): CodeIgniter\View\View->render('layout/v_wrappe...', Array, true)
#12 C:\xampp\htdocs\ci4app\app\Controllers\Kecamatan.php(23): view('layout/v_wrappe...', Array)
#13 C:\xampp\htdocs\ci4app\vendor\codeigniter4\framework\system\CodeIgniter.php(824): App\Controllers\Kecamatan->index()
#14 C:\xampp\htdocs\ci4app\vendor\codeigniter4\framework\system\CodeIgniter.php(410): CodeIgniter\CodeIgniter->runController(Object(App\Controllers\Kecamatan))
#15 C:\xampp\htdocs\ci4app\vendor\codeigniter4\framework\system\CodeIgniter.php(318): CodeIgniter\CodeIgniter->handleRequest(NULL, Object(Config\Cache), false)
#16 C:\xampp\htdocs\ci4app\public\index.php(37): CodeIgniter\CodeIgniter->run()
#17 C:\xampp\htdocs\ci4app\vendor\codeigniter4\framework\system\Commands\Server\rewrite.php(43): require_once('C:\\xampp\\htdocs...')
#18 {main}
CRITICAL - 2021-12-26 11:55:57 --> Undefined index: kode
#0 C:\xampp\htdocs\ci4app\app\Views\kecamatan\v_lists.php(194): CodeIgniter\Debug\Exceptions->errorHandler(8, 'Undefined index...', 'C:\\xampp\\htdocs...', 194, Array)
#1 C:\xampp\htdocs\ci4app\vendor\codeigniter4\framework\system\View\View.php(214): include('C:\\xampp\\htdocs...')
#2 C:\xampp\htdocs\ci4app\vendor\codeigniter4\framework\system\View\View.php(217): CodeIgniter\View\View->CodeIgniter\View\{closure}()
#3 C:\xampp\htdocs\ci4app\vendor\codeigniter4\framework\system\Common.php(1097): CodeIgniter\View\View->render('kecamatan/v_lis...', Array, true)
#4 C:\xampp\htdocs\ci4app\app\Views\layout\v_content.php(3): view('kecamatan/v_lis...')
#5 C:\xampp\htdocs\ci4app\vendor\codeigniter4\framework\system\View\View.php(214): include('C:\\xampp\\htdocs...')
#6 C:\xampp\htdocs\ci4app\vendor\codeigniter4\framework\system\View\View.php(217): CodeIgniter\View\View->CodeIgniter\View\{closure}()
#7 C:\xampp\htdocs\ci4app\vendor\codeigniter4\framework\system\Common.php(1097): CodeIgniter\View\View->render('layout/v_conten...', Array, true)
#8 C:\xampp\htdocs\ci4app\app\Views\layout\v_wrapper.php(5): view('layout/v_conten...')
#9 C:\xampp\htdocs\ci4app\vendor\codeigniter4\framework\system\View\View.php(214): include('C:\\xampp\\htdocs...')
#10 C:\xampp\htdocs\ci4app\vendor\codeigniter4\framework\system\View\View.php(217): CodeIgniter\View\View->CodeIgniter\View\{closure}()
#11 C:\xampp\htdocs\ci4app\vendor\codeigniter4\framework\system\Common.php(1097): CodeIgniter\View\View->render('layout/v_wrappe...', Array, true)
#12 C:\xampp\htdocs\ci4app\app\Controllers\Kecamatan.php(23): view('layout/v_wrappe...', Array)
#13 C:\xampp\htdocs\ci4app\vendor\codeigniter4\framework\system\CodeIgniter.php(824): App\Controllers\Kecamatan->index()
#14 C:\xampp\htdocs\ci4app\vendor\codeigniter4\framework\system\CodeIgniter.php(410): CodeIgniter\CodeIgniter->runController(Object(App\Controllers\Kecamatan))
#15 C:\xampp\htdocs\ci4app\vendor\codeigniter4\framework\system\CodeIgniter.php(318): CodeIgniter\CodeIgniter->handleRequest(NULL, Object(Config\Cache), false)
#16 C:\xampp\htdocs\ci4app\public\index.php(37): CodeIgniter\CodeIgniter->run()
#17 C:\xampp\htdocs\ci4app\vendor\codeigniter4\framework\system\Commands\Server\rewrite.php(43): require_once('C:\\xampp\\htdocs...')
#18 {main}
CRITICAL - 2021-12-26 11:58:09 --> Undefined index: kode
#0 C:\xampp\htdocs\ci4app\app\Views\kecamatan\v_lists.php(194): CodeIgniter\Debug\Exceptions->errorHandler(8, 'Undefined index...', 'C:\\xampp\\htdocs...', 194, Array)
#1 C:\xampp\htdocs\ci4app\vendor\codeigniter4\framework\system\View\View.php(214): include('C:\\xampp\\htdocs...')
#2 C:\xampp\htdocs\ci4app\vendor\codeigniter4\framework\system\View\View.php(217): CodeIgniter\View\View->CodeIgniter\View\{closure}()
#3 C:\xampp\htdocs\ci4app\vendor\codeigniter4\framework\system\Common.php(1097): CodeIgniter\View\View->render('kecamatan/v_lis...', Array, true)
#4 C:\xampp\htdocs\ci4app\app\Views\layout\v_content.php(3): view('kecamatan/v_lis...')
#5 C:\xampp\htdocs\ci4app\vendor\codeigniter4\framework\system\View\View.php(214): include('C:\\xampp\\htdocs...')
#6 C:\xampp\htdocs\ci4app\vendor\codeigniter4\framework\system\View\View.php(217): CodeIgniter\View\View->CodeIgniter\View\{closure}()
#7 C:\xampp\htdocs\ci4app\vendor\codeigniter4\framework\system\Common.php(1097): CodeIgniter\View\View->render('layout/v_conten...', Array, true)
#8 C:\xampp\htdocs\ci4app\app\Views\layout\v_wrapper.php(5): view('layout/v_conten...')
#9 C:\xampp\htdocs\ci4app\vendor\codeigniter4\framework\system\View\View.php(214): include('C:\\xampp\\htdocs...')
#10 C:\xampp\htdocs\ci4app\vendor\codeigniter4\framework\system\View\View.php(217): CodeIgniter\View\View->CodeIgniter\View\{closure}()
#11 C:\xampp\htdocs\ci4app\vendor\codeigniter4\framework\system\Common.php(1097): CodeIgniter\View\View->render('layout/v_wrappe...', Array, true)
#12 C:\xampp\htdocs\ci4app\app\Controllers\Kecamatan.php(23): view('layout/v_wrappe...', Array)
#13 C:\xampp\htdocs\ci4app\vendor\codeigniter4\framework\system\CodeIgniter.php(824): App\Controllers\Kecamatan->index()
#14 C:\xampp\htdocs\ci4app\vendor\codeigniter4\framework\system\CodeIgniter.php(410): CodeIgniter\CodeIgniter->runController(Object(App\Controllers\Kecamatan))
#15 C:\xampp\htdocs\ci4app\vendor\codeigniter4\framework\system\CodeIgniter.php(318): CodeIgniter\CodeIgniter->handleRequest(NULL, Object(Config\Cache), false)
#16 C:\xampp\htdocs\ci4app\public\index.php(37): CodeIgniter\CodeIgniter->run()
#17 C:\xampp\htdocs\ci4app\vendor\codeigniter4\framework\system\Commands\Server\rewrite.php(43): require_once('C:\\xampp\\htdocs...')
#18 {main}
CRITICAL - 2021-12-26 12:00:16 --> Undefined index: kode
#0 C:\xampp\htdocs\ci4app\app\Views\kecamatan\v_lists.php(194): CodeIgniter\Debug\Exceptions->errorHandler(8, 'Undefined index...', 'C:\\xampp\\htdocs...', 194, Array)
#1 C:\xampp\htdocs\ci4app\vendor\codeigniter4\framework\system\View\View.php(214): include('C:\\xampp\\htdocs...')
#2 C:\xampp\htdocs\ci4app\vendor\codeigniter4\framework\system\View\View.php(217): CodeIgniter\View\View->CodeIgniter\View\{closure}()
#3 C:\xampp\htdocs\ci4app\vendor\codeigniter4\framework\system\Common.php(1097): CodeIgniter\View\View->render('kecamatan/v_lis...', Array, true)
#4 C:\xampp\htdocs\ci4app\app\Views\layout\v_content.php(3): view('kecamatan/v_lis...')
#5 C:\xampp\htdocs\ci4app\vendor\codeigniter4\framework\system\View\View.php(214): include('C:\\xampp\\htdocs...')
#6 C:\xampp\htdocs\ci4app\vendor\codeigniter4\framework\system\View\View.php(217): CodeIgniter\View\View->CodeIgniter\View\{closure}()
#7 C:\xampp\htdocs\ci4app\vendor\codeigniter4\framework\system\Common.php(1097): CodeIgniter\View\View->render('layout/v_conten...', Array, true)
#8 C:\xampp\htdocs\ci4app\app\Views\layout\v_wrapper.php(5): view('layout/v_conten...')
#9 C:\xampp\htdocs\ci4app\vendor\codeigniter4\framework\system\View\View.php(214): include('C:\\xampp\\htdocs...')
#10 C:\xampp\htdocs\ci4app\vendor\codeigniter4\framework\system\View\View.php(217): CodeIgniter\View\View->CodeIgniter\View\{closure}()
#11 C:\xampp\htdocs\ci4app\vendor\codeigniter4\framework\system\Common.php(1097): CodeIgniter\View\View->render('layout/v_wrappe...', Array, true)
#12 C:\xampp\htdocs\ci4app\app\Controllers\Kecamatan.php(23): view('layout/v_wrappe...', Array)
#13 C:\xampp\htdocs\ci4app\vendor\codeigniter4\framework\system\CodeIgniter.php(824): App\Controllers\Kecamatan->index()
#14 C:\xampp\htdocs\ci4app\vendor\codeigniter4\framework\system\CodeIgniter.php(410): CodeIgniter\CodeIgniter->runController(Object(App\Controllers\Kecamatan))
#15 C:\xampp\htdocs\ci4app\vendor\codeigniter4\framework\system\CodeIgniter.php(318): CodeIgniter\CodeIgniter->handleRequest(NULL, Object(Config\Cache), false)
#16 C:\xampp\htdocs\ci4app\public\index.php(37): CodeIgniter\CodeIgniter->run()
#17 C:\xampp\htdocs\ci4app\vendor\codeigniter4\framework\system\Commands\Server\rewrite.php(43): require_once('C:\\xampp\\htdocs...')
#18 {main}
CRITICAL - 2021-12-26 12:01:16 --> Undefined index: kode
#0 C:\xampp\htdocs\ci4app\app\Views\kecamatan\v_lists.php(194): CodeIgniter\Debug\Exceptions->errorHandler(8, 'Undefined index...', 'C:\\xampp\\htdocs...', 194, Array)
#1 C:\xampp\htdocs\ci4app\vendor\codeigniter4\framework\system\View\View.php(214): include('C:\\xampp\\htdocs...')
#2 C:\xampp\htdocs\ci4app\vendor\codeigniter4\framework\system\View\View.php(217): CodeIgniter\View\View->CodeIgniter\View\{closure}()
#3 C:\xampp\htdocs\ci4app\vendor\codeigniter4\framework\system\Common.php(1097): CodeIgniter\View\View->render('kecamatan/v_lis...', Array, true)
#4 C:\xampp\htdocs\ci4app\app\Views\layout\v_content.php(3): view('kecamatan/v_lis...')
#5 C:\xampp\htdocs\ci4app\vendor\codeigniter4\framework\system\View\View.php(214): include('C:\\xampp\\htdocs...')
#6 C:\xampp\htdocs\ci4app\vendor\codeigniter4\framework\system\View\View.php(217): CodeIgniter\View\View->CodeIgniter\View\{closure}()
#7 C:\xampp\htdocs\ci4app\vendor\codeigniter4\framework\system\Common.php(1097): CodeIgniter\View\View->render('layout/v_conten...', Array, true)
#8 C:\xampp\htdocs\ci4app\app\Views\layout\v_wrapper.php(5): view('layout/v_conten...')
#9 C:\xampp\htdocs\ci4app\vendor\codeigniter4\framework\system\View\View.php(214): include('C:\\xampp\\htdocs...')
#10 C:\xampp\htdocs\ci4app\vendor\codeigniter4\framework\system\View\View.php(217): CodeIgniter\View\View->CodeIgniter\View\{closure}()
#11 C:\xampp\htdocs\ci4app\vendor\codeigniter4\framework\system\Common.php(1097): CodeIgniter\View\View->render('layout/v_wrappe...', Array, true)
#12 C:\xampp\htdocs\ci4app\app\Controllers\Kecamatan.php(23): view('layout/v_wrappe...', Array)
#13 C:\xampp\htdocs\ci4app\vendor\codeigniter4\framework\system\CodeIgniter.php(824): App\Controllers\Kecamatan->index()
#14 C:\xampp\htdocs\ci4app\vendor\codeigniter4\framework\system\CodeIgniter.php(410): CodeIgniter\CodeIgniter->runController(Object(App\Controllers\Kecamatan))
#15 C:\xampp\htdocs\ci4app\vendor\codeigniter4\framework\system\CodeIgniter.php(318): CodeIgniter\CodeIgniter->handleRequest(NULL, Object(Config\Cache), false)
#16 C:\xampp\htdocs\ci4app\public\index.php(37): CodeIgniter\CodeIgniter->run()
#17 C:\xampp\htdocs\ci4app\vendor\codeigniter4\framework\system\Commands\Server\rewrite.php(43): require_once('C:\\xampp\\htdocs...')
#18 {main}
CRITICAL - 2021-12-26 12:01:26 --> Undefined index: kode
#0 C:\xampp\htdocs\ci4app\app\Views\kecamatan\v_lists.php(194): CodeIgniter\Debug\Exceptions->errorHandler(8, 'Undefined index...', 'C:\\xampp\\htdocs...', 194, Array)
#1 C:\xampp\htdocs\ci4app\vendor\codeigniter4\framework\system\View\View.php(214): include('C:\\xampp\\htdocs...')
#2 C:\xampp\htdocs\ci4app\vendor\codeigniter4\framework\system\View\View.php(217): CodeIgniter\View\View->CodeIgniter\View\{closure}()
#3 C:\xampp\htdocs\ci4app\vendor\codeigniter4\framework\system\Common.php(1097): CodeIgniter\View\View->render('kecamatan/v_lis...', Array, true)
#4 C:\xampp\htdocs\ci4app\app\Views\layout\v_content.php(3): view('kecamatan/v_lis...')
#5 C:\xampp\htdocs\ci4app\vendor\codeigniter4\framework\system\View\View.php(214): include('C:\\xampp\\htdocs...')
#6 C:\xampp\htdocs\ci4app\vendor\codeigniter4\framework\system\View\View.php(217): CodeIgniter\View\View->CodeIgniter\View\{closure}()
#7 C:\xampp\htdocs\ci4app\vendor\codeigniter4\framework\system\Common.php(1097): CodeIgniter\View\View->render('layout/v_conten...', Array, true)
#8 C:\xampp\htdocs\ci4app\app\Views\layout\v_wrapper.php(5): view('layout/v_conten...')
#9 C:\xampp\htdocs\ci4app\vendor\codeigniter4\framework\system\View\View.php(214): include('C:\\xampp\\htdocs...')
#10 C:\xampp\htdocs\ci4app\vendor\codeigniter4\framework\system\View\View.php(217): CodeIgniter\View\View->CodeIgniter\View\{closure}()
#11 C:\xampp\htdocs\ci4app\vendor\codeigniter4\framework\system\Common.php(1097): CodeIgniter\View\View->render('layout/v_wrappe...', Array, true)
#12 C:\xampp\htdocs\ci4app\app\Controllers\Kecamatan.php(23): view('layout/v_wrappe...', Array)
#13 C:\xampp\htdocs\ci4app\vendor\codeigniter4\framework\system\CodeIgniter.php(824): App\Controllers\Kecamatan->index()
#14 C:\xampp\htdocs\ci4app\vendor\codeigniter4\framework\system\CodeIgniter.php(410): CodeIgniter\CodeIgniter->runController(Object(App\Controllers\Kecamatan))
#15 C:\xampp\htdocs\ci4app\vendor\codeigniter4\framework\system\CodeIgniter.php(318): CodeIgniter\CodeIgniter->handleRequest(NULL, Object(Config\Cache), false)
#16 C:\xampp\htdocs\ci4app\public\index.php(37): CodeIgniter\CodeIgniter->run()
#17 C:\xampp\htdocs\ci4app\vendor\codeigniter4\framework\system\Commands\Server\rewrite.php(43): require_once('C:\\xampp\\htdocs...')
#18 {main}
CRITICAL - 2021-12-26 12:01:54 --> Undefined index: kode
#0 C:\xampp\htdocs\ci4app\app\Views\kecamatan\v_lists.php(194): CodeIgniter\Debug\Exceptions->errorHandler(8, 'Undefined index...', 'C:\\xampp\\htdocs...', 194, Array)
#1 C:\xampp\htdocs\ci4app\vendor\codeigniter4\framework\system\View\View.php(214): include('C:\\xampp\\htdocs...')
#2 C:\xampp\htdocs\ci4app\vendor\codeigniter4\framework\system\View\View.php(217): CodeIgniter\View\View->CodeIgniter\View\{closure}()
#3 C:\xampp\htdocs\ci4app\vendor\codeigniter4\framework\system\Common.php(1097): CodeIgniter\View\View->render('kecamatan/v_lis...', Array, true)
#4 C:\xampp\htdocs\ci4app\app\Views\layout\v_content.php(3): view('kecamatan/v_lis...')
#5 C:\xampp\htdocs\ci4app\vendor\codeigniter4\framework\system\View\View.php(214): include('C:\\xampp\\htdocs...')
#6 C:\xampp\htdocs\ci4app\vendor\codeigniter4\framework\system\View\View.php(217): CodeIgniter\View\View->CodeIgniter\View\{closure}()
#7 C:\xampp\htdocs\ci4app\vendor\codeigniter4\framework\system\Common.php(1097): CodeIgniter\View\View->render('layout/v_conten...', Array, true)
#8 C:\xampp\htdocs\ci4app\app\Views\layout\v_wrapper.php(5): view('layout/v_conten...')
#9 C:\xampp\htdocs\ci4app\vendor\codeigniter4\framework\system\View\View.php(214): include('C:\\xampp\\htdocs...')
#10 C:\xampp\htdocs\ci4app\vendor\codeigniter4\framework\system\View\View.php(217): CodeIgniter\View\View->CodeIgniter\View\{closure}()
#11 C:\xampp\htdocs\ci4app\vendor\codeigniter4\framework\system\Common.php(1097): CodeIgniter\View\View->render('layout/v_wrappe...', Array, true)
#12 C:\xampp\htdocs\ci4app\app\Controllers\Kecamatan.php(23): view('layout/v_wrappe...', Array)
#13 C:\xampp\htdocs\ci4app\vendor\codeigniter4\framework\system\CodeIgniter.php(824): App\Controllers\Kecamatan->index()
#14 C:\xampp\htdocs\ci4app\vendor\codeigniter4\framework\system\CodeIgniter.php(410): CodeIgniter\CodeIgniter->runController(Object(App\Controllers\Kecamatan))
#15 C:\xampp\htdocs\ci4app\vendor\codeigniter4\framework\system\CodeIgniter.php(318): CodeIgniter\CodeIgniter->handleRequest(NULL, Object(Config\Cache), false)
#16 C:\xampp\htdocs\ci4app\public\index.php(37): CodeIgniter\CodeIgniter->run()
#17 C:\xampp\htdocs\ci4app\vendor\codeigniter4\framework\system\Commands\Server\rewrite.php(43): require_once('C:\\xampp\\htdocs...')
#18 {main}
CRITICAL - 2021-12-26 12:02:51 --> Undefined index: nama_kec
#0 C:\xampp\htdocs\ci4app\app\Views\kecamatan\v_lists.php(200): CodeIgniter\Debug\Exceptions->errorHandler(8, 'Undefined index...', 'C:\\xampp\\htdocs...', 200, Array)
#1 C:\xampp\htdocs\ci4app\vendor\codeigniter4\framework\system\View\View.php(214): include('C:\\xampp\\htdocs...')
#2 C:\xampp\htdocs\ci4app\vendor\codeigniter4\framework\system\View\View.php(217): CodeIgniter\View\View->CodeIgniter\View\{closure}()
#3 C:\xampp\htdocs\ci4app\vendor\codeigniter4\framework\system\Common.php(1097): CodeIgniter\View\View->render('kecamatan/v_lis...', Array, true)
#4 C:\xampp\htdocs\ci4app\app\Views\layout\v_content.php(3): view('kecamatan/v_lis...')
#5 C:\xampp\htdocs\ci4app\vendor\codeigniter4\framework\system\View\View.php(214): include('C:\\xampp\\htdocs...')
#6 C:\xampp\htdocs\ci4app\vendor\codeigniter4\framework\system\View\View.php(217): CodeIgniter\View\View->CodeIgniter\View\{closure}()
#7 C:\xampp\htdocs\ci4app\vendor\codeigniter4\framework\system\Common.php(1097): CodeIgniter\View\View->render('layout/v_conten...', Array, true)
#8 C:\xampp\htdocs\ci4app\app\Views\layout\v_wrapper.php(5): view('layout/v_conten...')
#9 C:\xampp\htdocs\ci4app\vendor\codeigniter4\framework\system\View\View.php(214): include('C:\\xampp\\htdocs...')
#10 C:\xampp\htdocs\ci4app\vendor\codeigniter4\framework\system\View\View.php(217): CodeIgniter\View\View->CodeIgniter\View\{closure}()
#11 C:\xampp\htdocs\ci4app\vendor\codeigniter4\framework\system\Common.php(1097): CodeIgniter\View\View->render('layout/v_wrappe...', Array, true)
#12 C:\xampp\htdocs\ci4app\app\Controllers\Kecamatan.php(23): view('layout/v_wrappe...', Array)
#13 C:\xampp\htdocs\ci4app\vendor\codeigniter4\framework\system\CodeIgniter.php(824): App\Controllers\Kecamatan->index()
#14 C:\xampp\htdocs\ci4app\vendor\codeigniter4\framework\system\CodeIgniter.php(410): CodeIgniter\CodeIgniter->runController(Object(App\Controllers\Kecamatan))
#15 C:\xampp\htdocs\ci4app\vendor\codeigniter4\framework\system\CodeIgniter.php(318): CodeIgniter\CodeIgniter->handleRequest(NULL, Object(Config\Cache), false)
#16 C:\xampp\htdocs\ci4app\public\index.php(37): CodeIgniter\CodeIgniter->run()
#17 C:\xampp\htdocs\ci4app\vendor\codeigniter4\framework\system\Commands\Server\rewrite.php(43): require_once('C:\\xampp\\htdocs...')
#18 {main}
CRITICAL - 2021-12-26 12:09:56 --> Undefined index: id
#0 C:\xampp\htdocs\ci4app\app\Views\kecamatan\v_lists.php(194): CodeIgniter\Debug\Exceptions->errorHandler(8, 'Undefined index...', 'C:\\xampp\\htdocs...', 194, Array)
#1 C:\xampp\htdocs\ci4app\vendor\codeigniter4\framework\system\View\View.php(214): include('C:\\xampp\\htdocs...')
#2 C:\xampp\htdocs\ci4app\vendor\codeigniter4\framework\system\View\View.php(217): CodeIgniter\View\View->CodeIgniter\View\{closure}()
#3 C:\xampp\htdocs\ci4app\vendor\codeigniter4\framework\system\Common.php(1097): CodeIgniter\View\View->render('kecamatan/v_lis...', Array, true)
#4 C:\xampp\htdocs\ci4app\app\Views\layout\v_content.php(3): view('kecamatan/v_lis...')
#5 C:\xampp\htdocs\ci4app\vendor\codeigniter4\framework\system\View\View.php(214): include('C:\\xampp\\htdocs...')
#6 C:\xampp\htdocs\ci4app\vendor\codeigniter4\framework\system\View\View.php(217): CodeIgniter\View\View->CodeIgniter\View\{closure}()
#7 C:\xampp\htdocs\ci4app\vendor\codeigniter4\framework\system\Common.php(1097): CodeIgniter\View\View->render('layout/v_conten...', Array, true)
#8 C:\xampp\htdocs\ci4app\app\Views\layout\v_wrapper.php(5): view('layout/v_conten...')
#9 C:\xampp\htdocs\ci4app\vendor\codeigniter4\framework\system\View\View.php(214): include('C:\\xampp\\htdocs...')
#10 C:\xampp\htdocs\ci4app\vendor\codeigniter4\framework\system\View\View.php(217): CodeIgniter\View\View->CodeIgniter\View\{closure}()
#11 C:\xampp\htdocs\ci4app\vendor\codeigniter4\framework\system\Common.php(1097): CodeIgniter\View\View->render('layout/v_wrappe...', Array, true)
#12 C:\xampp\htdocs\ci4app\app\Controllers\Kecamatan.php(23): view('layout/v_wrappe...', Array)
#13 C:\xampp\htdocs\ci4app\vendor\codeigniter4\framework\system\CodeIgniter.php(824): App\Controllers\Kecamatan->index()
#14 C:\xampp\htdocs\ci4app\vendor\codeigniter4\framework\system\CodeIgniter.php(410): CodeIgniter\CodeIgniter->runController(Object(App\Controllers\Kecamatan))
#15 C:\xampp\htdocs\ci4app\vendor\codeigniter4\framework\system\CodeIgniter.php(318): CodeIgniter\CodeIgniter->handleRequest(NULL, Object(Config\Cache), false)
#16 C:\xampp\htdocs\ci4app\public\index.php(37): CodeIgniter\CodeIgniter->run()
#17 C:\xampp\htdocs\ci4app\vendor\codeigniter4\framework\system\Commands\Server\rewrite.php(43): require_once('C:\\xampp\\htdocs...')
#18 {main}
CRITICAL - 2021-12-26 12:11:07 --> Undefined index: id
#0 C:\xampp\htdocs\ci4app\app\Views\kecamatan\v_lists.php(194): CodeIgniter\Debug\Exceptions->errorHandler(8, 'Undefined index...', 'C:\\xampp\\htdocs...', 194, Array)
#1 C:\xampp\htdocs\ci4app\vendor\codeigniter4\framework\system\View\View.php(214): include('C:\\xampp\\htdocs...')
#2 C:\xampp\htdocs\ci4app\vendor\codeigniter4\framework\system\View\View.php(217): CodeIgniter\View\View->CodeIgniter\View\{closure}()
#3 C:\xampp\htdocs\ci4app\vendor\codeigniter4\framework\system\Common.php(1097): CodeIgniter\View\View->render('kecamatan/v_lis...', Array, true)
#4 C:\xampp\htdocs\ci4app\app\Views\layout\v_content.php(3): view('kecamatan/v_lis...')
#5 C:\xampp\htdocs\ci4app\vendor\codeigniter4\framework\system\View\View.php(214): include('C:\\xampp\\htdocs...')
#6 C:\xampp\htdocs\ci4app\vendor\codeigniter4\framework\system\View\View.php(217): CodeIgniter\View\View->CodeIgniter\View\{closure}()
#7 C:\xampp\htdocs\ci4app\vendor\codeigniter4\framework\system\Common.php(1097): CodeIgniter\View\View->render('layout/v_conten...', Array, true)
#8 C:\xampp\htdocs\ci4app\app\Views\layout\v_wrapper.php(5): view('layout/v_conten...')
#9 C:\xampp\htdocs\ci4app\vendor\codeigniter4\framework\system\View\View.php(214): include('C:\\xampp\\htdocs...')
#10 C:\xampp\htdocs\ci4app\vendor\codeigniter4\framework\system\View\View.php(217): CodeIgniter\View\View->CodeIgniter\View\{closure}()
#11 C:\xampp\htdocs\ci4app\vendor\codeigniter4\framework\system\Common.php(1097): CodeIgniter\View\View->render('layout/v_wrappe...', Array, true)
#12 C:\xampp\htdocs\ci4app\app\Controllers\Kecamatan.php(23): view('layout/v_wrappe...', Array)
#13 C:\xampp\htdocs\ci4app\vendor\codeigniter4\framework\system\CodeIgniter.php(824): App\Controllers\Kecamatan->index()
#14 C:\xampp\htdocs\ci4app\vendor\codeigniter4\framework\system\CodeIgniter.php(410): CodeIgniter\CodeIgniter->runController(Object(App\Controllers\Kecamatan))
#15 C:\xampp\htdocs\ci4app\vendor\codeigniter4\framework\system\CodeIgniter.php(318): CodeIgniter\CodeIgniter->handleRequest(NULL, Object(Config\Cache), false)
#16 C:\xampp\htdocs\ci4app\public\index.php(37): CodeIgniter\CodeIgniter->run()
#17 C:\xampp\htdocs\ci4app\vendor\codeigniter4\framework\system\Commands\Server\rewrite.php(43): require_once('C:\\xampp\\htdocs...')
#18 {main}
CRITICAL - 2021-12-26 12:12:28 --> Undefined index: id
#0 C:\xampp\htdocs\ci4app\app\Views\kecamatan\v_lists.php(194): CodeIgniter\Debug\Exceptions->errorHandler(8, 'Undefined index...', 'C:\\xampp\\htdocs...', 194, Array)
#1 C:\xampp\htdocs\ci4app\vendor\codeigniter4\framework\system\View\View.php(214): include('C:\\xampp\\htdocs...')
#2 C:\xampp\htdocs\ci4app\vendor\codeigniter4\framework\system\View\View.php(217): CodeIgniter\View\View->CodeIgniter\View\{closure}()
#3 C:\xampp\htdocs\ci4app\vendor\codeigniter4\framework\system\Common.php(1097): CodeIgniter\View\View->render('kecamatan/v_lis...', Array, true)
#4 C:\xampp\htdocs\ci4app\app\Views\layout\v_content.php(3): view('kecamatan/v_lis...')
#5 C:\xampp\htdocs\ci4app\vendor\codeigniter4\framework\system\View\View.php(214): include('C:\\xampp\\htdocs...')
#6 C:\xampp\htdocs\ci4app\vendor\codeigniter4\framework\system\View\View.php(217): CodeIgniter\View\View->CodeIgniter\View\{closure}()
#7 C:\xampp\htdocs\ci4app\vendor\codeigniter4\framework\system\Common.php(1097): CodeIgniter\View\View->render('layout/v_conten...', Array, true)
#8 C:\xampp\htdocs\ci4app\app\Views\layout\v_wrapper.php(5): view('layout/v_conten...')
#9 C:\xampp\htdocs\ci4app\vendor\codeigniter4\framework\system\View\View.php(214): include('C:\\xampp\\htdocs...')
#10 C:\xampp\htdocs\ci4app\vendor\codeigniter4\framework\system\View\View.php(217): CodeIgniter\View\View->CodeIgniter\View\{closure}()
#11 C:\xampp\htdocs\ci4app\vendor\codeigniter4\framework\system\Common.php(1097): CodeIgniter\View\View->render('layout/v_wrappe...', Array, true)
#12 C:\xampp\htdocs\ci4app\app\Controllers\Kecamatan.php(23): view('layout/v_wrappe...', Array)
#13 C:\xampp\htdocs\ci4app\vendor\codeigniter4\framework\system\CodeIgniter.php(824): App\Controllers\Kecamatan->index()
#14 C:\xampp\htdocs\ci4app\vendor\codeigniter4\framework\system\CodeIgniter.php(410): CodeIgniter\CodeIgniter->runController(Object(App\Controllers\Kecamatan))
#15 C:\xampp\htdocs\ci4app\vendor\codeigniter4\framework\system\CodeIgniter.php(318): CodeIgniter\CodeIgniter->handleRequest(NULL, Object(Config\Cache), false)
#16 C:\xampp\htdocs\ci4app\public\index.php(37): CodeIgniter\CodeIgniter->run()
#17 C:\xampp\htdocs\ci4app\vendor\codeigniter4\framework\system\Commands\Server\rewrite.php(43): require_once('C:\\xampp\\htdocs...')
#18 {main}
CRITICAL - 2021-12-26 12:12:35 --> Undefined index: id
#0 C:\xampp\htdocs\ci4app\app\Views\kecamatan\v_lists.php(194): CodeIgniter\Debug\Exceptions->errorHandler(8, 'Undefined index...', 'C:\\xampp\\htdocs...', 194, Array)
#1 C:\xampp\htdocs\ci4app\vendor\codeigniter4\framework\system\View\View.php(214): include('C:\\xampp\\htdocs...')
#2 C:\xampp\htdocs\ci4app\vendor\codeigniter4\framework\system\View\View.php(217): CodeIgniter\View\View->CodeIgniter\View\{closure}()
#3 C:\xampp\htdocs\ci4app\vendor\codeigniter4\framework\system\Common.php(1097): CodeIgniter\View\View->render('kecamatan/v_lis...', Array, true)
#4 C:\xampp\htdocs\ci4app\app\Views\layout\v_content.php(3): view('kecamatan/v_lis...')
#5 C:\xampp\htdocs\ci4app\vendor\codeigniter4\framework\system\View\View.php(214): include('C:\\xampp\\htdocs...')
#6 C:\xampp\htdocs\ci4app\vendor\codeigniter4\framework\system\View\View.php(217): CodeIgniter\View\View->CodeIgniter\View\{closure}()
#7 C:\xampp\htdocs\ci4app\vendor\codeigniter4\framework\system\Common.php(1097): CodeIgniter\View\View->render('layout/v_conten...', Array, true)
#8 C:\xampp\htdocs\ci4app\app\Views\layout\v_wrapper.php(5): view('layout/v_conten...')
#9 C:\xampp\htdocs\ci4app\vendor\codeigniter4\framework\system\View\View.php(214): include('C:\\xampp\\htdocs...')
#10 C:\xampp\htdocs\ci4app\vendor\codeigniter4\framework\system\View\View.php(217): CodeIgniter\View\View->CodeIgniter\View\{closure}()
#11 C:\xampp\htdocs\ci4app\vendor\codeigniter4\framework\system\Common.php(1097): CodeIgniter\View\View->render('layout/v_wrappe...', Array, true)
#12 C:\xampp\htdocs\ci4app\app\Controllers\Kecamatan.php(23): view('layout/v_wrappe...', Array)
#13 C:\xampp\htdocs\ci4app\vendor\codeigniter4\framework\system\CodeIgniter.php(824): App\Controllers\Kecamatan->index()
#14 C:\xampp\htdocs\ci4app\vendor\codeigniter4\framework\system\CodeIgniter.php(410): CodeIgniter\CodeIgniter->runController(Object(App\Controllers\Kecamatan))
#15 C:\xampp\htdocs\ci4app\vendor\codeigniter4\framework\system\CodeIgniter.php(318): CodeIgniter\CodeIgniter->handleRequest(NULL, Object(Config\Cache), false)
#16 C:\xampp\htdocs\ci4app\public\index.php(37): CodeIgniter\CodeIgniter->run()
#17 C:\xampp\htdocs\ci4app\vendor\codeigniter4\framework\system\Commands\Server\rewrite.php(43): require_once('C:\\xampp\\htdocs...')
#18 {main}
CRITICAL - 2021-12-26 12:18:38 --> Invalid file: v_list.php
#0 C:\xampp\htdocs\ci4app\vendor\codeigniter4\framework\system\View\View.php(198): CodeIgniter\Exceptions\FrameworkException::forInvalidFile('v_list.php')
#1 C:\xampp\htdocs\ci4app\vendor\codeigniter4\framework\system\Common.php(1097): CodeIgniter\View\View->render('v_list', Array, true)
#2 C:\xampp\htdocs\ci4app\app\Controllers\Kecamatan.php(21): view('v_list', Array)
#3 C:\xampp\htdocs\ci4app\vendor\codeigniter4\framework\system\CodeIgniter.php(824): App\Controllers\Kecamatan->index()
#4 C:\xampp\htdocs\ci4app\vendor\codeigniter4\framework\system\CodeIgniter.php(410): CodeIgniter\CodeIgniter->runController(Object(App\Controllers\Kecamatan))
#5 C:\xampp\htdocs\ci4app\vendor\codeigniter4\framework\system\CodeIgniter.php(318): CodeIgniter\CodeIgniter->handleRequest(NULL, Object(Config\Cache), false)
#6 C:\xampp\htdocs\ci4app\public\index.php(37): CodeIgniter\CodeIgniter->run()
#7 C:\xampp\htdocs\ci4app\vendor\codeigniter4\framework\system\Commands\Server\rewrite.php(43): require_once('C:\\xampp\\htdocs...')
#8 {main}
CRITICAL - 2021-12-26 12:19:02 --> Invalid file: v_lists.php
#0 C:\xampp\htdocs\ci4app\vendor\codeigniter4\framework\system\View\View.php(198): CodeIgniter\Exceptions\FrameworkException::forInvalidFile('v_lists.php')
#1 C:\xampp\htdocs\ci4app\vendor\codeigniter4\framework\system\Common.php(1097): CodeIgniter\View\View->render('v_lists', Array, true)
#2 C:\xampp\htdocs\ci4app\app\Controllers\Kecamatan.php(21): view('v_lists', Array)
#3 C:\xampp\htdocs\ci4app\vendor\codeigniter4\framework\system\CodeIgniter.php(824): App\Controllers\Kecamatan->index()
#4 C:\xampp\htdocs\ci4app\vendor\codeigniter4\framework\system\CodeIgniter.php(410): CodeIgniter\CodeIgniter->runController(Object(App\Controllers\Kecamatan))
#5 C:\xampp\htdocs\ci4app\vendor\codeigniter4\framework\system\CodeIgniter.php(318): CodeIgniter\CodeIgniter->handleRequest(NULL, Object(Config\Cache), false)
#6 C:\xampp\htdocs\ci4app\public\index.php(37): CodeIgniter\CodeIgniter->run()
#7 C:\xampp\htdocs\ci4app\vendor\codeigniter4\framework\system\Commands\Server\rewrite.php(43): require_once('C:\\xampp\\htdocs...')
#8 {main}
CRITICAL - 2021-12-26 12:19:03 --> Invalid file: v_lists.php
#0 C:\xampp\htdocs\ci4app\vendor\codeigniter4\framework\system\View\View.php(198): CodeIgniter\Exceptions\FrameworkException::forInvalidFile('v_lists.php')
#1 C:\xampp\htdocs\ci4app\vendor\codeigniter4\framework\system\Common.php(1097): CodeIgniter\View\View->render('v_lists', Array, true)
#2 C:\xampp\htdocs\ci4app\app\Controllers\Kecamatan.php(21): view('v_lists', Array)
#3 C:\xampp\htdocs\ci4app\vendor\codeigniter4\framework\system\CodeIgniter.php(824): App\Controllers\Kecamatan->index()
#4 C:\xampp\htdocs\ci4app\vendor\codeigniter4\framework\system\CodeIgniter.php(410): CodeIgniter\CodeIgniter->runController(Object(App\Controllers\Kecamatan))
#5 C:\xampp\htdocs\ci4app\vendor\codeigniter4\framework\system\CodeIgniter.php(318): CodeIgniter\CodeIgniter->handleRequest(NULL, Object(Config\Cache), false)
#6 C:\xampp\htdocs\ci4app\public\index.php(37): CodeIgniter\CodeIgniter->run()
#7 C:\xampp\htdocs\ci4app\vendor\codeigniter4\framework\system\Commands\Server\rewrite.php(43): require_once('C:\\xampp\\htdocs...')
#8 {main}
CRITICAL - 2021-12-26 12:19:28 --> Undefined index: id
#0 C:\xampp\htdocs\ci4app\app\Views\kecamatan\v_lists.php(194): CodeIgniter\Debug\Exceptions->errorHandler(8, 'Undefined index...', 'C:\\xampp\\htdocs...', 194, Array)
#1 C:\xampp\htdocs\ci4app\vendor\codeigniter4\framework\system\View\View.php(214): include('C:\\xampp\\htdocs...')
#2 C:\xampp\htdocs\ci4app\vendor\codeigniter4\framework\system\View\View.php(217): CodeIgniter\View\View->CodeIgniter\View\{closure}()
#3 C:\xampp\htdocs\ci4app\vendor\codeigniter4\framework\system\Common.php(1097): CodeIgniter\View\View->render('kecamatan/v_lis...', Array, true)
#4 C:\xampp\htdocs\ci4app\app\Views\layout\v_content.php(3): view('kecamatan/v_lis...')
#5 C:\xampp\htdocs\ci4app\vendor\codeigniter4\framework\system\View\View.php(214): include('C:\\xampp\\htdocs...')
#6 C:\xampp\htdocs\ci4app\vendor\codeigniter4\framework\system\View\View.php(217): CodeIgniter\View\View->CodeIgniter\View\{closure}()
#7 C:\xampp\htdocs\ci4app\vendor\codeigniter4\framework\system\Common.php(1097): CodeIgniter\View\View->render('layout/v_conten...', Array, true)
#8 C:\xampp\htdocs\ci4app\app\Views\layout\v_wrapper.php(5): view('layout/v_conten...')
#9 C:\xampp\htdocs\ci4app\vendor\codeigniter4\framework\system\View\View.php(214): include('C:\\xampp\\htdocs...')
#10 C:\xampp\htdocs\ci4app\vendor\codeigniter4\framework\system\View\View.php(217): CodeIgniter\View\View->CodeIgniter\View\{closure}()
#11 C:\xampp\htdocs\ci4app\vendor\codeigniter4\framework\system\Common.php(1097): CodeIgniter\View\View->render('layout/v_wrappe...', Array, true)
#12 C:\xampp\htdocs\ci4app\app\Controllers\Kecamatan.php(23): view('layout/v_wrappe...', Array)
#13 C:\xampp\htdocs\ci4app\vendor\codeigniter4\framework\system\CodeIgniter.php(824): App\Controllers\Kecamatan->index()
#14 C:\xampp\htdocs\ci4app\vendor\codeigniter4\framework\system\CodeIgniter.php(410): CodeIgniter\CodeIgniter->runController(Object(App\Controllers\Kecamatan))
#15 C:\xampp\htdocs\ci4app\vendor\codeigniter4\framework\system\CodeIgniter.php(318): CodeIgniter\CodeIgniter->handleRequest(NULL, Object(Config\Cache), false)
#16 C:\xampp\htdocs\ci4app\public\index.php(37): CodeIgniter\CodeIgniter->run()
#17 C:\xampp\htdocs\ci4app\vendor\codeigniter4\framework\system\Commands\Server\rewrite.php(43): require_once('C:\\xampp\\htdocs...')
#18 {main}
CRITICAL - 2021-12-26 12:20:07 --> Undefined index: id
#0 C:\xampp\htdocs\ci4app\app\Views\kecamatan\v_lists.php(194): CodeIgniter\Debug\Exceptions->errorHandler(8, 'Undefined index...', 'C:\\xampp\\htdocs...', 194, Array)
#1 C:\xampp\htdocs\ci4app\vendor\codeigniter4\framework\system\View\View.php(214): include('C:\\xampp\\htdocs...')
#2 C:\xampp\htdocs\ci4app\vendor\codeigniter4\framework\system\View\View.php(217): CodeIgniter\View\View->CodeIgniter\View\{closure}()
#3 C:\xampp\htdocs\ci4app\vendor\codeigniter4\framework\system\Common.php(1097): CodeIgniter\View\View->render('kecamatan/v_lis...', Array, true)
#4 C:\xampp\htdocs\ci4app\app\Views\layout\v_content.php(3): view('kecamatan/v_lis...')
#5 C:\xampp\htdocs\ci4app\vendor\codeigniter4\framework\system\View\View.php(214): include('C:\\xampp\\htdocs...')
#6 C:\xampp\htdocs\ci4app\vendor\codeigniter4\framework\system\View\View.php(217): CodeIgniter\View\View->CodeIgniter\View\{closure}()
#7 C:\xampp\htdocs\ci4app\vendor\codeigniter4\framework\system\Common.php(1097): CodeIgniter\View\View->render('layout/v_conten...', Array, true)
#8 C:\xampp\htdocs\ci4app\app\Views\layout\v_wrapper.php(5): view('layout/v_conten...')
#9 C:\xampp\htdocs\ci4app\vendor\codeigniter4\framework\system\View\View.php(214): include('C:\\xampp\\htdocs...')
#10 C:\xampp\htdocs\ci4app\vendor\codeigniter4\framework\system\View\View.php(217): CodeIgniter\View\View->CodeIgniter\View\{closure}()
#11 C:\xampp\htdocs\ci4app\vendor\codeigniter4\framework\system\Common.php(1097): CodeIgniter\View\View->render('layout/v_wrappe...', Array, true)
#12 C:\xampp\htdocs\ci4app\app\Controllers\Kecamatan.php(23): view('layout/v_wrappe...', Array)
#13 C:\xampp\htdocs\ci4app\vendor\codeigniter4\framework\system\CodeIgniter.php(824): App\Controllers\Kecamatan->index()
#14 C:\xampp\htdocs\ci4app\vendor\codeigniter4\framework\system\CodeIgniter.php(410): CodeIgniter\CodeIgniter->runController(Object(App\Controllers\Kecamatan))
#15 C:\xampp\htdocs\ci4app\vendor\codeigniter4\framework\system\CodeIgniter.php(318): CodeIgniter\CodeIgniter->handleRequest(NULL, Object(Config\Cache), false)
#16 C:\xampp\htdocs\ci4app\public\index.php(37): CodeIgniter\CodeIgniter->run()
#17 C:\xampp\htdocs\ci4app\vendor\codeigniter4\framework\system\Commands\Server\rewrite.php(43): require_once('C:\\xampp\\htdocs...')
#18 {main}
CRITICAL - 2021-12-26 12:20:57 --> Undefined index: id
#0 C:\xampp\htdocs\ci4app\app\Views\kecamatan\v_lists.php(190): CodeIgniter\Debug\Exceptions->errorHandler(8, 'Undefined index...', 'C:\\xampp\\htdocs...', 190, Array)
#1 C:\xampp\htdocs\ci4app\vendor\codeigniter4\framework\system\View\View.php(214): include('C:\\xampp\\htdocs...')
#2 C:\xampp\htdocs\ci4app\vendor\codeigniter4\framework\system\View\View.php(217): CodeIgniter\View\View->CodeIgniter\View\{closure}()
#3 C:\xampp\htdocs\ci4app\vendor\codeigniter4\framework\system\Common.php(1097): CodeIgniter\View\View->render('kecamatan/v_lis...', Array, true)
#4 C:\xampp\htdocs\ci4app\app\Views\layout\v_content.php(3): view('kecamatan/v_lis...')
#5 C:\xampp\htdocs\ci4app\vendor\codeigniter4\framework\system\View\View.php(214): include('C:\\xampp\\htdocs...')
#6 C:\xampp\htdocs\ci4app\vendor\codeigniter4\framework\system\View\View.php(217): CodeIgniter\View\View->CodeIgniter\View\{closure}()
#7 C:\xampp\htdocs\ci4app\vendor\codeigniter4\framework\system\Common.php(1097): CodeIgniter\View\View->render('layout/v_conten...', Array, true)
#8 C:\xampp\htdocs\ci4app\app\Views\layout\v_wrapper.php(5): view('layout/v_conten...')
#9 C:\xampp\htdocs\ci4app\vendor\codeigniter4\framework\system\View\View.php(214): include('C:\\xampp\\htdocs...')
#10 C:\xampp\htdocs\ci4app\vendor\codeigniter4\framework\system\View\View.php(217): CodeIgniter\View\View->CodeIgniter\View\{closure}()
#11 C:\xampp\htdocs\ci4app\vendor\codeigniter4\framework\system\Common.php(1097): CodeIgniter\View\View->render('layout/v_wrappe...', Array, true)
#12 C:\xampp\htdocs\ci4app\app\Controllers\Kecamatan.php(23): view('layout/v_wrappe...', Array)
#13 C:\xampp\htdocs\ci4app\vendor\codeigniter4\framework\system\CodeIgniter.php(824): App\Controllers\Kecamatan->index()
#14 C:\xampp\htdocs\ci4app\vendor\codeigniter4\framework\system\CodeIgniter.php(410): CodeIgniter\CodeIgniter->runController(Object(App\Controllers\Kecamatan))
#15 C:\xampp\htdocs\ci4app\vendor\codeigniter4\framework\system\CodeIgniter.php(318): CodeIgniter\CodeIgniter->handleRequest(NULL, Object(Config\Cache), false)
#16 C:\xampp\htdocs\ci4app\public\index.php(37): CodeIgniter\CodeIgniter->run()
#17 C:\xampp\htdocs\ci4app\vendor\codeigniter4\framework\system\Commands\Server\rewrite.php(43): require_once('C:\\xampp\\htdocs...')
#18 {main}
CRITICAL - 2021-12-26 12:21:57 --> Undefined index: id
#0 C:\xampp\htdocs\ci4app\app\Views\kecamatan\v_lists.php(190): CodeIgniter\Debug\Exceptions->errorHandler(8, 'Undefined index...', 'C:\\xampp\\htdocs...', 190, Array)
#1 C:\xampp\htdocs\ci4app\vendor\codeigniter4\framework\system\View\View.php(214): include('C:\\xampp\\htdocs...')
#2 C:\xampp\htdocs\ci4app\vendor\codeigniter4\framework\system\View\View.php(217): CodeIgniter\View\View->CodeIgniter\View\{closure}()
#3 C:\xampp\htdocs\ci4app\vendor\codeigniter4\framework\system\Common.php(1097): CodeIgniter\View\View->render('kecamatan/v_lis...', Array, true)
#4 C:\xampp\htdocs\ci4app\app\Views\layout\v_content.php(3): view('kecamatan/v_lis...')
#5 C:\xampp\htdocs\ci4app\vendor\codeigniter4\framework\system\View\View.php(214): include('C:\\xampp\\htdocs...')
#6 C:\xampp\htdocs\ci4app\vendor\codeigniter4\framework\system\View\View.php(217): CodeIgniter\View\View->CodeIgniter\View\{closure}()
#7 C:\xampp\htdocs\ci4app\vendor\codeigniter4\framework\system\Common.php(1097): CodeIgniter\View\View->render('layout/v_conten...', Array, true)
#8 C:\xampp\htdocs\ci4app\app\Views\layout\v_wrapper.php(5): view('layout/v_conten...')
#9 C:\xampp\htdocs\ci4app\vendor\codeigniter4\framework\system\View\View.php(214): include('C:\\xampp\\htdocs...')
#10 C:\xampp\htdocs\ci4app\vendor\codeigniter4\framework\system\View\View.php(217): CodeIgniter\View\View->CodeIgniter\View\{closure}()
#11 C:\xampp\htdocs\ci4app\vendor\codeigniter4\framework\system\Common.php(1097): CodeIgniter\View\View->render('layout/v_wrappe...', Array, true)
#12 C:\xampp\htdocs\ci4app\app\Controllers\Kecamatan.php(23): view('layout/v_wrappe...', Array)
#13 C:\xampp\htdocs\ci4app\vendor\codeigniter4\framework\system\CodeIgniter.php(824): App\Controllers\Kecamatan->index()
#14 C:\xampp\htdocs\ci4app\vendor\codeigniter4\framework\system\CodeIgniter.php(410): CodeIgniter\CodeIgniter->runController(Object(App\Controllers\Kecamatan))
#15 C:\xampp\htdocs\ci4app\vendor\codeigniter4\framework\system\CodeIgniter.php(318): CodeIgniter\CodeIgniter->handleRequest(NULL, Object(Config\Cache), false)
#16 C:\xampp\htdocs\ci4app\public\index.php(37): CodeIgniter\CodeIgniter->run()
#17 C:\xampp\htdocs\ci4app\vendor\codeigniter4\framework\system\Commands\Server\rewrite.php(43): require_once('C:\\xampp\\htdocs...')
#18 {main}
CRITICAL - 2021-12-26 12:22:08 --> Undefined index: id
#0 C:\xampp\htdocs\ci4app\app\Views\kecamatan\v_lists.php(194): CodeIgniter\Debug\Exceptions->errorHandler(8, 'Undefined index...', 'C:\\xampp\\htdocs...', 194, Array)
#1 C:\xampp\htdocs\ci4app\vendor\codeigniter4\framework\system\View\View.php(214): include('C:\\xampp\\htdocs...')
#2 C:\xampp\htdocs\ci4app\vendor\codeigniter4\framework\system\View\View.php(217): CodeIgniter\View\View->CodeIgniter\View\{closure}()
#3 C:\xampp\htdocs\ci4app\vendor\codeigniter4\framework\system\Common.php(1097): CodeIgniter\View\View->render('kecamatan/v_lis...', Array, true)
#4 C:\xampp\htdocs\ci4app\app\Views\layout\v_content.php(3): view('kecamatan/v_lis...')
#5 C:\xampp\htdocs\ci4app\vendor\codeigniter4\framework\system\View\View.php(214): include('C:\\xampp\\htdocs...')
#6 C:\xampp\htdocs\ci4app\vendor\codeigniter4\framework\system\View\View.php(217): CodeIgniter\View\View->CodeIgniter\View\{closure}()
#7 C:\xampp\htdocs\ci4app\vendor\codeigniter4\framework\system\Common.php(1097): CodeIgniter\View\View->render('layout/v_conten...', Array, true)
#8 C:\xampp\htdocs\ci4app\app\Views\layout\v_wrapper.php(5): view('layout/v_conten...')
#9 C:\xampp\htdocs\ci4app\vendor\codeigniter4\framework\system\View\View.php(214): include('C:\\xampp\\htdocs...')
#10 C:\xampp\htdocs\ci4app\vendor\codeigniter4\framework\system\View\View.php(217): CodeIgniter\View\View->CodeIgniter\View\{closure}()
#11 C:\xampp\htdocs\ci4app\vendor\codeigniter4\framework\system\Common.php(1097): CodeIgniter\View\View->render('layout/v_wrappe...', Array, true)
#12 C:\xampp\htdocs\ci4app\app\Controllers\Kecamatan.php(23): view('layout/v_wrappe...', Array)
#13 C:\xampp\htdocs\ci4app\vendor\codeigniter4\framework\system\CodeIgniter.php(824): App\Controllers\Kecamatan->index()
#14 C:\xampp\htdocs\ci4app\vendor\codeigniter4\framework\system\CodeIgniter.php(410): CodeIgniter\CodeIgniter->runController(Object(App\Controllers\Kecamatan))
#15 C:\xampp\htdocs\ci4app\vendor\codeigniter4\framework\system\CodeIgniter.php(318): CodeIgniter\CodeIgniter->handleRequest(NULL, Object(Config\Cache), false)
#16 C:\xampp\htdocs\ci4app\public\index.php(37): CodeIgniter\CodeIgniter->run()
#17 C:\xampp\htdocs\ci4app\vendor\codeigniter4\framework\system\Commands\Server\rewrite.php(43): require_once('C:\\xampp\\htdocs...')
#18 {main}
CRITICAL - 2021-12-26 12:23:08 --> Undefined index: kode
#0 C:\xampp\htdocs\ci4app\app\Views\kecamatan\v_lists.php(194): CodeIgniter\Debug\Exceptions->errorHandler(8, 'Undefined index...', 'C:\\xampp\\htdocs...', 194, Array)
#1 C:\xampp\htdocs\ci4app\vendor\codeigniter4\framework\system\View\View.php(214): include('C:\\xampp\\htdocs...')
#2 C:\xampp\htdocs\ci4app\vendor\codeigniter4\framework\system\View\View.php(217): CodeIgniter\View\View->CodeIgniter\View\{closure}()
#3 C:\xampp\htdocs\ci4app\vendor\codeigniter4\framework\system\Common.php(1097): CodeIgniter\View\View->render('kecamatan/v_lis...', Array, true)
#4 C:\xampp\htdocs\ci4app\app\Views\layout\v_content.php(3): view('kecamatan/v_lis...')
#5 C:\xampp\htdocs\ci4app\vendor\codeigniter4\framework\system\View\View.php(214): include('C:\\xampp\\htdocs...')
#6 C:\xampp\htdocs\ci4app\vendor\codeigniter4\framework\system\View\View.php(217): CodeIgniter\View\View->CodeIgniter\View\{closure}()
#7 C:\xampp\htdocs\ci4app\vendor\codeigniter4\framework\system\Common.php(1097): CodeIgniter\View\View->render('layout/v_conten...', Array, true)
#8 C:\xampp\htdocs\ci4app\app\Views\layout\v_wrapper.php(5): view('layout/v_conten...')
#9 C:\xampp\htdocs\ci4app\vendor\codeigniter4\framework\system\View\View.php(214): include('C:\\xampp\\htdocs...')
#10 C:\xampp\htdocs\ci4app\vendor\codeigniter4\framework\system\View\View.php(217): CodeIgniter\View\View->CodeIgniter\View\{closure}()
#11 C:\xampp\htdocs\ci4app\vendor\codeigniter4\framework\system\Common.php(1097): CodeIgniter\View\View->render('layout/v_wrappe...', Array, true)
#12 C:\xampp\htdocs\ci4app\app\Controllers\Kecamatan.php(23): view('layout/v_wrappe...', Array)
#13 C:\xampp\htdocs\ci4app\vendor\codeigniter4\framework\system\CodeIgniter.php(824): App\Controllers\Kecamatan->index()
#14 C:\xampp\htdocs\ci4app\vendor\codeigniter4\framework\system\CodeIgniter.php(410): CodeIgniter\CodeIgniter->runController(Object(App\Controllers\Kecamatan))
#15 C:\xampp\htdocs\ci4app\vendor\codeigniter4\framework\system\CodeIgniter.php(318): CodeIgniter\CodeIgniter->handleRequest(NULL, Object(Config\Cache), false)
#16 C:\xampp\htdocs\ci4app\public\index.php(37): CodeIgniter\CodeIgniter->run()
#17 C:\xampp\htdocs\ci4app\vendor\codeigniter4\framework\system\Commands\Server\rewrite.php(43): require_once('C:\\xampp\\htdocs...')
#18 {main}
CRITICAL - 2021-12-26 12:24:00 --> Undefined index: id
#0 C:\xampp\htdocs\ci4app\app\Views\kecamatan\v_lists.php(190): CodeIgniter\Debug\Exceptions->errorHandler(8, 'Undefined index...', 'C:\\xampp\\htdocs...', 190, Array)
#1 C:\xampp\htdocs\ci4app\vendor\codeigniter4\framework\system\View\View.php(214): include('C:\\xampp\\htdocs...')
#2 C:\xampp\htdocs\ci4app\vendor\codeigniter4\framework\system\View\View.php(217): CodeIgniter\View\View->CodeIgniter\View\{closure}()
#3 C:\xampp\htdocs\ci4app\vendor\codeigniter4\framework\system\Common.php(1097): CodeIgniter\View\View->render('kecamatan/v_lis...', Array, true)
#4 C:\xampp\htdocs\ci4app\app\Views\layout\v_content.php(3): view('kecamatan/v_lis...')
#5 C:\xampp\htdocs\ci4app\vendor\codeigniter4\framework\system\View\View.php(214): include('C:\\xampp\\htdocs...')
#6 C:\xampp\htdocs\ci4app\vendor\codeigniter4\framework\system\View\View.php(217): CodeIgniter\View\View->CodeIgniter\View\{closure}()
#7 C:\xampp\htdocs\ci4app\vendor\codeigniter4\framework\system\Common.php(1097): CodeIgniter\View\View->render('layout/v_conten...', Array, true)
#8 C:\xampp\htdocs\ci4app\app\Views\layout\v_wrapper.php(5): view('layout/v_conten...')
#9 C:\xampp\htdocs\ci4app\vendor\codeigniter4\framework\system\View\View.php(214): include('C:\\xampp\\htdocs...')
#10 C:\xampp\htdocs\ci4app\vendor\codeigniter4\framework\system\View\View.php(217): CodeIgniter\View\View->CodeIgniter\View\{closure}()
#11 C:\xampp\htdocs\ci4app\vendor\codeigniter4\framework\system\Common.php(1097): CodeIgniter\View\View->render('layout/v_wrappe...', Array, true)
#12 C:\xampp\htdocs\ci4app\app\Controllers\Kecamatan.php(23): view('layout/v_wrappe...', Array)
#13 C:\xampp\htdocs\ci4app\vendor\codeigniter4\framework\system\CodeIgniter.php(824): App\Controllers\Kecamatan->index()
#14 C:\xampp\htdocs\ci4app\vendor\codeigniter4\framework\system\CodeIgniter.php(410): CodeIgniter\CodeIgniter->runController(Object(App\Controllers\Kecamatan))
#15 C:\xampp\htdocs\ci4app\vendor\codeigniter4\framework\system\CodeIgniter.php(318): CodeIgniter\CodeIgniter->handleRequest(NULL, Object(Config\Cache), false)
#16 C:\xampp\htdocs\ci4app\public\index.php(37): CodeIgniter\CodeIgniter->run()
#17 C:\xampp\htdocs\ci4app\vendor\codeigniter4\framework\system\Commands\Server\rewrite.php(43): require_once('C:\\xampp\\htdocs...')
#18 {main}
CRITICAL - 2021-12-26 12:25:46 --> Undefined index: id
#0 C:\xampp\htdocs\ci4app\app\Views\kecamatan\v_lists.php(190): CodeIgniter\Debug\Exceptions->errorHandler(8, 'Undefined index...', 'C:\\xampp\\htdocs...', 190, Array)
#1 C:\xampp\htdocs\ci4app\vendor\codeigniter4\framework\system\View\View.php(214): include('C:\\xampp\\htdocs...')
#2 C:\xampp\htdocs\ci4app\vendor\codeigniter4\framework\system\View\View.php(217): CodeIgniter\View\View->CodeIgniter\View\{closure}()
#3 C:\xampp\htdocs\ci4app\vendor\codeigniter4\framework\system\Common.php(1097): CodeIgniter\View\View->render('kecamatan/v_lis...', Array, true)
#4 C:\xampp\htdocs\ci4app\app\Views\layout\v_content.php(3): view('kecamatan/v_lis...')
#5 C:\xampp\htdocs\ci4app\vendor\codeigniter4\framework\system\View\View.php(214): include('C:\\xampp\\htdocs...')
#6 C:\xampp\htdocs\ci4app\vendor\codeigniter4\framework\system\View\View.php(217): CodeIgniter\View\View->CodeIgniter\View\{closure}()
#7 C:\xampp\htdocs\ci4app\vendor\codeigniter4\framework\system\Common.php(1097): CodeIgniter\View\View->render('layout/v_conten...', Array, true)
#8 C:\xampp\htdocs\ci4app\app\Views\layout\v_wrapper.php(5): view('layout/v_conten...')
#9 C:\xampp\htdocs\ci4app\vendor\codeigniter4\framework\system\View\View.php(214): include('C:\\xampp\\htdocs...')
#10 C:\xampp\htdocs\ci4app\vendor\codeigniter4\framework\system\View\View.php(217): CodeIgniter\View\View->CodeIgniter\View\{closure}()
#11 C:\xampp\htdocs\ci4app\vendor\codeigniter4\framework\system\Common.php(1097): CodeIgniter\View\View->render('layout/v_wrappe...', Array, true)
#12 C:\xampp\htdocs\ci4app\app\Controllers\Kecamatan.php(23): view('layout/v_wrappe...', Array)
#13 C:\xampp\htdocs\ci4app\vendor\codeigniter4\framework\system\CodeIgniter.php(824): App\Controllers\Kecamatan->index()
#14 C:\xampp\htdocs\ci4app\vendor\codeigniter4\framework\system\CodeIgniter.php(410): CodeIgniter\CodeIgniter->runController(Object(App\Controllers\Kecamatan))
#15 C:\xampp\htdocs\ci4app\vendor\codeigniter4\framework\system\CodeIgniter.php(318): CodeIgniter\CodeIgniter->handleRequest(NULL, Object(Config\Cache), false)
#16 C:\xampp\htdocs\ci4app\public\index.php(37): CodeIgniter\CodeIgniter->run()
#17 C:\xampp\htdocs\ci4app\vendor\codeigniter4\framework\system\Commands\Server\rewrite.php(43): require_once('C:\\xampp\\htdocs...')
#18 {main}
CRITICAL - 2021-12-26 12:26:26 --> Undefined index: id
#0 C:\xampp\htdocs\ci4app\app\Views\kecamatan\v_lists.php(190): CodeIgniter\Debug\Exceptions->errorHandler(8, 'Undefined index...', 'C:\\xampp\\htdocs...', 190, Array)
#1 C:\xampp\htdocs\ci4app\vendor\codeigniter4\framework\system\View\View.php(214): include('C:\\xampp\\htdocs...')
#2 C:\xampp\htdocs\ci4app\vendor\codeigniter4\framework\system\View\View.php(217): CodeIgniter\View\View->CodeIgniter\View\{closure}()
#3 C:\xampp\htdocs\ci4app\vendor\codeigniter4\framework\system\Common.php(1097): CodeIgniter\View\View->render('kecamatan/v_lis...', Array, true)
#4 C:\xampp\htdocs\ci4app\app\Views\layout\v_content.php(3): view('kecamatan/v_lis...')
#5 C:\xampp\htdocs\ci4app\vendor\codeigniter4\framework\system\View\View.php(214): include('C:\\xampp\\htdocs...')
#6 C:\xampp\htdocs\ci4app\vendor\codeigniter4\framework\system\View\View.php(217): CodeIgniter\View\View->CodeIgniter\View\{closure}()
#7 C:\xampp\htdocs\ci4app\vendor\codeigniter4\framework\system\Common.php(1097): CodeIgniter\View\View->render('layout/v_conten...', Array, true)
#8 C:\xampp\htdocs\ci4app\app\Views\layout\v_wrapper.php(5): view('layout/v_conten...')
#9 C:\xampp\htdocs\ci4app\vendor\codeigniter4\framework\system\View\View.php(214): include('C:\\xampp\\htdocs...')
#10 C:\xampp\htdocs\ci4app\vendor\codeigniter4\framework\system\View\View.php(217): CodeIgniter\View\View->CodeIgniter\View\{closure}()
#11 C:\xampp\htdocs\ci4app\vendor\codeigniter4\framework\system\Common.php(1097): CodeIgniter\View\View->render('layout/v_wrappe...', Array, true)
#12 C:\xampp\htdocs\ci4app\app\Controllers\Kecamatan.php(23): view('layout/v_wrappe...', Array)
#13 C:\xampp\htdocs\ci4app\vendor\codeigniter4\framework\system\CodeIgniter.php(824): App\Controllers\Kecamatan->index()
#14 C:\xampp\htdocs\ci4app\vendor\codeigniter4\framework\system\CodeIgniter.php(410): CodeIgniter\CodeIgniter->runController(Object(App\Controllers\Kecamatan))
#15 C:\xampp\htdocs\ci4app\vendor\codeigniter4\framework\system\CodeIgniter.php(318): CodeIgniter\CodeIgniter->handleRequest(NULL, Object(Config\Cache), false)
#16 C:\xampp\htdocs\ci4app\public\index.php(37): CodeIgniter\CodeIgniter->run()
#17 C:\xampp\htdocs\ci4app\vendor\codeigniter4\framework\system\Commands\Server\rewrite.php(43): require_once('C:\\xampp\\htdocs...')
#18 {main}
CRITICAL - 2021-12-26 12:27:56 --> Undefined index: id
#0 C:\xampp\htdocs\ci4app\app\Views\kecamatan\v_lists.php(190): CodeIgniter\Debug\Exceptions->errorHandler(8, 'Undefined index...', 'C:\\xampp\\htdocs...', 190, Array)
#1 C:\xampp\htdocs\ci4app\vendor\codeigniter4\framework\system\View\View.php(214): include('C:\\xampp\\htdocs...')
#2 C:\xampp\htdocs\ci4app\vendor\codeigniter4\framework\system\View\View.php(217): CodeIgniter\View\View->CodeIgniter\View\{closure}()
#3 C:\xampp\htdocs\ci4app\vendor\codeigniter4\framework\system\Common.php(1097): CodeIgniter\View\View->render('kecamatan/v_lis...', Array, true)
#4 C:\xampp\htdocs\ci4app\app\Views\layout\v_content.php(3): view('kecamatan/v_lis...')
#5 C:\xampp\htdocs\ci4app\vendor\codeigniter4\framework\system\View\View.php(214): include('C:\\xampp\\htdocs...')
#6 C:\xampp\htdocs\ci4app\vendor\codeigniter4\framework\system\View\View.php(217): CodeIgniter\View\View->CodeIgniter\View\{closure}()
#7 C:\xampp\htdocs\ci4app\vendor\codeigniter4\framework\system\Common.php(1097): CodeIgniter\View\View->render('layout/v_conten...', Array, true)
#8 C:\xampp\htdocs\ci4app\app\Views\layout\v_wrapper.php(5): view('layout/v_conten...')
#9 C:\xampp\htdocs\ci4app\vendor\codeigniter4\framework\system\View\View.php(214): include('C:\\xampp\\htdocs...')
#10 C:\xampp\htdocs\ci4app\vendor\codeigniter4\framework\system\View\View.php(217): CodeIgniter\View\View->CodeIgniter\View\{closure}()
#11 C:\xampp\htdocs\ci4app\vendor\codeigniter4\framework\system\Common.php(1097): CodeIgniter\View\View->render('layout/v_wrappe...', Array, true)
#12 C:\xampp\htdocs\ci4app\app\Controllers\Kecamatan.php(23): view('layout/v_wrappe...', Array)
#13 C:\xampp\htdocs\ci4app\vendor\codeigniter4\framework\system\CodeIgniter.php(824): App\Controllers\Kecamatan->index()
#14 C:\xampp\htdocs\ci4app\vendor\codeigniter4\framework\system\CodeIgniter.php(410): CodeIgniter\CodeIgniter->runController(Object(App\Controllers\Kecamatan))
#15 C:\xampp\htdocs\ci4app\vendor\codeigniter4\framework\system\CodeIgniter.php(318): CodeIgniter\CodeIgniter->handleRequest(NULL, Object(Config\Cache), false)
#16 C:\xampp\htdocs\ci4app\public\index.php(37): CodeIgniter\CodeIgniter->run()
#17 C:\xampp\htdocs\ci4app\vendor\codeigniter4\framework\system\Commands\Server\rewrite.php(43): require_once('C:\\xampp\\htdocs...')
#18 {main}
CRITICAL - 2021-12-26 12:28:44 --> Undefined index: id
#0 C:\xampp\htdocs\ci4app\app\Views\kecamatan\v_lists.php(190): CodeIgniter\Debug\Exceptions->errorHandler(8, 'Undefined index...', 'C:\\xampp\\htdocs...', 190, Array)
#1 C:\xampp\htdocs\ci4app\vendor\codeigniter4\framework\system\View\View.php(214): include('C:\\xampp\\htdocs...')
#2 C:\xampp\htdocs\ci4app\vendor\codeigniter4\framework\system\View\View.php(217): CodeIgniter\View\View->CodeIgniter\View\{closure}()
#3 C:\xampp\htdocs\ci4app\vendor\codeigniter4\framework\system\Common.php(1097): CodeIgniter\View\View->render('kecamatan/v_lis...', Array, true)
#4 C:\xampp\htdocs\ci4app\app\Views\layout\v_content.php(3): view('kecamatan/v_lis...')
#5 C:\xampp\htdocs\ci4app\vendor\codeigniter4\framework\system\View\View.php(214): include('C:\\xampp\\htdocs...')
#6 C:\xampp\htdocs\ci4app\vendor\codeigniter4\framework\system\View\View.php(217): CodeIgniter\View\View->CodeIgniter\View\{closure}()
#7 C:\xampp\htdocs\ci4app\vendor\codeigniter4\framework\system\Common.php(1097): CodeIgniter\View\View->render('layout/v_conten...', Array, true)
#8 C:\xampp\htdocs\ci4app\app\Views\layout\v_wrapper.php(5): view('layout/v_conten...')
#9 C:\xampp\htdocs\ci4app\vendor\codeigniter4\framework\system\View\View.php(214): include('C:\\xampp\\htdocs...')
#10 C:\xampp\htdocs\ci4app\vendor\codeigniter4\framework\system\View\View.php(217): CodeIgniter\View\View->CodeIgniter\View\{closure}()
#11 C:\xampp\htdocs\ci4app\vendor\codeigniter4\framework\system\Common.php(1097): CodeIgniter\View\View->render('layout/v_wrappe...', Array, true)
#12 C:\xampp\htdocs\ci4app\app\Controllers\Kecamatan.php(23): view('layout/v_wrappe...', Array)
#13 C:\xampp\htdocs\ci4app\vendor\codeigniter4\framework\system\CodeIgniter.php(824): App\Controllers\Kecamatan->index()
#14 C:\xampp\htdocs\ci4app\vendor\codeigniter4\framework\system\CodeIgniter.php(410): CodeIgniter\CodeIgniter->runController(Object(App\Controllers\Kecamatan))
#15 C:\xampp\htdocs\ci4app\vendor\codeigniter4\framework\system\CodeIgniter.php(318): CodeIgniter\CodeIgniter->handleRequest(NULL, Object(Config\Cache), false)
#16 C:\xampp\htdocs\ci4app\public\index.php(37): CodeIgniter\CodeIgniter->run()
#17 C:\xampp\htdocs\ci4app\vendor\codeigniter4\framework\system\Commands\Server\rewrite.php(43): require_once('C:\\xampp\\htdocs...')
#18 {main}
CRITICAL - 2021-12-26 12:28:51 --> Undefined index: id
#0 C:\xampp\htdocs\ci4app\app\Views\kecamatan\v_lists.php(190): CodeIgniter\Debug\Exceptions->errorHandler(8, 'Undefined index...', 'C:\\xampp\\htdocs...', 190, Array)
#1 C:\xampp\htdocs\ci4app\vendor\codeigniter4\framework\system\View\View.php(214): include('C:\\xampp\\htdocs...')
#2 C:\xampp\htdocs\ci4app\vendor\codeigniter4\framework\system\View\View.php(217): CodeIgniter\View\View->CodeIgniter\View\{closure}()
#3 C:\xampp\htdocs\ci4app\vendor\codeigniter4\framework\system\Common.php(1097): CodeIgniter\View\View->render('kecamatan/v_lis...', Array, true)
#4 C:\xampp\htdocs\ci4app\app\Views\layout\v_content.php(3): view('kecamatan/v_lis...')
#5 C:\xampp\htdocs\ci4app\vendor\codeigniter4\framework\system\View\View.php(214): include('C:\\xampp\\htdocs...')
#6 C:\xampp\htdocs\ci4app\vendor\codeigniter4\framework\system\View\View.php(217): CodeIgniter\View\View->CodeIgniter\View\{closure}()
#7 C:\xampp\htdocs\ci4app\vendor\codeigniter4\framework\system\Common.php(1097): CodeIgniter\View\View->render('layout/v_conten...', Array, true)
#8 C:\xampp\htdocs\ci4app\app\Views\layout\v_wrapper.php(5): view('layout/v_conten...')
#9 C:\xampp\htdocs\ci4app\vendor\codeigniter4\framework\system\View\View.php(214): include('C:\\xampp\\htdocs...')
#10 C:\xampp\htdocs\ci4app\vendor\codeigniter4\framework\system\View\View.php(217): CodeIgniter\View\View->CodeIgniter\View\{closure}()
#11 C:\xampp\htdocs\ci4app\vendor\codeigniter4\framework\system\Common.php(1097): CodeIgniter\View\View->render('layout/v_wrappe...', Array, true)
#12 C:\xampp\htdocs\ci4app\app\Controllers\Kecamatan.php(23): view('layout/v_wrappe...', Array)
#13 C:\xampp\htdocs\ci4app\vendor\codeigniter4\framework\system\CodeIgniter.php(824): App\Controllers\Kecamatan->index()
#14 C:\xampp\htdocs\ci4app\vendor\codeigniter4\framework\system\CodeIgniter.php(410): CodeIgniter\CodeIgniter->runController(Object(App\Controllers\Kecamatan))
#15 C:\xampp\htdocs\ci4app\vendor\codeigniter4\framework\system\CodeIgniter.php(318): CodeIgniter\CodeIgniter->handleRequest(NULL, Object(Config\Cache), false)
#16 C:\xampp\htdocs\ci4app\public\index.php(37): CodeIgniter\CodeIgniter->run()
#17 C:\xampp\htdocs\ci4app\vendor\codeigniter4\framework\system\Commands\Server\rewrite.php(43): require_once('C:\\xampp\\htdocs...')
#18 {main}
