ERROR - 2022-01-16 01:26:06 --> Error connecting to the database: No connection could be made because the target machine actively refused it.

CRITICAL - 2022-01-16 01:26:06 --> Unable to connect to the database.
Main connection [MySQLi]: No connection could be made because the target machine actively refused it.

#0 C:\xampp\htdocs\it-project\vendor\codeigniter4\framework\system\Database\BaseConnection.php(577): CodeIgniter\Database\BaseConnection->initialize()
#1 C:\xampp\htdocs\it-project\vendor\codeigniter4\framework\system\Database\BaseBuilder.php(1443): CodeIgniter\Database\BaseConnection->query('SELECT *\nFROM `...', Array, false)
#2 C:\xampp\htdocs\it-project\app\Models\M_slideshow.php(11): CodeIgniter\Database\BaseBuilder->get()
#3 C:\xampp\htdocs\it-project\app\Controllers\Slideshow.php(19): App\Models\M_slideshow->get_slideshow()
#4 C:\xampp\htdocs\it-project\vendor\codeigniter4\framework\system\CodeIgniter.php(824): App\Controllers\Slideshow->index()
#5 C:\xampp\htdocs\it-project\vendor\codeigniter4\framework\system\CodeIgniter.php(410): CodeIgniter\CodeIgniter->runController(Object(App\Controllers\Slideshow))
#6 C:\xampp\htdocs\it-project\vendor\codeigniter4\framework\system\CodeIgniter.php(318): CodeIgniter\CodeIgniter->handleRequest(NULL, Object(Config\Cache), false)
#7 C:\xampp\htdocs\it-project\public\index.php(37): CodeIgniter\CodeIgniter->run()
#8 C:\xampp\htdocs\it-project\vendor\codeigniter4\framework\system\Commands\Server\rewrite.php(43): require_once('C:\\xampp\\htdocs...')
#9 {main}
ERROR - 2022-01-16 05:02:19 --> Column 'kategori_berita' cannot be null
CRITICAL - 2022-01-16 05:02:19 --> Column 'kategori_berita' cannot be null
#0 C:\xampp\htdocs\it-project\vendor\codeigniter4\framework\system\Database\MySQLi\Connection.php(292): mysqli->query('INSERT INTO `tb...', 0)
#1 C:\xampp\htdocs\it-project\vendor\codeigniter4\framework\system\Database\BaseConnection.php(670): CodeIgniter\Database\MySQLi\Connection->execute('INSERT INTO `tb...')
#2 C:\xampp\htdocs\it-project\vendor\codeigniter4\framework\system\Database\BaseConnection.php(598): CodeIgniter\Database\BaseConnection->simpleQuery('INSERT INTO `tb...')
#3 C:\xampp\htdocs\it-project\vendor\codeigniter4\framework\system\Database\BaseBuilder.php(1759): CodeIgniter\Database\BaseConnection->query('INSERT INTO `tb...', Array, false)
#4 C:\xampp\htdocs\it-project\app\Models\M_berita.php(16): CodeIgniter\Database\BaseBuilder->insert(Array)
#5 C:\xampp\htdocs\it-project\app\Controllers\Berita.php(40): App\Models\M_berita->insert_berita(Array)
#6 C:\xampp\htdocs\it-project\vendor\codeigniter4\framework\system\CodeIgniter.php(824): App\Controllers\Berita->tambah()
#7 C:\xampp\htdocs\it-project\vendor\codeigniter4\framework\system\CodeIgniter.php(410): CodeIgniter\CodeIgniter->runController(Object(App\Controllers\Berita))
#8 C:\xampp\htdocs\it-project\vendor\codeigniter4\framework\system\CodeIgniter.php(318): CodeIgniter\CodeIgniter->handleRequest(NULL, Object(Config\Cache), false)
#9 C:\xampp\htdocs\it-project\public\index.php(37): CodeIgniter\CodeIgniter->run()
#10 C:\xampp\htdocs\it-project\vendor\codeigniter4\framework\system\Commands\Server\rewrite.php(43): require_once('C:\\xampp\\htdocs...')
#11 {main}
ERROR - 2022-01-16 05:06:30 --> Column 'kategori_berita' cannot be null
CRITICAL - 2022-01-16 05:06:30 --> Column 'kategori_berita' cannot be null
#0 C:\xampp\htdocs\it-project\vendor\codeigniter4\framework\system\Database\MySQLi\Connection.php(292): mysqli->query('INSERT INTO `tb...', 0)
#1 C:\xampp\htdocs\it-project\vendor\codeigniter4\framework\system\Database\BaseConnection.php(670): CodeIgniter\Database\MySQLi\Connection->execute('INSERT INTO `tb...')
#2 C:\xampp\htdocs\it-project\vendor\codeigniter4\framework\system\Database\BaseConnection.php(598): CodeIgniter\Database\BaseConnection->simpleQuery('INSERT INTO `tb...')
#3 C:\xampp\htdocs\it-project\vendor\codeigniter4\framework\system\Database\BaseBuilder.php(1759): CodeIgniter\Database\BaseConnection->query('INSERT INTO `tb...', Array, false)
#4 C:\xampp\htdocs\it-project\app\Models\M_berita.php(16): CodeIgniter\Database\BaseBuilder->insert(Array)
#5 C:\xampp\htdocs\it-project\app\Controllers\Berita.php(62): App\Models\M_berita->insert_berita(Array)
#6 C:\xampp\htdocs\it-project\vendor\codeigniter4\framework\system\CodeIgniter.php(824): App\Controllers\Berita->save()
#7 C:\xampp\htdocs\it-project\vendor\codeigniter4\framework\system\CodeIgniter.php(410): CodeIgniter\CodeIgniter->runController(Object(App\Controllers\Berita))
#8 C:\xampp\htdocs\it-project\vendor\codeigniter4\framework\system\CodeIgniter.php(318): CodeIgniter\CodeIgniter->handleRequest(NULL, Object(Config\Cache), false)
#9 C:\xampp\htdocs\it-project\public\index.php(37): CodeIgniter\CodeIgniter->run()
#10 C:\xampp\htdocs\it-project\vendor\codeigniter4\framework\system\Commands\Server\rewrite.php(43): require_once('C:\\xampp\\htdocs...')
#11 {main}
ERROR - 2022-01-16 05:06:39 --> Column 'kategori_berita' cannot be null
CRITICAL - 2022-01-16 05:06:39 --> Column 'kategori_berita' cannot be null
#0 C:\xampp\htdocs\it-project\vendor\codeigniter4\framework\system\Database\MySQLi\Connection.php(292): mysqli->query('INSERT INTO `tb...', 0)
#1 C:\xampp\htdocs\it-project\vendor\codeigniter4\framework\system\Database\BaseConnection.php(670): CodeIgniter\Database\MySQLi\Connection->execute('INSERT INTO `tb...')
#2 C:\xampp\htdocs\it-project\vendor\codeigniter4\framework\system\Database\BaseConnection.php(598): CodeIgniter\Database\BaseConnection->simpleQuery('INSERT INTO `tb...')
#3 C:\xampp\htdocs\it-project\vendor\codeigniter4\framework\system\Database\BaseBuilder.php(1759): CodeIgniter\Database\BaseConnection->query('INSERT INTO `tb...', Array, false)
#4 C:\xampp\htdocs\it-project\app\Models\M_berita.php(16): CodeIgniter\Database\BaseBuilder->insert(Array)
#5 C:\xampp\htdocs\it-project\app\Controllers\Berita.php(62): App\Models\M_berita->insert_berita(Array)
#6 C:\xampp\htdocs\it-project\vendor\codeigniter4\framework\system\CodeIgniter.php(824): App\Controllers\Berita->save()
#7 C:\xampp\htdocs\it-project\vendor\codeigniter4\framework\system\CodeIgniter.php(410): CodeIgniter\CodeIgniter->runController(Object(App\Controllers\Berita))
#8 C:\xampp\htdocs\it-project\vendor\codeigniter4\framework\system\CodeIgniter.php(318): CodeIgniter\CodeIgniter->handleRequest(NULL, Object(Config\Cache), false)
#9 C:\xampp\htdocs\it-project\public\index.php(37): CodeIgniter\CodeIgniter->run()
#10 C:\xampp\htdocs\it-project\vendor\codeigniter4\framework\system\Commands\Server\rewrite.php(43): require_once('C:\\xampp\\htdocs...')
#11 {main}
ERROR - 2022-01-16 05:08:12 --> Column 'kategori_berita' cannot be null
CRITICAL - 2022-01-16 05:08:12 --> Column 'kategori_berita' cannot be null
#0 C:\xampp\htdocs\it-project\vendor\codeigniter4\framework\system\Database\MySQLi\Connection.php(292): mysqli->query('INSERT INTO `tb...', 0)
#1 C:\xampp\htdocs\it-project\vendor\codeigniter4\framework\system\Database\BaseConnection.php(670): CodeIgniter\Database\MySQLi\Connection->execute('INSERT INTO `tb...')
#2 C:\xampp\htdocs\it-project\vendor\codeigniter4\framework\system\Database\BaseConnection.php(598): CodeIgniter\Database\BaseConnection->simpleQuery('INSERT INTO `tb...')
#3 C:\xampp\htdocs\it-project\vendor\codeigniter4\framework\system\Database\BaseBuilder.php(1759): CodeIgniter\Database\BaseConnection->query('INSERT INTO `tb...', Array, false)
#4 C:\xampp\htdocs\it-project\app\Models\M_berita.php(16): CodeIgniter\Database\BaseBuilder->insert(Array)
#5 C:\xampp\htdocs\it-project\app\Controllers\Berita.php(62): App\Models\M_berita->insert_berita(Array)
#6 C:\xampp\htdocs\it-project\vendor\codeigniter4\framework\system\CodeIgniter.php(824): App\Controllers\Berita->save()
#7 C:\xampp\htdocs\it-project\vendor\codeigniter4\framework\system\CodeIgniter.php(410): CodeIgniter\CodeIgniter->runController(Object(App\Controllers\Berita))
#8 C:\xampp\htdocs\it-project\vendor\codeigniter4\framework\system\CodeIgniter.php(318): CodeIgniter\CodeIgniter->handleRequest(NULL, Object(Config\Cache), false)
#9 C:\xampp\htdocs\it-project\public\index.php(37): CodeIgniter\CodeIgniter->run()
#10 C:\xampp\htdocs\it-project\vendor\codeigniter4\framework\system\Commands\Server\rewrite.php(43): require_once('C:\\xampp\\htdocs...')
#11 {main}
ERROR - 2022-01-16 05:10:01 --> Column 'kategori_berita' cannot be null
CRITICAL - 2022-01-16 05:10:01 --> Column 'kategori_berita' cannot be null
#0 C:\xampp\htdocs\it-project\vendor\codeigniter4\framework\system\Database\MySQLi\Connection.php(292): mysqli->query('INSERT INTO `tb...', 0)
#1 C:\xampp\htdocs\it-project\vendor\codeigniter4\framework\system\Database\BaseConnection.php(670): CodeIgniter\Database\MySQLi\Connection->execute('INSERT INTO `tb...')
#2 C:\xampp\htdocs\it-project\vendor\codeigniter4\framework\system\Database\BaseConnection.php(598): CodeIgniter\Database\BaseConnection->simpleQuery('INSERT INTO `tb...')
#3 C:\xampp\htdocs\it-project\vendor\codeigniter4\framework\system\Database\BaseBuilder.php(1759): CodeIgniter\Database\BaseConnection->query('INSERT INTO `tb...', Array, false)
#4 C:\xampp\htdocs\it-project\app\Models\M_berita.php(16): CodeIgniter\Database\BaseBuilder->insert(Array)
#5 C:\xampp\htdocs\it-project\app\Controllers\Berita.php(62): App\Models\M_berita->insert_berita(Array)
#6 C:\xampp\htdocs\it-project\vendor\codeigniter4\framework\system\CodeIgniter.php(824): App\Controllers\Berita->save()
#7 C:\xampp\htdocs\it-project\vendor\codeigniter4\framework\system\CodeIgniter.php(410): CodeIgniter\CodeIgniter->runController(Object(App\Controllers\Berita))
#8 C:\xampp\htdocs\it-project\vendor\codeigniter4\framework\system\CodeIgniter.php(318): CodeIgniter\CodeIgniter->handleRequest(NULL, Object(Config\Cache), false)
#9 C:\xampp\htdocs\it-project\public\index.php(37): CodeIgniter\CodeIgniter->run()
#10 C:\xampp\htdocs\it-project\vendor\codeigniter4\framework\system\Commands\Server\rewrite.php(43): require_once('C:\\xampp\\htdocs...')
#11 {main}
ERROR - 2022-01-16 05:13:40 --> Column 'kategori_berita' cannot be null
CRITICAL - 2022-01-16 05:13:40 --> Column 'kategori_berita' cannot be null
#0 C:\xampp\htdocs\it-project\vendor\codeigniter4\framework\system\Database\MySQLi\Connection.php(292): mysqli->query('INSERT INTO `tb...', 0)
#1 C:\xampp\htdocs\it-project\vendor\codeigniter4\framework\system\Database\BaseConnection.php(670): CodeIgniter\Database\MySQLi\Connection->execute('INSERT INTO `tb...')
#2 C:\xampp\htdocs\it-project\vendor\codeigniter4\framework\system\Database\BaseConnection.php(598): CodeIgniter\Database\BaseConnection->simpleQuery('INSERT INTO `tb...')
#3 C:\xampp\htdocs\it-project\vendor\codeigniter4\framework\system\Database\BaseBuilder.php(1759): CodeIgniter\Database\BaseConnection->query('INSERT INTO `tb...', Array, false)
#4 C:\xampp\htdocs\it-project\app\Models\M_berita.php(16): CodeIgniter\Database\BaseBuilder->insert(Array)
#5 C:\xampp\htdocs\it-project\app\Controllers\Berita.php(62): App\Models\M_berita->insert_berita(Array)
#6 C:\xampp\htdocs\it-project\vendor\codeigniter4\framework\system\CodeIgniter.php(824): App\Controllers\Berita->save()
#7 C:\xampp\htdocs\it-project\vendor\codeigniter4\framework\system\CodeIgniter.php(410): CodeIgniter\CodeIgniter->runController(Object(App\Controllers\Berita))
#8 C:\xampp\htdocs\it-project\vendor\codeigniter4\framework\system\CodeIgniter.php(318): CodeIgniter\CodeIgniter->handleRequest(NULL, Object(Config\Cache), false)
#9 C:\xampp\htdocs\it-project\public\index.php(37): CodeIgniter\CodeIgniter->run()
#10 C:\xampp\htdocs\it-project\vendor\codeigniter4\framework\system\Commands\Server\rewrite.php(43): require_once('C:\\xampp\\htdocs...')
#11 {main}
ERROR - 2022-01-16 05:14:45 --> Column 'hari' cannot be null
CRITICAL - 2022-01-16 05:14:45 --> Column 'hari' cannot be null
#0 C:\xampp\htdocs\it-project\vendor\codeigniter4\framework\system\Database\MySQLi\Connection.php(292): mysqli->query('INSERT INTO `tb...', 0)
#1 C:\xampp\htdocs\it-project\vendor\codeigniter4\framework\system\Database\BaseConnection.php(670): CodeIgniter\Database\MySQLi\Connection->execute('INSERT INTO `tb...')
#2 C:\xampp\htdocs\it-project\vendor\codeigniter4\framework\system\Database\BaseConnection.php(598): CodeIgniter\Database\BaseConnection->simpleQuery('INSERT INTO `tb...')
#3 C:\xampp\htdocs\it-project\vendor\codeigniter4\framework\system\Database\BaseBuilder.php(1759): CodeIgniter\Database\BaseConnection->query('INSERT INTO `tb...', Array, false)
#4 C:\xampp\htdocs\it-project\app\Models\M_berita.php(16): CodeIgniter\Database\BaseBuilder->insert(Array)
#5 C:\xampp\htdocs\it-project\app\Controllers\Berita.php(62): App\Models\M_berita->insert_berita(Array)
#6 C:\xampp\htdocs\it-project\vendor\codeigniter4\framework\system\CodeIgniter.php(824): App\Controllers\Berita->save()
#7 C:\xampp\htdocs\it-project\vendor\codeigniter4\framework\system\CodeIgniter.php(410): CodeIgniter\CodeIgniter->runController(Object(App\Controllers\Berita))
#8 C:\xampp\htdocs\it-project\vendor\codeigniter4\framework\system\CodeIgniter.php(318): CodeIgniter\CodeIgniter->handleRequest(NULL, Object(Config\Cache), false)
#9 C:\xampp\htdocs\it-project\public\index.php(37): CodeIgniter\CodeIgniter->run()
#10 C:\xampp\htdocs\it-project\vendor\codeigniter4\framework\system\Commands\Server\rewrite.php(43): require_once('C:\\xampp\\htdocs...')
#11 {main}
CRITICAL - 2022-01-16 05:39:00 --> Undefined property: App\Controllers\Berita::$session
#0 C:\xampp\htdocs\it-project\app\Controllers\Berita.php(49): CodeIgniter\Debug\Exceptions->errorHandler(8, 'Undefined prope...', 'C:\\xampp\\htdocs...', 49, Array)
#1 C:\xampp\htdocs\it-project\vendor\codeigniter4\framework\system\CodeIgniter.php(824): App\Controllers\Berita->save()
#2 C:\xampp\htdocs\it-project\vendor\codeigniter4\framework\system\CodeIgniter.php(410): CodeIgniter\CodeIgniter->runController(Object(App\Controllers\Berita))
#3 C:\xampp\htdocs\it-project\vendor\codeigniter4\framework\system\CodeIgniter.php(318): CodeIgniter\CodeIgniter->handleRequest(NULL, Object(Config\Cache), false)
#4 C:\xampp\htdocs\it-project\public\index.php(37): CodeIgniter\CodeIgniter->run()
#5 C:\xampp\htdocs\it-project\vendor\codeigniter4\framework\system\Commands\Server\rewrite.php(43): require_once('C:\\xampp\\htdocs...')
#6 {main}
CRITICAL - 2022-01-16 05:43:43 --> Undefined property: App\Controllers\Berita::$input
#0 C:\xampp\htdocs\it-project\app\Controllers\Berita.php(43): CodeIgniter\Debug\Exceptions->errorHandler(8, 'Undefined prope...', 'C:\\xampp\\htdocs...', 43, Array)
#1 C:\xampp\htdocs\it-project\vendor\codeigniter4\framework\system\CodeIgniter.php(824): App\Controllers\Berita->save()
#2 C:\xampp\htdocs\it-project\vendor\codeigniter4\framework\system\CodeIgniter.php(410): CodeIgniter\CodeIgniter->runController(Object(App\Controllers\Berita))
#3 C:\xampp\htdocs\it-project\vendor\codeigniter4\framework\system\CodeIgniter.php(318): CodeIgniter\CodeIgniter->handleRequest(NULL, Object(Config\Cache), false)
#4 C:\xampp\htdocs\it-project\public\index.php(37): CodeIgniter\CodeIgniter->run()
#5 C:\xampp\htdocs\it-project\vendor\codeigniter4\framework\system\Commands\Server\rewrite.php(43): require_once('C:\\xampp\\htdocs...')
#6 {main}
CRITICAL - 2022-01-16 05:44:10 --> Undefined property: App\Controllers\Berita::$input
#0 C:\xampp\htdocs\it-project\app\Controllers\Berita.php(43): CodeIgniter\Debug\Exceptions->errorHandler(8, 'Undefined prope...', 'C:\\xampp\\htdocs...', 43, Array)
#1 C:\xampp\htdocs\it-project\vendor\codeigniter4\framework\system\CodeIgniter.php(824): App\Controllers\Berita->save()
#2 C:\xampp\htdocs\it-project\vendor\codeigniter4\framework\system\CodeIgniter.php(410): CodeIgniter\CodeIgniter->runController(Object(App\Controllers\Berita))
#3 C:\xampp\htdocs\it-project\vendor\codeigniter4\framework\system\CodeIgniter.php(318): CodeIgniter\CodeIgniter->handleRequest(NULL, Object(Config\Cache), false)
#4 C:\xampp\htdocs\it-project\public\index.php(37): CodeIgniter\CodeIgniter->run()
#5 C:\xampp\htdocs\it-project\vendor\codeigniter4\framework\system\Commands\Server\rewrite.php(43): require_once('C:\\xampp\\htdocs...')
#6 {main}
CRITICAL - 2022-01-16 05:44:23 --> Undefined property: App\Controllers\Berita::$input
#0 C:\xampp\htdocs\it-project\app\Controllers\Berita.php(43): CodeIgniter\Debug\Exceptions->errorHandler(8, 'Undefined prope...', 'C:\\xampp\\htdocs...', 43, Array)
#1 C:\xampp\htdocs\it-project\vendor\codeigniter4\framework\system\CodeIgniter.php(824): App\Controllers\Berita->save()
#2 C:\xampp\htdocs\it-project\vendor\codeigniter4\framework\system\CodeIgniter.php(410): CodeIgniter\CodeIgniter->runController(Object(App\Controllers\Berita))
#3 C:\xampp\htdocs\it-project\vendor\codeigniter4\framework\system\CodeIgniter.php(318): CodeIgniter\CodeIgniter->handleRequest(NULL, Object(Config\Cache), false)
#4 C:\xampp\htdocs\it-project\public\index.php(37): CodeIgniter\CodeIgniter->run()
#5 C:\xampp\htdocs\it-project\vendor\codeigniter4\framework\system\Commands\Server\rewrite.php(43): require_once('C:\\xampp\\htdocs...')
#6 {main}
CRITICAL - 2022-01-16 07:00:55 --> Trying to get property 'id_berita' of non-object
#0 C:\xampp\htdocs\it-project\app\Views\admin\berita\v_lists.php(54): CodeIgniter\Debug\Exceptions->errorHandler(8, 'Trying to get p...', 'C:\\xampp\\htdocs...', 54, Array)
#1 C:\xampp\htdocs\it-project\vendor\codeigniter4\framework\system\View\View.php(214): include('C:\\xampp\\htdocs...')
#2 C:\xampp\htdocs\it-project\vendor\codeigniter4\framework\system\View\View.php(217): CodeIgniter\View\View->CodeIgniter\View\{closure}()
#3 C:\xampp\htdocs\it-project\vendor\codeigniter4\framework\system\Common.php(1097): CodeIgniter\View\View->render('admin/berita/v_...', Array, true)
#4 C:\xampp\htdocs\it-project\app\Views\admin\layout\v_content.php(3): view('admin/berita/v_...')
#5 C:\xampp\htdocs\it-project\vendor\codeigniter4\framework\system\View\View.php(214): include('C:\\xampp\\htdocs...')
#6 C:\xampp\htdocs\it-project\vendor\codeigniter4\framework\system\View\View.php(217): CodeIgniter\View\View->CodeIgniter\View\{closure}()
#7 C:\xampp\htdocs\it-project\vendor\codeigniter4\framework\system\Common.php(1097): CodeIgniter\View\View->render('admin/layout/v_...', Array, true)
#8 C:\xampp\htdocs\it-project\app\Views\admin\layout\v_wrapper.php(5): view('admin/layout/v_...')
#9 C:\xampp\htdocs\it-project\vendor\codeigniter4\framework\system\View\View.php(214): include('C:\\xampp\\htdocs...')
#10 C:\xampp\htdocs\it-project\vendor\codeigniter4\framework\system\View\View.php(217): CodeIgniter\View\View->CodeIgniter\View\{closure}()
#11 C:\xampp\htdocs\it-project\vendor\codeigniter4\framework\system\Common.php(1097): CodeIgniter\View\View->render('admin/layout/v_...', Array, true)
#12 C:\xampp\htdocs\it-project\app\Controllers\Berita.php(23): view('admin/layout/v_...', Array)
#13 C:\xampp\htdocs\it-project\vendor\codeigniter4\framework\system\CodeIgniter.php(824): App\Controllers\Berita->index()
#14 C:\xampp\htdocs\it-project\vendor\codeigniter4\framework\system\CodeIgniter.php(410): CodeIgniter\CodeIgniter->runController(Object(App\Controllers\Berita))
#15 C:\xampp\htdocs\it-project\vendor\codeigniter4\framework\system\CodeIgniter.php(318): CodeIgniter\CodeIgniter->handleRequest(NULL, Object(Config\Cache), false)
#16 C:\xampp\htdocs\it-project\public\index.php(37): CodeIgniter\CodeIgniter->run()
#17 C:\xampp\htdocs\it-project\vendor\codeigniter4\framework\system\Commands\Server\rewrite.php(43): require_once('C:\\xampp\\htdocs...')
#18 {main}
CRITICAL - 2022-01-16 07:03:23 --> Trying to get property 'id_berita' of non-object
#0 C:\xampp\htdocs\it-project\app\Views\admin\berita\v_lists.php(54): CodeIgniter\Debug\Exceptions->errorHandler(8, 'Trying to get p...', 'C:\\xampp\\htdocs...', 54, Array)
#1 C:\xampp\htdocs\it-project\vendor\codeigniter4\framework\system\View\View.php(214): include('C:\\xampp\\htdocs...')
#2 C:\xampp\htdocs\it-project\vendor\codeigniter4\framework\system\View\View.php(217): CodeIgniter\View\View->CodeIgniter\View\{closure}()
#3 C:\xampp\htdocs\it-project\vendor\codeigniter4\framework\system\Common.php(1097): CodeIgniter\View\View->render('admin/berita/v_...', Array, true)
#4 C:\xampp\htdocs\it-project\app\Views\admin\layout\v_content.php(3): view('admin/berita/v_...')
#5 C:\xampp\htdocs\it-project\vendor\codeigniter4\framework\system\View\View.php(214): include('C:\\xampp\\htdocs...')
#6 C:\xampp\htdocs\it-project\vendor\codeigniter4\framework\system\View\View.php(217): CodeIgniter\View\View->CodeIgniter\View\{closure}()
#7 C:\xampp\htdocs\it-project\vendor\codeigniter4\framework\system\Common.php(1097): CodeIgniter\View\View->render('admin/layout/v_...', Array, true)
#8 C:\xampp\htdocs\it-project\app\Views\admin\layout\v_wrapper.php(5): view('admin/layout/v_...')
#9 C:\xampp\htdocs\it-project\vendor\codeigniter4\framework\system\View\View.php(214): include('C:\\xampp\\htdocs...')
#10 C:\xampp\htdocs\it-project\vendor\codeigniter4\framework\system\View\View.php(217): CodeIgniter\View\View->CodeIgniter\View\{closure}()
#11 C:\xampp\htdocs\it-project\vendor\codeigniter4\framework\system\Common.php(1097): CodeIgniter\View\View->render('admin/layout/v_...', Array, true)
#12 C:\xampp\htdocs\it-project\app\Controllers\Berita.php(23): view('admin/layout/v_...', Array)
#13 C:\xampp\htdocs\it-project\vendor\codeigniter4\framework\system\CodeIgniter.php(824): App\Controllers\Berita->index()
#14 C:\xampp\htdocs\it-project\vendor\codeigniter4\framework\system\CodeIgniter.php(410): CodeIgniter\CodeIgniter->runController(Object(App\Controllers\Berita))
#15 C:\xampp\htdocs\it-project\vendor\codeigniter4\framework\system\CodeIgniter.php(318): CodeIgniter\CodeIgniter->handleRequest(NULL, Object(Config\Cache), false)
#16 C:\xampp\htdocs\it-project\public\index.php(37): CodeIgniter\CodeIgniter->run()
#17 C:\xampp\htdocs\it-project\vendor\codeigniter4\framework\system\Commands\Server\rewrite.php(43): require_once('C:\\xampp\\htdocs...')
#18 {main}
CRITICAL - 2022-01-16 07:03:24 --> Trying to get property 'id_berita' of non-object
#0 C:\xampp\htdocs\it-project\app\Views\admin\berita\v_lists.php(54): CodeIgniter\Debug\Exceptions->errorHandler(8, 'Trying to get p...', 'C:\\xampp\\htdocs...', 54, Array)
#1 C:\xampp\htdocs\it-project\vendor\codeigniter4\framework\system\View\View.php(214): include('C:\\xampp\\htdocs...')
#2 C:\xampp\htdocs\it-project\vendor\codeigniter4\framework\system\View\View.php(217): CodeIgniter\View\View->CodeIgniter\View\{closure}()
#3 C:\xampp\htdocs\it-project\vendor\codeigniter4\framework\system\Common.php(1097): CodeIgniter\View\View->render('admin/berita/v_...', Array, true)
#4 C:\xampp\htdocs\it-project\app\Views\admin\layout\v_content.php(3): view('admin/berita/v_...')
#5 C:\xampp\htdocs\it-project\vendor\codeigniter4\framework\system\View\View.php(214): include('C:\\xampp\\htdocs...')
#6 C:\xampp\htdocs\it-project\vendor\codeigniter4\framework\system\View\View.php(217): CodeIgniter\View\View->CodeIgniter\View\{closure}()
#7 C:\xampp\htdocs\it-project\vendor\codeigniter4\framework\system\Common.php(1097): CodeIgniter\View\View->render('admin/layout/v_...', Array, true)
#8 C:\xampp\htdocs\it-project\app\Views\admin\layout\v_wrapper.php(5): view('admin/layout/v_...')
#9 C:\xampp\htdocs\it-project\vendor\codeigniter4\framework\system\View\View.php(214): include('C:\\xampp\\htdocs...')
#10 C:\xampp\htdocs\it-project\vendor\codeigniter4\framework\system\View\View.php(217): CodeIgniter\View\View->CodeIgniter\View\{closure}()
#11 C:\xampp\htdocs\it-project\vendor\codeigniter4\framework\system\Common.php(1097): CodeIgniter\View\View->render('admin/layout/v_...', Array, true)
#12 C:\xampp\htdocs\it-project\app\Controllers\Berita.php(23): view('admin/layout/v_...', Array)
#13 C:\xampp\htdocs\it-project\vendor\codeigniter4\framework\system\CodeIgniter.php(824): App\Controllers\Berita->index()
#14 C:\xampp\htdocs\it-project\vendor\codeigniter4\framework\system\CodeIgniter.php(410): CodeIgniter\CodeIgniter->runController(Object(App\Controllers\Berita))
#15 C:\xampp\htdocs\it-project\vendor\codeigniter4\framework\system\CodeIgniter.php(318): CodeIgniter\CodeIgniter->handleRequest(NULL, Object(Config\Cache), false)
#16 C:\xampp\htdocs\it-project\public\index.php(37): CodeIgniter\CodeIgniter->run()
#17 C:\xampp\htdocs\it-project\vendor\codeigniter4\framework\system\Commands\Server\rewrite.php(43): require_once('C:\\xampp\\htdocs...')
#18 {main}
CRITICAL - 2022-01-16 07:03:25 --> Trying to get property 'id_berita' of non-object
#0 C:\xampp\htdocs\it-project\app\Views\admin\berita\v_lists.php(54): CodeIgniter\Debug\Exceptions->errorHandler(8, 'Trying to get p...', 'C:\\xampp\\htdocs...', 54, Array)
#1 C:\xampp\htdocs\it-project\vendor\codeigniter4\framework\system\View\View.php(214): include('C:\\xampp\\htdocs...')
#2 C:\xampp\htdocs\it-project\vendor\codeigniter4\framework\system\View\View.php(217): CodeIgniter\View\View->CodeIgniter\View\{closure}()
#3 C:\xampp\htdocs\it-project\vendor\codeigniter4\framework\system\Common.php(1097): CodeIgniter\View\View->render('admin/berita/v_...', Array, true)
#4 C:\xampp\htdocs\it-project\app\Views\admin\layout\v_content.php(3): view('admin/berita/v_...')
#5 C:\xampp\htdocs\it-project\vendor\codeigniter4\framework\system\View\View.php(214): include('C:\\xampp\\htdocs...')
#6 C:\xampp\htdocs\it-project\vendor\codeigniter4\framework\system\View\View.php(217): CodeIgniter\View\View->CodeIgniter\View\{closure}()
#7 C:\xampp\htdocs\it-project\vendor\codeigniter4\framework\system\Common.php(1097): CodeIgniter\View\View->render('admin/layout/v_...', Array, true)
#8 C:\xampp\htdocs\it-project\app\Views\admin\layout\v_wrapper.php(5): view('admin/layout/v_...')
#9 C:\xampp\htdocs\it-project\vendor\codeigniter4\framework\system\View\View.php(214): include('C:\\xampp\\htdocs...')
#10 C:\xampp\htdocs\it-project\vendor\codeigniter4\framework\system\View\View.php(217): CodeIgniter\View\View->CodeIgniter\View\{closure}()
#11 C:\xampp\htdocs\it-project\vendor\codeigniter4\framework\system\Common.php(1097): CodeIgniter\View\View->render('admin/layout/v_...', Array, true)
#12 C:\xampp\htdocs\it-project\app\Controllers\Berita.php(23): view('admin/layout/v_...', Array)
#13 C:\xampp\htdocs\it-project\vendor\codeigniter4\framework\system\CodeIgniter.php(824): App\Controllers\Berita->index()
#14 C:\xampp\htdocs\it-project\vendor\codeigniter4\framework\system\CodeIgniter.php(410): CodeIgniter\CodeIgniter->runController(Object(App\Controllers\Berita))
#15 C:\xampp\htdocs\it-project\vendor\codeigniter4\framework\system\CodeIgniter.php(318): CodeIgniter\CodeIgniter->handleRequest(NULL, Object(Config\Cache), false)
#16 C:\xampp\htdocs\it-project\public\index.php(37): CodeIgniter\CodeIgniter->run()
#17 C:\xampp\htdocs\it-project\vendor\codeigniter4\framework\system\Commands\Server\rewrite.php(43): require_once('C:\\xampp\\htdocs...')
#18 {main}
CRITICAL - 2022-01-16 07:05:01 --> syntax error, unexpected ';', expecting ')'
#0 C:\xampp\htdocs\it-project\vendor\codeigniter4\framework\system\View\View.php(217): CodeIgniter\View\View->CodeIgniter\View\{closure}()
#1 C:\xampp\htdocs\it-project\vendor\codeigniter4\framework\system\Common.php(1097): CodeIgniter\View\View->render('admin/berita/v_...', Array, true)
#2 C:\xampp\htdocs\it-project\app\Views\admin\layout\v_content.php(3): view('admin/berita/v_...')
#3 C:\xampp\htdocs\it-project\vendor\codeigniter4\framework\system\View\View.php(214): include('C:\\xampp\\htdocs...')
#4 C:\xampp\htdocs\it-project\vendor\codeigniter4\framework\system\View\View.php(217): CodeIgniter\View\View->CodeIgniter\View\{closure}()
#5 C:\xampp\htdocs\it-project\vendor\codeigniter4\framework\system\Common.php(1097): CodeIgniter\View\View->render('admin/layout/v_...', Array, true)
#6 C:\xampp\htdocs\it-project\app\Views\admin\layout\v_wrapper.php(5): view('admin/layout/v_...')
#7 C:\xampp\htdocs\it-project\vendor\codeigniter4\framework\system\View\View.php(214): include('C:\\xampp\\htdocs...')
#8 C:\xampp\htdocs\it-project\vendor\codeigniter4\framework\system\View\View.php(217): CodeIgniter\View\View->CodeIgniter\View\{closure}()
#9 C:\xampp\htdocs\it-project\vendor\codeigniter4\framework\system\Common.php(1097): CodeIgniter\View\View->render('admin/layout/v_...', Array, true)
#10 C:\xampp\htdocs\it-project\app\Controllers\Berita.php(23): view('admin/layout/v_...', Array)
#11 C:\xampp\htdocs\it-project\vendor\codeigniter4\framework\system\CodeIgniter.php(824): App\Controllers\Berita->index()
#12 C:\xampp\htdocs\it-project\vendor\codeigniter4\framework\system\CodeIgniter.php(410): CodeIgniter\CodeIgniter->runController(Object(App\Controllers\Berita))
#13 C:\xampp\htdocs\it-project\vendor\codeigniter4\framework\system\CodeIgniter.php(318): CodeIgniter\CodeIgniter->handleRequest(NULL, Object(Config\Cache), false)
#14 C:\xampp\htdocs\it-project\public\index.php(37): CodeIgniter\CodeIgniter->run()
#15 C:\xampp\htdocs\it-project\vendor\codeigniter4\framework\system\Commands\Server\rewrite.php(43): require_once('C:\\xampp\\htdocs...')
#16 {main}
CRITICAL - 2022-01-16 07:08:18 --> syntax error, unexpected ';', expecting ')'
#0 C:\xampp\htdocs\it-project\vendor\codeigniter4\framework\system\View\View.php(217): CodeIgniter\View\View->CodeIgniter\View\{closure}()
#1 C:\xampp\htdocs\it-project\vendor\codeigniter4\framework\system\Common.php(1097): CodeIgniter\View\View->render('admin/berita/v_...', Array, true)
#2 C:\xampp\htdocs\it-project\app\Views\admin\layout\v_content.php(3): view('admin/berita/v_...')
#3 C:\xampp\htdocs\it-project\vendor\codeigniter4\framework\system\View\View.php(214): include('C:\\xampp\\htdocs...')
#4 C:\xampp\htdocs\it-project\vendor\codeigniter4\framework\system\View\View.php(217): CodeIgniter\View\View->CodeIgniter\View\{closure}()
#5 C:\xampp\htdocs\it-project\vendor\codeigniter4\framework\system\Common.php(1097): CodeIgniter\View\View->render('admin/layout/v_...', Array, true)
#6 C:\xampp\htdocs\it-project\app\Views\admin\layout\v_wrapper.php(5): view('admin/layout/v_...')
#7 C:\xampp\htdocs\it-project\vendor\codeigniter4\framework\system\View\View.php(214): include('C:\\xampp\\htdocs...')
#8 C:\xampp\htdocs\it-project\vendor\codeigniter4\framework\system\View\View.php(217): CodeIgniter\View\View->CodeIgniter\View\{closure}()
#9 C:\xampp\htdocs\it-project\vendor\codeigniter4\framework\system\Common.php(1097): CodeIgniter\View\View->render('admin/layout/v_...', Array, true)
#10 C:\xampp\htdocs\it-project\app\Controllers\Berita.php(23): view('admin/layout/v_...', Array)
#11 C:\xampp\htdocs\it-project\vendor\codeigniter4\framework\system\CodeIgniter.php(824): App\Controllers\Berita->index()
#12 C:\xampp\htdocs\it-project\vendor\codeigniter4\framework\system\CodeIgniter.php(410): CodeIgniter\CodeIgniter->runController(Object(App\Controllers\Berita))
#13 C:\xampp\htdocs\it-project\vendor\codeigniter4\framework\system\CodeIgniter.php(318): CodeIgniter\CodeIgniter->handleRequest(NULL, Object(Config\Cache), false)
#14 C:\xampp\htdocs\it-project\public\index.php(37): CodeIgniter\CodeIgniter->run()
#15 C:\xampp\htdocs\it-project\vendor\codeigniter4\framework\system\Commands\Server\rewrite.php(43): require_once('C:\\xampp\\htdocs...')
#16 {main}
CRITICAL - 2022-01-16 07:09:55 --> syntax error, unexpected ';', expecting ')'
#0 C:\xampp\htdocs\it-project\vendor\codeigniter4\framework\system\View\View.php(217): CodeIgniter\View\View->CodeIgniter\View\{closure}()
#1 C:\xampp\htdocs\it-project\vendor\codeigniter4\framework\system\Common.php(1097): CodeIgniter\View\View->render('admin/berita/v_...', Array, true)
#2 C:\xampp\htdocs\it-project\app\Views\admin\layout\v_content.php(3): view('admin/berita/v_...')
#3 C:\xampp\htdocs\it-project\vendor\codeigniter4\framework\system\View\View.php(214): include('C:\\xampp\\htdocs...')
#4 C:\xampp\htdocs\it-project\vendor\codeigniter4\framework\system\View\View.php(217): CodeIgniter\View\View->CodeIgniter\View\{closure}()
#5 C:\xampp\htdocs\it-project\vendor\codeigniter4\framework\system\Common.php(1097): CodeIgniter\View\View->render('admin/layout/v_...', Array, true)
#6 C:\xampp\htdocs\it-project\app\Views\admin\layout\v_wrapper.php(5): view('admin/layout/v_...')
#7 C:\xampp\htdocs\it-project\vendor\codeigniter4\framework\system\View\View.php(214): include('C:\\xampp\\htdocs...')
#8 C:\xampp\htdocs\it-project\vendor\codeigniter4\framework\system\View\View.php(217): CodeIgniter\View\View->CodeIgniter\View\{closure}()
#9 C:\xampp\htdocs\it-project\vendor\codeigniter4\framework\system\Common.php(1097): CodeIgniter\View\View->render('admin/layout/v_...', Array, true)
#10 C:\xampp\htdocs\it-project\app\Controllers\Berita.php(23): view('admin/layout/v_...', Array)
#11 C:\xampp\htdocs\it-project\vendor\codeigniter4\framework\system\CodeIgniter.php(824): App\Controllers\Berita->index()
#12 C:\xampp\htdocs\it-project\vendor\codeigniter4\framework\system\CodeIgniter.php(410): CodeIgniter\CodeIgniter->runController(Object(App\Controllers\Berita))
#13 C:\xampp\htdocs\it-project\vendor\codeigniter4\framework\system\CodeIgniter.php(318): CodeIgniter\CodeIgniter->handleRequest(NULL, Object(Config\Cache), false)
#14 C:\xampp\htdocs\it-project\public\index.php(37): CodeIgniter\CodeIgniter->run()
#15 C:\xampp\htdocs\it-project\vendor\codeigniter4\framework\system\Commands\Server\rewrite.php(43): require_once('C:\\xampp\\htdocs...')
#16 {main}
CRITICAL - 2022-01-16 08:22:26 --> Too few arguments to function App\Models\M_berita::edit_berita(), 1 passed in C:\xampp\htdocs\it-project\app\Controllers\Berita.php on line 64 and exactly 2 expected
#0 C:\xampp\htdocs\it-project\app\Controllers\Berita.php(64): App\Models\M_berita->edit_berita('194')
#1 C:\xampp\htdocs\it-project\vendor\codeigniter4\framework\system\CodeIgniter.php(824): App\Controllers\Berita->edit('194')
#2 C:\xampp\htdocs\it-project\vendor\codeigniter4\framework\system\CodeIgniter.php(410): CodeIgniter\CodeIgniter->runController(Object(App\Controllers\Berita))
#3 C:\xampp\htdocs\it-project\vendor\codeigniter4\framework\system\CodeIgniter.php(318): CodeIgniter\CodeIgniter->handleRequest(NULL, Object(Config\Cache), false)
#4 C:\xampp\htdocs\it-project\public\index.php(37): CodeIgniter\CodeIgniter->run()
#5 C:\xampp\htdocs\it-project\vendor\codeigniter4\framework\system\Commands\Server\rewrite.php(43): require_once('C:\\xampp\\htdocs...')
#6 {main}
ERROR - 2022-01-16 08:37:28 --> Illegal parameter data types int and row for operation '='
CRITICAL - 2022-01-16 08:37:28 --> Illegal parameter data types int and row for operation '='
#0 C:\xampp\htdocs\it-project\vendor\codeigniter4\framework\system\Database\MySQLi\Connection.php(292): mysqli->query('SELECT *\nFROM `...', 0)
#1 C:\xampp\htdocs\it-project\vendor\codeigniter4\framework\system\Database\BaseConnection.php(670): CodeIgniter\Database\MySQLi\Connection->execute('SELECT *\nFROM `...')
#2 C:\xampp\htdocs\it-project\vendor\codeigniter4\framework\system\Database\BaseConnection.php(598): CodeIgniter\Database\BaseConnection->simpleQuery('SELECT *\nFROM `...')
#3 C:\xampp\htdocs\it-project\vendor\codeigniter4\framework\system\Database\BaseBuilder.php(1443): CodeIgniter\Database\BaseConnection->query('SELECT *\nFROM `...', Array, false)
#4 C:\xampp\htdocs\it-project\app\Models\M_berita.php(21): CodeIgniter\Database\BaseBuilder->get()
#5 C:\xampp\htdocs\it-project\app\Controllers\Berita.php(82): App\Models\M_berita->edit_berita(Array, '194')
#6 C:\xampp\htdocs\it-project\vendor\codeigniter4\framework\system\CodeIgniter.php(824): App\Controllers\Berita->edit('194')
#7 C:\xampp\htdocs\it-project\vendor\codeigniter4\framework\system\CodeIgniter.php(410): CodeIgniter\CodeIgniter->runController(Object(App\Controllers\Berita))
#8 C:\xampp\htdocs\it-project\vendor\codeigniter4\framework\system\CodeIgniter.php(318): CodeIgniter\CodeIgniter->handleRequest(NULL, Object(Config\Cache), false)
#9 C:\xampp\htdocs\it-project\public\index.php(37): CodeIgniter\CodeIgniter->run()
#10 C:\xampp\htdocs\it-project\vendor\codeigniter4\framework\system\Commands\Server\rewrite.php(43): require_once('C:\\xampp\\htdocs...')
#11 {main}
ERROR - 2022-01-16 08:37:42 --> Illegal parameter data types int and row for operation '='
CRITICAL - 2022-01-16 08:37:42 --> Illegal parameter data types int and row for operation '='
#0 C:\xampp\htdocs\it-project\vendor\codeigniter4\framework\system\Database\MySQLi\Connection.php(292): mysqli->query('SELECT *\nFROM `...', 0)
#1 C:\xampp\htdocs\it-project\vendor\codeigniter4\framework\system\Database\BaseConnection.php(670): CodeIgniter\Database\MySQLi\Connection->execute('SELECT *\nFROM `...')
#2 C:\xampp\htdocs\it-project\vendor\codeigniter4\framework\system\Database\BaseConnection.php(598): CodeIgniter\Database\BaseConnection->simpleQuery('SELECT *\nFROM `...')
#3 C:\xampp\htdocs\it-project\vendor\codeigniter4\framework\system\Database\BaseBuilder.php(1443): CodeIgniter\Database\BaseConnection->query('SELECT *\nFROM `...', Array, false)
#4 C:\xampp\htdocs\it-project\app\Models\M_berita.php(21): CodeIgniter\Database\BaseBuilder->get()
#5 C:\xampp\htdocs\it-project\app\Controllers\Berita.php(82): App\Models\M_berita->edit_berita(Array, '194')
#6 C:\xampp\htdocs\it-project\vendor\codeigniter4\framework\system\CodeIgniter.php(824): App\Controllers\Berita->edit('194')
#7 C:\xampp\htdocs\it-project\vendor\codeigniter4\framework\system\CodeIgniter.php(410): CodeIgniter\CodeIgniter->runController(Object(App\Controllers\Berita))
#8 C:\xampp\htdocs\it-project\vendor\codeigniter4\framework\system\CodeIgniter.php(318): CodeIgniter\CodeIgniter->handleRequest(NULL, Object(Config\Cache), false)
#9 C:\xampp\htdocs\it-project\public\index.php(37): CodeIgniter\CodeIgniter->run()
#10 C:\xampp\htdocs\it-project\vendor\codeigniter4\framework\system\Commands\Server\rewrite.php(43): require_once('C:\\xampp\\htdocs...')
#11 {main}
ERROR - 2022-01-16 08:38:29 --> Illegal parameter data types int and row for operation '='
CRITICAL - 2022-01-16 08:38:29 --> Illegal parameter data types int and row for operation '='
#0 C:\xampp\htdocs\it-project\vendor\codeigniter4\framework\system\Database\MySQLi\Connection.php(292): mysqli->query('SELECT *\nFROM `...', 0)
#1 C:\xampp\htdocs\it-project\vendor\codeigniter4\framework\system\Database\BaseConnection.php(670): CodeIgniter\Database\MySQLi\Connection->execute('SELECT *\nFROM `...')
#2 C:\xampp\htdocs\it-project\vendor\codeigniter4\framework\system\Database\BaseConnection.php(598): CodeIgniter\Database\BaseConnection->simpleQuery('SELECT *\nFROM `...')
#3 C:\xampp\htdocs\it-project\vendor\codeigniter4\framework\system\Database\BaseBuilder.php(1443): CodeIgniter\Database\BaseConnection->query('SELECT *\nFROM `...', Array, false)
#4 C:\xampp\htdocs\it-project\app\Models\M_berita.php(21): CodeIgniter\Database\BaseBuilder->get()
#5 C:\xampp\htdocs\it-project\app\Controllers\Berita.php(82): App\Models\M_berita->edit_berita(Array, '194')
#6 C:\xampp\htdocs\it-project\vendor\codeigniter4\framework\system\CodeIgniter.php(824): App\Controllers\Berita->edit('194')
#7 C:\xampp\htdocs\it-project\vendor\codeigniter4\framework\system\CodeIgniter.php(410): CodeIgniter\CodeIgniter->runController(Object(App\Controllers\Berita))
#8 C:\xampp\htdocs\it-project\vendor\codeigniter4\framework\system\CodeIgniter.php(318): CodeIgniter\CodeIgniter->handleRequest(NULL, Object(Config\Cache), false)
#9 C:\xampp\htdocs\it-project\public\index.php(37): CodeIgniter\CodeIgniter->run()
#10 C:\xampp\htdocs\it-project\vendor\codeigniter4\framework\system\Commands\Server\rewrite.php(43): require_once('C:\\xampp\\htdocs...')
#11 {main}
ERROR - 2022-01-16 08:38:40 --> Illegal parameter data types int and row for operation '='
CRITICAL - 2022-01-16 08:38:40 --> Illegal parameter data types int and row for operation '='
#0 C:\xampp\htdocs\it-project\vendor\codeigniter4\framework\system\Database\MySQLi\Connection.php(292): mysqli->query('SELECT *\nFROM `...', 0)
#1 C:\xampp\htdocs\it-project\vendor\codeigniter4\framework\system\Database\BaseConnection.php(670): CodeIgniter\Database\MySQLi\Connection->execute('SELECT *\nFROM `...')
#2 C:\xampp\htdocs\it-project\vendor\codeigniter4\framework\system\Database\BaseConnection.php(598): CodeIgniter\Database\BaseConnection->simpleQuery('SELECT *\nFROM `...')
#3 C:\xampp\htdocs\it-project\vendor\codeigniter4\framework\system\Database\BaseBuilder.php(1443): CodeIgniter\Database\BaseConnection->query('SELECT *\nFROM `...', Array, false)
#4 C:\xampp\htdocs\it-project\app\Models\M_berita.php(21): CodeIgniter\Database\BaseBuilder->get()
#5 C:\xampp\htdocs\it-project\app\Controllers\Berita.php(82): App\Models\M_berita->edit_berita(Array, '194')
#6 C:\xampp\htdocs\it-project\vendor\codeigniter4\framework\system\CodeIgniter.php(824): App\Controllers\Berita->edit('194')
#7 C:\xampp\htdocs\it-project\vendor\codeigniter4\framework\system\CodeIgniter.php(410): CodeIgniter\CodeIgniter->runController(Object(App\Controllers\Berita))
#8 C:\xampp\htdocs\it-project\vendor\codeigniter4\framework\system\CodeIgniter.php(318): CodeIgniter\CodeIgniter->handleRequest(NULL, Object(Config\Cache), false)
#9 C:\xampp\htdocs\it-project\public\index.php(37): CodeIgniter\CodeIgniter->run()
#10 C:\xampp\htdocs\it-project\vendor\codeigniter4\framework\system\Commands\Server\rewrite.php(43): require_once('C:\\xampp\\htdocs...')
#11 {main}
CRITICAL - 2022-01-16 08:50:54 --> Trying to get property 'gambar_berita' of non-object
#0 C:\xampp\htdocs\it-project\app\Views\admin\berita\v_edit.php(36): CodeIgniter\Debug\Exceptions->errorHandler(8, 'Trying to get p...', 'C:\\xampp\\htdocs...', 36, Array)
#1 C:\xampp\htdocs\it-project\vendor\codeigniter4\framework\system\View\View.php(214): include('C:\\xampp\\htdocs...')
#2 C:\xampp\htdocs\it-project\vendor\codeigniter4\framework\system\View\View.php(217): CodeIgniter\View\View->CodeIgniter\View\{closure}()
#3 C:\xampp\htdocs\it-project\vendor\codeigniter4\framework\system\Common.php(1097): CodeIgniter\View\View->render('admin/berita/v_...', Array, true)
#4 C:\xampp\htdocs\it-project\app\Views\admin\layout\v_content.php(3): view('admin/berita/v_...')
#5 C:\xampp\htdocs\it-project\vendor\codeigniter4\framework\system\View\View.php(214): include('C:\\xampp\\htdocs...')
#6 C:\xampp\htdocs\it-project\vendor\codeigniter4\framework\system\View\View.php(217): CodeIgniter\View\View->CodeIgniter\View\{closure}()
#7 C:\xampp\htdocs\it-project\vendor\codeigniter4\framework\system\Common.php(1097): CodeIgniter\View\View->render('admin/layout/v_...', Array, true)
#8 C:\xampp\htdocs\it-project\app\Views\admin\layout\v_wrapper.php(5): view('admin/layout/v_...')
#9 C:\xampp\htdocs\it-project\vendor\codeigniter4\framework\system\View\View.php(214): include('C:\\xampp\\htdocs...')
#10 C:\xampp\htdocs\it-project\vendor\codeigniter4\framework\system\View\View.php(217): CodeIgniter\View\View->CodeIgniter\View\{closure}()
#11 C:\xampp\htdocs\it-project\vendor\codeigniter4\framework\system\Common.php(1097): CodeIgniter\View\View->render('admin/layout/v_...', Array, true)
#12 C:\xampp\htdocs\it-project\app\Controllers\Berita.php(67): view('admin/layout/v_...', Array)
#13 C:\xampp\htdocs\it-project\vendor\codeigniter4\framework\system\CodeIgniter.php(824): App\Controllers\Berita->edit('196')
#14 C:\xampp\htdocs\it-project\vendor\codeigniter4\framework\system\CodeIgniter.php(410): CodeIgniter\CodeIgniter->runController(Object(App\Controllers\Berita))
#15 C:\xampp\htdocs\it-project\vendor\codeigniter4\framework\system\CodeIgniter.php(318): CodeIgniter\CodeIgniter->handleRequest(NULL, Object(Config\Cache), false)
#16 C:\xampp\htdocs\it-project\public\index.php(37): CodeIgniter\CodeIgniter->run()
#17 C:\xampp\htdocs\it-project\vendor\codeigniter4\framework\system\Commands\Server\rewrite.php(43): require_once('C:\\xampp\\htdocs...')
#18 {main}
CRITICAL - 2022-01-16 21:59:37 --> Call to undefined function form_open()
#0 C:\xampp\htdocs\it-project\vendor\codeigniter4\framework\system\View\View.php(214): include()
#1 C:\xampp\htdocs\it-project\vendor\codeigniter4\framework\system\View\View.php(217): CodeIgniter\View\View->CodeIgniter\View\{closure}()
#2 C:\xampp\htdocs\it-project\vendor\codeigniter4\framework\system\Common.php(1097): CodeIgniter\View\View->render('admin/berita/v_...', Array, true)
#3 C:\xampp\htdocs\it-project\app\Views\admin\layout\v_content.php(3): view('admin/berita/v_...')
#4 C:\xampp\htdocs\it-project\vendor\codeigniter4\framework\system\View\View.php(214): include('C:\\xampp\\htdocs...')
#5 C:\xampp\htdocs\it-project\vendor\codeigniter4\framework\system\View\View.php(217): CodeIgniter\View\View->CodeIgniter\View\{closure}()
#6 C:\xampp\htdocs\it-project\vendor\codeigniter4\framework\system\Common.php(1097): CodeIgniter\View\View->render('admin/layout/v_...', Array, true)
#7 C:\xampp\htdocs\it-project\app\Views\admin\layout\v_wrapper.php(5): view('admin/layout/v_...')
#8 C:\xampp\htdocs\it-project\vendor\codeigniter4\framework\system\View\View.php(214): include('C:\\xampp\\htdocs...')
#9 C:\xampp\htdocs\it-project\vendor\codeigniter4\framework\system\View\View.php(217): CodeIgniter\View\View->CodeIgniter\View\{closure}()
#10 C:\xampp\htdocs\it-project\vendor\codeigniter4\framework\system\Common.php(1097): CodeIgniter\View\View->render('admin/layout/v_...', Array, true)
#11 C:\xampp\htdocs\it-project\app\Controllers\Berita.php(35): view('admin/layout/v_...', Array)
#12 C:\xampp\htdocs\it-project\vendor\codeigniter4\framework\system\CodeIgniter.php(824): App\Controllers\Berita->tambah()
#13 C:\xampp\htdocs\it-project\vendor\codeigniter4\framework\system\CodeIgniter.php(410): CodeIgniter\CodeIgniter->runController(Object(App\Controllers\Berita))
#14 C:\xampp\htdocs\it-project\vendor\codeigniter4\framework\system\CodeIgniter.php(318): CodeIgniter\CodeIgniter->handleRequest(NULL, Object(Config\Cache), false)
#15 C:\xampp\htdocs\it-project\public\index.php(37): CodeIgniter\CodeIgniter->run()
#16 C:\xampp\htdocs\it-project\vendor\codeigniter4\framework\system\Commands\Server\rewrite.php(43): require_once('C:\\xampp\\htdocs...')
#17 {main}
CRITICAL - 2022-01-16 22:34:42 --> Undefined property: App\Controllers\Berita::$form_validation
#0 C:\xampp\htdocs\it-project\app\Controllers\Berita.php(41): CodeIgniter\Debug\Exceptions->errorHandler(8, 'Undefined prope...', 'C:\\xampp\\htdocs...', 41, Array)
#1 C:\xampp\htdocs\it-project\vendor\codeigniter4\framework\system\CodeIgniter.php(824): App\Controllers\Berita->save()
#2 C:\xampp\htdocs\it-project\vendor\codeigniter4\framework\system\CodeIgniter.php(410): CodeIgniter\CodeIgniter->runController(Object(App\Controllers\Berita))
#3 C:\xampp\htdocs\it-project\vendor\codeigniter4\framework\system\CodeIgniter.php(318): CodeIgniter\CodeIgniter->handleRequest(NULL, Object(Config\Cache), false)
#4 C:\xampp\htdocs\it-project\public\index.php(37): CodeIgniter\CodeIgniter->run()
#5 C:\xampp\htdocs\it-project\vendor\codeigniter4\framework\system\Commands\Server\rewrite.php(43): require_once('C:\\xampp\\htdocs...')
#6 {main}
CRITICAL - 2022-01-16 22:35:27 --> Undefined property: App\Controllers\Berita::$form_validation
#0 C:\xampp\htdocs\it-project\app\Controllers\Berita.php(42): CodeIgniter\Debug\Exceptions->errorHandler(8, 'Undefined prope...', 'C:\\xampp\\htdocs...', 42, Array)
#1 C:\xampp\htdocs\it-project\vendor\codeigniter4\framework\system\CodeIgniter.php(824): App\Controllers\Berita->save()
#2 C:\xampp\htdocs\it-project\vendor\codeigniter4\framework\system\CodeIgniter.php(410): CodeIgniter\CodeIgniter->runController(Object(App\Controllers\Berita))
#3 C:\xampp\htdocs\it-project\vendor\codeigniter4\framework\system\CodeIgniter.php(318): CodeIgniter\CodeIgniter->handleRequest(NULL, Object(Config\Cache), false)
#4 C:\xampp\htdocs\it-project\public\index.php(37): CodeIgniter\CodeIgniter->run()
#5 C:\xampp\htdocs\it-project\vendor\codeigniter4\framework\system\Commands\Server\rewrite.php(43): require_once('C:\\xampp\\htdocs...')
#6 {main}
CRITICAL - 2022-01-16 22:35:30 --> Undefined property: App\Controllers\Berita::$form_validation
#0 C:\xampp\htdocs\it-project\app\Controllers\Berita.php(42): CodeIgniter\Debug\Exceptions->errorHandler(8, 'Undefined prope...', 'C:\\xampp\\htdocs...', 42, Array)
#1 C:\xampp\htdocs\it-project\vendor\codeigniter4\framework\system\CodeIgniter.php(824): App\Controllers\Berita->save()
#2 C:\xampp\htdocs\it-project\vendor\codeigniter4\framework\system\CodeIgniter.php(410): CodeIgniter\CodeIgniter->runController(Object(App\Controllers\Berita))
#3 C:\xampp\htdocs\it-project\vendor\codeigniter4\framework\system\CodeIgniter.php(318): CodeIgniter\CodeIgniter->handleRequest(NULL, Object(Config\Cache), false)
#4 C:\xampp\htdocs\it-project\public\index.php(37): CodeIgniter\CodeIgniter->run()
#5 C:\xampp\htdocs\it-project\vendor\codeigniter4\framework\system\Commands\Server\rewrite.php(43): require_once('C:\\xampp\\htdocs...')
#6 {main}
