CRITICAL - 2022-01-23 03:32:33 --> Undefined property: App\Controllers\Auth::$Model_Auth
#0 C:\xampp\htdocs\it-project\app\Controllers\Auth.php(45): CodeIgniter\Debug\Exceptions->errorHandler(2, 'Undefined prope...', 'C:\\xampp\\htdocs...', 45)
#1 C:\xampp\htdocs\it-project\vendor\codeigniter4\framework\system\CodeIgniter.php(824): App\Controllers\Auth->cek_login()
#2 C:\xampp\htdocs\it-project\vendor\codeigniter4\framework\system\CodeIgniter.php(410): CodeIgniter\CodeIgniter->runController(Object(App\Controllers\Auth))
#3 C:\xampp\htdocs\it-project\vendor\codeigniter4\framework\system\CodeIgniter.php(318): CodeIgniter\CodeIgniter->handleRequest(NULL, Object(Config\Cache), false)
#4 C:\xampp\htdocs\it-project\public\index.php(37): CodeIgniter\CodeIgniter->run()
#5 C:\xampp\htdocs\it-project\vendor\codeigniter4\framework\system\Commands\Server\rewrite.php(43): require_once('C:\\xampp\\htdocs...')
#6 {main}
CRITICAL - 2022-01-23 03:48:29 --> Invalid file: admin/layout/v_nav.php
#0 C:\xampp\htdocs\it-project\vendor\codeigniter4\framework\system\View\View.php(198): CodeIgniter\Exceptions\FrameworkException::forInvalidFile('admin/layout/v_...')
#1 C:\xampp\htdocs\it-project\vendor\codeigniter4\framework\system\Common.php(1097): CodeIgniter\View\View->render('admin/layout/v_...', Array, true)
#2 C:\xampp\htdocs\it-project\app\Views\admin\layout\v_wrapper.php(3): view('admin/layout/v_...')
#3 C:\xampp\htdocs\it-project\vendor\codeigniter4\framework\system\View\View.php(214): include('C:\\xampp\\htdocs...')
#4 C:\xampp\htdocs\it-project\vendor\codeigniter4\framework\system\View\View.php(217): CodeIgniter\View\View->CodeIgniter\View\{closure}()
#5 C:\xampp\htdocs\it-project\vendor\codeigniter4\framework\system\Common.php(1097): CodeIgniter\View\View->render('admin/layout/v_...', Array, true)
#6 C:\xampp\htdocs\it-project\app\Controllers\Home.php(21): view('admin/layout/v_...', Array)
#7 C:\xampp\htdocs\it-project\vendor\codeigniter4\framework\system\CodeIgniter.php(824): App\Controllers\Home->index()
#8 C:\xampp\htdocs\it-project\vendor\codeigniter4\framework\system\CodeIgniter.php(410): CodeIgniter\CodeIgniter->runController(Object(App\Controllers\Home))
#9 C:\xampp\htdocs\it-project\vendor\codeigniter4\framework\system\CodeIgniter.php(318): CodeIgniter\CodeIgniter->handleRequest(NULL, Object(Config\Cache), false)
#10 C:\xampp\htdocs\it-project\public\index.php(37): CodeIgniter\CodeIgniter->run()
#11 C:\xampp\htdocs\it-project\vendor\codeigniter4\framework\system\Commands\Server\rewrite.php(43): require_once('C:\\xampp\\htdocs...')
#12 {main}
CRITICAL - 2022-01-23 03:48:46 --> Invalid file: admin/layout/v_content.php
#0 C:\xampp\htdocs\it-project\vendor\codeigniter4\framework\system\View\View.php(198): CodeIgniter\Exceptions\FrameworkException::forInvalidFile('admin/layout/v_...')
#1 C:\xampp\htdocs\it-project\vendor\codeigniter4\framework\system\Common.php(1097): CodeIgniter\View\View->render('admin/layout/v_...', Array, true)
#2 C:\xampp\htdocs\it-project\app\Views\admin\layout\v_wrapper.php(5): view('admin/layout/v_...')
#3 C:\xampp\htdocs\it-project\vendor\codeigniter4\framework\system\View\View.php(214): include('C:\\xampp\\htdocs...')
#4 C:\xampp\htdocs\it-project\vendor\codeigniter4\framework\system\View\View.php(217): CodeIgniter\View\View->CodeIgniter\View\{closure}()
#5 C:\xampp\htdocs\it-project\vendor\codeigniter4\framework\system\Common.php(1097): CodeIgniter\View\View->render('admin/layout/v_...', Array, true)
#6 C:\xampp\htdocs\it-project\app\Controllers\Home.php(21): view('admin/layout/v_...', Array)
#7 C:\xampp\htdocs\it-project\vendor\codeigniter4\framework\system\CodeIgniter.php(824): App\Controllers\Home->index()
#8 C:\xampp\htdocs\it-project\vendor\codeigniter4\framework\system\CodeIgniter.php(410): CodeIgniter\CodeIgniter->runController(Object(App\Controllers\Home))
#9 C:\xampp\htdocs\it-project\vendor\codeigniter4\framework\system\CodeIgniter.php(318): CodeIgniter\CodeIgniter->handleRequest(NULL, Object(Config\Cache), false)
#10 C:\xampp\htdocs\it-project\public\index.php(37): CodeIgniter\CodeIgniter->run()
#11 C:\xampp\htdocs\it-project\vendor\codeigniter4\framework\system\Commands\Server\rewrite.php(43): require_once('C:\\xampp\\htdocs...')
#12 {main}
CRITICAL - 2022-01-23 04:25:13 --> Class "App\Controllers\BaseController" not found
#0 C:\xampp\htdocs\it-project\vendor\codeigniter4\framework\system\Router\Router.php(519): include_once()
#1 C:\xampp\htdocs\it-project\vendor\codeigniter4\framework\system\Router\Router.php(176): CodeIgniter\Router\Router->autoRoute('admin/home')
#2 C:\xampp\htdocs\it-project\vendor\codeigniter4\framework\system\CodeIgniter.php(718): CodeIgniter\Router\Router->handle('admin/home')
#3 C:\xampp\htdocs\it-project\vendor\codeigniter4\framework\system\CodeIgniter.php(359): CodeIgniter\CodeIgniter->tryToRouteIt(Object(CodeIgniter\Router\RouteCollection))
#4 C:\xampp\htdocs\it-project\vendor\codeigniter4\framework\system\CodeIgniter.php(318): CodeIgniter\CodeIgniter->handleRequest(NULL, Object(Config\Cache), false)
#5 C:\xampp\htdocs\it-project\public\index.php(37): CodeIgniter\CodeIgniter->run()
#6 C:\xampp\htdocs\it-project\vendor\codeigniter4\framework\system\Commands\Server\rewrite.php(43): require_once('C:\\xampp\\htdocs...')
#7 {main}
CRITICAL - 2022-01-23 04:25:26 --> Cannot declare class App\Controllers\Home, because the name is already in use
#0 [internal function]: CodeIgniter\Debug\Exceptions->shutdownHandler()
#1 {main}
CRITICAL - 2022-01-23 04:25:50 --> Cannot declare class App\Controllers\Home, because the name is already in use
#0 [internal function]: CodeIgniter\Debug\Exceptions->shutdownHandler()
#1 {main}
CRITICAL - 2022-01-23 04:25:52 --> Cannot declare class App\Controllers\Home, because the name is already in use
#0 [internal function]: CodeIgniter\Debug\Exceptions->shutdownHandler()
#1 {main}
CRITICAL - 2022-01-23 04:25:53 --> Cannot declare class App\Controllers\Home, because the name is already in use
#0 [internal function]: CodeIgniter\Debug\Exceptions->shutdownHandler()
#1 {main}
CRITICAL - 2022-01-23 04:25:53 --> Cannot declare class App\Controllers\Home, because the name is already in use
#0 [internal function]: CodeIgniter\Debug\Exceptions->shutdownHandler()
#1 {main}
CRITICAL - 2022-01-23 04:25:53 --> Cannot declare class App\Controllers\Home, because the name is already in use
#0 [internal function]: CodeIgniter\Debug\Exceptions->shutdownHandler()
#1 {main}
CRITICAL - 2022-01-23 04:25:53 --> Cannot declare class App\Controllers\Home, because the name is already in use
#0 [internal function]: CodeIgniter\Debug\Exceptions->shutdownHandler()
#1 {main}
CRITICAL - 2022-01-23 04:25:54 --> Cannot declare class App\Controllers\Home, because the name is already in use
#0 [internal function]: CodeIgniter\Debug\Exceptions->shutdownHandler()
#1 {main}
CRITICAL - 2022-01-23 04:25:54 --> Cannot declare class App\Controllers\Home, because the name is already in use
#0 [internal function]: CodeIgniter\Debug\Exceptions->shutdownHandler()
#1 {main}
CRITICAL - 2022-01-23 04:25:54 --> Cannot declare class App\Controllers\Home, because the name is already in use
#0 [internal function]: CodeIgniter\Debug\Exceptions->shutdownHandler()
#1 {main}
CRITICAL - 2022-01-23 04:25:54 --> Cannot declare class App\Controllers\Home, because the name is already in use
#0 [internal function]: CodeIgniter\Debug\Exceptions->shutdownHandler()
#1 {main}
CRITICAL - 2022-01-23 04:25:55 --> Cannot declare class App\Controllers\Home, because the name is already in use
#0 [internal function]: CodeIgniter\Debug\Exceptions->shutdownHandler()
#1 {main}
CRITICAL - 2022-01-23 04:25:55 --> Cannot declare class App\Controllers\Home, because the name is already in use
#0 [internal function]: CodeIgniter\Debug\Exceptions->shutdownHandler()
#1 {main}
CRITICAL - 2022-01-23 04:25:55 --> Cannot declare class App\Controllers\Home, because the name is already in use
#0 [internal function]: CodeIgniter\Debug\Exceptions->shutdownHandler()
#1 {main}
CRITICAL - 2022-01-23 04:25:55 --> Cannot declare class App\Controllers\Home, because the name is already in use
#0 [internal function]: CodeIgniter\Debug\Exceptions->shutdownHandler()
#1 {main}
CRITICAL - 2022-01-23 04:25:55 --> Cannot declare class App\Controllers\Home, because the name is already in use
#0 [internal function]: CodeIgniter\Debug\Exceptions->shutdownHandler()
#1 {main}
CRITICAL - 2022-01-23 04:25:56 --> Cannot declare class App\Controllers\Home, because the name is already in use
#0 [internal function]: CodeIgniter\Debug\Exceptions->shutdownHandler()
#1 {main}
CRITICAL - 2022-01-23 04:25:56 --> Cannot declare class App\Controllers\Home, because the name is already in use
#0 [internal function]: CodeIgniter\Debug\Exceptions->shutdownHandler()
#1 {main}
CRITICAL - 2022-01-23 04:25:56 --> Cannot declare class App\Controllers\Home, because the name is already in use
#0 [internal function]: CodeIgniter\Debug\Exceptions->shutdownHandler()
#1 {main}
CRITICAL - 2022-01-23 04:25:56 --> Cannot declare class App\Controllers\Home, because the name is already in use
#0 [internal function]: CodeIgniter\Debug\Exceptions->shutdownHandler()
#1 {main}
CRITICAL - 2022-01-23 04:25:57 --> Cannot declare class App\Controllers\Home, because the name is already in use
#0 [internal function]: CodeIgniter\Debug\Exceptions->shutdownHandler()
#1 {main}
CRITICAL - 2022-01-23 04:26:12 --> Cannot declare class App\Controllers\Home, because the name is already in use
#0 [internal function]: CodeIgniter\Debug\Exceptions->shutdownHandler()
#1 {main}
CRITICAL - 2022-01-23 04:30:58 --> Class "App\admin\Controllers\BaseController" not found
#0 C:\xampp\htdocs\it-project\vendor\codeigniter4\framework\system\Router\Router.php(519): include_once()
#1 C:\xampp\htdocs\it-project\vendor\codeigniter4\framework\system\Router\Router.php(176): CodeIgniter\Router\Router->autoRoute('admin/home')
#2 C:\xampp\htdocs\it-project\vendor\codeigniter4\framework\system\CodeIgniter.php(718): CodeIgniter\Router\Router->handle('admin/home')
#3 C:\xampp\htdocs\it-project\vendor\codeigniter4\framework\system\CodeIgniter.php(359): CodeIgniter\CodeIgniter->tryToRouteIt(Object(CodeIgniter\Router\RouteCollection))
#4 C:\xampp\htdocs\it-project\vendor\codeigniter4\framework\system\CodeIgniter.php(318): CodeIgniter\CodeIgniter->handleRequest(NULL, Object(Config\Cache), false)
#5 C:\xampp\htdocs\it-project\public\index.php(37): CodeIgniter\CodeIgniter->run()
#6 C:\xampp\htdocs\it-project\vendor\codeigniter4\framework\system\Commands\Server\rewrite.php(43): require_once('C:\\xampp\\htdocs...')
#7 {main}
CRITICAL - 2022-01-23 04:30:59 --> Class "App\admin\Controllers\BaseController" not found
#0 C:\xampp\htdocs\it-project\vendor\codeigniter4\framework\system\Router\Router.php(519): include_once()
#1 C:\xampp\htdocs\it-project\vendor\codeigniter4\framework\system\Router\Router.php(176): CodeIgniter\Router\Router->autoRoute('admin/home')
#2 C:\xampp\htdocs\it-project\vendor\codeigniter4\framework\system\CodeIgniter.php(718): CodeIgniter\Router\Router->handle('admin/home')
#3 C:\xampp\htdocs\it-project\vendor\codeigniter4\framework\system\CodeIgniter.php(359): CodeIgniter\CodeIgniter->tryToRouteIt(Object(CodeIgniter\Router\RouteCollection))
#4 C:\xampp\htdocs\it-project\vendor\codeigniter4\framework\system\CodeIgniter.php(318): CodeIgniter\CodeIgniter->handleRequest(NULL, Object(Config\Cache), false)
#5 C:\xampp\htdocs\it-project\public\index.php(37): CodeIgniter\CodeIgniter->run()
#6 C:\xampp\htdocs\it-project\vendor\codeigniter4\framework\system\Commands\Server\rewrite.php(43): require_once('C:\\xampp\\htdocs...')
#7 {main}
CRITICAL - 2022-01-23 04:31:15 --> Class "App\admin\Controllers\BaseController" not found
#0 C:\xampp\htdocs\it-project\vendor\codeigniter4\framework\system\Router\Router.php(519): include_once()
#1 C:\xampp\htdocs\it-project\vendor\codeigniter4\framework\system\Router\Router.php(176): CodeIgniter\Router\Router->autoRoute('admin/home')
#2 C:\xampp\htdocs\it-project\vendor\codeigniter4\framework\system\CodeIgniter.php(718): CodeIgniter\Router\Router->handle('admin/home')
#3 C:\xampp\htdocs\it-project\vendor\codeigniter4\framework\system\CodeIgniter.php(359): CodeIgniter\CodeIgniter->tryToRouteIt(Object(CodeIgniter\Router\RouteCollection))
#4 C:\xampp\htdocs\it-project\vendor\codeigniter4\framework\system\CodeIgniter.php(318): CodeIgniter\CodeIgniter->handleRequest(NULL, Object(Config\Cache), false)
#5 C:\xampp\htdocs\it-project\public\index.php(37): CodeIgniter\CodeIgniter->run()
#6 C:\xampp\htdocs\it-project\vendor\codeigniter4\framework\system\Commands\Server\rewrite.php(43): require_once('C:\\xampp\\htdocs...')
#7 {main}
CRITICAL - 2022-01-23 04:31:16 --> Class "App\admin\Controllers\BaseController" not found
#0 C:\xampp\htdocs\it-project\vendor\codeigniter4\framework\system\Router\Router.php(519): include_once()
#1 C:\xampp\htdocs\it-project\vendor\codeigniter4\framework\system\Router\Router.php(176): CodeIgniter\Router\Router->autoRoute('admin/home')
#2 C:\xampp\htdocs\it-project\vendor\codeigniter4\framework\system\CodeIgniter.php(718): CodeIgniter\Router\Router->handle('admin/home')
#3 C:\xampp\htdocs\it-project\vendor\codeigniter4\framework\system\CodeIgniter.php(359): CodeIgniter\CodeIgniter->tryToRouteIt(Object(CodeIgniter\Router\RouteCollection))
#4 C:\xampp\htdocs\it-project\vendor\codeigniter4\framework\system\CodeIgniter.php(318): CodeIgniter\CodeIgniter->handleRequest(NULL, Object(Config\Cache), false)
#5 C:\xampp\htdocs\it-project\public\index.php(37): CodeIgniter\CodeIgniter->run()
#6 C:\xampp\htdocs\it-project\vendor\codeigniter4\framework\system\Commands\Server\rewrite.php(43): require_once('C:\\xampp\\htdocs...')
#7 {main}
CRITICAL - 2022-01-23 04:31:16 --> Class "App\admin\Controllers\BaseController" not found
#0 C:\xampp\htdocs\it-project\vendor\codeigniter4\framework\system\Router\Router.php(519): include_once()
#1 C:\xampp\htdocs\it-project\vendor\codeigniter4\framework\system\Router\Router.php(176): CodeIgniter\Router\Router->autoRoute('admin/home')
#2 C:\xampp\htdocs\it-project\vendor\codeigniter4\framework\system\CodeIgniter.php(718): CodeIgniter\Router\Router->handle('admin/home')
#3 C:\xampp\htdocs\it-project\vendor\codeigniter4\framework\system\CodeIgniter.php(359): CodeIgniter\CodeIgniter->tryToRouteIt(Object(CodeIgniter\Router\RouteCollection))
#4 C:\xampp\htdocs\it-project\vendor\codeigniter4\framework\system\CodeIgniter.php(318): CodeIgniter\CodeIgniter->handleRequest(NULL, Object(Config\Cache), false)
#5 C:\xampp\htdocs\it-project\public\index.php(37): CodeIgniter\CodeIgniter->run()
#6 C:\xampp\htdocs\it-project\vendor\codeigniter4\framework\system\Commands\Server\rewrite.php(43): require_once('C:\\xampp\\htdocs...')
#7 {main}
CRITICAL - 2022-01-23 04:31:34 --> Class "App\admin\Controllers\BaseController" not found
#0 C:\xampp\htdocs\it-project\vendor\codeigniter4\framework\system\Router\Router.php(519): include_once()
#1 C:\xampp\htdocs\it-project\vendor\codeigniter4\framework\system\Router\Router.php(176): CodeIgniter\Router\Router->autoRoute('admin/home')
#2 C:\xampp\htdocs\it-project\vendor\codeigniter4\framework\system\CodeIgniter.php(718): CodeIgniter\Router\Router->handle('admin/home')
#3 C:\xampp\htdocs\it-project\vendor\codeigniter4\framework\system\CodeIgniter.php(359): CodeIgniter\CodeIgniter->tryToRouteIt(Object(CodeIgniter\Router\RouteCollection))
#4 C:\xampp\htdocs\it-project\vendor\codeigniter4\framework\system\CodeIgniter.php(318): CodeIgniter\CodeIgniter->handleRequest(NULL, Object(Config\Cache), false)
#5 C:\xampp\htdocs\it-project\public\index.php(37): CodeIgniter\CodeIgniter->run()
#6 C:\xampp\htdocs\it-project\vendor\codeigniter4\framework\system\Commands\Server\rewrite.php(43): require_once('C:\\xampp\\htdocs...')
#7 {main}
CRITICAL - 2022-01-23 04:31:35 --> Class "App\admin\Controllers\BaseController" not found
#0 C:\xampp\htdocs\it-project\vendor\codeigniter4\framework\system\Router\Router.php(519): include_once()
#1 C:\xampp\htdocs\it-project\vendor\codeigniter4\framework\system\Router\Router.php(176): CodeIgniter\Router\Router->autoRoute('admin/home')
#2 C:\xampp\htdocs\it-project\vendor\codeigniter4\framework\system\CodeIgniter.php(718): CodeIgniter\Router\Router->handle('admin/home')
#3 C:\xampp\htdocs\it-project\vendor\codeigniter4\framework\system\CodeIgniter.php(359): CodeIgniter\CodeIgniter->tryToRouteIt(Object(CodeIgniter\Router\RouteCollection))
#4 C:\xampp\htdocs\it-project\vendor\codeigniter4\framework\system\CodeIgniter.php(318): CodeIgniter\CodeIgniter->handleRequest(NULL, Object(Config\Cache), false)
#5 C:\xampp\htdocs\it-project\public\index.php(37): CodeIgniter\CodeIgniter->run()
#6 C:\xampp\htdocs\it-project\vendor\codeigniter4\framework\system\Commands\Server\rewrite.php(43): require_once('C:\\xampp\\htdocs...')
#7 {main}
CRITICAL - 2022-01-23 04:31:35 --> Class "App\admin\Controllers\BaseController" not found
#0 C:\xampp\htdocs\it-project\vendor\codeigniter4\framework\system\Router\Router.php(519): include_once()
#1 C:\xampp\htdocs\it-project\vendor\codeigniter4\framework\system\Router\Router.php(176): CodeIgniter\Router\Router->autoRoute('admin/home')
#2 C:\xampp\htdocs\it-project\vendor\codeigniter4\framework\system\CodeIgniter.php(718): CodeIgniter\Router\Router->handle('admin/home')
#3 C:\xampp\htdocs\it-project\vendor\codeigniter4\framework\system\CodeIgniter.php(359): CodeIgniter\CodeIgniter->tryToRouteIt(Object(CodeIgniter\Router\RouteCollection))
#4 C:\xampp\htdocs\it-project\vendor\codeigniter4\framework\system\CodeIgniter.php(318): CodeIgniter\CodeIgniter->handleRequest(NULL, Object(Config\Cache), false)
#5 C:\xampp\htdocs\it-project\public\index.php(37): CodeIgniter\CodeIgniter->run()
#6 C:\xampp\htdocs\it-project\vendor\codeigniter4\framework\system\Commands\Server\rewrite.php(43): require_once('C:\\xampp\\htdocs...')
#7 {main}
CRITICAL - 2022-01-23 04:31:35 --> Class "App\admin\Controllers\BaseController" not found
#0 C:\xampp\htdocs\it-project\vendor\codeigniter4\framework\system\Router\Router.php(519): include_once()
#1 C:\xampp\htdocs\it-project\vendor\codeigniter4\framework\system\Router\Router.php(176): CodeIgniter\Router\Router->autoRoute('admin/home')
#2 C:\xampp\htdocs\it-project\vendor\codeigniter4\framework\system\CodeIgniter.php(718): CodeIgniter\Router\Router->handle('admin/home')
#3 C:\xampp\htdocs\it-project\vendor\codeigniter4\framework\system\CodeIgniter.php(359): CodeIgniter\CodeIgniter->tryToRouteIt(Object(CodeIgniter\Router\RouteCollection))
#4 C:\xampp\htdocs\it-project\vendor\codeigniter4\framework\system\CodeIgniter.php(318): CodeIgniter\CodeIgniter->handleRequest(NULL, Object(Config\Cache), false)
#5 C:\xampp\htdocs\it-project\public\index.php(37): CodeIgniter\CodeIgniter->run()
#6 C:\xampp\htdocs\it-project\vendor\codeigniter4\framework\system\Commands\Server\rewrite.php(43): require_once('C:\\xampp\\htdocs...')
#7 {main}
CRITICAL - 2022-01-23 04:31:36 --> Class "App\admin\Controllers\BaseController" not found
#0 C:\xampp\htdocs\it-project\vendor\codeigniter4\framework\system\Router\Router.php(519): include_once()
#1 C:\xampp\htdocs\it-project\vendor\codeigniter4\framework\system\Router\Router.php(176): CodeIgniter\Router\Router->autoRoute('admin/home')
#2 C:\xampp\htdocs\it-project\vendor\codeigniter4\framework\system\CodeIgniter.php(718): CodeIgniter\Router\Router->handle('admin/home')
#3 C:\xampp\htdocs\it-project\vendor\codeigniter4\framework\system\CodeIgniter.php(359): CodeIgniter\CodeIgniter->tryToRouteIt(Object(CodeIgniter\Router\RouteCollection))
#4 C:\xampp\htdocs\it-project\vendor\codeigniter4\framework\system\CodeIgniter.php(318): CodeIgniter\CodeIgniter->handleRequest(NULL, Object(Config\Cache), false)
#5 C:\xampp\htdocs\it-project\public\index.php(37): CodeIgniter\CodeIgniter->run()
#6 C:\xampp\htdocs\it-project\vendor\codeigniter4\framework\system\Commands\Server\rewrite.php(43): require_once('C:\\xampp\\htdocs...')
#7 {main}
CRITICAL - 2022-01-23 04:31:36 --> Class "App\admin\Controllers\BaseController" not found
#0 C:\xampp\htdocs\it-project\vendor\codeigniter4\framework\system\Router\Router.php(519): include_once()
#1 C:\xampp\htdocs\it-project\vendor\codeigniter4\framework\system\Router\Router.php(176): CodeIgniter\Router\Router->autoRoute('admin/home')
#2 C:\xampp\htdocs\it-project\vendor\codeigniter4\framework\system\CodeIgniter.php(718): CodeIgniter\Router\Router->handle('admin/home')
#3 C:\xampp\htdocs\it-project\vendor\codeigniter4\framework\system\CodeIgniter.php(359): CodeIgniter\CodeIgniter->tryToRouteIt(Object(CodeIgniter\Router\RouteCollection))
#4 C:\xampp\htdocs\it-project\vendor\codeigniter4\framework\system\CodeIgniter.php(318): CodeIgniter\CodeIgniter->handleRequest(NULL, Object(Config\Cache), false)
#5 C:\xampp\htdocs\it-project\public\index.php(37): CodeIgniter\CodeIgniter->run()
#6 C:\xampp\htdocs\it-project\vendor\codeigniter4\framework\system\Commands\Server\rewrite.php(43): require_once('C:\\xampp\\htdocs...')
#7 {main}
CRITICAL - 2022-01-23 04:32:02 --> Class "App\admin\Controllers\BaseController" not found
#0 C:\xampp\htdocs\it-project\vendor\codeigniter4\framework\system\Router\Router.php(519): include_once()
#1 C:\xampp\htdocs\it-project\vendor\codeigniter4\framework\system\Router\Router.php(176): CodeIgniter\Router\Router->autoRoute('admin/home')
#2 C:\xampp\htdocs\it-project\vendor\codeigniter4\framework\system\CodeIgniter.php(718): CodeIgniter\Router\Router->handle('admin/home')
#3 C:\xampp\htdocs\it-project\vendor\codeigniter4\framework\system\CodeIgniter.php(359): CodeIgniter\CodeIgniter->tryToRouteIt(Object(CodeIgniter\Router\RouteCollection))
#4 C:\xampp\htdocs\it-project\vendor\codeigniter4\framework\system\CodeIgniter.php(318): CodeIgniter\CodeIgniter->handleRequest(NULL, Object(Config\Cache), false)
#5 C:\xampp\htdocs\it-project\public\index.php(37): CodeIgniter\CodeIgniter->run()
#6 C:\xampp\htdocs\it-project\vendor\codeigniter4\framework\system\Commands\Server\rewrite.php(43): require_once('C:\\xampp\\htdocs...')
#7 {main}
CRITICAL - 2022-01-23 04:32:02 --> Class "App\admin\Controllers\BaseController" not found
#0 C:\xampp\htdocs\it-project\vendor\codeigniter4\framework\system\Router\Router.php(519): include_once()
#1 C:\xampp\htdocs\it-project\vendor\codeigniter4\framework\system\Router\Router.php(176): CodeIgniter\Router\Router->autoRoute('admin/home')
#2 C:\xampp\htdocs\it-project\vendor\codeigniter4\framework\system\CodeIgniter.php(718): CodeIgniter\Router\Router->handle('admin/home')
#3 C:\xampp\htdocs\it-project\vendor\codeigniter4\framework\system\CodeIgniter.php(359): CodeIgniter\CodeIgniter->tryToRouteIt(Object(CodeIgniter\Router\RouteCollection))
#4 C:\xampp\htdocs\it-project\vendor\codeigniter4\framework\system\CodeIgniter.php(318): CodeIgniter\CodeIgniter->handleRequest(NULL, Object(Config\Cache), false)
#5 C:\xampp\htdocs\it-project\public\index.php(37): CodeIgniter\CodeIgniter->run()
#6 C:\xampp\htdocs\it-project\vendor\codeigniter4\framework\system\Commands\Server\rewrite.php(43): require_once('C:\\xampp\\htdocs...')
#7 {main}
CRITICAL - 2022-01-23 04:32:03 --> Class "App\admin\Controllers\BaseController" not found
#0 C:\xampp\htdocs\it-project\vendor\codeigniter4\framework\system\Router\Router.php(519): include_once()
#1 C:\xampp\htdocs\it-project\vendor\codeigniter4\framework\system\Router\Router.php(176): CodeIgniter\Router\Router->autoRoute('admin/home')
#2 C:\xampp\htdocs\it-project\vendor\codeigniter4\framework\system\CodeIgniter.php(718): CodeIgniter\Router\Router->handle('admin/home')
#3 C:\xampp\htdocs\it-project\vendor\codeigniter4\framework\system\CodeIgniter.php(359): CodeIgniter\CodeIgniter->tryToRouteIt(Object(CodeIgniter\Router\RouteCollection))
#4 C:\xampp\htdocs\it-project\vendor\codeigniter4\framework\system\CodeIgniter.php(318): CodeIgniter\CodeIgniter->handleRequest(NULL, Object(Config\Cache), false)
#5 C:\xampp\htdocs\it-project\public\index.php(37): CodeIgniter\CodeIgniter->run()
#6 C:\xampp\htdocs\it-project\vendor\codeigniter4\framework\system\Commands\Server\rewrite.php(43): require_once('C:\\xampp\\htdocs...')
#7 {main}
CRITICAL - 2022-01-23 04:32:03 --> Class "App\admin\Controllers\BaseController" not found
#0 C:\xampp\htdocs\it-project\vendor\codeigniter4\framework\system\Router\Router.php(519): include_once()
#1 C:\xampp\htdocs\it-project\vendor\codeigniter4\framework\system\Router\Router.php(176): CodeIgniter\Router\Router->autoRoute('admin/home')
#2 C:\xampp\htdocs\it-project\vendor\codeigniter4\framework\system\CodeIgniter.php(718): CodeIgniter\Router\Router->handle('admin/home')
#3 C:\xampp\htdocs\it-project\vendor\codeigniter4\framework\system\CodeIgniter.php(359): CodeIgniter\CodeIgniter->tryToRouteIt(Object(CodeIgniter\Router\RouteCollection))
#4 C:\xampp\htdocs\it-project\vendor\codeigniter4\framework\system\CodeIgniter.php(318): CodeIgniter\CodeIgniter->handleRequest(NULL, Object(Config\Cache), false)
#5 C:\xampp\htdocs\it-project\public\index.php(37): CodeIgniter\CodeIgniter->run()
#6 C:\xampp\htdocs\it-project\vendor\codeigniter4\framework\system\Commands\Server\rewrite.php(43): require_once('C:\\xampp\\htdocs...')
#7 {main}
CRITICAL - 2022-01-23 04:32:03 --> Class "App\admin\Controllers\BaseController" not found
#0 C:\xampp\htdocs\it-project\vendor\codeigniter4\framework\system\Router\Router.php(519): include_once()
#1 C:\xampp\htdocs\it-project\vendor\codeigniter4\framework\system\Router\Router.php(176): CodeIgniter\Router\Router->autoRoute('admin/home')
#2 C:\xampp\htdocs\it-project\vendor\codeigniter4\framework\system\CodeIgniter.php(718): CodeIgniter\Router\Router->handle('admin/home')
#3 C:\xampp\htdocs\it-project\vendor\codeigniter4\framework\system\CodeIgniter.php(359): CodeIgniter\CodeIgniter->tryToRouteIt(Object(CodeIgniter\Router\RouteCollection))
#4 C:\xampp\htdocs\it-project\vendor\codeigniter4\framework\system\CodeIgniter.php(318): CodeIgniter\CodeIgniter->handleRequest(NULL, Object(Config\Cache), false)
#5 C:\xampp\htdocs\it-project\public\index.php(37): CodeIgniter\CodeIgniter->run()
#6 C:\xampp\htdocs\it-project\vendor\codeigniter4\framework\system\Commands\Server\rewrite.php(43): require_once('C:\\xampp\\htdocs...')
#7 {main}
CRITICAL - 2022-01-23 04:32:36 --> Cannot declare class App\Controllers\Profile, because the name is already in use
#0 [internal function]: CodeIgniter\Debug\Exceptions->shutdownHandler()
#1 {main}
CRITICAL - 2022-01-23 06:48:48 --> Undefined array key "admin/link_url"
#0 C:\xampp\htdocs\it-project\app\Views\admin\Link\v_lists.php(49): CodeIgniter\Debug\Exceptions->errorHandler(2, 'Undefined array...', 'C:\\xampp\\htdocs...', 49)
#1 C:\xampp\htdocs\it-project\vendor\codeigniter4\framework\system\View\View.php(214): include('C:\\xampp\\htdocs...')
#2 C:\xampp\htdocs\it-project\vendor\codeigniter4\framework\system\View\View.php(217): CodeIgniter\View\View->CodeIgniter\View\{closure}()
#3 C:\xampp\htdocs\it-project\vendor\codeigniter4\framework\system\Common.php(1097): CodeIgniter\View\View->render('admin/link/v_li...', Array, true)
#4 C:\xampp\htdocs\it-project\app\Views\admin\layout\v_content.php(3): view('admin/link/v_li...')
#5 C:\xampp\htdocs\it-project\vendor\codeigniter4\framework\system\View\View.php(214): include('C:\\xampp\\htdocs...')
#6 C:\xampp\htdocs\it-project\vendor\codeigniter4\framework\system\View\View.php(217): CodeIgniter\View\View->CodeIgniter\View\{closure}()
#7 C:\xampp\htdocs\it-project\vendor\codeigniter4\framework\system\Common.php(1097): CodeIgniter\View\View->render('admin/layout/v_...', Array, true)
#8 C:\xampp\htdocs\it-project\app\Views\admin\layout\v_wrapper.php(5): view('admin/layout/v_...')
#9 C:\xampp\htdocs\it-project\vendor\codeigniter4\framework\system\View\View.php(214): include('C:\\xampp\\htdocs...')
#10 C:\xampp\htdocs\it-project\vendor\codeigniter4\framework\system\View\View.php(217): CodeIgniter\View\View->CodeIgniter\View\{closure}()
#11 C:\xampp\htdocs\it-project\vendor\codeigniter4\framework\system\Common.php(1097): CodeIgniter\View\View->render('admin/layout/v_...', Array, true)
#12 C:\xampp\htdocs\it-project\app\Controllers\admin\Link.php(25): view('admin/layout/v_...', Array)
#13 C:\xampp\htdocs\it-project\vendor\codeigniter4\framework\system\CodeIgniter.php(824): App\Controllers\admin\Link->index()
#14 C:\xampp\htdocs\it-project\vendor\codeigniter4\framework\system\CodeIgniter.php(410): CodeIgniter\CodeIgniter->runController(Object(App\Controllers\admin\Link))
#15 C:\xampp\htdocs\it-project\vendor\codeigniter4\framework\system\CodeIgniter.php(318): CodeIgniter\CodeIgniter->handleRequest(NULL, Object(Config\Cache), false)
#16 C:\xampp\htdocs\it-project\public\index.php(37): CodeIgniter\CodeIgniter->run()
#17 C:\xampp\htdocs\it-project\vendor\codeigniter4\framework\system\Commands\Server\rewrite.php(43): require_once('C:\\xampp\\htdocs...')
#18 {main}
CRITICAL - 2022-01-23 06:57:22 --> Undefined array key "admin/username"
#0 C:\xampp\htdocs\it-project\app\Views\admin\user\v_lists.php(55): CodeIgniter\Debug\Exceptions->errorHandler(2, 'Undefined array...', 'C:\\xampp\\htdocs...', 55)
#1 C:\xampp\htdocs\it-project\vendor\codeigniter4\framework\system\View\View.php(214): include('C:\\xampp\\htdocs...')
#2 C:\xampp\htdocs\it-project\vendor\codeigniter4\framework\system\View\View.php(217): CodeIgniter\View\View->CodeIgniter\View\{closure}()
#3 C:\xampp\htdocs\it-project\vendor\codeigniter4\framework\system\Common.php(1097): CodeIgniter\View\View->render('admin/user/v_li...', Array, true)
#4 C:\xampp\htdocs\it-project\app\Views\admin\layout\v_content.php(3): view('admin/user/v_li...')
#5 C:\xampp\htdocs\it-project\vendor\codeigniter4\framework\system\View\View.php(214): include('C:\\xampp\\htdocs...')
#6 C:\xampp\htdocs\it-project\vendor\codeigniter4\framework\system\View\View.php(217): CodeIgniter\View\View->CodeIgniter\View\{closure}()
#7 C:\xampp\htdocs\it-project\vendor\codeigniter4\framework\system\Common.php(1097): CodeIgniter\View\View->render('admin/layout/v_...', Array, true)
#8 C:\xampp\htdocs\it-project\app\Views\admin\layout\v_wrapper.php(5): view('admin/layout/v_...')
#9 C:\xampp\htdocs\it-project\vendor\codeigniter4\framework\system\View\View.php(214): include('C:\\xampp\\htdocs...')
#10 C:\xampp\htdocs\it-project\vendor\codeigniter4\framework\system\View\View.php(217): CodeIgniter\View\View->CodeIgniter\View\{closure}()
#11 C:\xampp\htdocs\it-project\vendor\codeigniter4\framework\system\Common.php(1097): CodeIgniter\View\View->render('admin/layout/v_...', Array, true)
#12 C:\xampp\htdocs\it-project\app\Controllers\admin\User.php(25): view('admin/layout/v_...', Array)
#13 C:\xampp\htdocs\it-project\vendor\codeigniter4\framework\system\CodeIgniter.php(824): App\Controllers\admin\User->index()
#14 C:\xampp\htdocs\it-project\vendor\codeigniter4\framework\system\CodeIgniter.php(410): CodeIgniter\CodeIgniter->runController(Object(App\Controllers\admin\User))
#15 C:\xampp\htdocs\it-project\vendor\codeigniter4\framework\system\CodeIgniter.php(318): CodeIgniter\CodeIgniter->handleRequest(NULL, Object(Config\Cache), false)
#16 C:\xampp\htdocs\it-project\public\index.php(37): CodeIgniter\CodeIgniter->run()
#17 C:\xampp\htdocs\it-project\vendor\codeigniter4\framework\system\Commands\Server\rewrite.php(43): require_once('C:\\xampp\\htdocs...')
#18 {main}
CRITICAL - 2022-01-23 07:08:01 --> Call to a member function where() on array
#0 C:\xampp\htdocs\it-project\vendor\codeigniter4\framework\system\CodeIgniter.php(824): App\Controllers\Auth->cek_login()
#1 C:\xampp\htdocs\it-project\vendor\codeigniter4\framework\system\CodeIgniter.php(410): CodeIgniter\CodeIgniter->runController(Object(App\Controllers\Auth))
#2 C:\xampp\htdocs\it-project\vendor\codeigniter4\framework\system\CodeIgniter.php(318): CodeIgniter\CodeIgniter->handleRequest(NULL, Object(Config\Cache), false)
#3 C:\xampp\htdocs\it-project\public\index.php(37): CodeIgniter\CodeIgniter->run()
#4 C:\xampp\htdocs\it-project\vendor\codeigniter4\framework\system\Commands\Server\rewrite.php(43): require_once('C:\\xampp\\htdocs...')
#5 {main}
CRITICAL - 2022-01-23 07:08:33 --> Call to a member function where() on array
#0 C:\xampp\htdocs\it-project\vendor\codeigniter4\framework\system\CodeIgniter.php(824): App\Controllers\Auth->cek_login()
#1 C:\xampp\htdocs\it-project\vendor\codeigniter4\framework\system\CodeIgniter.php(410): CodeIgniter\CodeIgniter->runController(Object(App\Controllers\Auth))
#2 C:\xampp\htdocs\it-project\vendor\codeigniter4\framework\system\CodeIgniter.php(318): CodeIgniter\CodeIgniter->handleRequest(NULL, Object(Config\Cache), false)
#3 C:\xampp\htdocs\it-project\public\index.php(37): CodeIgniter\CodeIgniter->run()
#4 C:\xampp\htdocs\it-project\vendor\codeigniter4\framework\system\Commands\Server\rewrite.php(43): require_once('C:\\xampp\\htdocs...')
#5 {main}
CRITICAL - 2022-01-23 07:29:00 --> home filter must have a matching alias defined.
#0 C:\xampp\htdocs\it-project\vendor\codeigniter4\framework\system\Filters\Filters.php(496): CodeIgniter\Filters\Exceptions\FilterException::forNoAlias('home')
#1 C:\xampp\htdocs\it-project\vendor\codeigniter4\framework\system\Filters\Filters.php(244): CodeIgniter\Filters\Filters->processAliasesToClass('after')
#2 C:\xampp\htdocs\it-project\vendor\codeigniter4\framework\system\Filters\Filters.php(163): CodeIgniter\Filters\Filters->initialize('admin/home')
#3 C:\xampp\htdocs\it-project\vendor\codeigniter4\framework\system\CodeIgniter.php(384): CodeIgniter\Filters\Filters->run('admin/home', 'before')
#4 C:\xampp\htdocs\it-project\vendor\codeigniter4\framework\system\CodeIgniter.php(318): CodeIgniter\CodeIgniter->handleRequest(NULL, Object(Config\Cache), false)
#5 C:\xampp\htdocs\it-project\public\index.php(37): CodeIgniter\CodeIgniter->run()
#6 C:\xampp\htdocs\it-project\vendor\codeigniter4\framework\system\Commands\Server\rewrite.php(43): require_once('C:\\xampp\\htdocs...')
#7 {main}
CRITICAL - 2022-01-23 07:29:36 --> home filter must have a matching alias defined.
#0 C:\xampp\htdocs\it-project\vendor\codeigniter4\framework\system\Filters\Filters.php(496): CodeIgniter\Filters\Exceptions\FilterException::forNoAlias('home')
#1 C:\xampp\htdocs\it-project\vendor\codeigniter4\framework\system\Filters\Filters.php(244): CodeIgniter\Filters\Filters->processAliasesToClass('after')
#2 C:\xampp\htdocs\it-project\vendor\codeigniter4\framework\system\Filters\Filters.php(163): CodeIgniter\Filters\Filters->initialize('admin/home')
#3 C:\xampp\htdocs\it-project\vendor\codeigniter4\framework\system\CodeIgniter.php(384): CodeIgniter\Filters\Filters->run('admin/home', 'before')
#4 C:\xampp\htdocs\it-project\vendor\codeigniter4\framework\system\CodeIgniter.php(318): CodeIgniter\CodeIgniter->handleRequest(NULL, Object(Config\Cache), false)
#5 C:\xampp\htdocs\it-project\public\index.php(37): CodeIgniter\CodeIgniter->run()
#6 C:\xampp\htdocs\it-project\vendor\codeigniter4\framework\system\Commands\Server\rewrite.php(43): require_once('C:\\xampp\\htdocs...')
#7 {main}
CRITICAL - 2022-01-23 07:29:37 --> home filter must have a matching alias defined.
#0 C:\xampp\htdocs\it-project\vendor\codeigniter4\framework\system\Filters\Filters.php(496): CodeIgniter\Filters\Exceptions\FilterException::forNoAlias('home')
#1 C:\xampp\htdocs\it-project\vendor\codeigniter4\framework\system\Filters\Filters.php(244): CodeIgniter\Filters\Filters->processAliasesToClass('after')
#2 C:\xampp\htdocs\it-project\vendor\codeigniter4\framework\system\Filters\Filters.php(163): CodeIgniter\Filters\Filters->initialize('admin/home')
#3 C:\xampp\htdocs\it-project\vendor\codeigniter4\framework\system\CodeIgniter.php(384): CodeIgniter\Filters\Filters->run('admin/home', 'before')
#4 C:\xampp\htdocs\it-project\vendor\codeigniter4\framework\system\CodeIgniter.php(318): CodeIgniter\CodeIgniter->handleRequest(NULL, Object(Config\Cache), false)
#5 C:\xampp\htdocs\it-project\public\index.php(37): CodeIgniter\CodeIgniter->run()
#6 C:\xampp\htdocs\it-project\vendor\codeigniter4\framework\system\Commands\Server\rewrite.php(43): require_once('C:\\xampp\\htdocs...')
#7 {main}
CRITICAL - 2022-01-23 07:30:47 --> admin/home filter must have a matching alias defined.
#0 C:\xampp\htdocs\it-project\vendor\codeigniter4\framework\system\Filters\Filters.php(496): CodeIgniter\Filters\Exceptions\FilterException::forNoAlias('admin/home')
#1 C:\xampp\htdocs\it-project\vendor\codeigniter4\framework\system\Filters\Filters.php(244): CodeIgniter\Filters\Filters->processAliasesToClass('after')
#2 C:\xampp\htdocs\it-project\vendor\codeigniter4\framework\system\Filters\Filters.php(163): CodeIgniter\Filters\Filters->initialize('admin/home')
#3 C:\xampp\htdocs\it-project\vendor\codeigniter4\framework\system\CodeIgniter.php(384): CodeIgniter\Filters\Filters->run('admin/home', 'before')
#4 C:\xampp\htdocs\it-project\vendor\codeigniter4\framework\system\CodeIgniter.php(318): CodeIgniter\CodeIgniter->handleRequest(NULL, Object(Config\Cache), false)
#5 C:\xampp\htdocs\it-project\public\index.php(37): CodeIgniter\CodeIgniter->run()
#6 C:\xampp\htdocs\it-project\vendor\codeigniter4\framework\system\Commands\Server\rewrite.php(43): require_once('C:\\xampp\\htdocs...')
#7 {main}
CRITICAL - 2022-01-23 07:31:44 --> admin filter must have a matching alias defined.
#0 C:\xampp\htdocs\it-project\vendor\codeigniter4\framework\system\Filters\Filters.php(496): CodeIgniter\Filters\Exceptions\FilterException::forNoAlias('admin')
#1 C:\xampp\htdocs\it-project\vendor\codeigniter4\framework\system\Filters\Filters.php(244): CodeIgniter\Filters\Filters->processAliasesToClass('after')
#2 C:\xampp\htdocs\it-project\vendor\codeigniter4\framework\system\Filters\Filters.php(163): CodeIgniter\Filters\Filters->initialize('auth/login')
#3 C:\xampp\htdocs\it-project\vendor\codeigniter4\framework\system\CodeIgniter.php(384): CodeIgniter\Filters\Filters->run('auth/login', 'before')
#4 C:\xampp\htdocs\it-project\vendor\codeigniter4\framework\system\CodeIgniter.php(318): CodeIgniter\CodeIgniter->handleRequest(NULL, Object(Config\Cache), false)
#5 C:\xampp\htdocs\it-project\public\index.php(37): CodeIgniter\CodeIgniter->run()
#6 C:\xampp\htdocs\it-project\vendor\codeigniter4\framework\system\Commands\Server\rewrite.php(43): require_once('C:\\xampp\\htdocs...')
#7 {main}
