CRITICAL - 2022-01-19 01:59:02 --> {field} harus diisi is not a valid rule.
#0 C:\xampp\htdocs\it-project\vendor\codeigniter4\framework\system\Validation\Validation.php(285): CodeIgniter\Validation\Exceptions\ValidationException::forRuleNotFound('{field} harus d...')
#1 C:\xampp\htdocs\it-project\vendor\codeigniter4\framework\system\Validation\Validation.php(151): CodeIgniter\Validation\Validation->processRules('kategori', 'kategori', '', Array, Array)
#2 C:\xampp\htdocs\it-project\vendor\codeigniter4\framework\system\Controller.php(160): CodeIgniter\Validation\Validation->run()
#3 C:\xampp\htdocs\it-project\app\Controllers\Berita.php(42): CodeIgniter\Controller->validate(Array)
#4 C:\xampp\htdocs\it-project\vendor\codeigniter4\framework\system\CodeIgniter.php(824): App\Controllers\Berita->save()
#5 C:\xampp\htdocs\it-project\vendor\codeigniter4\framework\system\CodeIgniter.php(410): CodeIgniter\CodeIgniter->runController(Object(App\Controllers\Berita))
#6 C:\xampp\htdocs\it-project\vendor\codeigniter4\framework\system\CodeIgniter.php(318): CodeIgniter\CodeIgniter->handleRequest(NULL, Object(Config\Cache), false)
#7 C:\xampp\htdocs\it-project\public\index.php(37): CodeIgniter\CodeIgniter->run()
#8 C:\xampp\htdocs\it-project\vendor\codeigniter4\framework\system\Commands\Server\rewrite.php(43): require_once('C:\\xampp\\htdocs...')
#9 {main}
CRITICAL - 2022-01-19 04:48:57 --> Undefined array key "id"
#0 C:\xampp\htdocs\it-project\app\Views\admin\berita\v_edit.php(15): CodeIgniter\Debug\Exceptions->errorHandler(2, 'Undefined array...', 'C:\\xampp\\htdocs...', 15)
#1 C:\xampp\htdocs\it-project\vendor\codeigniter4\framework\system\View\View.php(214): include('C:\\xampp\\htdocs...')
#2 C:\xampp\htdocs\it-project\vendor\codeigniter4\framework\system\View\View.php(217): CodeIgniter\View\View->CodeIgniter\View\{closure}()
#3 C:\xampp\htdocs\it-project\vendor\codeigniter4\framework\system\Common.php(1097): CodeIgniter\View\View->render('admin/berita/v_...', Array, true)
#4 C:\xampp\htdocs\it-project\app\Views\admin\layout\v_content.php(3): view('admin/berita/v_...')
#5 C:\xampp\htdocs\it-project\vendor\codeigniter4\framework\system\View\View.php(214): include('C:\\xampp\\htdocs...')
#6 C:\xampp\htdocs\it-project\vendor\codeigniter4\framework\system\View\View.php(217): CodeIgniter\View\View->CodeIgniter\View\{closure}()
#7 C:\xampp\htdocs\it-project\vendor\codeigniter4\framework\system\Common.php(1097): CodeIgniter\View\View->render('admin/layout/v_...', Array, true)
#8 C:\xampp\htdocs\it-project\app\Views\admin\layout\v_wrapper.php(5): view('admin/layout/v_...')
#9 C:\xampp\htdocs\it-project\vendor\codeigniter4\framework\system\View\View.php(214): include('C:\\xampp\\htdocs...')
#10 C:\xampp\htdocs\it-project\vendor\codeigniter4\framework\system\View\View.php(217): CodeIgniter\View\View->CodeIgniter\View\{closure}()
#11 C:\xampp\htdocs\it-project\vendor\codeigniter4\framework\system\Common.php(1097): CodeIgniter\View\View->render('admin/layout/v_...', Array, true)
#12 C:\xampp\htdocs\it-project\app\Controllers\Berita.php(69): view('admin/layout/v_...', Array)
#13 C:\xampp\htdocs\it-project\vendor\codeigniter4\framework\system\CodeIgniter.php(824): App\Controllers\Berita->edit('25')
#14 C:\xampp\htdocs\it-project\vendor\codeigniter4\framework\system\CodeIgniter.php(410): CodeIgniter\CodeIgniter->runController(Object(App\Controllers\Berita))
#15 C:\xampp\htdocs\it-project\vendor\codeigniter4\framework\system\CodeIgniter.php(318): CodeIgniter\CodeIgniter->handleRequest(NULL, Object(Config\Cache), false)
#16 C:\xampp\htdocs\it-project\public\index.php(37): CodeIgniter\CodeIgniter->run()
#17 C:\xampp\htdocs\it-project\vendor\codeigniter4\framework\system\Commands\Server\rewrite.php(43): require_once('C:\\xampp\\htdocs...')
#18 {main}
CRITICAL - 2022-01-19 04:52:33 --> Object of class App\Controllers\Berita could not be converted to string
#0 C:\xampp\htdocs\it-project\vendor\codeigniter4\framework\system\CodeIgniter.php(824): App\Controllers\Berita->save()
#1 C:\xampp\htdocs\it-project\vendor\codeigniter4\framework\system\CodeIgniter.php(410): CodeIgniter\CodeIgniter->runController(Object(App\Controllers\Berita))
#2 C:\xampp\htdocs\it-project\vendor\codeigniter4\framework\system\CodeIgniter.php(318): CodeIgniter\CodeIgniter->handleRequest(NULL, Object(Config\Cache), false)
#3 C:\xampp\htdocs\it-project\public\index.php(37): CodeIgniter\CodeIgniter->run()
#4 C:\xampp\htdocs\it-project\vendor\codeigniter4\framework\system\Commands\Server\rewrite.php(43): require_once('C:\\xampp\\htdocs...')
#5 {main}
CRITICAL - 2022-01-19 04:53:02 --> Object of class App\Controllers\Berita could not be converted to string
#0 C:\xampp\htdocs\it-project\vendor\codeigniter4\framework\system\CodeIgniter.php(824): App\Controllers\Berita->save()
#1 C:\xampp\htdocs\it-project\vendor\codeigniter4\framework\system\CodeIgniter.php(410): CodeIgniter\CodeIgniter->runController(Object(App\Controllers\Berita))
#2 C:\xampp\htdocs\it-project\vendor\codeigniter4\framework\system\CodeIgniter.php(318): CodeIgniter\CodeIgniter->handleRequest(NULL, Object(Config\Cache), false)
#3 C:\xampp\htdocs\it-project\public\index.php(37): CodeIgniter\CodeIgniter->run()
#4 C:\xampp\htdocs\it-project\vendor\codeigniter4\framework\system\Commands\Server\rewrite.php(43): require_once('C:\\xampp\\htdocs...')
#5 {main}
CRITICAL - 2022-01-19 04:56:40 --> Call to undefined method CodeIgniter\HTTP\IncomingRequest::getName()
#0 C:\xampp\htdocs\it-project\vendor\codeigniter4\framework\system\CodeIgniter.php(824): App\Controllers\Berita->save()
#1 C:\xampp\htdocs\it-project\vendor\codeigniter4\framework\system\CodeIgniter.php(410): CodeIgniter\CodeIgniter->runController(Object(App\Controllers\Berita))
#2 C:\xampp\htdocs\it-project\vendor\codeigniter4\framework\system\CodeIgniter.php(318): CodeIgniter\CodeIgniter->handleRequest(NULL, Object(Config\Cache), false)
#3 C:\xampp\htdocs\it-project\public\index.php(37): CodeIgniter\CodeIgniter->run()
#4 C:\xampp\htdocs\it-project\vendor\codeigniter4\framework\system\Commands\Server\rewrite.php(43): require_once('C:\\xampp\\htdocs...')
#5 {main}
CRITICAL - 2022-01-19 05:05:02 --> Call to undefined method CodeIgniter\HTTP\IncomingRequest::getName()
#0 C:\xampp\htdocs\it-project\vendor\codeigniter4\framework\system\CodeIgniter.php(824): App\Controllers\Berita->save()
#1 C:\xampp\htdocs\it-project\vendor\codeigniter4\framework\system\CodeIgniter.php(410): CodeIgniter\CodeIgniter->runController(Object(App\Controllers\Berita))
#2 C:\xampp\htdocs\it-project\vendor\codeigniter4\framework\system\CodeIgniter.php(318): CodeIgniter\CodeIgniter->handleRequest(NULL, Object(Config\Cache), false)
#3 C:\xampp\htdocs\it-project\public\index.php(37): CodeIgniter\CodeIgniter->run()
#4 C:\xampp\htdocs\it-project\vendor\codeigniter4\framework\system\Commands\Server\rewrite.php(43): require_once('C:\\xampp\\htdocs...')
#5 {main}
CRITICAL - 2022-01-19 05:14:01 --> Undefined property: App\Controllers\Berita::$m_berita
#0 C:\xampp\htdocs\it-project\app\Controllers\Berita.php(99): CodeIgniter\Debug\Exceptions->errorHandler(2, 'Undefined prope...', 'C:\\xampp\\htdocs...', 99)
#1 C:\xampp\htdocs\it-project\vendor\codeigniter4\framework\system\CodeIgniter.php(824): App\Controllers\Berita->delete('29')
#2 C:\xampp\htdocs\it-project\vendor\codeigniter4\framework\system\CodeIgniter.php(410): CodeIgniter\CodeIgniter->runController(Object(App\Controllers\Berita))
#3 C:\xampp\htdocs\it-project\vendor\codeigniter4\framework\system\CodeIgniter.php(318): CodeIgniter\CodeIgniter->handleRequest(NULL, Object(Config\Cache), false)
#4 C:\xampp\htdocs\it-project\public\index.php(37): CodeIgniter\CodeIgniter->run()
#5 C:\xampp\htdocs\it-project\vendor\codeigniter4\framework\system\Commands\Server\rewrite.php(43): require_once('C:\\xampp\\htdocs...')
#6 {main}
CRITICAL - 2022-01-19 05:14:50 --> Attempt to read property "gambar_berita" on array
#0 C:\xampp\htdocs\it-project\app\Controllers\Berita.php(100): CodeIgniter\Debug\Exceptions->errorHandler(2, 'Attempt to read...', 'C:\\xampp\\htdocs...', 100)
#1 C:\xampp\htdocs\it-project\vendor\codeigniter4\framework\system\CodeIgniter.php(824): App\Controllers\Berita->delete('29')
#2 C:\xampp\htdocs\it-project\vendor\codeigniter4\framework\system\CodeIgniter.php(410): CodeIgniter\CodeIgniter->runController(Object(App\Controllers\Berita))
#3 C:\xampp\htdocs\it-project\vendor\codeigniter4\framework\system\CodeIgniter.php(318): CodeIgniter\CodeIgniter->handleRequest(NULL, Object(Config\Cache), false)
#4 C:\xampp\htdocs\it-project\public\index.php(37): CodeIgniter\CodeIgniter->run()
#5 C:\xampp\htdocs\it-project\vendor\codeigniter4\framework\system\Commands\Server\rewrite.php(43): require_once('C:\\xampp\\htdocs...')
#6 {main}
CRITICAL - 2022-01-19 05:15:11 --> Attempt to read property "gambar" on array
#0 C:\xampp\htdocs\it-project\app\Controllers\Berita.php(100): CodeIgniter\Debug\Exceptions->errorHandler(2, 'Attempt to read...', 'C:\\xampp\\htdocs...', 100)
#1 C:\xampp\htdocs\it-project\vendor\codeigniter4\framework\system\CodeIgniter.php(824): App\Controllers\Berita->delete('29')
#2 C:\xampp\htdocs\it-project\vendor\codeigniter4\framework\system\CodeIgniter.php(410): CodeIgniter\CodeIgniter->runController(Object(App\Controllers\Berita))
#3 C:\xampp\htdocs\it-project\vendor\codeigniter4\framework\system\CodeIgniter.php(318): CodeIgniter\CodeIgniter->handleRequest(NULL, Object(Config\Cache), false)
#4 C:\xampp\htdocs\it-project\public\index.php(37): CodeIgniter\CodeIgniter->run()
#5 C:\xampp\htdocs\it-project\vendor\codeigniter4\framework\system\Commands\Server\rewrite.php(43): require_once('C:\\xampp\\htdocs...')
#6 {main}
CRITICAL - 2022-01-19 05:15:59 --> Attempt to read property "gambar" on array
#0 C:\xampp\htdocs\it-project\app\Controllers\Berita.php(100): CodeIgniter\Debug\Exceptions->errorHandler(2, 'Attempt to read...', 'C:\\xampp\\htdocs...', 100)
#1 C:\xampp\htdocs\it-project\vendor\codeigniter4\framework\system\CodeIgniter.php(824): App\Controllers\Berita->delete('29')
#2 C:\xampp\htdocs\it-project\vendor\codeigniter4\framework\system\CodeIgniter.php(410): CodeIgniter\CodeIgniter->runController(Object(App\Controllers\Berita))
#3 C:\xampp\htdocs\it-project\vendor\codeigniter4\framework\system\CodeIgniter.php(318): CodeIgniter\CodeIgniter->handleRequest(NULL, Object(Config\Cache), false)
#4 C:\xampp\htdocs\it-project\public\index.php(37): CodeIgniter\CodeIgniter->run()
#5 C:\xampp\htdocs\it-project\vendor\codeigniter4\framework\system\Commands\Server\rewrite.php(43): require_once('C:\\xampp\\htdocs...')
#6 {main}
CRITICAL - 2022-01-19 05:25:17 --> Attempt to read property "gambar" on array
#0 C:\xampp\htdocs\it-project\app\Controllers\Berita.php(100): CodeIgniter\Debug\Exceptions->errorHandler(2, 'Attempt to read...', 'C:\\xampp\\htdocs...', 100)
#1 C:\xampp\htdocs\it-project\vendor\codeigniter4\framework\system\CodeIgniter.php(824): App\Controllers\Berita->delete('29')
#2 C:\xampp\htdocs\it-project\vendor\codeigniter4\framework\system\CodeIgniter.php(410): CodeIgniter\CodeIgniter->runController(Object(App\Controllers\Berita))
#3 C:\xampp\htdocs\it-project\vendor\codeigniter4\framework\system\CodeIgniter.php(318): CodeIgniter\CodeIgniter->handleRequest(NULL, Object(Config\Cache), false)
#4 C:\xampp\htdocs\it-project\public\index.php(37): CodeIgniter\CodeIgniter->run()
#5 C:\xampp\htdocs\it-project\vendor\codeigniter4\framework\system\Commands\Server\rewrite.php(43): require_once('C:\\xampp\\htdocs...')
#6 {main}
CRITICAL - 2022-01-19 05:26:09 --> Call to undefined method App\Models\M_berita::getRow
#0 C:\xampp\htdocs\it-project\app\Controllers\Berita.php(99): CodeIgniter\Model->__call('getRow', Array)
#1 C:\xampp\htdocs\it-project\vendor\codeigniter4\framework\system\CodeIgniter.php(824): App\Controllers\Berita->delete('29')
#2 C:\xampp\htdocs\it-project\vendor\codeigniter4\framework\system\CodeIgniter.php(410): CodeIgniter\CodeIgniter->runController(Object(App\Controllers\Berita))
#3 C:\xampp\htdocs\it-project\vendor\codeigniter4\framework\system\CodeIgniter.php(318): CodeIgniter\CodeIgniter->handleRequest(NULL, Object(Config\Cache), false)
#4 C:\xampp\htdocs\it-project\public\index.php(37): CodeIgniter\CodeIgniter->run()
#5 C:\xampp\htdocs\it-project\vendor\codeigniter4\framework\system\Commands\Server\rewrite.php(43): require_once('C:\\xampp\\htdocs...')
#6 {main}
CRITICAL - 2022-01-19 05:26:52 --> Call to undefined method App\Models\M_berita::getResult
#0 C:\xampp\htdocs\it-project\app\Controllers\Berita.php(99): CodeIgniter\Model->__call('getResult', Array)
#1 C:\xampp\htdocs\it-project\vendor\codeigniter4\framework\system\CodeIgniter.php(824): App\Controllers\Berita->delete('29')
#2 C:\xampp\htdocs\it-project\vendor\codeigniter4\framework\system\CodeIgniter.php(410): CodeIgniter\CodeIgniter->runController(Object(App\Controllers\Berita))
#3 C:\xampp\htdocs\it-project\vendor\codeigniter4\framework\system\CodeIgniter.php(318): CodeIgniter\CodeIgniter->handleRequest(NULL, Object(Config\Cache), false)
#4 C:\xampp\htdocs\it-project\public\index.php(37): CodeIgniter\CodeIgniter->run()
#5 C:\xampp\htdocs\it-project\vendor\codeigniter4\framework\system\Commands\Server\rewrite.php(43): require_once('C:\\xampp\\htdocs...')
#6 {main}
CRITICAL - 2022-01-19 05:27:50 --> Undefined property: CodeIgniter\Database\MySQLi\Result::$gambar
#0 C:\xampp\htdocs\it-project\app\Controllers\Berita.php(100): CodeIgniter\Debug\Exceptions->errorHandler(2, 'Undefined prope...', 'C:\\xampp\\htdocs...', 100)
#1 C:\xampp\htdocs\it-project\vendor\codeigniter4\framework\system\CodeIgniter.php(824): App\Controllers\Berita->delete('29')
#2 C:\xampp\htdocs\it-project\vendor\codeigniter4\framework\system\CodeIgniter.php(410): CodeIgniter\CodeIgniter->runController(Object(App\Controllers\Berita))
#3 C:\xampp\htdocs\it-project\vendor\codeigniter4\framework\system\CodeIgniter.php(318): CodeIgniter\CodeIgniter->handleRequest(NULL, Object(Config\Cache), false)
#4 C:\xampp\htdocs\it-project\public\index.php(37): CodeIgniter\CodeIgniter->run()
#5 C:\xampp\htdocs\it-project\vendor\codeigniter4\framework\system\Commands\Server\rewrite.php(43): require_once('C:\\xampp\\htdocs...')
#6 {main}
CRITICAL - 2022-01-19 05:30:10 --> Object of class App\Controllers\Berita could not be converted to string
#0 C:\xampp\htdocs\it-project\vendor\codeigniter4\framework\system\CodeIgniter.php(824): App\Controllers\Berita->delete('29')
#1 C:\xampp\htdocs\it-project\vendor\codeigniter4\framework\system\CodeIgniter.php(410): CodeIgniter\CodeIgniter->runController(Object(App\Controllers\Berita))
#2 C:\xampp\htdocs\it-project\vendor\codeigniter4\framework\system\CodeIgniter.php(318): CodeIgniter\CodeIgniter->handleRequest(NULL, Object(Config\Cache), false)
#3 C:\xampp\htdocs\it-project\public\index.php(37): CodeIgniter\CodeIgniter->run()
#4 C:\xampp\htdocs\it-project\vendor\codeigniter4\framework\system\Commands\Server\rewrite.php(43): require_once('C:\\xampp\\htdocs...')
#5 {main}
CRITICAL - 2022-01-19 05:32:54 --> Undefined property: CodeIgniter\Database\MySQLi\Result::$gambar
#0 C:\xampp\htdocs\it-project\app\Controllers\Berita.php(100): CodeIgniter\Debug\Exceptions->errorHandler(2, 'Undefined prope...', 'C:\\xampp\\htdocs...', 100)
#1 C:\xampp\htdocs\it-project\vendor\codeigniter4\framework\system\CodeIgniter.php(824): App\Controllers\Berita->delete('29')
#2 C:\xampp\htdocs\it-project\vendor\codeigniter4\framework\system\CodeIgniter.php(410): CodeIgniter\CodeIgniter->runController(Object(App\Controllers\Berita))
#3 C:\xampp\htdocs\it-project\vendor\codeigniter4\framework\system\CodeIgniter.php(318): CodeIgniter\CodeIgniter->handleRequest(NULL, Object(Config\Cache), false)
#4 C:\xampp\htdocs\it-project\public\index.php(37): CodeIgniter\CodeIgniter->run()
#5 C:\xampp\htdocs\it-project\vendor\codeigniter4\framework\system\Commands\Server\rewrite.php(43): require_once('C:\\xampp\\htdocs...')
#6 {main}
CRITICAL - 2022-01-19 05:38:13 --> Undefined property: CodeIgniter\Database\MySQLi\Result::$gambar
#0 C:\xampp\htdocs\it-project\app\Controllers\Berita.php(100): CodeIgniter\Debug\Exceptions->errorHandler(2, 'Undefined prope...', 'C:\\xampp\\htdocs...', 100)
#1 C:\xampp\htdocs\it-project\vendor\codeigniter4\framework\system\CodeIgniter.php(824): App\Controllers\Berita->delete('29')
#2 C:\xampp\htdocs\it-project\vendor\codeigniter4\framework\system\CodeIgniter.php(410): CodeIgniter\CodeIgniter->runController(Object(App\Controllers\Berita))
#3 C:\xampp\htdocs\it-project\vendor\codeigniter4\framework\system\CodeIgniter.php(318): CodeIgniter\CodeIgniter->handleRequest(NULL, Object(Config\Cache), false)
#4 C:\xampp\htdocs\it-project\public\index.php(37): CodeIgniter\CodeIgniter->run()
#5 C:\xampp\htdocs\it-project\vendor\codeigniter4\framework\system\Commands\Server\rewrite.php(43): require_once('C:\\xampp\\htdocs...')
#6 {main}
CRITICAL - 2022-01-19 05:38:49 --> Attempt to read property "gambar" on null
#0 C:\xampp\htdocs\it-project\app\Controllers\Berita.php(100): CodeIgniter\Debug\Exceptions->errorHandler(2, 'Attempt to read...', 'C:\\xampp\\htdocs...', 100)
#1 C:\xampp\htdocs\it-project\vendor\codeigniter4\framework\system\CodeIgniter.php(824): App\Controllers\Berita->delete('29')
#2 C:\xampp\htdocs\it-project\vendor\codeigniter4\framework\system\CodeIgniter.php(410): CodeIgniter\CodeIgniter->runController(Object(App\Controllers\Berita))
#3 C:\xampp\htdocs\it-project\vendor\codeigniter4\framework\system\CodeIgniter.php(318): CodeIgniter\CodeIgniter->handleRequest(NULL, Object(Config\Cache), false)
#4 C:\xampp\htdocs\it-project\public\index.php(37): CodeIgniter\CodeIgniter->run()
#5 C:\xampp\htdocs\it-project\vendor\codeigniter4\framework\system\Commands\Server\rewrite.php(43): require_once('C:\\xampp\\htdocs...')
#6 {main}
CRITICAL - 2022-01-19 05:39:10 --> Attempt to read property "gambar" on array
#0 C:\xampp\htdocs\it-project\app\Controllers\Berita.php(100): CodeIgniter\Debug\Exceptions->errorHandler(2, 'Attempt to read...', 'C:\\xampp\\htdocs...', 100)
#1 C:\xampp\htdocs\it-project\vendor\codeigniter4\framework\system\CodeIgniter.php(824): App\Controllers\Berita->delete('29')
#2 C:\xampp\htdocs\it-project\vendor\codeigniter4\framework\system\CodeIgniter.php(410): CodeIgniter\CodeIgniter->runController(Object(App\Controllers\Berita))
#3 C:\xampp\htdocs\it-project\vendor\codeigniter4\framework\system\CodeIgniter.php(318): CodeIgniter\CodeIgniter->handleRequest(NULL, Object(Config\Cache), false)
#4 C:\xampp\htdocs\it-project\public\index.php(37): CodeIgniter\CodeIgniter->run()
#5 C:\xampp\htdocs\it-project\vendor\codeigniter4\framework\system\Commands\Server\rewrite.php(43): require_once('C:\\xampp\\htdocs...')
#6 {main}
CRITICAL - 2022-01-19 05:39:57 --> Attempt to read property "gambar" on array
#0 C:\xampp\htdocs\it-project\app\Controllers\Berita.php(100): CodeIgniter\Debug\Exceptions->errorHandler(2, 'Attempt to read...', 'C:\\xampp\\htdocs...', 100)
#1 C:\xampp\htdocs\it-project\vendor\codeigniter4\framework\system\CodeIgniter.php(824): App\Controllers\Berita->delete('29')
#2 C:\xampp\htdocs\it-project\vendor\codeigniter4\framework\system\CodeIgniter.php(410): CodeIgniter\CodeIgniter->runController(Object(App\Controllers\Berita))
#3 C:\xampp\htdocs\it-project\vendor\codeigniter4\framework\system\CodeIgniter.php(318): CodeIgniter\CodeIgniter->handleRequest(NULL, Object(Config\Cache), false)
#4 C:\xampp\htdocs\it-project\public\index.php(37): CodeIgniter\CodeIgniter->run()
#5 C:\xampp\htdocs\it-project\vendor\codeigniter4\framework\system\Commands\Server\rewrite.php(43): require_once('C:\\xampp\\htdocs...')
#6 {main}
CRITICAL - 2022-01-19 05:56:21 --> Too few arguments to function App\Controllers\Berita::test(), 0 passed in C:\xampp\htdocs\it-project\vendor\codeigniter4\framework\system\CodeIgniter.php on line 824 and exactly 1 expected
#0 C:\xampp\htdocs\it-project\vendor\codeigniter4\framework\system\CodeIgniter.php(824): App\Controllers\Berita->test()
#1 C:\xampp\htdocs\it-project\vendor\codeigniter4\framework\system\CodeIgniter.php(410): CodeIgniter\CodeIgniter->runController(Object(App\Controllers\Berita))
#2 C:\xampp\htdocs\it-project\vendor\codeigniter4\framework\system\CodeIgniter.php(318): CodeIgniter\CodeIgniter->handleRequest(NULL, Object(Config\Cache), false)
#3 C:\xampp\htdocs\it-project\public\index.php(37): CodeIgniter\CodeIgniter->run()
#4 C:\xampp\htdocs\it-project\vendor\codeigniter4\framework\system\Commands\Server\rewrite.php(43): require_once('C:\\xampp\\htdocs...')
#5 {main}
CRITICAL - 2022-01-19 05:56:47 --> Too few arguments to function App\Controllers\Berita::test(), 0 passed in C:\xampp\htdocs\it-project\vendor\codeigniter4\framework\system\CodeIgniter.php on line 824 and exactly 1 expected
#0 C:\xampp\htdocs\it-project\vendor\codeigniter4\framework\system\CodeIgniter.php(824): App\Controllers\Berita->test()
#1 C:\xampp\htdocs\it-project\vendor\codeigniter4\framework\system\CodeIgniter.php(410): CodeIgniter\CodeIgniter->runController(Object(App\Controllers\Berita))
#2 C:\xampp\htdocs\it-project\vendor\codeigniter4\framework\system\CodeIgniter.php(318): CodeIgniter\CodeIgniter->handleRequest(NULL, Object(Config\Cache), false)
#3 C:\xampp\htdocs\it-project\public\index.php(37): CodeIgniter\CodeIgniter->run()
#4 C:\xampp\htdocs\it-project\vendor\codeigniter4\framework\system\Commands\Server\rewrite.php(43): require_once('C:\\xampp\\htdocs...')
#5 {main}
CRITICAL - 2022-01-19 05:56:58 --> Too few arguments to function App\Controllers\Berita::test(), 0 passed in C:\xampp\htdocs\it-project\vendor\codeigniter4\framework\system\CodeIgniter.php on line 824 and exactly 1 expected
#0 C:\xampp\htdocs\it-project\vendor\codeigniter4\framework\system\CodeIgniter.php(824): App\Controllers\Berita->test()
#1 C:\xampp\htdocs\it-project\vendor\codeigniter4\framework\system\CodeIgniter.php(410): CodeIgniter\CodeIgniter->runController(Object(App\Controllers\Berita))
#2 C:\xampp\htdocs\it-project\vendor\codeigniter4\framework\system\CodeIgniter.php(318): CodeIgniter\CodeIgniter->handleRequest(NULL, Object(Config\Cache), false)
#3 C:\xampp\htdocs\it-project\public\index.php(37): CodeIgniter\CodeIgniter->run()
#4 C:\xampp\htdocs\it-project\vendor\codeigniter4\framework\system\Commands\Server\rewrite.php(43): require_once('C:\\xampp\\htdocs...')
#5 {main}
CRITICAL - 2022-01-19 05:57:11 --> Too few arguments to function App\Controllers\Berita::test(), 0 passed in C:\xampp\htdocs\it-project\vendor\codeigniter4\framework\system\CodeIgniter.php on line 824 and exactly 1 expected
#0 C:\xampp\htdocs\it-project\vendor\codeigniter4\framework\system\CodeIgniter.php(824): App\Controllers\Berita->test()
#1 C:\xampp\htdocs\it-project\vendor\codeigniter4\framework\system\CodeIgniter.php(410): CodeIgniter\CodeIgniter->runController(Object(App\Controllers\Berita))
#2 C:\xampp\htdocs\it-project\vendor\codeigniter4\framework\system\CodeIgniter.php(318): CodeIgniter\CodeIgniter->handleRequest(NULL, Object(Config\Cache), false)
#3 C:\xampp\htdocs\it-project\public\index.php(37): CodeIgniter\CodeIgniter->run()
#4 C:\xampp\htdocs\it-project\vendor\codeigniter4\framework\system\Commands\Server\rewrite.php(43): require_once('C:\\xampp\\htdocs...')
#5 {main}
CRITICAL - 2022-01-19 05:57:33 --> Too few arguments to function App\Controllers\Berita::coba(), 0 passed in C:\xampp\htdocs\it-project\vendor\codeigniter4\framework\system\CodeIgniter.php on line 824 and exactly 1 expected
#0 C:\xampp\htdocs\it-project\vendor\codeigniter4\framework\system\CodeIgniter.php(824): App\Controllers\Berita->coba()
#1 C:\xampp\htdocs\it-project\vendor\codeigniter4\framework\system\CodeIgniter.php(410): CodeIgniter\CodeIgniter->runController(Object(App\Controllers\Berita))
#2 C:\xampp\htdocs\it-project\vendor\codeigniter4\framework\system\CodeIgniter.php(318): CodeIgniter\CodeIgniter->handleRequest(NULL, Object(Config\Cache), false)
#3 C:\xampp\htdocs\it-project\public\index.php(37): CodeIgniter\CodeIgniter->run()
#4 C:\xampp\htdocs\it-project\vendor\codeigniter4\framework\system\Commands\Server\rewrite.php(43): require_once('C:\\xampp\\htdocs...')
#5 {main}
CRITICAL - 2022-01-19 05:58:02 --> Too few arguments to function App\Controllers\Berita::coba(), 0 passed in C:\xampp\htdocs\it-project\vendor\codeigniter4\framework\system\CodeIgniter.php on line 824 and exactly 1 expected
#0 C:\xampp\htdocs\it-project\vendor\codeigniter4\framework\system\CodeIgniter.php(824): App\Controllers\Berita->coba()
#1 C:\xampp\htdocs\it-project\vendor\codeigniter4\framework\system\CodeIgniter.php(410): CodeIgniter\CodeIgniter->runController(Object(App\Controllers\Berita))
#2 C:\xampp\htdocs\it-project\vendor\codeigniter4\framework\system\CodeIgniter.php(318): CodeIgniter\CodeIgniter->handleRequest(NULL, Object(Config\Cache), false)
#3 C:\xampp\htdocs\it-project\public\index.php(37): CodeIgniter\CodeIgniter->run()
#4 C:\xampp\htdocs\it-project\vendor\codeigniter4\framework\system\Commands\Server\rewrite.php(43): require_once('C:\\xampp\\htdocs...')
#5 {main}
CRITICAL - 2022-01-19 05:58:55 --> Too few arguments to function App\Controllers\Berita::coba(), 0 passed in C:\xampp\htdocs\it-project\vendor\codeigniter4\framework\system\CodeIgniter.php on line 824 and exactly 1 expected
#0 C:\xampp\htdocs\it-project\vendor\codeigniter4\framework\system\CodeIgniter.php(824): App\Controllers\Berita->coba()
#1 C:\xampp\htdocs\it-project\vendor\codeigniter4\framework\system\CodeIgniter.php(410): CodeIgniter\CodeIgniter->runController(Object(App\Controllers\Berita))
#2 C:\xampp\htdocs\it-project\vendor\codeigniter4\framework\system\CodeIgniter.php(318): CodeIgniter\CodeIgniter->handleRequest(NULL, Object(Config\Cache), false)
#3 C:\xampp\htdocs\it-project\public\index.php(37): CodeIgniter\CodeIgniter->run()
#4 C:\xampp\htdocs\it-project\vendor\codeigniter4\framework\system\Commands\Server\rewrite.php(43): require_once('C:\\xampp\\htdocs...')
#5 {main}
CRITICAL - 2022-01-19 05:59:16 --> Too few arguments to function App\Controllers\Berita::coba(), 0 passed in C:\xampp\htdocs\it-project\vendor\codeigniter4\framework\system\CodeIgniter.php on line 824 and exactly 1 expected
#0 C:\xampp\htdocs\it-project\vendor\codeigniter4\framework\system\CodeIgniter.php(824): App\Controllers\Berita->coba()
#1 C:\xampp\htdocs\it-project\vendor\codeigniter4\framework\system\CodeIgniter.php(410): CodeIgniter\CodeIgniter->runController(Object(App\Controllers\Berita))
#2 C:\xampp\htdocs\it-project\vendor\codeigniter4\framework\system\CodeIgniter.php(318): CodeIgniter\CodeIgniter->handleRequest(NULL, Object(Config\Cache), false)
#3 C:\xampp\htdocs\it-project\public\index.php(37): CodeIgniter\CodeIgniter->run()
#4 C:\xampp\htdocs\it-project\vendor\codeigniter4\framework\system\Commands\Server\rewrite.php(43): require_once('C:\\xampp\\htdocs...')
#5 {main}
CRITICAL - 2022-01-19 05:59:17 --> Too few arguments to function App\Controllers\Berita::coba(), 0 passed in C:\xampp\htdocs\it-project\vendor\codeigniter4\framework\system\CodeIgniter.php on line 824 and exactly 1 expected
#0 C:\xampp\htdocs\it-project\vendor\codeigniter4\framework\system\CodeIgniter.php(824): App\Controllers\Berita->coba()
#1 C:\xampp\htdocs\it-project\vendor\codeigniter4\framework\system\CodeIgniter.php(410): CodeIgniter\CodeIgniter->runController(Object(App\Controllers\Berita))
#2 C:\xampp\htdocs\it-project\vendor\codeigniter4\framework\system\CodeIgniter.php(318): CodeIgniter\CodeIgniter->handleRequest(NULL, Object(Config\Cache), false)
#3 C:\xampp\htdocs\it-project\public\index.php(37): CodeIgniter\CodeIgniter->run()
#4 C:\xampp\htdocs\it-project\vendor\codeigniter4\framework\system\Commands\Server\rewrite.php(43): require_once('C:\\xampp\\htdocs...')
#5 {main}
CRITICAL - 2022-01-19 06:00:00 --> Too few arguments to function App\Controllers\Berita::coba(), 0 passed in C:\xampp\htdocs\it-project\vendor\codeigniter4\framework\system\CodeIgniter.php on line 824 and exactly 1 expected
#0 C:\xampp\htdocs\it-project\vendor\codeigniter4\framework\system\CodeIgniter.php(824): App\Controllers\Berita->coba()
#1 C:\xampp\htdocs\it-project\vendor\codeigniter4\framework\system\CodeIgniter.php(410): CodeIgniter\CodeIgniter->runController(Object(App\Controllers\Berita))
#2 C:\xampp\htdocs\it-project\vendor\codeigniter4\framework\system\CodeIgniter.php(318): CodeIgniter\CodeIgniter->handleRequest(NULL, Object(Config\Cache), false)
#3 C:\xampp\htdocs\it-project\public\index.php(37): CodeIgniter\CodeIgniter->run()
#4 C:\xampp\htdocs\it-project\vendor\codeigniter4\framework\system\Commands\Server\rewrite.php(43): require_once('C:\\xampp\\htdocs...')
#5 {main}
CRITICAL - 2022-01-19 06:00:01 --> Too few arguments to function App\Controllers\Berita::coba(), 0 passed in C:\xampp\htdocs\it-project\vendor\codeigniter4\framework\system\CodeIgniter.php on line 824 and exactly 1 expected
#0 C:\xampp\htdocs\it-project\vendor\codeigniter4\framework\system\CodeIgniter.php(824): App\Controllers\Berita->coba()
#1 C:\xampp\htdocs\it-project\vendor\codeigniter4\framework\system\CodeIgniter.php(410): CodeIgniter\CodeIgniter->runController(Object(App\Controllers\Berita))
#2 C:\xampp\htdocs\it-project\vendor\codeigniter4\framework\system\CodeIgniter.php(318): CodeIgniter\CodeIgniter->handleRequest(NULL, Object(Config\Cache), false)
#3 C:\xampp\htdocs\it-project\public\index.php(37): CodeIgniter\CodeIgniter->run()
#4 C:\xampp\htdocs\it-project\vendor\codeigniter4\framework\system\Commands\Server\rewrite.php(43): require_once('C:\\xampp\\htdocs...')
#5 {main}
CRITICAL - 2022-01-19 06:00:01 --> Too few arguments to function App\Controllers\Berita::coba(), 0 passed in C:\xampp\htdocs\it-project\vendor\codeigniter4\framework\system\CodeIgniter.php on line 824 and exactly 1 expected
#0 C:\xampp\htdocs\it-project\vendor\codeigniter4\framework\system\CodeIgniter.php(824): App\Controllers\Berita->coba()
#1 C:\xampp\htdocs\it-project\vendor\codeigniter4\framework\system\CodeIgniter.php(410): CodeIgniter\CodeIgniter->runController(Object(App\Controllers\Berita))
#2 C:\xampp\htdocs\it-project\vendor\codeigniter4\framework\system\CodeIgniter.php(318): CodeIgniter\CodeIgniter->handleRequest(NULL, Object(Config\Cache), false)
#3 C:\xampp\htdocs\it-project\public\index.php(37): CodeIgniter\CodeIgniter->run()
#4 C:\xampp\htdocs\it-project\vendor\codeigniter4\framework\system\Commands\Server\rewrite.php(43): require_once('C:\\xampp\\htdocs...')
#5 {main}
CRITICAL - 2022-01-19 06:00:01 --> Too few arguments to function App\Controllers\Berita::coba(), 0 passed in C:\xampp\htdocs\it-project\vendor\codeigniter4\framework\system\CodeIgniter.php on line 824 and exactly 1 expected
#0 C:\xampp\htdocs\it-project\vendor\codeigniter4\framework\system\CodeIgniter.php(824): App\Controllers\Berita->coba()
#1 C:\xampp\htdocs\it-project\vendor\codeigniter4\framework\system\CodeIgniter.php(410): CodeIgniter\CodeIgniter->runController(Object(App\Controllers\Berita))
#2 C:\xampp\htdocs\it-project\vendor\codeigniter4\framework\system\CodeIgniter.php(318): CodeIgniter\CodeIgniter->handleRequest(NULL, Object(Config\Cache), false)
#3 C:\xampp\htdocs\it-project\public\index.php(37): CodeIgniter\CodeIgniter->run()
#4 C:\xampp\htdocs\it-project\vendor\codeigniter4\framework\system\Commands\Server\rewrite.php(43): require_once('C:\\xampp\\htdocs...')
#5 {main}
CRITICAL - 2022-01-19 06:00:01 --> Too few arguments to function App\Controllers\Berita::coba(), 0 passed in C:\xampp\htdocs\it-project\vendor\codeigniter4\framework\system\CodeIgniter.php on line 824 and exactly 1 expected
#0 C:\xampp\htdocs\it-project\vendor\codeigniter4\framework\system\CodeIgniter.php(824): App\Controllers\Berita->coba()
#1 C:\xampp\htdocs\it-project\vendor\codeigniter4\framework\system\CodeIgniter.php(410): CodeIgniter\CodeIgniter->runController(Object(App\Controllers\Berita))
#2 C:\xampp\htdocs\it-project\vendor\codeigniter4\framework\system\CodeIgniter.php(318): CodeIgniter\CodeIgniter->handleRequest(NULL, Object(Config\Cache), false)
#3 C:\xampp\htdocs\it-project\public\index.php(37): CodeIgniter\CodeIgniter->run()
#4 C:\xampp\htdocs\it-project\vendor\codeigniter4\framework\system\Commands\Server\rewrite.php(43): require_once('C:\\xampp\\htdocs...')
#5 {main}
CRITICAL - 2022-01-19 06:00:02 --> Too few arguments to function App\Controllers\Berita::coba(), 0 passed in C:\xampp\htdocs\it-project\vendor\codeigniter4\framework\system\CodeIgniter.php on line 824 and exactly 1 expected
#0 C:\xampp\htdocs\it-project\vendor\codeigniter4\framework\system\CodeIgniter.php(824): App\Controllers\Berita->coba()
#1 C:\xampp\htdocs\it-project\vendor\codeigniter4\framework\system\CodeIgniter.php(410): CodeIgniter\CodeIgniter->runController(Object(App\Controllers\Berita))
#2 C:\xampp\htdocs\it-project\vendor\codeigniter4\framework\system\CodeIgniter.php(318): CodeIgniter\CodeIgniter->handleRequest(NULL, Object(Config\Cache), false)
#3 C:\xampp\htdocs\it-project\public\index.php(37): CodeIgniter\CodeIgniter->run()
#4 C:\xampp\htdocs\it-project\vendor\codeigniter4\framework\system\Commands\Server\rewrite.php(43): require_once('C:\\xampp\\htdocs...')
#5 {main}
CRITICAL - 2022-01-19 06:00:02 --> Too few arguments to function App\Controllers\Berita::coba(), 0 passed in C:\xampp\htdocs\it-project\vendor\codeigniter4\framework\system\CodeIgniter.php on line 824 and exactly 1 expected
#0 C:\xampp\htdocs\it-project\vendor\codeigniter4\framework\system\CodeIgniter.php(824): App\Controllers\Berita->coba()
#1 C:\xampp\htdocs\it-project\vendor\codeigniter4\framework\system\CodeIgniter.php(410): CodeIgniter\CodeIgniter->runController(Object(App\Controllers\Berita))
#2 C:\xampp\htdocs\it-project\vendor\codeigniter4\framework\system\CodeIgniter.php(318): CodeIgniter\CodeIgniter->handleRequest(NULL, Object(Config\Cache), false)
#3 C:\xampp\htdocs\it-project\public\index.php(37): CodeIgniter\CodeIgniter->run()
#4 C:\xampp\htdocs\it-project\vendor\codeigniter4\framework\system\Commands\Server\rewrite.php(43): require_once('C:\\xampp\\htdocs...')
#5 {main}
CRITICAL - 2022-01-19 06:00:02 --> Too few arguments to function App\Controllers\Berita::coba(), 0 passed in C:\xampp\htdocs\it-project\vendor\codeigniter4\framework\system\CodeIgniter.php on line 824 and exactly 1 expected
#0 C:\xampp\htdocs\it-project\vendor\codeigniter4\framework\system\CodeIgniter.php(824): App\Controllers\Berita->coba()
#1 C:\xampp\htdocs\it-project\vendor\codeigniter4\framework\system\CodeIgniter.php(410): CodeIgniter\CodeIgniter->runController(Object(App\Controllers\Berita))
#2 C:\xampp\htdocs\it-project\vendor\codeigniter4\framework\system\CodeIgniter.php(318): CodeIgniter\CodeIgniter->handleRequest(NULL, Object(Config\Cache), false)
#3 C:\xampp\htdocs\it-project\public\index.php(37): CodeIgniter\CodeIgniter->run()
#4 C:\xampp\htdocs\it-project\vendor\codeigniter4\framework\system\Commands\Server\rewrite.php(43): require_once('C:\\xampp\\htdocs...')
#5 {main}
CRITICAL - 2022-01-19 06:00:58 --> Too few arguments to function App\Controllers\Berita::coba(), 0 passed in C:\xampp\htdocs\it-project\vendor\codeigniter4\framework\system\CodeIgniter.php on line 824 and exactly 1 expected
#0 C:\xampp\htdocs\it-project\vendor\codeigniter4\framework\system\CodeIgniter.php(824): App\Controllers\Berita->coba()
#1 C:\xampp\htdocs\it-project\vendor\codeigniter4\framework\system\CodeIgniter.php(410): CodeIgniter\CodeIgniter->runController(Object(App\Controllers\Berita))
#2 C:\xampp\htdocs\it-project\vendor\codeigniter4\framework\system\CodeIgniter.php(318): CodeIgniter\CodeIgniter->handleRequest(NULL, Object(Config\Cache), false)
#3 C:\xampp\htdocs\it-project\public\index.php(37): CodeIgniter\CodeIgniter->run()
#4 C:\xampp\htdocs\it-project\vendor\codeigniter4\framework\system\Commands\Server\rewrite.php(43): require_once('C:\\xampp\\htdocs...')
#5 {main}
CRITICAL - 2022-01-19 06:02:24 --> Too few arguments to function App\Controllers\Berita::coba(), 0 passed in C:\xampp\htdocs\it-project\vendor\codeigniter4\framework\system\CodeIgniter.php on line 824 and exactly 1 expected
#0 C:\xampp\htdocs\it-project\vendor\codeigniter4\framework\system\CodeIgniter.php(824): App\Controllers\Berita->coba()
#1 C:\xampp\htdocs\it-project\vendor\codeigniter4\framework\system\CodeIgniter.php(410): CodeIgniter\CodeIgniter->runController(Object(App\Controllers\Berita))
#2 C:\xampp\htdocs\it-project\vendor\codeigniter4\framework\system\CodeIgniter.php(318): CodeIgniter\CodeIgniter->handleRequest(NULL, Object(Config\Cache), false)
#3 C:\xampp\htdocs\it-project\public\index.php(37): CodeIgniter\CodeIgniter->run()
#4 C:\xampp\htdocs\it-project\vendor\codeigniter4\framework\system\Commands\Server\rewrite.php(43): require_once('C:\\xampp\\htdocs...')
#5 {main}
CRITICAL - 2022-01-19 06:02:47 --> Too few arguments to function App\Controllers\Berita::coba(), 0 passed in C:\xampp\htdocs\it-project\vendor\codeigniter4\framework\system\CodeIgniter.php on line 824 and exactly 1 expected
#0 C:\xampp\htdocs\it-project\vendor\codeigniter4\framework\system\CodeIgniter.php(824): App\Controllers\Berita->coba()
#1 C:\xampp\htdocs\it-project\vendor\codeigniter4\framework\system\CodeIgniter.php(410): CodeIgniter\CodeIgniter->runController(Object(App\Controllers\Berita))
#2 C:\xampp\htdocs\it-project\vendor\codeigniter4\framework\system\CodeIgniter.php(318): CodeIgniter\CodeIgniter->handleRequest(NULL, Object(Config\Cache), false)
#3 C:\xampp\htdocs\it-project\public\index.php(37): CodeIgniter\CodeIgniter->run()
#4 C:\xampp\htdocs\it-project\vendor\codeigniter4\framework\system\Commands\Server\rewrite.php(43): require_once('C:\\xampp\\htdocs...')
#5 {main}
CRITICAL - 2022-01-19 06:02:59 --> Too few arguments to function App\Controllers\Berita::coba(), 0 passed in C:\xampp\htdocs\it-project\vendor\codeigniter4\framework\system\CodeIgniter.php on line 824 and exactly 1 expected
#0 C:\xampp\htdocs\it-project\vendor\codeigniter4\framework\system\CodeIgniter.php(824): App\Controllers\Berita->coba()
#1 C:\xampp\htdocs\it-project\vendor\codeigniter4\framework\system\CodeIgniter.php(410): CodeIgniter\CodeIgniter->runController(Object(App\Controllers\Berita))
#2 C:\xampp\htdocs\it-project\vendor\codeigniter4\framework\system\CodeIgniter.php(318): CodeIgniter\CodeIgniter->handleRequest(NULL, Object(Config\Cache), false)
#3 C:\xampp\htdocs\it-project\public\index.php(37): CodeIgniter\CodeIgniter->run()
#4 C:\xampp\htdocs\it-project\vendor\codeigniter4\framework\system\Commands\Server\rewrite.php(43): require_once('C:\\xampp\\htdocs...')
#5 {main}
CRITICAL - 2022-01-19 06:10:33 --> Call to undefined method App\Models\M_berita::getRow
#0 C:\xampp\htdocs\it-project\app\Controllers\Berita.php(98): CodeIgniter\Model->__call('getRow', Array)
#1 C:\xampp\htdocs\it-project\vendor\codeigniter4\framework\system\CodeIgniter.php(824): App\Controllers\Berita->delete('30')
#2 C:\xampp\htdocs\it-project\vendor\codeigniter4\framework\system\CodeIgniter.php(410): CodeIgniter\CodeIgniter->runController(Object(App\Controllers\Berita))
#3 C:\xampp\htdocs\it-project\vendor\codeigniter4\framework\system\CodeIgniter.php(318): CodeIgniter\CodeIgniter->handleRequest(NULL, Object(Config\Cache), false)
#4 C:\xampp\htdocs\it-project\public\index.php(37): CodeIgniter\CodeIgniter->run()
#5 C:\xampp\htdocs\it-project\vendor\codeigniter4\framework\system\Commands\Server\rewrite.php(43): require_once('C:\\xampp\\htdocs...')
#6 {main}
CRITICAL - 2022-01-19 06:12:51 --> Undefined property: CodeIgniter\Database\MySQLi\Result::$gambar
#0 C:\xampp\htdocs\it-project\app\Controllers\Berita.php(99): CodeIgniter\Debug\Exceptions->errorHandler(2, 'Undefined prope...', 'C:\\xampp\\htdocs...', 99)
#1 C:\xampp\htdocs\it-project\vendor\codeigniter4\framework\system\CodeIgniter.php(824): App\Controllers\Berita->delete('30')
#2 C:\xampp\htdocs\it-project\vendor\codeigniter4\framework\system\CodeIgniter.php(410): CodeIgniter\CodeIgniter->runController(Object(App\Controllers\Berita))
#3 C:\xampp\htdocs\it-project\vendor\codeigniter4\framework\system\CodeIgniter.php(318): CodeIgniter\CodeIgniter->handleRequest(NULL, Object(Config\Cache), false)
#4 C:\xampp\htdocs\it-project\public\index.php(37): CodeIgniter\CodeIgniter->run()
#5 C:\xampp\htdocs\it-project\vendor\codeigniter4\framework\system\Commands\Server\rewrite.php(43): require_once('C:\\xampp\\htdocs...')
#6 {main}
CRITICAL - 2022-01-19 06:14:16 --> Undefined property: CodeIgniter\Database\MySQLi\Result::$gambar
#0 C:\xampp\htdocs\it-project\app\Controllers\Berita.php(100): CodeIgniter\Debug\Exceptions->errorHandler(2, 'Undefined prope...', 'C:\\xampp\\htdocs...', 100)
#1 C:\xampp\htdocs\it-project\vendor\codeigniter4\framework\system\CodeIgniter.php(824): App\Controllers\Berita->delete('30')
#2 C:\xampp\htdocs\it-project\vendor\codeigniter4\framework\system\CodeIgniter.php(410): CodeIgniter\CodeIgniter->runController(Object(App\Controllers\Berita))
#3 C:\xampp\htdocs\it-project\vendor\codeigniter4\framework\system\CodeIgniter.php(318): CodeIgniter\CodeIgniter->handleRequest(NULL, Object(Config\Cache), false)
#4 C:\xampp\htdocs\it-project\public\index.php(37): CodeIgniter\CodeIgniter->run()
#5 C:\xampp\htdocs\it-project\vendor\codeigniter4\framework\system\Commands\Server\rewrite.php(43): require_once('C:\\xampp\\htdocs...')
#6 {main}
CRITICAL - 2022-01-19 06:14:27 --> Object of class CodeIgniter\Database\MySQLi\Result could not be converted to string
#0 C:\xampp\htdocs\it-project\vendor\codeigniter4\framework\system\CodeIgniter.php(824): App\Controllers\Berita->delete('30')
#1 C:\xampp\htdocs\it-project\vendor\codeigniter4\framework\system\CodeIgniter.php(410): CodeIgniter\CodeIgniter->runController(Object(App\Controllers\Berita))
#2 C:\xampp\htdocs\it-project\vendor\codeigniter4\framework\system\CodeIgniter.php(318): CodeIgniter\CodeIgniter->handleRequest(NULL, Object(Config\Cache), false)
#3 C:\xampp\htdocs\it-project\public\index.php(37): CodeIgniter\CodeIgniter->run()
#4 C:\xampp\htdocs\it-project\vendor\codeigniter4\framework\system\Commands\Server\rewrite.php(43): require_once('C:\\xampp\\htdocs...')
#5 {main}
CRITICAL - 2022-01-19 10:17:13 --> Object of class CodeIgniter\Database\MySQLi\Result could not be converted to string
#0 C:\xampp\htdocs\it-project\vendor\codeigniter4\framework\system\CodeIgniter.php(824): App\Controllers\Berita->delete('32')
#1 C:\xampp\htdocs\it-project\vendor\codeigniter4\framework\system\CodeIgniter.php(410): CodeIgniter\CodeIgniter->runController(Object(App\Controllers\Berita))
#2 C:\xampp\htdocs\it-project\vendor\codeigniter4\framework\system\CodeIgniter.php(318): CodeIgniter\CodeIgniter->handleRequest(NULL, Object(Config\Cache), false)
#3 C:\xampp\htdocs\it-project\public\index.php(37): CodeIgniter\CodeIgniter->run()
#4 C:\xampp\htdocs\it-project\vendor\codeigniter4\framework\system\Commands\Server\rewrite.php(43): require_once('C:\\xampp\\htdocs...')
#5 {main}
CRITICAL - 2022-01-19 10:46:14 --> Too few arguments to function App\Controllers\Berita::delete(), 0 passed in C:\xampp\htdocs\it-project\vendor\codeigniter4\framework\system\CodeIgniter.php on line 824 and exactly 1 expected
#0 C:\xampp\htdocs\it-project\vendor\codeigniter4\framework\system\CodeIgniter.php(824): App\Controllers\Berita->delete()
#1 C:\xampp\htdocs\it-project\vendor\codeigniter4\framework\system\CodeIgniter.php(410): CodeIgniter\CodeIgniter->runController(Object(App\Controllers\Berita))
#2 C:\xampp\htdocs\it-project\vendor\codeigniter4\framework\system\CodeIgniter.php(318): CodeIgniter\CodeIgniter->handleRequest(NULL, Object(Config\Cache), false)
#3 C:\xampp\htdocs\it-project\public\index.php(37): CodeIgniter\CodeIgniter->run()
#4 C:\xampp\htdocs\it-project\vendor\codeigniter4\framework\system\Commands\Server\rewrite.php(43): require_once('C:\\xampp\\htdocs...')
#5 {main}
CRITICAL - 2022-01-19 10:46:28 --> unlink(public/media/berita/download_1.png): No such file or directory
#0 [internal function]: CodeIgniter\Debug\Exceptions->errorHandler(2, 'unlink(public/m...', 'C:\\xampp\\htdocs...', 123)
#1 C:\xampp\htdocs\it-project\app\Controllers\Berita.php(123): unlink('public/media/be...')
#2 C:\xampp\htdocs\it-project\vendor\codeigniter4\framework\system\CodeIgniter.php(824): App\Controllers\Berita->delete()
#3 C:\xampp\htdocs\it-project\vendor\codeigniter4\framework\system\CodeIgniter.php(410): CodeIgniter\CodeIgniter->runController(Object(App\Controllers\Berita))
#4 C:\xampp\htdocs\it-project\vendor\codeigniter4\framework\system\CodeIgniter.php(318): CodeIgniter\CodeIgniter->handleRequest(NULL, Object(Config\Cache), false)
#5 C:\xampp\htdocs\it-project\public\index.php(37): CodeIgniter\CodeIgniter->run()
#6 C:\xampp\htdocs\it-project\vendor\codeigniter4\framework\system\Commands\Server\rewrite.php(43): require_once('C:\\xampp\\htdocs...')
#7 {main}
CRITICAL - 2022-01-19 10:54:52 --> The original file is not a valid file.
#0 C:\xampp\htdocs\it-project\vendor\codeigniter4\framework\system\HTTP\Files\UploadedFile.php(137): CodeIgniter\HTTP\Exceptions\HTTPException::forInvalidFile()
#1 C:\xampp\htdocs\it-project\app\Controllers\Berita.php(109): CodeIgniter\HTTP\Files\UploadedFile->move('C:\\xampp\\htdocs...')
#2 C:\xampp\htdocs\it-project\vendor\codeigniter4\framework\system\CodeIgniter.php(824): App\Controllers\Berita->update('37')
#3 C:\xampp\htdocs\it-project\vendor\codeigniter4\framework\system\CodeIgniter.php(410): CodeIgniter\CodeIgniter->runController(Object(App\Controllers\Berita))
#4 C:\xampp\htdocs\it-project\vendor\codeigniter4\framework\system\CodeIgniter.php(318): CodeIgniter\CodeIgniter->handleRequest(NULL, Object(Config\Cache), false)
#5 C:\xampp\htdocs\it-project\public\index.php(37): CodeIgniter\CodeIgniter->run()
#6 C:\xampp\htdocs\it-project\vendor\codeigniter4\framework\system\Commands\Server\rewrite.php(43): require_once('C:\\xampp\\htdocs...')
#7 {main}
CRITICAL - 2022-01-19 11:00:40 --> unlink(C:\xampp\htdocs\it-project\public/media/berita/): Is a directory
#0 [internal function]: CodeIgniter\Debug\Exceptions->errorHandler(2, 'unlink(C:\\xampp...', 'C:\\xampp\\htdocs...', 101)
#1 C:\xampp\htdocs\it-project\app\Controllers\Berita.php(101): unlink('C:\\xampp\\htdocs...')
#2 C:\xampp\htdocs\it-project\vendor\codeigniter4\framework\system\CodeIgniter.php(824): App\Controllers\Berita->update('37')
#3 C:\xampp\htdocs\it-project\vendor\codeigniter4\framework\system\CodeIgniter.php(410): CodeIgniter\CodeIgniter->runController(Object(App\Controllers\Berita))
#4 C:\xampp\htdocs\it-project\vendor\codeigniter4\framework\system\CodeIgniter.php(318): CodeIgniter\CodeIgniter->handleRequest(NULL, Object(Config\Cache), false)
#5 C:\xampp\htdocs\it-project\public\index.php(37): CodeIgniter\CodeIgniter->run()
#6 C:\xampp\htdocs\it-project\vendor\codeigniter4\framework\system\Commands\Server\rewrite.php(43): require_once('C:\\xampp\\htdocs...')
#7 {main}
CRITICAL - 2022-01-19 11:01:37 --> unlink(C:\xampp\htdocs\it-project\public/media/berita/): Is a directory
#0 [internal function]: CodeIgniter\Debug\Exceptions->errorHandler(2, 'unlink(C:\\xampp...', 'C:\\xampp\\htdocs...', 102)
#1 C:\xampp\htdocs\it-project\app\Controllers\Berita.php(102): unlink('C:\\xampp\\htdocs...')
#2 C:\xampp\htdocs\it-project\vendor\codeigniter4\framework\system\CodeIgniter.php(824): App\Controllers\Berita->update('37')
#3 C:\xampp\htdocs\it-project\vendor\codeigniter4\framework\system\CodeIgniter.php(410): CodeIgniter\CodeIgniter->runController(Object(App\Controllers\Berita))
#4 C:\xampp\htdocs\it-project\vendor\codeigniter4\framework\system\CodeIgniter.php(318): CodeIgniter\CodeIgniter->handleRequest(NULL, Object(Config\Cache), false)
#5 C:\xampp\htdocs\it-project\public\index.php(37): CodeIgniter\CodeIgniter->run()
#6 C:\xampp\htdocs\it-project\vendor\codeigniter4\framework\system\Commands\Server\rewrite.php(43): require_once('C:\\xampp\\htdocs...')
#7 {main}
CRITICAL - 2022-01-19 11:02:17 --> unlink(C:\xampp\htdocs\it-project\public/media/berita/): Is a directory
#0 [internal function]: CodeIgniter\Debug\Exceptions->errorHandler(2, 'unlink(C:\\xampp...', 'C:\\xampp\\htdocs...', 126)
#1 C:\xampp\htdocs\it-project\app\Controllers\Berita.php(126): unlink('C:\\xampp\\htdocs...')
#2 C:\xampp\htdocs\it-project\vendor\codeigniter4\framework\system\CodeIgniter.php(824): App\Controllers\Berita->delete('37')
#3 C:\xampp\htdocs\it-project\vendor\codeigniter4\framework\system\CodeIgniter.php(410): CodeIgniter\CodeIgniter->runController(Object(App\Controllers\Berita))
#4 C:\xampp\htdocs\it-project\vendor\codeigniter4\framework\system\CodeIgniter.php(318): CodeIgniter\CodeIgniter->handleRequest(NULL, Object(Config\Cache), false)
#5 C:\xampp\htdocs\it-project\public\index.php(37): CodeIgniter\CodeIgniter->run()
#6 C:\xampp\htdocs\it-project\vendor\codeigniter4\framework\system\Commands\Server\rewrite.php(43): require_once('C:\\xampp\\htdocs...')
#7 {main}
CRITICAL - 2022-01-19 11:11:19 --> unlink(C:\xampp\htdocs\it-project\public/media/berita/1642612174_909754608efef03eb78b.png): Is a directory
#0 [internal function]: CodeIgniter\Debug\Exceptions->errorHandler(2, 'unlink(C:\\xampp...', 'C:\\xampp\\htdocs...', 126)
#1 C:\xampp\htdocs\it-project\app\Controllers\Berita.php(126): unlink('C:\\xampp\\htdocs...')
#2 C:\xampp\htdocs\it-project\vendor\codeigniter4\framework\system\CodeIgniter.php(824): App\Controllers\Berita->delete('39')
#3 C:\xampp\htdocs\it-project\vendor\codeigniter4\framework\system\CodeIgniter.php(410): CodeIgniter\CodeIgniter->runController(Object(App\Controllers\Berita))
#4 C:\xampp\htdocs\it-project\vendor\codeigniter4\framework\system\CodeIgniter.php(318): CodeIgniter\CodeIgniter->handleRequest(NULL, Object(Config\Cache), false)
#5 C:\xampp\htdocs\it-project\public\index.php(37): CodeIgniter\CodeIgniter->run()
#6 C:\xampp\htdocs\it-project\vendor\codeigniter4\framework\system\Commands\Server\rewrite.php(43): require_once('C:\\xampp\\htdocs...')
#7 {main}
