CRITICAL - 2021-12-23 10:54:22 --> Invalid file: v_register.php
#0 C:\xampp\htdocs\ci4app\vendor\codeigniter4\framework\system\View\View.php(198): CodeIgniter\Exceptions\FrameworkException::forInvalidFile('v_register.php')
#1 C:\xampp\htdocs\ci4app\vendor\codeigniter4\framework\system\Common.php(1097): CodeIgniter\View\View->render('v_register', Array, true)
#2 C:\xampp\htdocs\ci4app\app\Controllers\Auth.php(16): view('v_register', Array)
#3 C:\xampp\htdocs\ci4app\vendor\codeigniter4\framework\system\CodeIgniter.php(824): App\Controllers\Auth->register()
#4 C:\xampp\htdocs\ci4app\vendor\codeigniter4\framework\system\CodeIgniter.php(410): CodeIgniter\CodeIgniter->runController(Object(App\Controllers\Auth))
#5 C:\xampp\htdocs\ci4app\vendor\codeigniter4\framework\system\CodeIgniter.php(318): CodeIgniter\CodeIgniter->handleRequest(NULL, Object(Config\Cache), false)
#6 C:\xampp\htdocs\ci4app\public\index.php(37): CodeIgniter\CodeIgniter->run()
#7 C:\xampp\htdocs\ci4app\vendor\codeigniter4\framework\system\Commands\Server\rewrite.php(43): require_once('C:\\xampp\\htdocs...')
#8 {main}
CRITICAL - 2021-12-23 11:35:49 --> Cannot declare class App\Controllers\Home, because the name is already in use
#0 [internal function]: CodeIgniter\Debug\Exceptions->shutdownHandler()
#1 {main}
CRITICAL - 2021-12-23 11:36:10 --> Invalid file: kecamatan/v_kecamatan.php
#0 C:\xampp\htdocs\ci4app\vendor\codeigniter4\framework\system\View\View.php(198): CodeIgniter\Exceptions\FrameworkException::forInvalidFile('kecamatan/v_kec...')
#1 C:\xampp\htdocs\ci4app\vendor\codeigniter4\framework\system\Common.php(1097): CodeIgniter\View\View->render('kecamatan/v_kec...', Array, true)
#2 C:\xampp\htdocs\ci4app\app\Views\layout\v_content.php(3): view('kecamatan/v_kec...')
#3 C:\xampp\htdocs\ci4app\vendor\codeigniter4\framework\system\View\View.php(214): include('C:\\xampp\\htdocs...')
#4 C:\xampp\htdocs\ci4app\vendor\codeigniter4\framework\system\View\View.php(217): CodeIgniter\View\View->CodeIgniter\View\{closure}()
#5 C:\xampp\htdocs\ci4app\vendor\codeigniter4\framework\system\Common.php(1097): CodeIgniter\View\View->render('layout/v_conten...', Array, true)
#6 C:\xampp\htdocs\ci4app\app\Views\layout\v_wrapper.php(5): view('layout/v_conten...')
#7 C:\xampp\htdocs\ci4app\vendor\codeigniter4\framework\system\View\View.php(214): include('C:\\xampp\\htdocs...')
#8 C:\xampp\htdocs\ci4app\vendor\codeigniter4\framework\system\View\View.php(217): CodeIgniter\View\View->CodeIgniter\View\{closure}()
#9 C:\xampp\htdocs\ci4app\vendor\codeigniter4\framework\system\Common.php(1097): CodeIgniter\View\View->render('layout/v_wrappe...', Array, true)
#10 C:\xampp\htdocs\ci4app\app\Controllers\Kecamatan.php(13): view('layout/v_wrappe...', Array)
#11 C:\xampp\htdocs\ci4app\vendor\codeigniter4\framework\system\CodeIgniter.php(824): App\Controllers\Kecamatan->index()
#12 C:\xampp\htdocs\ci4app\vendor\codeigniter4\framework\system\CodeIgniter.php(410): CodeIgniter\CodeIgniter->runController(Object(App\Controllers\Kecamatan))
#13 C:\xampp\htdocs\ci4app\vendor\codeigniter4\framework\system\CodeIgniter.php(318): CodeIgniter\CodeIgniter->handleRequest(NULL, Object(Config\Cache), false)
#14 C:\xampp\htdocs\ci4app\public\index.php(37): CodeIgniter\CodeIgniter->run()
#15 C:\xampp\htdocs\ci4app\vendor\codeigniter4\framework\system\Commands\Server\rewrite.php(43): require_once('C:\\xampp\\htdocs...')
#16 {main}
CRITICAL - 2021-12-23 11:51:03 --> Undefined variable: title2
#0 C:\xampp\htdocs\ci4app\app\Views\layout\v_nav.php(177): CodeIgniter\Debug\Exceptions->errorHandler(8, 'Undefined varia...', 'C:\\xampp\\htdocs...', 177, Array)
#1 C:\xampp\htdocs\ci4app\vendor\codeigniter4\framework\system\View\View.php(214): include('C:\\xampp\\htdocs...')
#2 C:\xampp\htdocs\ci4app\vendor\codeigniter4\framework\system\View\View.php(217): CodeIgniter\View\View->CodeIgniter\View\{closure}()
#3 C:\xampp\htdocs\ci4app\vendor\codeigniter4\framework\system\Common.php(1097): CodeIgniter\View\View->render('layout/v_nav.ph...', Array, true)
#4 C:\xampp\htdocs\ci4app\app\Views\layout\v_wrapper.php(4): view('layout/v_nav.ph...')
#5 C:\xampp\htdocs\ci4app\vendor\codeigniter4\framework\system\View\View.php(214): include('C:\\xampp\\htdocs...')
#6 C:\xampp\htdocs\ci4app\vendor\codeigniter4\framework\system\View\View.php(217): CodeIgniter\View\View->CodeIgniter\View\{closure}()
#7 C:\xampp\htdocs\ci4app\vendor\codeigniter4\framework\system\Common.php(1097): CodeIgniter\View\View->render('layout/v_wrappe...', Array, true)
#8 C:\xampp\htdocs\ci4app\app\Controllers\Kecamatan.php(13): view('layout/v_wrappe...', Array)
#9 C:\xampp\htdocs\ci4app\vendor\codeigniter4\framework\system\CodeIgniter.php(824): App\Controllers\Kecamatan->index()
#10 C:\xampp\htdocs\ci4app\vendor\codeigniter4\framework\system\CodeIgniter.php(410): CodeIgniter\CodeIgniter->runController(Object(App\Controllers\Kecamatan))
#11 C:\xampp\htdocs\ci4app\vendor\codeigniter4\framework\system\CodeIgniter.php(318): CodeIgniter\CodeIgniter->handleRequest(NULL, Object(Config\Cache), false)
#12 C:\xampp\htdocs\ci4app\public\index.php(37): CodeIgniter\CodeIgniter->run()
#13 C:\xampp\htdocs\ci4app\vendor\codeigniter4\framework\system\Commands\Server\rewrite.php(43): require_once('C:\\xampp\\htdocs...')
#14 {main}
ERROR - 2021-12-23 13:32:57 --> Table 'dasawisma_db.kecamatan' doesn't exist
CRITICAL - 2021-12-23 13:32:57 --> Table 'dasawisma_db.kecamatan' doesn't exist
#0 C:\xampp\htdocs\ci4app\vendor\codeigniter4\framework\system\Database\MySQLi\Connection.php(292): mysqli->query('SELECT *\nFROM `...', 0)
#1 C:\xampp\htdocs\ci4app\vendor\codeigniter4\framework\system\Database\BaseConnection.php(670): CodeIgniter\Database\MySQLi\Connection->execute('SELECT *\nFROM `...')
#2 C:\xampp\htdocs\ci4app\vendor\codeigniter4\framework\system\Database\BaseConnection.php(598): CodeIgniter\Database\BaseConnection->simpleQuery('SELECT *\nFROM `...')
#3 C:\xampp\htdocs\ci4app\vendor\codeigniter4\framework\system\Database\BaseBuilder.php(1443): CodeIgniter\Database\BaseConnection->query('SELECT *\nFROM `...', Array, false)
#4 C:\xampp\htdocs\ci4app\app\Models\M_kecamatan.php(11): CodeIgniter\Database\BaseBuilder->get()
#5 C:\xampp\htdocs\ci4app\app\Controllers\Kecamatan.php(20): App\Models\M_kecamatan->get_kecamatan()
#6 C:\xampp\htdocs\ci4app\vendor\codeigniter4\framework\system\CodeIgniter.php(824): App\Controllers\Kecamatan->index()
#7 C:\xampp\htdocs\ci4app\vendor\codeigniter4\framework\system\CodeIgniter.php(410): CodeIgniter\CodeIgniter->runController(Object(App\Controllers\Kecamatan))
#8 C:\xampp\htdocs\ci4app\vendor\codeigniter4\framework\system\CodeIgniter.php(318): CodeIgniter\CodeIgniter->handleRequest(NULL, Object(Config\Cache), false)
#9 C:\xampp\htdocs\ci4app\public\index.php(37): CodeIgniter\CodeIgniter->run()
#10 C:\xampp\htdocs\ci4app\vendor\codeigniter4\framework\system\Commands\Server\rewrite.php(43): require_once('C:\\xampp\\htdocs...')
#11 {main}
ERROR - 2021-12-23 23:37:29 --> Error connecting to the database: No connection could be made because the target machine actively refused it.

CRITICAL - 2021-12-23 23:37:29 --> Unable to connect to the database.
Main connection [MySQLi]: No connection could be made because the target machine actively refused it.

#0 C:\xampp\htdocs\ci4app\vendor\codeigniter4\framework\system\Database\BaseConnection.php(577): CodeIgniter\Database\BaseConnection->initialize()
#1 C:\xampp\htdocs\ci4app\vendor\codeigniter4\framework\system\Database\BaseBuilder.php(1443): CodeIgniter\Database\BaseConnection->query('SELECT *\nFROM `...', Array, false)
#2 C:\xampp\htdocs\ci4app\app\Models\M_kecamatan.php(11): CodeIgniter\Database\BaseBuilder->get()
#3 C:\xampp\htdocs\ci4app\app\Controllers\Kecamatan.php(20): App\Models\M_kecamatan->get_kecamatan()
#4 C:\xampp\htdocs\ci4app\vendor\codeigniter4\framework\system\CodeIgniter.php(824): App\Controllers\Kecamatan->index()
#5 C:\xampp\htdocs\ci4app\vendor\codeigniter4\framework\system\CodeIgniter.php(410): CodeIgniter\CodeIgniter->runController(Object(App\Controllers\Kecamatan))
#6 C:\xampp\htdocs\ci4app\vendor\codeigniter4\framework\system\CodeIgniter.php(318): CodeIgniter\CodeIgniter->handleRequest(NULL, Object(Config\Cache), false)
#7 C:\xampp\htdocs\ci4app\public\index.php(37): CodeIgniter\CodeIgniter->run()
#8 C:\xampp\htdocs\ci4app\vendor\codeigniter4\framework\system\Commands\Server\rewrite.php(43): require_once('C:\\xampp\\htdocs...')
#9 {main}
