CRITICAL - 2024-02-08 00:20:39 --> Trying to access array offset on value of type null
in APPPATH/Models/M_berita.php on line 23.
 1 APPPATH/Models/M_berita.php(23): CodeIgniter\Debug\Exceptions->errorHandler(2, 'Trying to access array offset on value of type null', '/home/diskopukm/public_html/app/Models/M_berita.php', 23)
 2 APPPATH/Controllers/Berita.php(55): App\Models\M_berita->counter('tentang-bisnis-online')
 3 SYSTEMPATH/CodeIgniter.php(942): App\Controllers\Berita->detail('tentang-bisnis-online')
 4 SYSTEMPATH/CodeIgniter.php(502): CodeIgniter\CodeIgniter->runController(Object(App\Controllers\Berita))
 5 SYSTEMPATH/CodeIgniter.php(361): CodeIgniter\CodeIgniter->handleRequest(null, Object(Config\Cache), false)
 6 FCPATH/index.php(42): CodeIgniter\CodeIgniter->run()
CRITICAL - 2024-02-08 03:42:10 --> Trying to access array offset on value of type null
in APPPATH/Models/M_berita.php on line 23.
 1 APPPATH/Models/M_berita.php(23): CodeIgniter\Debug\Exceptions->errorHandler(2, 'Trying to access array offset on value of type null', '/home/diskopukm/public_html/app/Models/M_berita.php', 23)
 2 APPPATH/Controllers/Berita.php(55): App\Models\M_berita->counter('rumah-kemasan')
 3 SYSTEMPATH/CodeIgniter.php(942): App\Controllers\Berita->detail('rumah-kemasan')
 4 SYSTEMPATH/CodeIgniter.php(502): CodeIgniter\CodeIgniter->runController(Object(App\Controllers\Berita))
 5 SYSTEMPATH/CodeIgniter.php(361): CodeIgniter\CodeIgniter->handleRequest(null, Object(Config\Cache), false)
 6 FCPATH/index.php(42): CodeIgniter\CodeIgniter->run()
CRITICAL - 2024-02-08 07:40:59 --> Trying to access array offset on value of type null
in APPPATH/Models/M_berita.php on line 23.
 1 APPPATH/Models/M_berita.php(23): CodeIgniter\Debug\Exceptions->errorHandler(2, 'Trying to access array offset on value of type null', '/home/diskopukm/public_html/app/Models/M_berita.php', 23)
 2 APPPATH/Controllers/Berita.php(55): App\Models\M_berita->counter('frontend')
 3 SYSTEMPATH/CodeIgniter.php(942): App\Controllers\Berita->detail('frontend', 'assets', 'css', 'float.css')
 4 SYSTEMPATH/CodeIgniter.php(502): CodeIgniter\CodeIgniter->runController(Object(App\Controllers\Berita))
 5 SYSTEMPATH/CodeIgniter.php(361): CodeIgniter\CodeIgniter->handleRequest(null, Object(Config\Cache), false)
 6 FCPATH/index.php(42): CodeIgniter\CodeIgniter->run()
CRITICAL - 2024-02-08 10:56:28 --> Trying to access array offset on value of type null
in APPPATH/Models/M_berita.php on line 23.
 1 APPPATH/Models/M_berita.php(23): CodeIgniter\Debug\Exceptions->errorHandler(2, 'Trying to access array offset on value of type null', '/home/diskopukm/public_html/app/Models/M_berita.php', 23)
 2 APPPATH/Controllers/Berita.php(55): App\Models\M_berita->counter('tools-pendukung')
 3 SYSTEMPATH/CodeIgniter.php(942): App\Controllers\Berita->detail('tools-pendukung')
 4 SYSTEMPATH/CodeIgniter.php(502): CodeIgniter\CodeIgniter->runController(Object(App\Controllers\Berita))
 5 SYSTEMPATH/CodeIgniter.php(361): CodeIgniter\CodeIgniter->handleRequest(null, Object(Config\Cache), false)
 6 FCPATH/index.php(42): CodeIgniter\CodeIgniter->run()
CRITICAL - 2024-02-08 11:02:34 --> Trying to access array offset on value of type null
in APPPATH/Models/M_berita.php on line 23.
 1 APPPATH/Models/M_berita.php(23): CodeIgniter\Debug\Exceptions->errorHandler(2, 'Trying to access array offset on value of type null', '/home/diskopukm/public_html/app/Models/M_berita.php', 23)
 2 APPPATH/Controllers/Berita.php(55): App\Models\M_berita->counter('tugas-fungsi')
 3 SYSTEMPATH/CodeIgniter.php(942): App\Controllers\Berita->detail('tugas-fungsi')
 4 SYSTEMPATH/CodeIgniter.php(502): CodeIgniter\CodeIgniter->runController(Object(App\Controllers\Berita))
 5 SYSTEMPATH/CodeIgniter.php(361): CodeIgniter\CodeIgniter->handleRequest(null, Object(Config\Cache), false)
 6 FCPATH/index.php(42): CodeIgniter\CodeIgniter->run()
CRITICAL - 2024-02-08 11:11:11 --> Trying to access array offset on value of type null
in APPPATH/Models/M_berita.php on line 23.
 1 APPPATH/Models/M_berita.php(23): CodeIgniter\Debug\Exceptions->errorHandler(2, 'Trying to access array offset on value of type null', '/home/diskopukm/public_html/app/Models/M_berita.php', 23)
 2 APPPATH/Controllers/Berita.php(55): App\Models\M_berita->counter('rumah-batik')
 3 SYSTEMPATH/CodeIgniter.php(942): App\Controllers\Berita->detail('rumah-batik')
 4 SYSTEMPATH/CodeIgniter.php(502): CodeIgniter\CodeIgniter->runController(Object(App\Controllers\Berita))
 5 SYSTEMPATH/CodeIgniter.php(361): CodeIgniter\CodeIgniter->handleRequest(null, Object(Config\Cache), false)
 6 FCPATH/index.php(42): CodeIgniter\CodeIgniter->run()
CRITICAL - 2024-02-08 11:16:15 --> Trying to access array offset on value of type null
in APPPATH/Models/M_berita.php on line 23.
 1 APPPATH/Models/M_berita.php(23): CodeIgniter\Debug\Exceptions->errorHandler(2, 'Trying to access array offset on value of type null', '/home/diskopukm/public_html/app/Models/M_berita.php', 23)
 2 APPPATH/Controllers/Berita.php(55): App\Models\M_berita->counter('hasil-ujian-test-akademik-rekrutmen-calon-ppkl-2022')
 3 SYSTEMPATH/CodeIgniter.php(942): App\Controllers\Berita->detail('hasil-ujian-test-akademik-rekrutmen-calon-ppkl-2022')
 4 SYSTEMPATH/CodeIgniter.php(502): CodeIgniter\CodeIgniter->runController(Object(App\Controllers\Berita))
 5 SYSTEMPATH/CodeIgniter.php(361): CodeIgniter\CodeIgniter->handleRequest(null, Object(Config\Cache), false)
 6 FCPATH/index.php(42): CodeIgniter\CodeIgniter->run()
CRITICAL - 2024-02-08 11:16:22 --> Trying to access array offset on value of type null
in APPPATH/Models/M_berita.php on line 23.
 1 APPPATH/Models/M_berita.php(23): CodeIgniter\Debug\Exceptions->errorHandler(2, 'Trying to access array offset on value of type null', '/home/diskopukm/public_html/app/Models/M_berita.php', 23)
 2 APPPATH/Controllers/Berita.php(55): App\Models\M_berita->counter('perencanaan-dan-pengelolaan-keuangan-dalam-mewujudkan-keluarga-sejahtera')
 3 SYSTEMPATH/CodeIgniter.php(942): App\Controllers\Berita->detail('perencanaan-dan-pengelolaan-keuangan-dalam-mewujudkan-keluarga-sejahtera')
 4 SYSTEMPATH/CodeIgniter.php(502): CodeIgniter\CodeIgniter->runController(Object(App\Controllers\Berita))
 5 SYSTEMPATH/CodeIgniter.php(361): CodeIgniter\CodeIgniter->handleRequest(null, Object(Config\Cache), false)
 6 FCPATH/index.php(42): CodeIgniter\CodeIgniter->run()
CRITICAL - 2024-02-08 11:16:58 --> Trying to access array offset on value of type null
in APPPATH/Models/M_berita.php on line 23.
 1 APPPATH/Models/M_berita.php(23): CodeIgniter\Debug\Exceptions->errorHandler(2, 'Trying to access array offset on value of type null', '/home/diskopukm/public_html/app/Models/M_berita.php', 23)
 2 APPPATH/Controllers/Berita.php(55): App\Models\M_berita->counter('perkembangan-data-usaha-mikro-kecil-menengah-umkm-dan-usaha-besar-ub-tahun')
 3 SYSTEMPATH/CodeIgniter.php(942): App\Controllers\Berita->detail('perkembangan-data-usaha-mikro-kecil-menengah-umkm-dan-usaha-besar-ub-tahun')
 4 SYSTEMPATH/CodeIgniter.php(502): CodeIgniter\CodeIgniter->runController(Object(App\Controllers\Berita))
 5 SYSTEMPATH/CodeIgniter.php(361): CodeIgniter\CodeIgniter->handleRequest(null, Object(Config\Cache), false)
 6 FCPATH/index.php(42): CodeIgniter\CodeIgniter->run()
CRITICAL - 2024-02-08 11:17:02 --> Trying to access array offset on value of type null
in APPPATH/Models/M_berita.php on line 23.
 1 APPPATH/Models/M_berita.php(23): CodeIgniter\Debug\Exceptions->errorHandler(2, 'Trying to access array offset on value of type null', '/home/diskopukm/public_html/app/Models/M_berita.php', 23)
 2 APPPATH/Controllers/Berita.php(55): App\Models\M_berita->counter('panduan-praktis-ternak-ayam-kampung-untuk-usaha-mikro-menengah-dan-koperasi')
 3 SYSTEMPATH/CodeIgniter.php(942): App\Controllers\Berita->detail('panduan-praktis-ternak-ayam-kampung-untuk-usaha-mikro-menengah-dan-koperasi')
 4 SYSTEMPATH/CodeIgniter.php(502): CodeIgniter\CodeIgniter->runController(Object(App\Controllers\Berita))
 5 SYSTEMPATH/CodeIgniter.php(361): CodeIgniter\CodeIgniter->handleRequest(null, Object(Config\Cache), false)
 6 FCPATH/index.php(42): CodeIgniter\CodeIgniter->run()
CRITICAL - 2024-02-08 11:19:19 --> Trying to access array offset on value of type null
in APPPATH/Models/M_berita.php on line 23.
 1 APPPATH/Models/M_berita.php(23): CodeIgniter\Debug\Exceptions->errorHandler(2, 'Trying to access array offset on value of type null', '/home/diskopukm/public_html/app/Models/M_berita.php', 23)
 2 APPPATH/Controllers/Berita.php(55): App\Models\M_berita->counter('analisa-mengenai-pailit-dengan-berdasarkan-pendapat-ibnu-rusyd-dan-juga-perbandingannya-dengan-penerapan-hukum-kepailitan-yang-ada-di-indonesia')
 3 SYSTEMPATH/CodeIgniter.php(942): App\Controllers\Berita->detail('analisa-mengenai-pailit-dengan-berdasarkan-pendapat-ibnu-rusyd-dan-juga-perbandingannya-dengan-penerapan-hukum-kepailitan-yang-ada-di-indonesia')
 4 SYSTEMPATH/CodeIgniter.php(502): CodeIgniter\CodeIgniter->runController(Object(App\Controllers\Berita))
 5 SYSTEMPATH/CodeIgniter.php(361): CodeIgniter\CodeIgniter->handleRequest(null, Object(Config\Cache), false)
 6 FCPATH/index.php(42): CodeIgniter\CodeIgniter->run()
CRITICAL - 2024-02-08 12:51:39 --> Trying to access array offset on value of type null
in APPPATH/Models/M_berita.php on line 23.
 1 APPPATH/Models/M_berita.php(23): CodeIgniter\Debug\Exceptions->errorHandler(2, 'Trying to access array offset on value of type null', '/home/diskopukm/public_html/app/Models/M_berita.php', 23)
 2 APPPATH/Controllers/Berita.php(55): App\Models\M_berita->counter('pelatihan-peningkatan-kelembagaan-koperasi')
 3 SYSTEMPATH/CodeIgniter.php(942): App\Controllers\Berita->detail('pelatihan-peningkatan-kelembagaan-koperasi')
 4 SYSTEMPATH/CodeIgniter.php(502): CodeIgniter\CodeIgniter->runController(Object(App\Controllers\Berita))
 5 SYSTEMPATH/CodeIgniter.php(361): CodeIgniter\CodeIgniter->handleRequest(null, Object(Config\Cache), false)
 6 FCPATH/index.php(42): CodeIgniter\CodeIgniter->run()
CRITICAL - 2024-02-08 12:55:02 --> Trying to access array offset on value of type null
in APPPATH/Models/M_berita.php on line 23.
 1 APPPATH/Models/M_berita.php(23): CodeIgniter\Debug\Exceptions->errorHandler(2, 'Trying to access array offset on value of type null', '/home/diskopukm/public_html/app/Models/M_berita.php', 23)
 2 APPPATH/Controllers/Berita.php(55): App\Models\M_berita->counter('mengatasi-pinjaman-bermasalah-anggota-peminjam')
 3 SYSTEMPATH/CodeIgniter.php(942): App\Controllers\Berita->detail('mengatasi-pinjaman-bermasalah-anggota-peminjam')
 4 SYSTEMPATH/CodeIgniter.php(502): CodeIgniter\CodeIgniter->runController(Object(App\Controllers\Berita))
 5 SYSTEMPATH/CodeIgniter.php(361): CodeIgniter\CodeIgniter->handleRequest(null, Object(Config\Cache), false)
 6 FCPATH/index.php(42): CodeIgniter\CodeIgniter->run()
CRITICAL - 2024-02-08 13:07:43 --> Trying to access array offset on value of type null
in APPPATH/Models/M_berita.php on line 23.
 1 APPPATH/Models/M_berita.php(23): CodeIgniter\Debug\Exceptions->errorHandler(2, 'Trying to access array offset on value of type null', '/home/diskopukm/public_html/app/Models/M_berita.php', 23)
 2 APPPATH/Controllers/Berita.php(55): App\Models\M_berita->counter('pelatihan-vocational-produk-olahan-dan-kerajinan')
 3 SYSTEMPATH/CodeIgniter.php(942): App\Controllers\Berita->detail('pelatihan-vocational-produk-olahan-dan-kerajinan')
 4 SYSTEMPATH/CodeIgniter.php(502): CodeIgniter\CodeIgniter->runController(Object(App\Controllers\Berita))
 5 SYSTEMPATH/CodeIgniter.php(361): CodeIgniter\CodeIgniter->handleRequest(null, Object(Config\Cache), false)
 6 FCPATH/index.php(42): CodeIgniter\CodeIgniter->run()
CRITICAL - 2024-02-08 14:35:02 --> Trying to access array offset on value of type null
in APPPATH/Models/M_berita.php on line 23.
 1 APPPATH/Models/M_berita.php(23): CodeIgniter\Debug\Exceptions->errorHandler(2, 'Trying to access array offset on value of type null', '/home/diskopukm/public_html/app/Models/M_berita.php', 23)
 2 APPPATH/Controllers/Berita.php(55): App\Models\M_berita->counter('dekranasda')
 3 SYSTEMPATH/CodeIgniter.php(942): App\Controllers\Berita->detail('dekranasda')
 4 SYSTEMPATH/CodeIgniter.php(502): CodeIgniter\CodeIgniter->runController(Object(App\Controllers\Berita))
 5 SYSTEMPATH/CodeIgniter.php(361): CodeIgniter\CodeIgniter->handleRequest(null, Object(Config\Cache), false)
 6 FCPATH/index.php(42): CodeIgniter\CodeIgniter->run()
CRITICAL - 2024-02-08 14:38:38 --> Trying to access array offset on value of type null
in APPPATH/Models/M_berita.php on line 23.
 1 APPPATH/Models/M_berita.php(23): CodeIgniter\Debug\Exceptions->errorHandler(2, 'Trying to access array offset on value of type null', '/home/diskopukm/public_html/app/Models/M_berita.php', 23)
 2 APPPATH/Controllers/Berita.php(55): App\Models\M_berita->counter('pelatihan-penyuluhan-keamanan-pangan-bagi-pelaku-umkm-kuliner')
 3 SYSTEMPATH/CodeIgniter.php(942): App\Controllers\Berita->detail('pelatihan-penyuluhan-keamanan-pangan-bagi-pelaku-umkm-kuliner')
 4 SYSTEMPATH/CodeIgniter.php(502): CodeIgniter\CodeIgniter->runController(Object(App\Controllers\Berita))
 5 SYSTEMPATH/CodeIgniter.php(361): CodeIgniter\CodeIgniter->handleRequest(null, Object(Config\Cache), false)
 6 FCPATH/index.php(42): CodeIgniter\CodeIgniter->run()
CRITICAL - 2024-02-08 14:45:10 --> Trying to access array offset on value of type null
in APPPATH/Models/M_pengumuman.php on line 23.
 1 APPPATH/Models/M_pengumuman.php(23): CodeIgniter\Debug\Exceptions->errorHandler(2, 'Trying to access array offset on value of type null', '/home/diskopukm/public_html/app/Models/M_pengumuman.php', 23)
 2 APPPATH/Controllers/Informasi.php(54): App\Models\M_pengumuman->counter('frontend')
 3 SYSTEMPATH/CodeIgniter.php(942): App\Controllers\Informasi->pengumuman_detail('frontend', 'assets', 'css', 'float.css')
 4 SYSTEMPATH/CodeIgniter.php(502): CodeIgniter\CodeIgniter->runController(Object(App\Controllers\Informasi))
 5 SYSTEMPATH/CodeIgniter.php(361): CodeIgniter\CodeIgniter->handleRequest(null, Object(Config\Cache), false)
 6 FCPATH/index.php(42): CodeIgniter\CodeIgniter->run()
CRITICAL - 2024-02-08 14:45:51 --> Trying to access array offset on value of type null
in APPPATH/Models/M_pengumuman.php on line 23.
 1 APPPATH/Models/M_pengumuman.php(23): CodeIgniter\Debug\Exceptions->errorHandler(2, 'Trying to access array offset on value of type null', '/home/diskopukm/public_html/app/Models/M_pengumuman.php', 23)
 2 APPPATH/Controllers/Informasi.php(54): App\Models\M_pengumuman->counter('frontend')
 3 SYSTEMPATH/CodeIgniter.php(942): App\Controllers\Informasi->pengumuman_detail('frontend', 'assets', 'css', 'float.css')
 4 SYSTEMPATH/CodeIgniter.php(502): CodeIgniter\CodeIgniter->runController(Object(App\Controllers\Informasi))
 5 SYSTEMPATH/CodeIgniter.php(361): CodeIgniter\CodeIgniter->handleRequest(null, Object(Config\Cache), false)
 6 FCPATH/index.php(42): CodeIgniter\CodeIgniter->run()
CRITICAL - 2024-02-08 14:47:41 --> Trying to access array offset on value of type null
in APPPATH/Models/M_berita.php on line 23.
 1 APPPATH/Models/M_berita.php(23): CodeIgniter\Debug\Exceptions->errorHandler(2, 'Trying to access array offset on value of type null', '/home/diskopukm/public_html/app/Models/M_berita.php', 23)
 2 APPPATH/Controllers/Berita.php(55): App\Models\M_berita->counter('frontend')
 3 SYSTEMPATH/CodeIgniter.php(942): App\Controllers\Berita->detail('frontend', 'assets', 'css', 'float.css')
 4 SYSTEMPATH/CodeIgniter.php(502): CodeIgniter\CodeIgniter->runController(Object(App\Controllers\Berita))
 5 SYSTEMPATH/CodeIgniter.php(361): CodeIgniter\CodeIgniter->handleRequest(null, Object(Config\Cache), false)
 6 FCPATH/index.php(42): CodeIgniter\CodeIgniter->run()
CRITICAL - 2024-02-08 15:54:42 --> Trying to access array offset on value of type null
in APPPATH/Models/M_berita.php on line 23.
 1 APPPATH/Models/M_berita.php(23): CodeIgniter\Debug\Exceptions->errorHandler(2, 'Trying to access array offset on value of type null', '/home/diskopukm/public_html/app/Models/M_berita.php', 23)
 2 APPPATH/Controllers/Berita.php(55): App\Models\M_berita->counter('visi-misi')
 3 SYSTEMPATH/CodeIgniter.php(942): App\Controllers\Berita->detail('visi-misi')
 4 SYSTEMPATH/CodeIgniter.php(502): CodeIgniter\CodeIgniter->runController(Object(App\Controllers\Berita))
 5 SYSTEMPATH/CodeIgniter.php(361): CodeIgniter\CodeIgniter->handleRequest(null, Object(Config\Cache), false)
 6 FCPATH/index.php(42): CodeIgniter\CodeIgniter->run()
CRITICAL - 2024-02-08 16:01:39 --> Trying to access array offset on value of type null
in APPPATH/Models/M_berita.php on line 23.
 1 APPPATH/Models/M_berita.php(23): CodeIgniter\Debug\Exceptions->errorHandler(2, 'Trying to access array offset on value of type null', '/home/diskopukm/public_html/app/Models/M_berita.php', 23)
 2 APPPATH/Controllers/Berita.php(55): App\Models\M_berita->counter('penguatan-manajemen-kelembagaan-dan-usaha-kspusp-ditengah-pandemi-covid-19')
 3 SYSTEMPATH/CodeIgniter.php(942): App\Controllers\Berita->detail('penguatan-manajemen-kelembagaan-dan-usaha-kspusp-ditengah-pandemi-covid-19')
 4 SYSTEMPATH/CodeIgniter.php(502): CodeIgniter\CodeIgniter->runController(Object(App\Controllers\Berita))
 5 SYSTEMPATH/CodeIgniter.php(361): CodeIgniter\CodeIgniter->handleRequest(null, Object(Config\Cache), false)
 6 FCPATH/index.php(42): CodeIgniter\CodeIgniter->run()
CRITICAL - 2024-02-08 16:06:42 --> Trying to access array offset on value of type null
in APPPATH/Models/M_berita.php on line 23.
 1 APPPATH/Models/M_berita.php(23): CodeIgniter\Debug\Exceptions->errorHandler(2, 'Trying to access array offset on value of type null', '/home/diskopukm/public_html/app/Models/M_berita.php', 23)
 2 APPPATH/Controllers/Berita.php(55): App\Models\M_berita->counter('pelatihan-pembuatan-pupuk-dan-pembasmi-hama-organik-bagi-koperasi-pertanian')
 3 SYSTEMPATH/CodeIgniter.php(942): App\Controllers\Berita->detail('pelatihan-pembuatan-pupuk-dan-pembasmi-hama-organik-bagi-koperasi-pertanian')
 4 SYSTEMPATH/CodeIgniter.php(502): CodeIgniter\CodeIgniter->runController(Object(App\Controllers\Berita))
 5 SYSTEMPATH/CodeIgniter.php(361): CodeIgniter\CodeIgniter->handleRequest(null, Object(Config\Cache), false)
 6 FCPATH/index.php(42): CodeIgniter\CodeIgniter->run()
CRITICAL - 2024-02-08 16:09:34 --> Trying to access array offset on value of type null
in APPPATH/Models/M_berita.php on line 23.
 1 APPPATH/Models/M_berita.php(23): CodeIgniter\Debug\Exceptions->errorHandler(2, 'Trying to access array offset on value of type null', '/home/diskopukm/public_html/app/Models/M_berita.php', 23)
 2 APPPATH/Controllers/Berita.php(55): App\Models\M_berita->counter('pelatihan-peningkatan-skill-dalam-pemanfaatan-aplikasi-marketplace-umkm-melenial')
 3 SYSTEMPATH/CodeIgniter.php(942): App\Controllers\Berita->detail('pelatihan-peningkatan-skill-dalam-pemanfaatan-aplikasi-marketplace-umkm-melenial')
 4 SYSTEMPATH/CodeIgniter.php(502): CodeIgniter\CodeIgniter->runController(Object(App\Controllers\Berita))
 5 SYSTEMPATH/CodeIgniter.php(361): CodeIgniter\CodeIgniter->handleRequest(null, Object(Config\Cache), false)
 6 FCPATH/index.php(42): CodeIgniter\CodeIgniter->run()
CRITICAL - 2024-02-08 16:19:06 --> Trying to access array offset on value of type null
in APPPATH/Models/M_berita.php on line 23.
 1 APPPATH/Models/M_berita.php(23): CodeIgniter\Debug\Exceptions->errorHandler(2, 'Trying to access array offset on value of type null', '/home/diskopukm/public_html/app/Models/M_berita.php', 23)
 2 APPPATH/Controllers/Berita.php(55): App\Models\M_berita->counter('pelatihan-manajerial-dan-penyususnan-laporan-keuangan-bagi-penguruspengelola-koperasi')
 3 SYSTEMPATH/CodeIgniter.php(942): App\Controllers\Berita->detail('pelatihan-manajerial-dan-penyususnan-laporan-keuangan-bagi-penguruspengelola-koperasi')
 4 SYSTEMPATH/CodeIgniter.php(502): CodeIgniter\CodeIgniter->runController(Object(App\Controllers\Berita))
 5 SYSTEMPATH/CodeIgniter.php(361): CodeIgniter\CodeIgniter->handleRequest(null, Object(Config\Cache), false)
 6 FCPATH/index.php(42): CodeIgniter\CodeIgniter->run()
CRITICAL - 2024-02-08 16:20:14 --> Trying to access array offset on value of type null
in APPPATH/Models/M_pengumuman.php on line 23.
 1 APPPATH/Models/M_pengumuman.php(23): CodeIgniter\Debug\Exceptions->errorHandler(2, 'Trying to access array offset on value of type null', '/home/diskopukm/public_html/app/Models/M_pengumuman.php', 23)
 2 APPPATH/Controllers/Informasi.php(54): App\Models\M_pengumuman->counter('analisa-mengenai-pailit-dengan-berdasarkan-pendapat-ibnu-rusyd-dan-juga-perbandingannya-dengan-penerapan-hukum-kepailitan-yang-ada-di-indonesia')
 3 SYSTEMPATH/CodeIgniter.php(942): App\Controllers\Informasi->pengumuman_detail('analisa-mengenai-pailit-dengan-berdasarkan-pendapat-ibnu-rusyd-dan-juga-perbandingannya-dengan-penerapan-hukum-kepailitan-yang-ada-di-indonesia')
 4 SYSTEMPATH/CodeIgniter.php(502): CodeIgniter\CodeIgniter->runController(Object(App\Controllers\Informasi))
 5 SYSTEMPATH/CodeIgniter.php(361): CodeIgniter\CodeIgniter->handleRequest(null, Object(Config\Cache), false)
 6 FCPATH/index.php(42): CodeIgniter\CodeIgniter->run()
CRITICAL - 2024-02-08 16:25:10 --> Trying to access array offset on value of type null
in APPPATH/Models/M_berita.php on line 23.
 1 APPPATH/Models/M_berita.php(23): CodeIgniter\Debug\Exceptions->errorHandler(2, 'Trying to access array offset on value of type null', '/home/diskopukm/public_html/app/Models/M_berita.php', 23)
 2 APPPATH/Controllers/Berita.php(55): App\Models\M_berita->counter('bpom')
 3 SYSTEMPATH/CodeIgniter.php(942): App\Controllers\Berita->detail('bpom')
 4 SYSTEMPATH/CodeIgniter.php(502): CodeIgniter\CodeIgniter->runController(Object(App\Controllers\Berita))
 5 SYSTEMPATH/CodeIgniter.php(361): CodeIgniter\CodeIgniter->handleRequest(null, Object(Config\Cache), false)
 6 FCPATH/index.php(42): CodeIgniter\CodeIgniter->run()
CRITICAL - 2024-02-08 16:25:14 --> Trying to access array offset on value of type null
in APPPATH/Models/M_berita.php on line 23.
 1 APPPATH/Models/M_berita.php(23): CodeIgniter\Debug\Exceptions->errorHandler(2, 'Trying to access array offset on value of type null', '/home/diskopukm/public_html/app/Models/M_berita.php', 23)
 2 APPPATH/Controllers/Berita.php(55): App\Models\M_berita->counter('pirt')
 3 SYSTEMPATH/CodeIgniter.php(942): App\Controllers\Berita->detail('pirt')
 4 SYSTEMPATH/CodeIgniter.php(502): CodeIgniter\CodeIgniter->runController(Object(App\Controllers\Berita))
 5 SYSTEMPATH/CodeIgniter.php(361): CodeIgniter\CodeIgniter->handleRequest(null, Object(Config\Cache), false)
 6 FCPATH/index.php(42): CodeIgniter\CodeIgniter->run()
CRITICAL - 2024-02-08 16:32:18 --> Trying to access array offset on value of type null
in APPPATH/Models/M_berita.php on line 23.
 1 APPPATH/Models/M_berita.php(23): CodeIgniter\Debug\Exceptions->errorHandler(2, 'Trying to access array offset on value of type null', '/home/diskopukm/public_html/app/Models/M_berita.php', 23)
 2 APPPATH/Controllers/Berita.php(55): App\Models\M_berita->counter('mui')
 3 SYSTEMPATH/CodeIgniter.php(942): App\Controllers\Berita->detail('mui')
 4 SYSTEMPATH/CodeIgniter.php(502): CodeIgniter\CodeIgniter->runController(Object(App\Controllers\Berita))
 5 SYSTEMPATH/CodeIgniter.php(361): CodeIgniter\CodeIgniter->handleRequest(null, Object(Config\Cache), false)
 6 FCPATH/index.php(42): CodeIgniter\CodeIgniter->run()
CRITICAL - 2024-02-08 17:50:26 --> Too few arguments to function App\Controllers\Galeri::video_detail(), 0 passed in /home/diskopukm/public_html/system/CodeIgniter.php on line 942 and exactly 1 expected
in APPPATH/Controllers/Galeri.php on line 69.
 1 SYSTEMPATH/CodeIgniter.php(942): App\Controllers\Galeri->video_detail()
 2 SYSTEMPATH/CodeIgniter.php(502): CodeIgniter\CodeIgniter->runController(Object(App\Controllers\Galeri))
 3 SYSTEMPATH/CodeIgniter.php(361): CodeIgniter\CodeIgniter->handleRequest(null, Object(Config\Cache), false)
 4 FCPATH/index.php(42): CodeIgniter\CodeIgniter->run()
