ERROR - 2025-11-28 13:21:44 --> mysqli_sql_exception: Unknown column 'tgl_berita' in 'where clause' in C:\laragon\www\diskopukm\system\Database\MySQLi\Connection.php:306
Stack trace:
#0 C:\laragon\www\diskopukm\system\Database\MySQLi\Connection.php(306): mysqli->query('SELECT COUNT(*)...', 0)
#1 C:\laragon\www\diskopukm\system\Database\BaseConnection.php(693): CodeIgniter\Database\MySQLi\Connection->execute('SELECT COUNT(*)...')
#2 C:\laragon\www\diskopukm\system\Database\BaseConnection.php(607): CodeIgniter\Database\BaseConnection->simpleQuery('SELECT COUNT(*)...')
#3 C:\laragon\www\diskopukm\system\Database\BaseBuilder.php(1699): CodeIgniter\Database\BaseConnection->query('SELECT COUNT(*)...', Array, false)
#4 C:\laragon\www\diskopukm\system\Model.php(599): CodeIgniter\Database\BaseBuilder->countAllResults(true)
#5 C:\laragon\www\diskopukm\app\Controllers\Admin\Home.php(50): CodeIgniter\Model->countAllResults()
#6 C:\laragon\www\diskopukm\system\CodeIgniter.php(942): App\Controllers\Admin\Home->index()
#7 C:\laragon\www\diskopukm\system\CodeIgniter.php(502): CodeIgniter\CodeIgniter->runController(Object(App\Controllers\Admin\Home))
#8 C:\laragon\www\diskopukm\system\CodeIgniter.php(361): CodeIgniter\CodeIgniter->handleRequest(NULL, Object(Config\Cache), false)
#9 C:\laragon\www\diskopukm\public\index.php(42): CodeIgniter\CodeIgniter->run()
#10 C:\laragon\www\diskopukm\system\Commands\Server\rewrite.php(47): require_once('C:\\laragon\\www\\...')
#11 {main}
CRITICAL - 2025-11-28 13:21:44 --> Unknown column 'tgl_berita' in 'where clause'
in SYSTEMPATH\Database\BaseConnection.php on line 647.
 1 SYSTEMPATH\Database\BaseBuilder.php(1699): CodeIgniter\Database\BaseConnection->query('SELECT COUNT(*) AS `numrows`
FROM `3fi_berita`
WHERE `tgl_berita` LIKE :tgl_berita: ESCAPE \'!\'', [...], false)
 2 SYSTEMPATH\Model.php(599): CodeIgniter\Database\BaseBuilder->countAllResults(true)
 3 APPPATH\Controllers\Admin\Home.php(50): CodeIgniter\Model->countAllResults()
 4 SYSTEMPATH\CodeIgniter.php(942): App\Controllers\Admin\Home->index()
 5 SYSTEMPATH\CodeIgniter.php(502): CodeIgniter\CodeIgniter->runController(Object(App\Controllers\Admin\Home))
 6 SYSTEMPATH\CodeIgniter.php(361): CodeIgniter\CodeIgniter->handleRequest(null, Object(Config\Cache), false)
 7 FCPATH\index.php(42): CodeIgniter\CodeIgniter->run()
 8 SYSTEMPATH\Commands\Server\rewrite.php(47): require_once('C:\\laragon\\www\\diskopukm\\public\\index.php')
ERROR - 2025-11-28 13:21:46 --> mysqli_sql_exception: Unknown column 'tgl_berita' in 'where clause' in C:\laragon\www\diskopukm\system\Database\MySQLi\Connection.php:306
Stack trace:
#0 C:\laragon\www\diskopukm\system\Database\MySQLi\Connection.php(306): mysqli->query('SELECT COUNT(*)...', 0)
#1 C:\laragon\www\diskopukm\system\Database\BaseConnection.php(693): CodeIgniter\Database\MySQLi\Connection->execute('SELECT COUNT(*)...')
#2 C:\laragon\www\diskopukm\system\Database\BaseConnection.php(607): CodeIgniter\Database\BaseConnection->simpleQuery('SELECT COUNT(*)...')
#3 C:\laragon\www\diskopukm\system\Database\BaseBuilder.php(1699): CodeIgniter\Database\BaseConnection->query('SELECT COUNT(*)...', Array, false)
#4 C:\laragon\www\diskopukm\system\Model.php(599): CodeIgniter\Database\BaseBuilder->countAllResults(true)
#5 C:\laragon\www\diskopukm\app\Controllers\Admin\Home.php(50): CodeIgniter\Model->countAllResults()
#6 C:\laragon\www\diskopukm\system\CodeIgniter.php(942): App\Controllers\Admin\Home->index()
#7 C:\laragon\www\diskopukm\system\CodeIgniter.php(502): CodeIgniter\CodeIgniter->runController(Object(App\Controllers\Admin\Home))
#8 C:\laragon\www\diskopukm\system\CodeIgniter.php(361): CodeIgniter\CodeIgniter->handleRequest(NULL, Object(Config\Cache), false)
#9 C:\laragon\www\diskopukm\public\index.php(42): CodeIgniter\CodeIgniter->run()
#10 C:\laragon\www\diskopukm\system\Commands\Server\rewrite.php(47): require_once('C:\\laragon\\www\\...')
#11 {main}
CRITICAL - 2025-11-28 13:21:46 --> Unknown column 'tgl_berita' in 'where clause'
in SYSTEMPATH\Database\BaseConnection.php on line 647.
 1 SYSTEMPATH\Database\BaseBuilder.php(1699): CodeIgniter\Database\BaseConnection->query('SELECT COUNT(*) AS `numrows`
FROM `3fi_berita`
WHERE `tgl_berita` LIKE :tgl_berita: ESCAPE \'!\'', [...], false)
 2 SYSTEMPATH\Model.php(599): CodeIgniter\Database\BaseBuilder->countAllResults(true)
 3 APPPATH\Controllers\Admin\Home.php(50): CodeIgniter\Model->countAllResults()
 4 SYSTEMPATH\CodeIgniter.php(942): App\Controllers\Admin\Home->index()
 5 SYSTEMPATH\CodeIgniter.php(502): CodeIgniter\CodeIgniter->runController(Object(App\Controllers\Admin\Home))
 6 SYSTEMPATH\CodeIgniter.php(361): CodeIgniter\CodeIgniter->handleRequest(null, Object(Config\Cache), false)
 7 FCPATH\index.php(42): CodeIgniter\CodeIgniter->run()
 8 SYSTEMPATH\Commands\Server\rewrite.php(47): require_once('C:\\laragon\\www\\diskopukm\\public\\index.php')
ERROR - 2025-11-28 13:21:47 --> mysqli_sql_exception: Unknown column 'tgl_berita' in 'where clause' in C:\laragon\www\diskopukm\system\Database\MySQLi\Connection.php:306
Stack trace:
#0 C:\laragon\www\diskopukm\system\Database\MySQLi\Connection.php(306): mysqli->query('SELECT COUNT(*)...', 0)
#1 C:\laragon\www\diskopukm\system\Database\BaseConnection.php(693): CodeIgniter\Database\MySQLi\Connection->execute('SELECT COUNT(*)...')
#2 C:\laragon\www\diskopukm\system\Database\BaseConnection.php(607): CodeIgniter\Database\BaseConnection->simpleQuery('SELECT COUNT(*)...')
#3 C:\laragon\www\diskopukm\system\Database\BaseBuilder.php(1699): CodeIgniter\Database\BaseConnection->query('SELECT COUNT(*)...', Array, false)
#4 C:\laragon\www\diskopukm\system\Model.php(599): CodeIgniter\Database\BaseBuilder->countAllResults(true)
#5 C:\laragon\www\diskopukm\app\Controllers\Admin\Home.php(50): CodeIgniter\Model->countAllResults()
#6 C:\laragon\www\diskopukm\system\CodeIgniter.php(942): App\Controllers\Admin\Home->index()
#7 C:\laragon\www\diskopukm\system\CodeIgniter.php(502): CodeIgniter\CodeIgniter->runController(Object(App\Controllers\Admin\Home))
#8 C:\laragon\www\diskopukm\system\CodeIgniter.php(361): CodeIgniter\CodeIgniter->handleRequest(NULL, Object(Config\Cache), false)
#9 C:\laragon\www\diskopukm\public\index.php(42): CodeIgniter\CodeIgniter->run()
#10 C:\laragon\www\diskopukm\system\Commands\Server\rewrite.php(47): require_once('C:\\laragon\\www\\...')
#11 {main}
CRITICAL - 2025-11-28 13:21:47 --> Unknown column 'tgl_berita' in 'where clause'
in SYSTEMPATH\Database\BaseConnection.php on line 647.
 1 SYSTEMPATH\Database\BaseBuilder.php(1699): CodeIgniter\Database\BaseConnection->query('SELECT COUNT(*) AS `numrows`
FROM `3fi_berita`
WHERE `tgl_berita` LIKE :tgl_berita: ESCAPE \'!\'', [...], false)
 2 SYSTEMPATH\Model.php(599): CodeIgniter\Database\BaseBuilder->countAllResults(true)
 3 APPPATH\Controllers\Admin\Home.php(50): CodeIgniter\Model->countAllResults()
 4 SYSTEMPATH\CodeIgniter.php(942): App\Controllers\Admin\Home->index()
 5 SYSTEMPATH\CodeIgniter.php(502): CodeIgniter\CodeIgniter->runController(Object(App\Controllers\Admin\Home))
 6 SYSTEMPATH\CodeIgniter.php(361): CodeIgniter\CodeIgniter->handleRequest(null, Object(Config\Cache), false)
 7 FCPATH\index.php(42): CodeIgniter\CodeIgniter->run()
 8 SYSTEMPATH\Commands\Server\rewrite.php(47): require_once('C:\\laragon\\www\\diskopukm\\public\\index.php')
ERROR - 2025-11-28 13:21:48 --> mysqli_sql_exception: Unknown column 'tgl_berita' in 'where clause' in C:\laragon\www\diskopukm\system\Database\MySQLi\Connection.php:306
Stack trace:
#0 C:\laragon\www\diskopukm\system\Database\MySQLi\Connection.php(306): mysqli->query('SELECT COUNT(*)...', 0)
#1 C:\laragon\www\diskopukm\system\Database\BaseConnection.php(693): CodeIgniter\Database\MySQLi\Connection->execute('SELECT COUNT(*)...')
#2 C:\laragon\www\diskopukm\system\Database\BaseConnection.php(607): CodeIgniter\Database\BaseConnection->simpleQuery('SELECT COUNT(*)...')
#3 C:\laragon\www\diskopukm\system\Database\BaseBuilder.php(1699): CodeIgniter\Database\BaseConnection->query('SELECT COUNT(*)...', Array, false)
#4 C:\laragon\www\diskopukm\system\Model.php(599): CodeIgniter\Database\BaseBuilder->countAllResults(true)
#5 C:\laragon\www\diskopukm\app\Controllers\Admin\Home.php(50): CodeIgniter\Model->countAllResults()
#6 C:\laragon\www\diskopukm\system\CodeIgniter.php(942): App\Controllers\Admin\Home->index()
#7 C:\laragon\www\diskopukm\system\CodeIgniter.php(502): CodeIgniter\CodeIgniter->runController(Object(App\Controllers\Admin\Home))
#8 C:\laragon\www\diskopukm\system\CodeIgniter.php(361): CodeIgniter\CodeIgniter->handleRequest(NULL, Object(Config\Cache), false)
#9 C:\laragon\www\diskopukm\public\index.php(42): CodeIgniter\CodeIgniter->run()
#10 C:\laragon\www\diskopukm\system\Commands\Server\rewrite.php(47): require_once('C:\\laragon\\www\\...')
#11 {main}
CRITICAL - 2025-11-28 13:21:48 --> Unknown column 'tgl_berita' in 'where clause'
in SYSTEMPATH\Database\BaseConnection.php on line 647.
 1 SYSTEMPATH\Database\BaseBuilder.php(1699): CodeIgniter\Database\BaseConnection->query('SELECT COUNT(*) AS `numrows`
FROM `3fi_berita`
WHERE `tgl_berita` LIKE :tgl_berita: ESCAPE \'!\'', [...], false)
 2 SYSTEMPATH\Model.php(599): CodeIgniter\Database\BaseBuilder->countAllResults(true)
 3 APPPATH\Controllers\Admin\Home.php(50): CodeIgniter\Model->countAllResults()
 4 SYSTEMPATH\CodeIgniter.php(942): App\Controllers\Admin\Home->index()
 5 SYSTEMPATH\CodeIgniter.php(502): CodeIgniter\CodeIgniter->runController(Object(App\Controllers\Admin\Home))
 6 SYSTEMPATH\CodeIgniter.php(361): CodeIgniter\CodeIgniter->handleRequest(null, Object(Config\Cache), false)
 7 FCPATH\index.php(42): CodeIgniter\CodeIgniter->run()
 8 SYSTEMPATH\Commands\Server\rewrite.php(47): require_once('C:\\laragon\\www\\diskopukm\\public\\index.php')
ERROR - 2025-11-28 13:24:30 --> mysqli_sql_exception: Unknown column 'tgl_berita' in 'where clause' in C:\laragon\www\diskopukm\system\Database\MySQLi\Connection.php:306
Stack trace:
#0 C:\laragon\www\diskopukm\system\Database\MySQLi\Connection.php(306): mysqli->query('SELECT COUNT(*)...', 0)
#1 C:\laragon\www\diskopukm\system\Database\BaseConnection.php(693): CodeIgniter\Database\MySQLi\Connection->execute('SELECT COUNT(*)...')
#2 C:\laragon\www\diskopukm\system\Database\BaseConnection.php(607): CodeIgniter\Database\BaseConnection->simpleQuery('SELECT COUNT(*)...')
#3 C:\laragon\www\diskopukm\system\Database\BaseBuilder.php(1699): CodeIgniter\Database\BaseConnection->query('SELECT COUNT(*)...', Array, false)
#4 C:\laragon\www\diskopukm\system\Model.php(599): CodeIgniter\Database\BaseBuilder->countAllResults(true)
#5 C:\laragon\www\diskopukm\app\Controllers\Admin\Home.php(50): CodeIgniter\Model->countAllResults()
#6 C:\laragon\www\diskopukm\system\CodeIgniter.php(942): App\Controllers\Admin\Home->index()
#7 C:\laragon\www\diskopukm\system\CodeIgniter.php(502): CodeIgniter\CodeIgniter->runController(Object(App\Controllers\Admin\Home))
#8 C:\laragon\www\diskopukm\system\CodeIgniter.php(361): CodeIgniter\CodeIgniter->handleRequest(NULL, Object(Config\Cache), false)
#9 C:\laragon\www\diskopukm\public\index.php(42): CodeIgniter\CodeIgniter->run()
#10 C:\laragon\www\diskopukm\system\Commands\Server\rewrite.php(47): require_once('C:\\laragon\\www\\...')
#11 {main}
CRITICAL - 2025-11-28 13:24:30 --> Unknown column 'tgl_berita' in 'where clause'
in SYSTEMPATH\Database\BaseConnection.php on line 647.
 1 SYSTEMPATH\Database\BaseBuilder.php(1699): CodeIgniter\Database\BaseConnection->query('SELECT COUNT(*) AS `numrows`
FROM `3fi_berita`
WHERE `tgl_berita` LIKE :tgl_berita: ESCAPE \'!\'', [...], false)
 2 SYSTEMPATH\Model.php(599): CodeIgniter\Database\BaseBuilder->countAllResults(true)
 3 APPPATH\Controllers\Admin\Home.php(50): CodeIgniter\Model->countAllResults()
 4 SYSTEMPATH\CodeIgniter.php(942): App\Controllers\Admin\Home->index()
 5 SYSTEMPATH\CodeIgniter.php(502): CodeIgniter\CodeIgniter->runController(Object(App\Controllers\Admin\Home))
 6 SYSTEMPATH\CodeIgniter.php(361): CodeIgniter\CodeIgniter->handleRequest(null, Object(Config\Cache), false)
 7 FCPATH\index.php(42): CodeIgniter\CodeIgniter->run()
 8 SYSTEMPATH\Commands\Server\rewrite.php(47): require_once('C:\\laragon\\www\\diskopukm\\public\\index.php')
ERROR - 2025-11-28 13:24:30 --> mysqli_sql_exception: Unknown column 'tgl_berita' in 'where clause' in C:\laragon\www\diskopukm\system\Database\MySQLi\Connection.php:306
Stack trace:
#0 C:\laragon\www\diskopukm\system\Database\MySQLi\Connection.php(306): mysqli->query('SELECT COUNT(*)...', 0)
#1 C:\laragon\www\diskopukm\system\Database\BaseConnection.php(693): CodeIgniter\Database\MySQLi\Connection->execute('SELECT COUNT(*)...')
#2 C:\laragon\www\diskopukm\system\Database\BaseConnection.php(607): CodeIgniter\Database\BaseConnection->simpleQuery('SELECT COUNT(*)...')
#3 C:\laragon\www\diskopukm\system\Database\BaseBuilder.php(1699): CodeIgniter\Database\BaseConnection->query('SELECT COUNT(*)...', Array, false)
#4 C:\laragon\www\diskopukm\system\Model.php(599): CodeIgniter\Database\BaseBuilder->countAllResults(true)
#5 C:\laragon\www\diskopukm\app\Controllers\Admin\Home.php(50): CodeIgniter\Model->countAllResults()
#6 C:\laragon\www\diskopukm\system\CodeIgniter.php(942): App\Controllers\Admin\Home->index()
#7 C:\laragon\www\diskopukm\system\CodeIgniter.php(502): CodeIgniter\CodeIgniter->runController(Object(App\Controllers\Admin\Home))
#8 C:\laragon\www\diskopukm\system\CodeIgniter.php(361): CodeIgniter\CodeIgniter->handleRequest(NULL, Object(Config\Cache), false)
#9 C:\laragon\www\diskopukm\public\index.php(42): CodeIgniter\CodeIgniter->run()
#10 C:\laragon\www\diskopukm\system\Commands\Server\rewrite.php(47): require_once('C:\\laragon\\www\\...')
#11 {main}
CRITICAL - 2025-11-28 13:24:30 --> Unknown column 'tgl_berita' in 'where clause'
in SYSTEMPATH\Database\BaseConnection.php on line 647.
 1 SYSTEMPATH\Database\BaseBuilder.php(1699): CodeIgniter\Database\BaseConnection->query('SELECT COUNT(*) AS `numrows`
FROM `3fi_berita`
WHERE `tgl_berita` LIKE :tgl_berita: ESCAPE \'!\'', [...], false)
 2 SYSTEMPATH\Model.php(599): CodeIgniter\Database\BaseBuilder->countAllResults(true)
 3 APPPATH\Controllers\Admin\Home.php(50): CodeIgniter\Model->countAllResults()
 4 SYSTEMPATH\CodeIgniter.php(942): App\Controllers\Admin\Home->index()
 5 SYSTEMPATH\CodeIgniter.php(502): CodeIgniter\CodeIgniter->runController(Object(App\Controllers\Admin\Home))
 6 SYSTEMPATH\CodeIgniter.php(361): CodeIgniter\CodeIgniter->handleRequest(null, Object(Config\Cache), false)
 7 FCPATH\index.php(42): CodeIgniter\CodeIgniter->run()
 8 SYSTEMPATH\Commands\Server\rewrite.php(47): require_once('C:\\laragon\\www\\diskopukm\\public\\index.php')
ERROR - 2025-11-28 13:24:31 --> mysqli_sql_exception: Unknown column 'tgl_berita' in 'where clause' in C:\laragon\www\diskopukm\system\Database\MySQLi\Connection.php:306
Stack trace:
#0 C:\laragon\www\diskopukm\system\Database\MySQLi\Connection.php(306): mysqli->query('SELECT COUNT(*)...', 0)
#1 C:\laragon\www\diskopukm\system\Database\BaseConnection.php(693): CodeIgniter\Database\MySQLi\Connection->execute('SELECT COUNT(*)...')
#2 C:\laragon\www\diskopukm\system\Database\BaseConnection.php(607): CodeIgniter\Database\BaseConnection->simpleQuery('SELECT COUNT(*)...')
#3 C:\laragon\www\diskopukm\system\Database\BaseBuilder.php(1699): CodeIgniter\Database\BaseConnection->query('SELECT COUNT(*)...', Array, false)
#4 C:\laragon\www\diskopukm\system\Model.php(599): CodeIgniter\Database\BaseBuilder->countAllResults(true)
#5 C:\laragon\www\diskopukm\app\Controllers\Admin\Home.php(50): CodeIgniter\Model->countAllResults()
#6 C:\laragon\www\diskopukm\system\CodeIgniter.php(942): App\Controllers\Admin\Home->index()
#7 C:\laragon\www\diskopukm\system\CodeIgniter.php(502): CodeIgniter\CodeIgniter->runController(Object(App\Controllers\Admin\Home))
#8 C:\laragon\www\diskopukm\system\CodeIgniter.php(361): CodeIgniter\CodeIgniter->handleRequest(NULL, Object(Config\Cache), false)
#9 C:\laragon\www\diskopukm\public\index.php(42): CodeIgniter\CodeIgniter->run()
#10 C:\laragon\www\diskopukm\system\Commands\Server\rewrite.php(47): require_once('C:\\laragon\\www\\...')
#11 {main}
CRITICAL - 2025-11-28 13:24:31 --> Unknown column 'tgl_berita' in 'where clause'
in SYSTEMPATH\Database\BaseConnection.php on line 647.
 1 SYSTEMPATH\Database\BaseBuilder.php(1699): CodeIgniter\Database\BaseConnection->query('SELECT COUNT(*) AS `numrows`
FROM `3fi_berita`
WHERE `tgl_berita` LIKE :tgl_berita: ESCAPE \'!\'', [...], false)
 2 SYSTEMPATH\Model.php(599): CodeIgniter\Database\BaseBuilder->countAllResults(true)
 3 APPPATH\Controllers\Admin\Home.php(50): CodeIgniter\Model->countAllResults()
 4 SYSTEMPATH\CodeIgniter.php(942): App\Controllers\Admin\Home->index()
 5 SYSTEMPATH\CodeIgniter.php(502): CodeIgniter\CodeIgniter->runController(Object(App\Controllers\Admin\Home))
 6 SYSTEMPATH\CodeIgniter.php(361): CodeIgniter\CodeIgniter->handleRequest(null, Object(Config\Cache), false)
 7 FCPATH\index.php(42): CodeIgniter\CodeIgniter->run()
 8 SYSTEMPATH\Commands\Server\rewrite.php(47): require_once('C:\\laragon\\www\\diskopukm\\public\\index.php')
ERROR - 2025-11-28 13:24:31 --> mysqli_sql_exception: Unknown column 'tgl_berita' in 'where clause' in C:\laragon\www\diskopukm\system\Database\MySQLi\Connection.php:306
Stack trace:
#0 C:\laragon\www\diskopukm\system\Database\MySQLi\Connection.php(306): mysqli->query('SELECT COUNT(*)...', 0)
#1 C:\laragon\www\diskopukm\system\Database\BaseConnection.php(693): CodeIgniter\Database\MySQLi\Connection->execute('SELECT COUNT(*)...')
#2 C:\laragon\www\diskopukm\system\Database\BaseConnection.php(607): CodeIgniter\Database\BaseConnection->simpleQuery('SELECT COUNT(*)...')
#3 C:\laragon\www\diskopukm\system\Database\BaseBuilder.php(1699): CodeIgniter\Database\BaseConnection->query('SELECT COUNT(*)...', Array, false)
#4 C:\laragon\www\diskopukm\system\Model.php(599): CodeIgniter\Database\BaseBuilder->countAllResults(true)
#5 C:\laragon\www\diskopukm\app\Controllers\Admin\Home.php(50): CodeIgniter\Model->countAllResults()
#6 C:\laragon\www\diskopukm\system\CodeIgniter.php(942): App\Controllers\Admin\Home->index()
#7 C:\laragon\www\diskopukm\system\CodeIgniter.php(502): CodeIgniter\CodeIgniter->runController(Object(App\Controllers\Admin\Home))
#8 C:\laragon\www\diskopukm\system\CodeIgniter.php(361): CodeIgniter\CodeIgniter->handleRequest(NULL, Object(Config\Cache), false)
#9 C:\laragon\www\diskopukm\public\index.php(42): CodeIgniter\CodeIgniter->run()
#10 C:\laragon\www\diskopukm\system\Commands\Server\rewrite.php(47): require_once('C:\\laragon\\www\\...')
#11 {main}
CRITICAL - 2025-11-28 13:24:31 --> Unknown column 'tgl_berita' in 'where clause'
in SYSTEMPATH\Database\BaseConnection.php on line 647.
 1 SYSTEMPATH\Database\BaseBuilder.php(1699): CodeIgniter\Database\BaseConnection->query('SELECT COUNT(*) AS `numrows`
FROM `3fi_berita`
WHERE `tgl_berita` LIKE :tgl_berita: ESCAPE \'!\'', [...], false)
 2 SYSTEMPATH\Model.php(599): CodeIgniter\Database\BaseBuilder->countAllResults(true)
 3 APPPATH\Controllers\Admin\Home.php(50): CodeIgniter\Model->countAllResults()
 4 SYSTEMPATH\CodeIgniter.php(942): App\Controllers\Admin\Home->index()
 5 SYSTEMPATH\CodeIgniter.php(502): CodeIgniter\CodeIgniter->runController(Object(App\Controllers\Admin\Home))
 6 SYSTEMPATH\CodeIgniter.php(361): CodeIgniter\CodeIgniter->handleRequest(null, Object(Config\Cache), false)
 7 FCPATH\index.php(42): CodeIgniter\CodeIgniter->run()
 8 SYSTEMPATH\Commands\Server\rewrite.php(47): require_once('C:\\laragon\\www\\diskopukm\\public\\index.php')
ERROR - 2025-11-28 13:24:31 --> mysqli_sql_exception: Unknown column 'tgl_berita' in 'where clause' in C:\laragon\www\diskopukm\system\Database\MySQLi\Connection.php:306
Stack trace:
#0 C:\laragon\www\diskopukm\system\Database\MySQLi\Connection.php(306): mysqli->query('SELECT COUNT(*)...', 0)
#1 C:\laragon\www\diskopukm\system\Database\BaseConnection.php(693): CodeIgniter\Database\MySQLi\Connection->execute('SELECT COUNT(*)...')
#2 C:\laragon\www\diskopukm\system\Database\BaseConnection.php(607): CodeIgniter\Database\BaseConnection->simpleQuery('SELECT COUNT(*)...')
#3 C:\laragon\www\diskopukm\system\Database\BaseBuilder.php(1699): CodeIgniter\Database\BaseConnection->query('SELECT COUNT(*)...', Array, false)
#4 C:\laragon\www\diskopukm\system\Model.php(599): CodeIgniter\Database\BaseBuilder->countAllResults(true)
#5 C:\laragon\www\diskopukm\app\Controllers\Admin\Home.php(50): CodeIgniter\Model->countAllResults()
#6 C:\laragon\www\diskopukm\system\CodeIgniter.php(942): App\Controllers\Admin\Home->index()
#7 C:\laragon\www\diskopukm\system\CodeIgniter.php(502): CodeIgniter\CodeIgniter->runController(Object(App\Controllers\Admin\Home))
#8 C:\laragon\www\diskopukm\system\CodeIgniter.php(361): CodeIgniter\CodeIgniter->handleRequest(NULL, Object(Config\Cache), false)
#9 C:\laragon\www\diskopukm\public\index.php(42): CodeIgniter\CodeIgniter->run()
#10 C:\laragon\www\diskopukm\system\Commands\Server\rewrite.php(47): require_once('C:\\laragon\\www\\...')
#11 {main}
CRITICAL - 2025-11-28 13:24:31 --> Unknown column 'tgl_berita' in 'where clause'
in SYSTEMPATH\Database\BaseConnection.php on line 647.
 1 SYSTEMPATH\Database\BaseBuilder.php(1699): CodeIgniter\Database\BaseConnection->query('SELECT COUNT(*) AS `numrows`
FROM `3fi_berita`
WHERE `tgl_berita` LIKE :tgl_berita: ESCAPE \'!\'', [...], false)
 2 SYSTEMPATH\Model.php(599): CodeIgniter\Database\BaseBuilder->countAllResults(true)
 3 APPPATH\Controllers\Admin\Home.php(50): CodeIgniter\Model->countAllResults()
 4 SYSTEMPATH\CodeIgniter.php(942): App\Controllers\Admin\Home->index()
 5 SYSTEMPATH\CodeIgniter.php(502): CodeIgniter\CodeIgniter->runController(Object(App\Controllers\Admin\Home))
 6 SYSTEMPATH\CodeIgniter.php(361): CodeIgniter\CodeIgniter->handleRequest(null, Object(Config\Cache), false)
 7 FCPATH\index.php(42): CodeIgniter\CodeIgniter->run()
 8 SYSTEMPATH\Commands\Server\rewrite.php(47): require_once('C:\\laragon\\www\\diskopukm\\public\\index.php')
ERROR - 2025-11-28 13:24:57 --> mysqli_sql_exception: Unknown column 'tgl_berita' in 'where clause' in C:\laragon\www\diskopukm\system\Database\MySQLi\Connection.php:306
Stack trace:
#0 C:\laragon\www\diskopukm\system\Database\MySQLi\Connection.php(306): mysqli->query('SELECT COUNT(*)...', 0)
#1 C:\laragon\www\diskopukm\system\Database\BaseConnection.php(693): CodeIgniter\Database\MySQLi\Connection->execute('SELECT COUNT(*)...')
#2 C:\laragon\www\diskopukm\system\Database\BaseConnection.php(607): CodeIgniter\Database\BaseConnection->simpleQuery('SELECT COUNT(*)...')
#3 C:\laragon\www\diskopukm\system\Database\BaseBuilder.php(1699): CodeIgniter\Database\BaseConnection->query('SELECT COUNT(*)...', Array, false)
#4 C:\laragon\www\diskopukm\system\Model.php(599): CodeIgniter\Database\BaseBuilder->countAllResults(true)
#5 C:\laragon\www\diskopukm\app\Controllers\Admin\Home.php(50): CodeIgniter\Model->countAllResults()
#6 C:\laragon\www\diskopukm\system\CodeIgniter.php(942): App\Controllers\Admin\Home->index()
#7 C:\laragon\www\diskopukm\system\CodeIgniter.php(502): CodeIgniter\CodeIgniter->runController(Object(App\Controllers\Admin\Home))
#8 C:\laragon\www\diskopukm\system\CodeIgniter.php(361): CodeIgniter\CodeIgniter->handleRequest(NULL, Object(Config\Cache), false)
#9 C:\laragon\www\diskopukm\public\index.php(42): CodeIgniter\CodeIgniter->run()
#10 C:\laragon\www\diskopukm\system\Commands\Server\rewrite.php(47): require_once('C:\\laragon\\www\\...')
#11 {main}
CRITICAL - 2025-11-28 13:24:57 --> Unknown column 'tgl_berita' in 'where clause'
in SYSTEMPATH\Database\BaseConnection.php on line 647.
 1 SYSTEMPATH\Database\BaseBuilder.php(1699): CodeIgniter\Database\BaseConnection->query('SELECT COUNT(*) AS `numrows`
FROM `3fi_berita`
WHERE `tgl_berita` LIKE :tgl_berita: ESCAPE \'!\'', [...], false)
 2 SYSTEMPATH\Model.php(599): CodeIgniter\Database\BaseBuilder->countAllResults(true)
 3 APPPATH\Controllers\Admin\Home.php(50): CodeIgniter\Model->countAllResults()
 4 SYSTEMPATH\CodeIgniter.php(942): App\Controllers\Admin\Home->index()
 5 SYSTEMPATH\CodeIgniter.php(502): CodeIgniter\CodeIgniter->runController(Object(App\Controllers\Admin\Home))
 6 SYSTEMPATH\CodeIgniter.php(361): CodeIgniter\CodeIgniter->handleRequest(null, Object(Config\Cache), false)
 7 FCPATH\index.php(42): CodeIgniter\CodeIgniter->run()
 8 SYSTEMPATH\Commands\Server\rewrite.php(47): require_once('C:\\laragon\\www\\diskopukm\\public\\index.php')
ERROR - 2025-11-28 13:25:28 --> mysqli_sql_exception: Unknown column 'tgl_upload' in 'where clause' in C:\laragon\www\diskopukm\system\Database\MySQLi\Connection.php:306
Stack trace:
#0 C:\laragon\www\diskopukm\system\Database\MySQLi\Connection.php(306): mysqli->query('SELECT COUNT(*)...', 0)
#1 C:\laragon\www\diskopukm\system\Database\BaseConnection.php(693): CodeIgniter\Database\MySQLi\Connection->execute('SELECT COUNT(*)...')
#2 C:\laragon\www\diskopukm\system\Database\BaseConnection.php(607): CodeIgniter\Database\BaseConnection->simpleQuery('SELECT COUNT(*)...')
#3 C:\laragon\www\diskopukm\system\Database\BaseBuilder.php(1699): CodeIgniter\Database\BaseConnection->query('SELECT COUNT(*)...', Array, false)
#4 C:\laragon\www\diskopukm\system\Model.php(599): CodeIgniter\Database\BaseBuilder->countAllResults(true)
#5 C:\laragon\www\diskopukm\app\Controllers\Admin\Home.php(56): CodeIgniter\Model->countAllResults()
#6 C:\laragon\www\diskopukm\system\CodeIgniter.php(942): App\Controllers\Admin\Home->index()
#7 C:\laragon\www\diskopukm\system\CodeIgniter.php(502): CodeIgniter\CodeIgniter->runController(Object(App\Controllers\Admin\Home))
#8 C:\laragon\www\diskopukm\system\CodeIgniter.php(361): CodeIgniter\CodeIgniter->handleRequest(NULL, Object(Config\Cache), false)
#9 C:\laragon\www\diskopukm\public\index.php(42): CodeIgniter\CodeIgniter->run()
#10 C:\laragon\www\diskopukm\system\Commands\Server\rewrite.php(47): require_once('C:\\laragon\\www\\...')
#11 {main}
CRITICAL - 2025-11-28 13:25:28 --> Unknown column 'tgl_upload' in 'where clause'
in SYSTEMPATH\Database\BaseConnection.php on line 647.
 1 SYSTEMPATH\Database\BaseBuilder.php(1699): CodeIgniter\Database\BaseConnection->query('SELECT COUNT(*) AS `numrows`
FROM `3fi_galeri`
WHERE `tgl_upload` LIKE :tgl_upload: ESCAPE \'!\'', [...], false)
 2 SYSTEMPATH\Model.php(599): CodeIgniter\Database\BaseBuilder->countAllResults(true)
 3 APPPATH\Controllers\Admin\Home.php(56): CodeIgniter\Model->countAllResults()
 4 SYSTEMPATH\CodeIgniter.php(942): App\Controllers\Admin\Home->index()
 5 SYSTEMPATH\CodeIgniter.php(502): CodeIgniter\CodeIgniter->runController(Object(App\Controllers\Admin\Home))
 6 SYSTEMPATH\CodeIgniter.php(361): CodeIgniter\CodeIgniter->handleRequest(null, Object(Config\Cache), false)
 7 FCPATH\index.php(42): CodeIgniter\CodeIgniter->run()
 8 SYSTEMPATH\Commands\Server\rewrite.php(47): require_once('C:\\laragon\\www\\diskopukm\\public\\index.php')
ERROR - 2025-11-28 13:25:29 --> mysqli_sql_exception: Unknown column 'tgl_upload' in 'where clause' in C:\laragon\www\diskopukm\system\Database\MySQLi\Connection.php:306
Stack trace:
#0 C:\laragon\www\diskopukm\system\Database\MySQLi\Connection.php(306): mysqli->query('SELECT COUNT(*)...', 0)
#1 C:\laragon\www\diskopukm\system\Database\BaseConnection.php(693): CodeIgniter\Database\MySQLi\Connection->execute('SELECT COUNT(*)...')
#2 C:\laragon\www\diskopukm\system\Database\BaseConnection.php(607): CodeIgniter\Database\BaseConnection->simpleQuery('SELECT COUNT(*)...')
#3 C:\laragon\www\diskopukm\system\Database\BaseBuilder.php(1699): CodeIgniter\Database\BaseConnection->query('SELECT COUNT(*)...', Array, false)
#4 C:\laragon\www\diskopukm\system\Model.php(599): CodeIgniter\Database\BaseBuilder->countAllResults(true)
#5 C:\laragon\www\diskopukm\app\Controllers\Admin\Home.php(56): CodeIgniter\Model->countAllResults()
#6 C:\laragon\www\diskopukm\system\CodeIgniter.php(942): App\Controllers\Admin\Home->index()
#7 C:\laragon\www\diskopukm\system\CodeIgniter.php(502): CodeIgniter\CodeIgniter->runController(Object(App\Controllers\Admin\Home))
#8 C:\laragon\www\diskopukm\system\CodeIgniter.php(361): CodeIgniter\CodeIgniter->handleRequest(NULL, Object(Config\Cache), false)
#9 C:\laragon\www\diskopukm\public\index.php(42): CodeIgniter\CodeIgniter->run()
#10 C:\laragon\www\diskopukm\system\Commands\Server\rewrite.php(47): require_once('C:\\laragon\\www\\...')
#11 {main}
CRITICAL - 2025-11-28 13:25:29 --> Unknown column 'tgl_upload' in 'where clause'
in SYSTEMPATH\Database\BaseConnection.php on line 647.
 1 SYSTEMPATH\Database\BaseBuilder.php(1699): CodeIgniter\Database\BaseConnection->query('SELECT COUNT(*) AS `numrows`
FROM `3fi_galeri`
WHERE `tgl_upload` LIKE :tgl_upload: ESCAPE \'!\'', [...], false)
 2 SYSTEMPATH\Model.php(599): CodeIgniter\Database\BaseBuilder->countAllResults(true)
 3 APPPATH\Controllers\Admin\Home.php(56): CodeIgniter\Model->countAllResults()
 4 SYSTEMPATH\CodeIgniter.php(942): App\Controllers\Admin\Home->index()
 5 SYSTEMPATH\CodeIgniter.php(502): CodeIgniter\CodeIgniter->runController(Object(App\Controllers\Admin\Home))
 6 SYSTEMPATH\CodeIgniter.php(361): CodeIgniter\CodeIgniter->handleRequest(null, Object(Config\Cache), false)
 7 FCPATH\index.php(42): CodeIgniter\CodeIgniter->run()
 8 SYSTEMPATH\Commands\Server\rewrite.php(47): require_once('C:\\laragon\\www\\diskopukm\\public\\index.php')
ERROR - 2025-11-28 13:25:54 --> mysqli_sql_exception: Unknown column 'tgl_daftar' in 'where clause' in C:\laragon\www\diskopukm\system\Database\MySQLi\Connection.php:306
Stack trace:
#0 C:\laragon\www\diskopukm\system\Database\MySQLi\Connection.php(306): mysqli->query('SELECT COUNT(*)...', 0)
#1 C:\laragon\www\diskopukm\system\Database\BaseConnection.php(693): CodeIgniter\Database\MySQLi\Connection->execute('SELECT COUNT(*)...')
#2 C:\laragon\www\diskopukm\system\Database\BaseConnection.php(607): CodeIgniter\Database\BaseConnection->simpleQuery('SELECT COUNT(*)...')
#3 C:\laragon\www\diskopukm\system\Database\BaseBuilder.php(1699): CodeIgniter\Database\BaseConnection->query('SELECT COUNT(*)...', Array, false)
#4 C:\laragon\www\diskopukm\system\Model.php(599): CodeIgniter\Database\BaseBuilder->countAllResults(true)
#5 C:\laragon\www\diskopukm\app\Controllers\Admin\Home.php(62): CodeIgniter\Model->countAllResults()
#6 C:\laragon\www\diskopukm\system\CodeIgniter.php(942): App\Controllers\Admin\Home->index()
#7 C:\laragon\www\diskopukm\system\CodeIgniter.php(502): CodeIgniter\CodeIgniter->runController(Object(App\Controllers\Admin\Home))
#8 C:\laragon\www\diskopukm\system\CodeIgniter.php(361): CodeIgniter\CodeIgniter->handleRequest(NULL, Object(Config\Cache), false)
#9 C:\laragon\www\diskopukm\public\index.php(42): CodeIgniter\CodeIgniter->run()
#10 C:\laragon\www\diskopukm\system\Commands\Server\rewrite.php(47): require_once('C:\\laragon\\www\\...')
#11 {main}
CRITICAL - 2025-11-28 13:25:54 --> Unknown column 'tgl_daftar' in 'where clause'
in SYSTEMPATH\Database\BaseConnection.php on line 647.
 1 SYSTEMPATH\Database\BaseBuilder.php(1699): CodeIgniter\Database\BaseConnection->query('SELECT COUNT(*) AS `numrows`
FROM `3fi_pelatihan_peserta`
WHERE `tgl_daftar` LIKE :tgl_daftar: ESCAPE \'!\'', [...], false)
 2 SYSTEMPATH\Model.php(599): CodeIgniter\Database\BaseBuilder->countAllResults(true)
 3 APPPATH\Controllers\Admin\Home.php(62): CodeIgniter\Model->countAllResults()
 4 SYSTEMPATH\CodeIgniter.php(942): App\Controllers\Admin\Home->index()
 5 SYSTEMPATH\CodeIgniter.php(502): CodeIgniter\CodeIgniter->runController(Object(App\Controllers\Admin\Home))
 6 SYSTEMPATH\CodeIgniter.php(361): CodeIgniter\CodeIgniter->handleRequest(null, Object(Config\Cache), false)
 7 FCPATH\index.php(42): CodeIgniter\CodeIgniter->run()
 8 SYSTEMPATH\Commands\Server\rewrite.php(47): require_once('C:\\laragon\\www\\diskopukm\\public\\index.php')
ERROR - 2025-11-28 13:25:55 --> mysqli_sql_exception: Unknown column 'tgl_daftar' in 'where clause' in C:\laragon\www\diskopukm\system\Database\MySQLi\Connection.php:306
Stack trace:
#0 C:\laragon\www\diskopukm\system\Database\MySQLi\Connection.php(306): mysqli->query('SELECT COUNT(*)...', 0)
#1 C:\laragon\www\diskopukm\system\Database\BaseConnection.php(693): CodeIgniter\Database\MySQLi\Connection->execute('SELECT COUNT(*)...')
#2 C:\laragon\www\diskopukm\system\Database\BaseConnection.php(607): CodeIgniter\Database\BaseConnection->simpleQuery('SELECT COUNT(*)...')
#3 C:\laragon\www\diskopukm\system\Database\BaseBuilder.php(1699): CodeIgniter\Database\BaseConnection->query('SELECT COUNT(*)...', Array, false)
#4 C:\laragon\www\diskopukm\system\Model.php(599): CodeIgniter\Database\BaseBuilder->countAllResults(true)
#5 C:\laragon\www\diskopukm\app\Controllers\Admin\Home.php(62): CodeIgniter\Model->countAllResults()
#6 C:\laragon\www\diskopukm\system\CodeIgniter.php(942): App\Controllers\Admin\Home->index()
#7 C:\laragon\www\diskopukm\system\CodeIgniter.php(502): CodeIgniter\CodeIgniter->runController(Object(App\Controllers\Admin\Home))
#8 C:\laragon\www\diskopukm\system\CodeIgniter.php(361): CodeIgniter\CodeIgniter->handleRequest(NULL, Object(Config\Cache), false)
#9 C:\laragon\www\diskopukm\public\index.php(42): CodeIgniter\CodeIgniter->run()
#10 C:\laragon\www\diskopukm\system\Commands\Server\rewrite.php(47): require_once('C:\\laragon\\www\\...')
#11 {main}
CRITICAL - 2025-11-28 13:25:55 --> Unknown column 'tgl_daftar' in 'where clause'
in SYSTEMPATH\Database\BaseConnection.php on line 647.
 1 SYSTEMPATH\Database\BaseBuilder.php(1699): CodeIgniter\Database\BaseConnection->query('SELECT COUNT(*) AS `numrows`
FROM `3fi_pelatihan_peserta`
WHERE `tgl_daftar` LIKE :tgl_daftar: ESCAPE \'!\'', [...], false)
 2 SYSTEMPATH\Model.php(599): CodeIgniter\Database\BaseBuilder->countAllResults(true)
 3 APPPATH\Controllers\Admin\Home.php(62): CodeIgniter\Model->countAllResults()
 4 SYSTEMPATH\CodeIgniter.php(942): App\Controllers\Admin\Home->index()
 5 SYSTEMPATH\CodeIgniter.php(502): CodeIgniter\CodeIgniter->runController(Object(App\Controllers\Admin\Home))
 6 SYSTEMPATH\CodeIgniter.php(361): CodeIgniter\CodeIgniter->handleRequest(null, Object(Config\Cache), false)
 7 FCPATH\index.php(42): CodeIgniter\CodeIgniter->run()
 8 SYSTEMPATH\Commands\Server\rewrite.php(47): require_once('C:\\laragon\\www\\diskopukm\\public\\index.php')
ERROR - 2025-11-28 13:26:27 --> mysqli_sql_exception: Unknown column 'tgl_pengumuman' in 'where clause' in C:\laragon\www\diskopukm\system\Database\MySQLi\Connection.php:306
Stack trace:
#0 C:\laragon\www\diskopukm\system\Database\MySQLi\Connection.php(306): mysqli->query('SELECT COUNT(*)...', 0)
#1 C:\laragon\www\diskopukm\system\Database\BaseConnection.php(693): CodeIgniter\Database\MySQLi\Connection->execute('SELECT COUNT(*)...')
#2 C:\laragon\www\diskopukm\system\Database\BaseConnection.php(607): CodeIgniter\Database\BaseConnection->simpleQuery('SELECT COUNT(*)...')
#3 C:\laragon\www\diskopukm\system\Database\BaseBuilder.php(1699): CodeIgniter\Database\BaseConnection->query('SELECT COUNT(*)...', Array, false)
#4 C:\laragon\www\diskopukm\system\Model.php(599): CodeIgniter\Database\BaseBuilder->countAllResults(true)
#5 C:\laragon\www\diskopukm\app\Controllers\Admin\Home.php(74): CodeIgniter\Model->countAllResults()
#6 C:\laragon\www\diskopukm\system\CodeIgniter.php(942): App\Controllers\Admin\Home->index()
#7 C:\laragon\www\diskopukm\system\CodeIgniter.php(502): CodeIgniter\CodeIgniter->runController(Object(App\Controllers\Admin\Home))
#8 C:\laragon\www\diskopukm\system\CodeIgniter.php(361): CodeIgniter\CodeIgniter->handleRequest(NULL, Object(Config\Cache), false)
#9 C:\laragon\www\diskopukm\public\index.php(42): CodeIgniter\CodeIgniter->run()
#10 C:\laragon\www\diskopukm\system\Commands\Server\rewrite.php(47): require_once('C:\\laragon\\www\\...')
#11 {main}
CRITICAL - 2025-11-28 13:26:27 --> Unknown column 'tgl_pengumuman' in 'where clause'
in SYSTEMPATH\Database\BaseConnection.php on line 647.
 1 SYSTEMPATH\Database\BaseBuilder.php(1699): CodeIgniter\Database\BaseConnection->query('SELECT COUNT(*) AS `numrows`
FROM `3fi_pengumuman`
WHERE `tgl_pengumuman` LIKE :tgl_pengumuman: ESCAPE \'!\'', [...], false)
 2 SYSTEMPATH\Model.php(599): CodeIgniter\Database\BaseBuilder->countAllResults(true)
 3 APPPATH\Controllers\Admin\Home.php(74): CodeIgniter\Model->countAllResults()
 4 SYSTEMPATH\CodeIgniter.php(942): App\Controllers\Admin\Home->index()
 5 SYSTEMPATH\CodeIgniter.php(502): CodeIgniter\CodeIgniter->runController(Object(App\Controllers\Admin\Home))
 6 SYSTEMPATH\CodeIgniter.php(361): CodeIgniter\CodeIgniter->handleRequest(null, Object(Config\Cache), false)
 7 FCPATH\index.php(42): CodeIgniter\CodeIgniter->run()
 8 SYSTEMPATH\Commands\Server\rewrite.php(47): require_once('C:\\laragon\\www\\diskopukm\\public\\index.php')
ERROR - 2025-11-28 13:26:28 --> mysqli_sql_exception: Unknown column 'tgl_pengumuman' in 'where clause' in C:\laragon\www\diskopukm\system\Database\MySQLi\Connection.php:306
Stack trace:
#0 C:\laragon\www\diskopukm\system\Database\MySQLi\Connection.php(306): mysqli->query('SELECT COUNT(*)...', 0)
#1 C:\laragon\www\diskopukm\system\Database\BaseConnection.php(693): CodeIgniter\Database\MySQLi\Connection->execute('SELECT COUNT(*)...')
#2 C:\laragon\www\diskopukm\system\Database\BaseConnection.php(607): CodeIgniter\Database\BaseConnection->simpleQuery('SELECT COUNT(*)...')
#3 C:\laragon\www\diskopukm\system\Database\BaseBuilder.php(1699): CodeIgniter\Database\BaseConnection->query('SELECT COUNT(*)...', Array, false)
#4 C:\laragon\www\diskopukm\system\Model.php(599): CodeIgniter\Database\BaseBuilder->countAllResults(true)
#5 C:\laragon\www\diskopukm\app\Controllers\Admin\Home.php(74): CodeIgniter\Model->countAllResults()
#6 C:\laragon\www\diskopukm\system\CodeIgniter.php(942): App\Controllers\Admin\Home->index()
#7 C:\laragon\www\diskopukm\system\CodeIgniter.php(502): CodeIgniter\CodeIgniter->runController(Object(App\Controllers\Admin\Home))
#8 C:\laragon\www\diskopukm\system\CodeIgniter.php(361): CodeIgniter\CodeIgniter->handleRequest(NULL, Object(Config\Cache), false)
#9 C:\laragon\www\diskopukm\public\index.php(42): CodeIgniter\CodeIgniter->run()
#10 C:\laragon\www\diskopukm\system\Commands\Server\rewrite.php(47): require_once('C:\\laragon\\www\\...')
#11 {main}
CRITICAL - 2025-11-28 13:26:28 --> Unknown column 'tgl_pengumuman' in 'where clause'
in SYSTEMPATH\Database\BaseConnection.php on line 647.
 1 SYSTEMPATH\Database\BaseBuilder.php(1699): CodeIgniter\Database\BaseConnection->query('SELECT COUNT(*) AS `numrows`
FROM `3fi_pengumuman`
WHERE `tgl_pengumuman` LIKE :tgl_pengumuman: ESCAPE \'!\'', [...], false)
 2 SYSTEMPATH\Model.php(599): CodeIgniter\Database\BaseBuilder->countAllResults(true)
 3 APPPATH\Controllers\Admin\Home.php(74): CodeIgniter\Model->countAllResults()
 4 SYSTEMPATH\CodeIgniter.php(942): App\Controllers\Admin\Home->index()
 5 SYSTEMPATH\CodeIgniter.php(502): CodeIgniter\CodeIgniter->runController(Object(App\Controllers\Admin\Home))
 6 SYSTEMPATH\CodeIgniter.php(361): CodeIgniter\CodeIgniter->handleRequest(null, Object(Config\Cache), false)
 7 FCPATH\index.php(42): CodeIgniter\CodeIgniter->run()
 8 SYSTEMPATH\Commands\Server\rewrite.php(47): require_once('C:\\laragon\\www\\diskopukm\\public\\index.php')
ERROR - 2025-11-28 13:26:40 --> mysqli_sql_exception: Unknown column 'tgl_pengumuman' in 'where clause' in C:\laragon\www\diskopukm\system\Database\MySQLi\Connection.php:306
Stack trace:
#0 C:\laragon\www\diskopukm\system\Database\MySQLi\Connection.php(306): mysqli->query('SELECT COUNT(*)...', 0)
#1 C:\laragon\www\diskopukm\system\Database\BaseConnection.php(693): CodeIgniter\Database\MySQLi\Connection->execute('SELECT COUNT(*)...')
#2 C:\laragon\www\diskopukm\system\Database\BaseConnection.php(607): CodeIgniter\Database\BaseConnection->simpleQuery('SELECT COUNT(*)...')
#3 C:\laragon\www\diskopukm\system\Database\BaseBuilder.php(1699): CodeIgniter\Database\BaseConnection->query('SELECT COUNT(*)...', Array, false)
#4 C:\laragon\www\diskopukm\system\Model.php(599): CodeIgniter\Database\BaseBuilder->countAllResults(true)
#5 C:\laragon\www\diskopukm\app\Controllers\Admin\Home.php(74): CodeIgniter\Model->countAllResults()
#6 C:\laragon\www\diskopukm\system\CodeIgniter.php(942): App\Controllers\Admin\Home->index()
#7 C:\laragon\www\diskopukm\system\CodeIgniter.php(502): CodeIgniter\CodeIgniter->runController(Object(App\Controllers\Admin\Home))
#8 C:\laragon\www\diskopukm\system\CodeIgniter.php(361): CodeIgniter\CodeIgniter->handleRequest(NULL, Object(Config\Cache), false)
#9 C:\laragon\www\diskopukm\public\index.php(42): CodeIgniter\CodeIgniter->run()
#10 C:\laragon\www\diskopukm\system\Commands\Server\rewrite.php(47): require_once('C:\\laragon\\www\\...')
#11 {main}
CRITICAL - 2025-11-28 13:26:40 --> Unknown column 'tgl_pengumuman' in 'where clause'
in SYSTEMPATH\Database\BaseConnection.php on line 647.
 1 SYSTEMPATH\Database\BaseBuilder.php(1699): CodeIgniter\Database\BaseConnection->query('SELECT COUNT(*) AS `numrows`
FROM `3fi_pengumuman`
WHERE `tgl_pengumuman` LIKE :tgl_pengumuman: ESCAPE \'!\'', [...], false)
 2 SYSTEMPATH\Model.php(599): CodeIgniter\Database\BaseBuilder->countAllResults(true)
 3 APPPATH\Controllers\Admin\Home.php(74): CodeIgniter\Model->countAllResults()
 4 SYSTEMPATH\CodeIgniter.php(942): App\Controllers\Admin\Home->index()
 5 SYSTEMPATH\CodeIgniter.php(502): CodeIgniter\CodeIgniter->runController(Object(App\Controllers\Admin\Home))
 6 SYSTEMPATH\CodeIgniter.php(361): CodeIgniter\CodeIgniter->handleRequest(null, Object(Config\Cache), false)
 7 FCPATH\index.php(42): CodeIgniter\CodeIgniter->run()
 8 SYSTEMPATH\Commands\Server\rewrite.php(47): require_once('C:\\laragon\\www\\diskopukm\\public\\index.php')
ERROR - 2025-11-28 13:26:47 --> mysqli_sql_exception: Unknown column 'tgl_pengumuman' in 'where clause' in C:\laragon\www\diskopukm\system\Database\MySQLi\Connection.php:306
Stack trace:
#0 C:\laragon\www\diskopukm\system\Database\MySQLi\Connection.php(306): mysqli->query('SELECT COUNT(*)...', 0)
#1 C:\laragon\www\diskopukm\system\Database\BaseConnection.php(693): CodeIgniter\Database\MySQLi\Connection->execute('SELECT COUNT(*)...')
#2 C:\laragon\www\diskopukm\system\Database\BaseConnection.php(607): CodeIgniter\Database\BaseConnection->simpleQuery('SELECT COUNT(*)...')
#3 C:\laragon\www\diskopukm\system\Database\BaseBuilder.php(1699): CodeIgniter\Database\BaseConnection->query('SELECT COUNT(*)...', Array, false)
#4 C:\laragon\www\diskopukm\system\Model.php(599): CodeIgniter\Database\BaseBuilder->countAllResults(true)
#5 C:\laragon\www\diskopukm\app\Controllers\Admin\Home.php(74): CodeIgniter\Model->countAllResults()
#6 C:\laragon\www\diskopukm\system\CodeIgniter.php(942): App\Controllers\Admin\Home->index()
#7 C:\laragon\www\diskopukm\system\CodeIgniter.php(502): CodeIgniter\CodeIgniter->runController(Object(App\Controllers\Admin\Home))
#8 C:\laragon\www\diskopukm\system\CodeIgniter.php(361): CodeIgniter\CodeIgniter->handleRequest(NULL, Object(Config\Cache), false)
#9 C:\laragon\www\diskopukm\public\index.php(42): CodeIgniter\CodeIgniter->run()
#10 C:\laragon\www\diskopukm\system\Commands\Server\rewrite.php(47): require_once('C:\\laragon\\www\\...')
#11 {main}
CRITICAL - 2025-11-28 13:26:47 --> Unknown column 'tgl_pengumuman' in 'where clause'
in SYSTEMPATH\Database\BaseConnection.php on line 647.
 1 SYSTEMPATH\Database\BaseBuilder.php(1699): CodeIgniter\Database\BaseConnection->query('SELECT COUNT(*) AS `numrows`
FROM `3fi_pengumuman`
WHERE `tgl_pengumuman` LIKE :tgl_pengumuman: ESCAPE \'!\'', [...], false)
 2 SYSTEMPATH\Model.php(599): CodeIgniter\Database\BaseBuilder->countAllResults(true)
 3 APPPATH\Controllers\Admin\Home.php(74): CodeIgniter\Model->countAllResults()
 4 SYSTEMPATH\CodeIgniter.php(942): App\Controllers\Admin\Home->index()
 5 SYSTEMPATH\CodeIgniter.php(502): CodeIgniter\CodeIgniter->runController(Object(App\Controllers\Admin\Home))
 6 SYSTEMPATH\CodeIgniter.php(361): CodeIgniter\CodeIgniter->handleRequest(null, Object(Config\Cache), false)
 7 FCPATH\index.php(42): CodeIgniter\CodeIgniter->run()
 8 SYSTEMPATH\Commands\Server\rewrite.php(47): require_once('C:\\laragon\\www\\diskopukm\\public\\index.php')
ERROR - 2025-11-28 13:26:48 --> mysqli_sql_exception: Unknown column 'tgl_pengumuman' in 'where clause' in C:\laragon\www\diskopukm\system\Database\MySQLi\Connection.php:306
Stack trace:
#0 C:\laragon\www\diskopukm\system\Database\MySQLi\Connection.php(306): mysqli->query('SELECT COUNT(*)...', 0)
#1 C:\laragon\www\diskopukm\system\Database\BaseConnection.php(693): CodeIgniter\Database\MySQLi\Connection->execute('SELECT COUNT(*)...')
#2 C:\laragon\www\diskopukm\system\Database\BaseConnection.php(607): CodeIgniter\Database\BaseConnection->simpleQuery('SELECT COUNT(*)...')
#3 C:\laragon\www\diskopukm\system\Database\BaseBuilder.php(1699): CodeIgniter\Database\BaseConnection->query('SELECT COUNT(*)...', Array, false)
#4 C:\laragon\www\diskopukm\system\Model.php(599): CodeIgniter\Database\BaseBuilder->countAllResults(true)
#5 C:\laragon\www\diskopukm\app\Controllers\Admin\Home.php(74): CodeIgniter\Model->countAllResults()
#6 C:\laragon\www\diskopukm\system\CodeIgniter.php(942): App\Controllers\Admin\Home->index()
#7 C:\laragon\www\diskopukm\system\CodeIgniter.php(502): CodeIgniter\CodeIgniter->runController(Object(App\Controllers\Admin\Home))
#8 C:\laragon\www\diskopukm\system\CodeIgniter.php(361): CodeIgniter\CodeIgniter->handleRequest(NULL, Object(Config\Cache), false)
#9 C:\laragon\www\diskopukm\public\index.php(42): CodeIgniter\CodeIgniter->run()
#10 C:\laragon\www\diskopukm\system\Commands\Server\rewrite.php(47): require_once('C:\\laragon\\www\\...')
#11 {main}
CRITICAL - 2025-11-28 13:26:48 --> Unknown column 'tgl_pengumuman' in 'where clause'
in SYSTEMPATH\Database\BaseConnection.php on line 647.
 1 SYSTEMPATH\Database\BaseBuilder.php(1699): CodeIgniter\Database\BaseConnection->query('SELECT COUNT(*) AS `numrows`
FROM `3fi_pengumuman`
WHERE `tgl_pengumuman` LIKE :tgl_pengumuman: ESCAPE \'!\'', [...], false)
 2 SYSTEMPATH\Model.php(599): CodeIgniter\Database\BaseBuilder->countAllResults(true)
 3 APPPATH\Controllers\Admin\Home.php(74): CodeIgniter\Model->countAllResults()
 4 SYSTEMPATH\CodeIgniter.php(942): App\Controllers\Admin\Home->index()
 5 SYSTEMPATH\CodeIgniter.php(502): CodeIgniter\CodeIgniter->runController(Object(App\Controllers\Admin\Home))
 6 SYSTEMPATH\CodeIgniter.php(361): CodeIgniter\CodeIgniter->handleRequest(null, Object(Config\Cache), false)
 7 FCPATH\index.php(42): CodeIgniter\CodeIgniter->run()
 8 SYSTEMPATH\Commands\Server\rewrite.php(47): require_once('C:\\laragon\\www\\diskopukm\\public\\index.php')
ERROR - 2025-11-28 13:26:49 --> mysqli_sql_exception: Unknown column 'tgl_pengumuman' in 'where clause' in C:\laragon\www\diskopukm\system\Database\MySQLi\Connection.php:306
Stack trace:
#0 C:\laragon\www\diskopukm\system\Database\MySQLi\Connection.php(306): mysqli->query('SELECT COUNT(*)...', 0)
#1 C:\laragon\www\diskopukm\system\Database\BaseConnection.php(693): CodeIgniter\Database\MySQLi\Connection->execute('SELECT COUNT(*)...')
#2 C:\laragon\www\diskopukm\system\Database\BaseConnection.php(607): CodeIgniter\Database\BaseConnection->simpleQuery('SELECT COUNT(*)...')
#3 C:\laragon\www\diskopukm\system\Database\BaseBuilder.php(1699): CodeIgniter\Database\BaseConnection->query('SELECT COUNT(*)...', Array, false)
#4 C:\laragon\www\diskopukm\system\Model.php(599): CodeIgniter\Database\BaseBuilder->countAllResults(true)
#5 C:\laragon\www\diskopukm\app\Controllers\Admin\Home.php(74): CodeIgniter\Model->countAllResults()
#6 C:\laragon\www\diskopukm\system\CodeIgniter.php(942): App\Controllers\Admin\Home->index()
#7 C:\laragon\www\diskopukm\system\CodeIgniter.php(502): CodeIgniter\CodeIgniter->runController(Object(App\Controllers\Admin\Home))
#8 C:\laragon\www\diskopukm\system\CodeIgniter.php(361): CodeIgniter\CodeIgniter->handleRequest(NULL, Object(Config\Cache), false)
#9 C:\laragon\www\diskopukm\public\index.php(42): CodeIgniter\CodeIgniter->run()
#10 C:\laragon\www\diskopukm\system\Commands\Server\rewrite.php(47): require_once('C:\\laragon\\www\\...')
#11 {main}
CRITICAL - 2025-11-28 13:26:49 --> Unknown column 'tgl_pengumuman' in 'where clause'
in SYSTEMPATH\Database\BaseConnection.php on line 647.
 1 SYSTEMPATH\Database\BaseBuilder.php(1699): CodeIgniter\Database\BaseConnection->query('SELECT COUNT(*) AS `numrows`
FROM `3fi_pengumuman`
WHERE `tgl_pengumuman` LIKE :tgl_pengumuman: ESCAPE \'!\'', [...], false)
 2 SYSTEMPATH\Model.php(599): CodeIgniter\Database\BaseBuilder->countAllResults(true)
 3 APPPATH\Controllers\Admin\Home.php(74): CodeIgniter\Model->countAllResults()
 4 SYSTEMPATH\CodeIgniter.php(942): App\Controllers\Admin\Home->index()
 5 SYSTEMPATH\CodeIgniter.php(502): CodeIgniter\CodeIgniter->runController(Object(App\Controllers\Admin\Home))
 6 SYSTEMPATH\CodeIgniter.php(361): CodeIgniter\CodeIgniter->handleRequest(null, Object(Config\Cache), false)
 7 FCPATH\index.php(42): CodeIgniter\CodeIgniter->run()
 8 SYSTEMPATH\Commands\Server\rewrite.php(47): require_once('C:\\laragon\\www\\diskopukm\\public\\index.php')
ERROR - 2025-11-28 13:27:10 --> mysqli_sql_exception: Table 'diskopukm.3fi_data_pelatihan' doesn't exist in C:\laragon\www\diskopukm\system\Database\MySQLi\Connection.php:306
Stack trace:
#0 C:\laragon\www\diskopukm\system\Database\MySQLi\Connection.php(306): mysqli->query('SELECT `3fi_pel...', 0)
#1 C:\laragon\www\diskopukm\system\Database\BaseConnection.php(693): CodeIgniter\Database\MySQLi\Connection->execute('SELECT `3fi_pel...')
#2 C:\laragon\www\diskopukm\system\Database\BaseConnection.php(607): CodeIgniter\Database\BaseConnection->simpleQuery('SELECT `3fi_pel...')
#3 C:\laragon\www\diskopukm\system\Database\BaseBuilder.php(1615): CodeIgniter\Database\BaseConnection->query('SELECT `3fi_pel...', Array, false)
#4 C:\laragon\www\diskopukm\system\Model.php(264): CodeIgniter\Database\BaseBuilder->get()
#5 C:\laragon\www\diskopukm\system\BaseModel.php(662): CodeIgniter\Model->doFirst()
#6 C:\laragon\www\diskopukm\app\Controllers\Admin\Home.php(121): CodeIgniter\BaseModel->first()
#7 C:\laragon\www\diskopukm\system\CodeIgniter.php(942): App\Controllers\Admin\Home->index()
#8 C:\laragon\www\diskopukm\system\CodeIgniter.php(502): CodeIgniter\CodeIgniter->runController(Object(App\Controllers\Admin\Home))
#9 C:\laragon\www\diskopukm\system\CodeIgniter.php(361): CodeIgniter\CodeIgniter->handleRequest(NULL, Object(Config\Cache), false)
#10 C:\laragon\www\diskopukm\public\index.php(42): CodeIgniter\CodeIgniter->run()
#11 C:\laragon\www\diskopukm\system\Commands\Server\rewrite.php(47): require_once('C:\\laragon\\www\\...')
#12 {main}
CRITICAL - 2025-11-28 13:27:10 --> Table 'diskopukm.3fi_data_pelatihan' doesn't exist
in SYSTEMPATH\Database\BaseConnection.php on line 647.
 1 SYSTEMPATH\Database\BaseBuilder.php(1615): CodeIgniter\Database\BaseConnection->query('SELECT `3fi_pelatihan_peserta`.*, `3fi_pelatihan`.`judul` as `judul_pelatihan`, `3fi_data_pelatihan`.`nama`
FROM `3fi_pelatihan_peserta`
JOIN `3fi_pelatihan` ON `3fi_pelatihan`.`id` = `3fi_pelatihan_peserta`.`training_id`
JOIN `3fi_data_pelatihan` ON `3fi_data_pelatihan`.`id` = `3fi_pelatihan_peserta`.`data_id`
ORDER BY `3fi_pelatihan_peserta`.`create_at` DESC
 LIMIT 1', [...], false)
 2 SYSTEMPATH\Model.php(264): CodeIgniter\Database\BaseBuilder->get()
 3 SYSTEMPATH\BaseModel.php(662): CodeIgniter\Model->doFirst()
 4 APPPATH\Controllers\Admin\Home.php(121): CodeIgniter\BaseModel->first()
 5 SYSTEMPATH\CodeIgniter.php(942): App\Controllers\Admin\Home->index()
 6 SYSTEMPATH\CodeIgniter.php(502): CodeIgniter\CodeIgniter->runController(Object(App\Controllers\Admin\Home))
 7 SYSTEMPATH\CodeIgniter.php(361): CodeIgniter\CodeIgniter->handleRequest(null, Object(Config\Cache), false)
 8 FCPATH\index.php(42): CodeIgniter\CodeIgniter->run()
 9 SYSTEMPATH\Commands\Server\rewrite.php(47): require_once('C:\\laragon\\www\\diskopukm\\public\\index.php')
INFO - 2025-11-28 13:27:46 --> Session: Class initialized using 'CodeIgniter\Session\Handlers\FileHandler' driver.
INFO - 2025-11-28 13:32:24 --> Session: Class initialized using 'CodeIgniter\Session\Handlers\FileHandler' driver.
INFO - 2025-11-28 13:33:21 --> Session: Class initialized using 'CodeIgniter\Session\Handlers\FileHandler' driver.
INFO - 2025-11-28 13:34:07 --> Session: Class initialized using 'CodeIgniter\Session\Handlers\FileHandler' driver.
INFO - 2025-11-28 13:34:09 --> Session: Class initialized using 'CodeIgniter\Session\Handlers\FileHandler' driver.
INFO - 2025-11-28 13:34:10 --> Session: Class initialized using 'CodeIgniter\Session\Handlers\FileHandler' driver.
INFO - 2025-11-28 13:34:11 --> Session: Class initialized using 'CodeIgniter\Session\Handlers\FileHandler' driver.
INFO - 2025-11-28 13:34:15 --> Session: Class initialized using 'CodeIgniter\Session\Handlers\FileHandler' driver.
INFO - 2025-11-28 13:34:31 --> Session: Class initialized using 'CodeIgniter\Session\Handlers\FileHandler' driver.
INFO - 2025-11-28 13:37:35 --> Session: Class initialized using 'CodeIgniter\Session\Handlers\FileHandler' driver.
INFO - 2025-11-28 13:37:37 --> Session: Class initialized using 'CodeIgniter\Session\Handlers\FileHandler' driver.
INFO - 2025-11-28 13:37:47 --> Session: Class initialized using 'CodeIgniter\Session\Handlers\FileHandler' driver.
INFO - 2025-11-28 13:37:54 --> Session: Class initialized using 'CodeIgniter\Session\Handlers\FileHandler' driver.
INFO - 2025-11-28 13:38:13 --> Session: Class initialized using 'CodeIgniter\Session\Handlers\FileHandler' driver.
INFO - 2025-11-28 13:39:42 --> Session: Class initialized using 'CodeIgniter\Session\Handlers\FileHandler' driver.
INFO - 2025-11-28 13:40:14 --> Session: Class initialized using 'CodeIgniter\Session\Handlers\FileHandler' driver.
INFO - 2025-11-28 13:40:18 --> Session: Class initialized using 'CodeIgniter\Session\Handlers\FileHandler' driver.
INFO - 2025-11-28 13:40:18 --> Session: Class initialized using 'CodeIgniter\Session\Handlers\FileHandler' driver.
CRITICAL - 2025-11-28 13:40:18 --> Invalid file: "admin/layout/template.php"
in SYSTEMPATH\Exceptions\FrameworkException.php on line 39.
 1 SYSTEMPATH\View\View.php(216): CodeIgniter\Exceptions\FrameworkException::forInvalidFile('admin/layout/template.php')
 2 SYSTEMPATH\View\View.php(244): CodeIgniter\View\View->render('admin/layout/template', [], true)
 3 SYSTEMPATH\Common.php(1190): CodeIgniter\View\View->render('admin/profile/v_profile', [], true)
 4 APPPATH\Controllers\Admin\Profile.php(31): view('admin/profile/v_profile', [...])
 5 SYSTEMPATH\CodeIgniter.php(942): App\Controllers\Admin\Profile->index()
 6 SYSTEMPATH\CodeIgniter.php(502): CodeIgniter\CodeIgniter->runController(Object(App\Controllers\Admin\Profile))
 7 SYSTEMPATH\CodeIgniter.php(361): CodeIgniter\CodeIgniter->handleRequest(null, Object(Config\Cache), false)
 8 FCPATH\index.php(42): CodeIgniter\CodeIgniter->run()
 9 SYSTEMPATH\Commands\Server\rewrite.php(47): require_once('C:\\laragon\\www\\diskopukm\\public\\index.php')
INFO - 2025-11-28 13:40:52 --> Session: Class initialized using 'CodeIgniter\Session\Handlers\FileHandler' driver.
CRITICAL - 2025-11-28 13:40:52 --> Undefined variable $title2
in APPPATH\Views\admin\layout\v_head.php on line 12.
 1 APPPATH\Views\admin\layout\v_head.php(12): CodeIgniter\Debug\Exceptions->errorHandler(2, 'Undefined variable $title2', 'C:\\laragon\\www\\diskopukm\\app\\Views\\admin\\layout\\v_head.php', 12)
 2 SYSTEMPATH\View\View.php(228): include('C:\\laragon\\www\\diskopukm\\app\\Views\\admin\\layout\\v_head.php')
 3 SYSTEMPATH\View\View.php(231): CodeIgniter\View\View->CodeIgniter\View\{closure}()
 4 SYSTEMPATH\Common.php(1190): CodeIgniter\View\View->render('admin/layout/v_head.php', [], true)
 5 APPPATH\Views\admin\layout\v_wrapper.php(2): view('admin/layout/v_head.php')
 6 SYSTEMPATH\View\View.php(228): include('C:\\laragon\\www\\diskopukm\\app\\Views\\admin\\layout\\v_wrapper.php')
 7 SYSTEMPATH\View\View.php(231): CodeIgniter\View\View->CodeIgniter\View\{closure}()
 8 SYSTEMPATH\View\View.php(244): CodeIgniter\View\View->render('admin/layout/v_wrapper', [], true)
 9 SYSTEMPATH\Common.php(1190): CodeIgniter\View\View->render('admin/profile/v_profile', [], true)
10 APPPATH\Controllers\Admin\Profile.php(34): view('admin/profile/v_profile', [...])
11 SYSTEMPATH\CodeIgniter.php(942): App\Controllers\Admin\Profile->index()
12 SYSTEMPATH\CodeIgniter.php(502): CodeIgniter\CodeIgniter->runController(Object(App\Controllers\Admin\Profile))
13 SYSTEMPATH\CodeIgniter.php(361): CodeIgniter\CodeIgniter->handleRequest(null, Object(Config\Cache), false)
14 FCPATH\index.php(42): CodeIgniter\CodeIgniter->run()
15 SYSTEMPATH\Commands\Server\rewrite.php(47): require_once('C:\\laragon\\www\\diskopukm\\public\\index.php')
INFO - 2025-11-28 13:41:29 --> Session: Class initialized using 'CodeIgniter\Session\Handlers\FileHandler' driver.
CRITICAL - 2025-11-28 13:41:29 --> Undefined variable $title2
in APPPATH\Views\admin\layout\v_head.php on line 12.
 1 APPPATH\Views\admin\layout\v_head.php(12): CodeIgniter\Debug\Exceptions->errorHandler(2, 'Undefined variable $title2', 'C:\\laragon\\www\\diskopukm\\app\\Views\\admin\\layout\\v_head.php', 12)
 2 SYSTEMPATH\View\View.php(228): include('C:\\laragon\\www\\diskopukm\\app\\Views\\admin\\layout\\v_head.php')
 3 SYSTEMPATH\View\View.php(231): CodeIgniter\View\View->CodeIgniter\View\{closure}()
 4 SYSTEMPATH\Common.php(1190): CodeIgniter\View\View->render('admin/layout/v_head.php', [], true)
 5 APPPATH\Views\admin\layout\v_wrapper.php(2): view('admin/layout/v_head.php')
 6 SYSTEMPATH\View\View.php(228): include('C:\\laragon\\www\\diskopukm\\app\\Views\\admin\\layout\\v_wrapper.php')
 7 SYSTEMPATH\View\View.php(231): CodeIgniter\View\View->CodeIgniter\View\{closure}()
 8 SYSTEMPATH\View\View.php(244): CodeIgniter\View\View->render('admin/layout/v_wrapper', [], true)
 9 SYSTEMPATH\Common.php(1190): CodeIgniter\View\View->render('admin/profile/v_profile', [], true)
10 APPPATH\Controllers\Admin\Profile.php(34): view('admin/profile/v_profile', [...])
11 SYSTEMPATH\CodeIgniter.php(942): App\Controllers\Admin\Profile->index()
12 SYSTEMPATH\CodeIgniter.php(502): CodeIgniter\CodeIgniter->runController(Object(App\Controllers\Admin\Profile))
13 SYSTEMPATH\CodeIgniter.php(361): CodeIgniter\CodeIgniter->handleRequest(null, Object(Config\Cache), false)
14 FCPATH\index.php(42): CodeIgniter\CodeIgniter->run()
15 SYSTEMPATH\Commands\Server\rewrite.php(47): require_once('C:\\laragon\\www\\diskopukm\\public\\index.php')
INFO - 2025-11-28 13:41:38 --> Session: Class initialized using 'CodeIgniter\Session\Handlers\FileHandler' driver.
CRITICAL - 2025-11-28 13:41:38 --> Undefined variable $isi
in APPPATH\Views\admin\layout\v_content.php on line 2.
 1 APPPATH\Views\admin\layout\v_content.php(2): CodeIgniter\Debug\Exceptions->errorHandler(2, 'Undefined variable $isi', 'C:\\laragon\\www\\diskopukm\\app\\Views\\admin\\layout\\v_content.php', 2)
 2 SYSTEMPATH\View\View.php(228): include('C:\\laragon\\www\\diskopukm\\app\\Views\\admin\\layout\\v_content.php')
 3 SYSTEMPATH\View\View.php(231): CodeIgniter\View\View->CodeIgniter\View\{closure}()
 4 SYSTEMPATH\Common.php(1190): CodeIgniter\View\View->render('admin/layout/v_content.php', [], true)
 5 APPPATH\Views\admin\layout\v_wrapper.php(5): view('admin/layout/v_content.php')
 6 SYSTEMPATH\View\View.php(228): include('C:\\laragon\\www\\diskopukm\\app\\Views\\admin\\layout\\v_wrapper.php')
 7 SYSTEMPATH\View\View.php(231): CodeIgniter\View\View->CodeIgniter\View\{closure}()
 8 SYSTEMPATH\View\View.php(244): CodeIgniter\View\View->render('admin/layout/v_wrapper', [], true)
 9 SYSTEMPATH\Common.php(1190): CodeIgniter\View\View->render('admin/profile/v_profile', [], true)
10 APPPATH\Controllers\Admin\Profile.php(39): view('admin/profile/v_profile', [...])
11 SYSTEMPATH\CodeIgniter.php(942): App\Controllers\Admin\Profile->index()
12 SYSTEMPATH\CodeIgniter.php(502): CodeIgniter\CodeIgniter->runController(Object(App\Controllers\Admin\Profile))
13 SYSTEMPATH\CodeIgniter.php(361): CodeIgniter\CodeIgniter->handleRequest(null, Object(Config\Cache), false)
14 FCPATH\index.php(42): CodeIgniter\CodeIgniter->run()
15 SYSTEMPATH\Commands\Server\rewrite.php(47): require_once('C:\\laragon\\www\\diskopukm\\public\\index.php')
INFO - 2025-11-28 13:42:04 --> Session: Class initialized using 'CodeIgniter\Session\Handlers\FileHandler' driver.
INFO - 2025-11-28 13:42:07 --> Session: Class initialized using 'CodeIgniter\Session\Handlers\FileHandler' driver.
INFO - 2025-11-28 13:42:09 --> Session: Class initialized using 'CodeIgniter\Session\Handlers\FileHandler' driver.
INFO - 2025-11-28 13:42:12 --> Session: Class initialized using 'CodeIgniter\Session\Handlers\FileHandler' driver.
INFO - 2025-11-28 13:42:13 --> Session: Class initialized using 'CodeIgniter\Session\Handlers\FileHandler' driver.
INFO - 2025-11-28 13:42:16 --> Session: Class initialized using 'CodeIgniter\Session\Handlers\FileHandler' driver.
INFO - 2025-11-28 13:42:16 --> Session: Class initialized using 'CodeIgniter\Session\Handlers\FileHandler' driver.
INFO - 2025-11-28 13:42:21 --> Session: Class initialized using 'CodeIgniter\Session\Handlers\FileHandler' driver.
INFO - 2025-11-28 13:43:14 --> Session: Class initialized using 'CodeIgniter\Session\Handlers\FileHandler' driver.
INFO - 2025-11-28 13:43:18 --> Session: Class initialized using 'CodeIgniter\Session\Handlers\FileHandler' driver.
INFO - 2025-11-28 13:43:18 --> Session: Class initialized using 'CodeIgniter\Session\Handlers\FileHandler' driver.
INFO - 2025-11-28 13:43:24 --> Session: Class initialized using 'CodeIgniter\Session\Handlers\FileHandler' driver.
INFO - 2025-11-28 13:43:30 --> Session: Class initialized using 'CodeIgniter\Session\Handlers\FileHandler' driver.
INFO - 2025-11-28 13:43:30 --> Session: Class initialized using 'CodeIgniter\Session\Handlers\FileHandler' driver.
INFO - 2025-11-28 13:43:35 --> Session: Class initialized using 'CodeIgniter\Session\Handlers\FileHandler' driver.
INFO - 2025-11-28 13:43:40 --> Session: Class initialized using 'CodeIgniter\Session\Handlers\FileHandler' driver.
INFO - 2025-11-28 13:43:40 --> Session: Class initialized using 'CodeIgniter\Session\Handlers\FileHandler' driver.
INFO - 2025-11-28 13:43:44 --> Session: Class initialized using 'CodeIgniter\Session\Handlers\FileHandler' driver.
INFO - 2025-11-28 13:43:53 --> Session: Class initialized using 'CodeIgniter\Session\Handlers\FileHandler' driver.
INFO - 2025-11-28 13:43:54 --> Session: Class initialized using 'CodeIgniter\Session\Handlers\FileHandler' driver.
INFO - 2025-11-28 13:44:08 --> Session: Class initialized using 'CodeIgniter\Session\Handlers\FileHandler' driver.
INFO - 2025-11-28 13:44:08 --> Session: Class initialized using 'CodeIgniter\Session\Handlers\FileHandler' driver.
INFO - 2025-11-28 13:46:11 --> Session: Class initialized using 'CodeIgniter\Session\Handlers\FileHandler' driver.
INFO - 2025-11-28 13:46:17 --> Session: Class initialized using 'CodeIgniter\Session\Handlers\FileHandler' driver.
INFO - 2025-11-28 13:46:24 --> Session: Class initialized using 'CodeIgniter\Session\Handlers\FileHandler' driver.
INFO - 2025-11-28 13:46:24 --> Session: Class initialized using 'CodeIgniter\Session\Handlers\FileHandler' driver.
INFO - 2025-11-28 13:46:28 --> Session: Class initialized using 'CodeIgniter\Session\Handlers\FileHandler' driver.
INFO - 2025-11-28 13:46:33 --> Session: Class initialized using 'CodeIgniter\Session\Handlers\FileHandler' driver.
INFO - 2025-11-28 13:46:34 --> Session: Class initialized using 'CodeIgniter\Session\Handlers\FileHandler' driver.
INFO - 2025-11-28 13:46:37 --> Session: Class initialized using 'CodeIgniter\Session\Handlers\FileHandler' driver.
INFO - 2025-11-28 13:46:59 --> Session: Class initialized using 'CodeIgniter\Session\Handlers\FileHandler' driver.
INFO - 2025-11-28 13:46:59 --> Session: Class initialized using 'CodeIgniter\Session\Handlers\FileHandler' driver.
INFO - 2025-11-28 13:47:05 --> Session: Class initialized using 'CodeIgniter\Session\Handlers\FileHandler' driver.
CRITICAL - 2025-11-28 13:47:05 --> Undefined variable $dataukm
in APPPATH\Views\admin\ukm\v_lists.php on line 45.
 1 APPPATH\Views\admin\ukm\v_lists.php(45): CodeIgniter\Debug\Exceptions->errorHandler(2, 'Undefined variable $dataukm', 'C:\\laragon\\www\\diskopukm\\app\\Views\\admin\\ukm\\v_lists.php', 45)
 2 SYSTEMPATH\View\View.php(228): include('C:\\laragon\\www\\diskopukm\\app\\Views\\admin\\ukm\\v_lists.php')
 3 SYSTEMPATH\View\View.php(231): CodeIgniter\View\View->CodeIgniter\View\{closure}()
 4 SYSTEMPATH\Common.php(1190): CodeIgniter\View\View->render('admin/ukm/v_lists', [], true)
 5 APPPATH\Views\admin\layout\v_content.php(3): view('admin/ukm/v_lists')
 6 SYSTEMPATH\View\View.php(228): include('C:\\laragon\\www\\diskopukm\\app\\Views\\admin\\layout\\v_content.php')
 7 SYSTEMPATH\View\View.php(231): CodeIgniter\View\View->CodeIgniter\View\{closure}()
 8 SYSTEMPATH\Common.php(1190): CodeIgniter\View\View->render('admin/layout/v_content.php', [], true)
 9 APPPATH\Views\admin\layout\v_wrapper.php(5): view('admin/layout/v_content.php')
10 SYSTEMPATH\View\View.php(228): include('C:\\laragon\\www\\diskopukm\\app\\Views\\admin\\layout\\v_wrapper.php')
11 SYSTEMPATH\View\View.php(231): CodeIgniter\View\View->CodeIgniter\View\{closure}()
12 SYSTEMPATH\Common.php(1190): CodeIgniter\View\View->render('admin/layout/v_wrapper', [], true)
13 APPPATH\Controllers\Admin\Umkm.php(65): view('admin/layout/v_wrapper', [...])
14 SYSTEMPATH\CodeIgniter.php(942): App\Controllers\Admin\Umkm->data()
15 SYSTEMPATH\CodeIgniter.php(502): CodeIgniter\CodeIgniter->runController(Object(App\Controllers\Admin\Umkm))
16 SYSTEMPATH\CodeIgniter.php(361): CodeIgniter\CodeIgniter->handleRequest(null, Object(Config\Cache), false)
17 FCPATH\index.php(42): CodeIgniter\CodeIgniter->run()
18 SYSTEMPATH\Commands\Server\rewrite.php(47): require_once('C:\\laragon\\www\\diskopukm\\public\\index.php')
INFO - 2025-11-28 13:48:13 --> Session: Class initialized using 'CodeIgniter\Session\Handlers\FileHandler' driver.
CRITICAL - 2025-11-28 13:48:13 --> Undefined array key "nama_usaha"
in APPPATH\Views\admin\ukm\v_lists.php on line 49.
 1 APPPATH\Views\admin\ukm\v_lists.php(49): CodeIgniter\Debug\Exceptions->errorHandler(2, 'Undefined array key "nama_usaha"', 'C:\\laragon\\www\\diskopukm\\app\\Views\\admin\\ukm\\v_lists.php', 49)
 2 SYSTEMPATH\View\View.php(228): include('C:\\laragon\\www\\diskopukm\\app\\Views\\admin\\ukm\\v_lists.php')
 3 SYSTEMPATH\View\View.php(231): CodeIgniter\View\View->CodeIgniter\View\{closure}()
 4 SYSTEMPATH\Common.php(1190): CodeIgniter\View\View->render('admin/ukm/v_lists', [], true)
 5 APPPATH\Views\admin\layout\v_content.php(3): view('admin/ukm/v_lists')
 6 SYSTEMPATH\View\View.php(228): include('C:\\laragon\\www\\diskopukm\\app\\Views\\admin\\layout\\v_content.php')
 7 SYSTEMPATH\View\View.php(231): CodeIgniter\View\View->CodeIgniter\View\{closure}()
 8 SYSTEMPATH\Common.php(1190): CodeIgniter\View\View->render('admin/layout/v_content.php', [], true)
 9 APPPATH\Views\admin\layout\v_wrapper.php(5): view('admin/layout/v_content.php')
10 SYSTEMPATH\View\View.php(228): include('C:\\laragon\\www\\diskopukm\\app\\Views\\admin\\layout\\v_wrapper.php')
11 SYSTEMPATH\View\View.php(231): CodeIgniter\View\View->CodeIgniter\View\{closure}()
12 SYSTEMPATH\Common.php(1190): CodeIgniter\View\View->render('admin/layout/v_wrapper', [], true)
13 APPPATH\Controllers\Admin\Umkm.php(65): view('admin/layout/v_wrapper', [...])
14 SYSTEMPATH\CodeIgniter.php(942): App\Controllers\Admin\Umkm->data()
15 SYSTEMPATH\CodeIgniter.php(502): CodeIgniter\CodeIgniter->runController(Object(App\Controllers\Admin\Umkm))
16 SYSTEMPATH\CodeIgniter.php(361): CodeIgniter\CodeIgniter->handleRequest(null, Object(Config\Cache), false)
17 FCPATH\index.php(42): CodeIgniter\CodeIgniter->run()
18 SYSTEMPATH\Commands\Server\rewrite.php(47): require_once('C:\\laragon\\www\\diskopukm\\public\\index.php')
INFO - 2025-11-28 13:51:06 --> Session: Class initialized using 'CodeIgniter\Session\Handlers\FileHandler' driver.
CRITICAL - 2025-11-28 13:51:06 --> Undefined array key "id"
in APPPATH\Views\admin\ukm\v_lists.php on line 55.
 1 APPPATH\Views\admin\ukm\v_lists.php(55): CodeIgniter\Debug\Exceptions->errorHandler(2, 'Undefined array key "id"', 'C:\\laragon\\www\\diskopukm\\app\\Views\\admin\\ukm\\v_lists.php', 55)
 2 SYSTEMPATH\View\View.php(228): include('C:\\laragon\\www\\diskopukm\\app\\Views\\admin\\ukm\\v_lists.php')
 3 SYSTEMPATH\View\View.php(231): CodeIgniter\View\View->CodeIgniter\View\{closure}()
 4 SYSTEMPATH\Common.php(1190): CodeIgniter\View\View->render('admin/ukm/v_lists', [], true)
 5 APPPATH\Views\admin\layout\v_content.php(3): view('admin/ukm/v_lists')
 6 SYSTEMPATH\View\View.php(228): include('C:\\laragon\\www\\diskopukm\\app\\Views\\admin\\layout\\v_content.php')
 7 SYSTEMPATH\View\View.php(231): CodeIgniter\View\View->CodeIgniter\View\{closure}()
 8 SYSTEMPATH\Common.php(1190): CodeIgniter\View\View->render('admin/layout/v_content.php', [], true)
 9 APPPATH\Views\admin\layout\v_wrapper.php(5): view('admin/layout/v_content.php')
10 SYSTEMPATH\View\View.php(228): include('C:\\laragon\\www\\diskopukm\\app\\Views\\admin\\layout\\v_wrapper.php')
11 SYSTEMPATH\View\View.php(231): CodeIgniter\View\View->CodeIgniter\View\{closure}()
12 SYSTEMPATH\Common.php(1190): CodeIgniter\View\View->render('admin/layout/v_wrapper', [], true)
13 APPPATH\Controllers\Admin\Umkm.php(65): view('admin/layout/v_wrapper', [...])
14 SYSTEMPATH\CodeIgniter.php(942): App\Controllers\Admin\Umkm->data()
15 SYSTEMPATH\CodeIgniter.php(502): CodeIgniter\CodeIgniter->runController(Object(App\Controllers\Admin\Umkm))
16 SYSTEMPATH\CodeIgniter.php(361): CodeIgniter\CodeIgniter->handleRequest(null, Object(Config\Cache), false)
17 FCPATH\index.php(42): CodeIgniter\CodeIgniter->run()
18 SYSTEMPATH\Commands\Server\rewrite.php(47): require_once('C:\\laragon\\www\\diskopukm\\public\\index.php')
INFO - 2025-11-28 13:51:32 --> Session: Class initialized using 'CodeIgniter\Session\Handlers\FileHandler' driver.
CRITICAL - 2025-11-28 13:51:32 --> Undefined array key "data_name"
in APPPATH\Views\admin\ukm\v_lists.php on line 55.
 1 APPPATH\Views\admin\ukm\v_lists.php(55): CodeIgniter\Debug\Exceptions->errorHandler(2, 'Undefined array key "data_name"', 'C:\\laragon\\www\\diskopukm\\app\\Views\\admin\\ukm\\v_lists.php', 55)
 2 SYSTEMPATH\View\View.php(228): include('C:\\laragon\\www\\diskopukm\\app\\Views\\admin\\ukm\\v_lists.php')
 3 SYSTEMPATH\View\View.php(231): CodeIgniter\View\View->CodeIgniter\View\{closure}()
 4 SYSTEMPATH\Common.php(1190): CodeIgniter\View\View->render('admin/ukm/v_lists', [], true)
 5 APPPATH\Views\admin\layout\v_content.php(3): view('admin/ukm/v_lists')
 6 SYSTEMPATH\View\View.php(228): include('C:\\laragon\\www\\diskopukm\\app\\Views\\admin\\layout\\v_content.php')
 7 SYSTEMPATH\View\View.php(231): CodeIgniter\View\View->CodeIgniter\View\{closure}()
 8 SYSTEMPATH\Common.php(1190): CodeIgniter\View\View->render('admin/layout/v_content.php', [], true)
 9 APPPATH\Views\admin\layout\v_wrapper.php(5): view('admin/layout/v_content.php')
10 SYSTEMPATH\View\View.php(228): include('C:\\laragon\\www\\diskopukm\\app\\Views\\admin\\layout\\v_wrapper.php')
11 SYSTEMPATH\View\View.php(231): CodeIgniter\View\View->CodeIgniter\View\{closure}()
12 SYSTEMPATH\Common.php(1190): CodeIgniter\View\View->render('admin/layout/v_wrapper', [], true)
13 APPPATH\Controllers\Admin\Umkm.php(65): view('admin/layout/v_wrapper', [...])
14 SYSTEMPATH\CodeIgniter.php(942): App\Controllers\Admin\Umkm->data()
15 SYSTEMPATH\CodeIgniter.php(502): CodeIgniter\CodeIgniter->runController(Object(App\Controllers\Admin\Umkm))
16 SYSTEMPATH\CodeIgniter.php(361): CodeIgniter\CodeIgniter->handleRequest(null, Object(Config\Cache), false)
17 FCPATH\index.php(42): CodeIgniter\CodeIgniter->run()
18 SYSTEMPATH\Commands\Server\rewrite.php(47): require_once('C:\\laragon\\www\\diskopukm\\public\\index.php')
INFO - 2025-11-28 13:52:03 --> Session: Class initialized using 'CodeIgniter\Session\Handlers\FileHandler' driver.
CRITICAL - 2025-11-28 13:52:04 --> Undefined array key "id"
in APPPATH\Views\admin\ukm\v_lists.php on line 73.
 1 APPPATH\Views\admin\ukm\v_lists.php(73): CodeIgniter\Debug\Exceptions->errorHandler(2, 'Undefined array key "id"', 'C:\\laragon\\www\\diskopukm\\app\\Views\\admin\\ukm\\v_lists.php', 73)
 2 SYSTEMPATH\View\View.php(228): include('C:\\laragon\\www\\diskopukm\\app\\Views\\admin\\ukm\\v_lists.php')
 3 SYSTEMPATH\View\View.php(231): CodeIgniter\View\View->CodeIgniter\View\{closure}()
 4 SYSTEMPATH\Common.php(1190): CodeIgniter\View\View->render('admin/ukm/v_lists', [], true)
 5 APPPATH\Views\admin\layout\v_content.php(3): view('admin/ukm/v_lists')
 6 SYSTEMPATH\View\View.php(228): include('C:\\laragon\\www\\diskopukm\\app\\Views\\admin\\layout\\v_content.php')
 7 SYSTEMPATH\View\View.php(231): CodeIgniter\View\View->CodeIgniter\View\{closure}()
 8 SYSTEMPATH\Common.php(1190): CodeIgniter\View\View->render('admin/layout/v_content.php', [], true)
 9 APPPATH\Views\admin\layout\v_wrapper.php(5): view('admin/layout/v_content.php')
10 SYSTEMPATH\View\View.php(228): include('C:\\laragon\\www\\diskopukm\\app\\Views\\admin\\layout\\v_wrapper.php')
11 SYSTEMPATH\View\View.php(231): CodeIgniter\View\View->CodeIgniter\View\{closure}()
12 SYSTEMPATH\Common.php(1190): CodeIgniter\View\View->render('admin/layout/v_wrapper', [], true)
13 APPPATH\Controllers\Admin\Umkm.php(65): view('admin/layout/v_wrapper', [...])
14 SYSTEMPATH\CodeIgniter.php(942): App\Controllers\Admin\Umkm->data()
15 SYSTEMPATH\CodeIgniter.php(502): CodeIgniter\CodeIgniter->runController(Object(App\Controllers\Admin\Umkm))
16 SYSTEMPATH\CodeIgniter.php(361): CodeIgniter\CodeIgniter->handleRequest(null, Object(Config\Cache), false)
17 FCPATH\index.php(42): CodeIgniter\CodeIgniter->run()
18 SYSTEMPATH\Commands\Server\rewrite.php(47): require_once('C:\\laragon\\www\\diskopukm\\public\\index.php')
INFO - 2025-11-28 13:52:33 --> Session: Class initialized using 'CodeIgniter\Session\Handlers\FileHandler' driver.
INFO - 2025-11-28 13:56:49 --> Session: Class initialized using 'CodeIgniter\Session\Handlers\FileHandler' driver.
ERROR - 2025-11-28 14:05:32 --> mysqli_sql_exception: Unknown column 'bussiness_status_name' in 'where clause' in C:\laragon\www\diskopukm\system\Database\MySQLi\Connection.php:306
Stack trace:
#0 C:\laragon\www\diskopukm\system\Database\MySQLi\Connection.php(306): mysqli->query('SELECT *\nFROM `...', 0)
#1 C:\laragon\www\diskopukm\system\Database\BaseConnection.php(693): CodeIgniter\Database\MySQLi\Connection->execute('SELECT *\nFROM `...')
#2 C:\laragon\www\diskopukm\system\Database\BaseConnection.php(607): CodeIgniter\Database\BaseConnection->simpleQuery('SELECT *\nFROM `...')
#3 C:\laragon\www\diskopukm\system\Database\BaseBuilder.php(1615): CodeIgniter\Database\BaseConnection->query('SELECT *\nFROM `...', Array, false)
#4 C:\laragon\www\diskopukm\system\Model.php(237): CodeIgniter\Database\BaseBuilder->get()
#5 C:\laragon\www\diskopukm\system\BaseModel.php(624): CodeIgniter\Model->doFindAll(0, 0)
#6 C:\laragon\www\diskopukm\app\Controllers\Admin\Umkm.php(62): CodeIgniter\BaseModel->findAll()
#7 C:\laragon\www\diskopukm\system\CodeIgniter.php(942): App\Controllers\Admin\Umkm->data()
#8 C:\laragon\www\diskopukm\system\CodeIgniter.php(502): CodeIgniter\CodeIgniter->runController(Object(App\Controllers\Admin\Umkm))
#9 C:\laragon\www\diskopukm\system\CodeIgniter.php(361): CodeIgniter\CodeIgniter->handleRequest(NULL, Object(Config\Cache), false)
#10 C:\laragon\www\diskopukm\public\index.php(42): CodeIgniter\CodeIgniter->run()
#11 C:\laragon\www\diskopukm\system\Commands\Server\rewrite.php(47): require_once('C:\\laragon\\www\\...')
#12 {main}
CRITICAL - 2025-11-28 14:05:32 --> Unknown column 'bussiness_status_name' in 'where clause'
in SYSTEMPATH\Database\BaseConnection.php on line 647.
 1 SYSTEMPATH\Database\BaseBuilder.php(1615): CodeIgniter\Database\BaseConnection->query('SELECT *
FROM `3fi_datakopukm`
WHERE `bussiness_status_name` = :bussiness_status_name:
ORDER BY `id` DESC', [...], false)
 2 SYSTEMPATH\Model.php(237): CodeIgniter\Database\BaseBuilder->get()
 3 SYSTEMPATH\BaseModel.php(624): CodeIgniter\Model->doFindAll(0, 0)
 4 APPPATH\Controllers\Admin\Umkm.php(62): CodeIgniter\BaseModel->findAll()
 5 SYSTEMPATH\CodeIgniter.php(942): App\Controllers\Admin\Umkm->data()
 6 SYSTEMPATH\CodeIgniter.php(502): CodeIgniter\CodeIgniter->runController(Object(App\Controllers\Admin\Umkm))
 7 SYSTEMPATH\CodeIgniter.php(361): CodeIgniter\CodeIgniter->handleRequest(null, Object(Config\Cache), false)
 8 FCPATH\index.php(42): CodeIgniter\CodeIgniter->run()
 9 SYSTEMPATH\Commands\Server\rewrite.php(47): require_once('C:\\laragon\\www\\diskopukm\\public\\index.php')
ERROR - 2025-11-28 14:05:49 --> mysqli_sql_exception: Unknown column 'id' in 'order clause' in C:\laragon\www\diskopukm\system\Database\MySQLi\Connection.php:306
Stack trace:
#0 C:\laragon\www\diskopukm\system\Database\MySQLi\Connection.php(306): mysqli->query('SELECT *\nFROM `...', 0)
#1 C:\laragon\www\diskopukm\system\Database\BaseConnection.php(693): CodeIgniter\Database\MySQLi\Connection->execute('SELECT *\nFROM `...')
#2 C:\laragon\www\diskopukm\system\Database\BaseConnection.php(607): CodeIgniter\Database\BaseConnection->simpleQuery('SELECT *\nFROM `...')
#3 C:\laragon\www\diskopukm\system\Database\BaseBuilder.php(1615): CodeIgniter\Database\BaseConnection->query('SELECT *\nFROM `...', Array, false)
#4 C:\laragon\www\diskopukm\system\Model.php(237): CodeIgniter\Database\BaseBuilder->get()
#5 C:\laragon\www\diskopukm\system\BaseModel.php(624): CodeIgniter\Model->doFindAll(0, 0)
#6 C:\laragon\www\diskopukm\app\Controllers\Admin\Umkm.php(62): CodeIgniter\BaseModel->findAll()
#7 C:\laragon\www\diskopukm\system\CodeIgniter.php(942): App\Controllers\Admin\Umkm->data()
#8 C:\laragon\www\diskopukm\system\CodeIgniter.php(502): CodeIgniter\CodeIgniter->runController(Object(App\Controllers\Admin\Umkm))
#9 C:\laragon\www\diskopukm\system\CodeIgniter.php(361): CodeIgniter\CodeIgniter->handleRequest(NULL, Object(Config\Cache), false)
#10 C:\laragon\www\diskopukm\public\index.php(42): CodeIgniter\CodeIgniter->run()
#11 C:\laragon\www\diskopukm\system\Commands\Server\rewrite.php(47): require_once('C:\\laragon\\www\\...')
#12 {main}
CRITICAL - 2025-11-28 14:05:49 --> Unknown column 'id' in 'order clause'
in SYSTEMPATH\Database\BaseConnection.php on line 647.
 1 SYSTEMPATH\Database\BaseBuilder.php(1615): CodeIgniter\Database\BaseConnection->query('SELECT *
FROM `3fi_datakopukm`
WHERE `business_status_name` = :business_status_name:
ORDER BY `id` DESC', [...], false)
 2 SYSTEMPATH\Model.php(237): CodeIgniter\Database\BaseBuilder->get()
 3 SYSTEMPATH\BaseModel.php(624): CodeIgniter\Model->doFindAll(0, 0)
 4 APPPATH\Controllers\Admin\Umkm.php(62): CodeIgniter\BaseModel->findAll()
 5 SYSTEMPATH\CodeIgniter.php(942): App\Controllers\Admin\Umkm->data()
 6 SYSTEMPATH\CodeIgniter.php(502): CodeIgniter\CodeIgniter->runController(Object(App\Controllers\Admin\Umkm))
 7 SYSTEMPATH\CodeIgniter.php(361): CodeIgniter\CodeIgniter->handleRequest(null, Object(Config\Cache), false)
 8 FCPATH\index.php(42): CodeIgniter\CodeIgniter->run()
 9 SYSTEMPATH\Commands\Server\rewrite.php(47): require_once('C:\\laragon\\www\\diskopukm\\public\\index.php')
INFO - 2025-11-28 14:06:12 --> Session: Class initialized using 'CodeIgniter\Session\Handlers\FileHandler' driver.
INFO - 2025-11-28 14:07:15 --> Session: Class initialized using 'CodeIgniter\Session\Handlers\FileHandler' driver.
INFO - 2025-11-28 14:08:27 --> Session: Class initialized using 'CodeIgniter\Session\Handlers\FileHandler' driver.
CRITICAL - 2025-11-28 14:08:27 --> Undefined variable $perizinan
in APPPATH\Views\admin\ukm\v_edit.php on line 13.
 1 APPPATH\Views\admin\ukm\v_edit.php(13): CodeIgniter\Debug\Exceptions->errorHandler(2, 'Undefined variable $perizinan', 'C:\\laragon\\www\\diskopukm\\app\\Views\\admin\\ukm\\v_edit.php', 13)
 2 SYSTEMPATH\View\View.php(228): include('C:\\laragon\\www\\diskopukm\\app\\Views\\admin\\ukm\\v_edit.php')
 3 SYSTEMPATH\View\View.php(231): CodeIgniter\View\View->CodeIgniter\View\{closure}()
 4 SYSTEMPATH\Common.php(1190): CodeIgniter\View\View->render('admin/ukm/v_edit', [], true)
 5 APPPATH\Views\admin\layout\v_content.php(3): view('admin/ukm/v_edit')
 6 SYSTEMPATH\View\View.php(228): include('C:\\laragon\\www\\diskopukm\\app\\Views\\admin\\layout\\v_content.php')
 7 SYSTEMPATH\View\View.php(231): CodeIgniter\View\View->CodeIgniter\View\{closure}()
 8 SYSTEMPATH\Common.php(1190): CodeIgniter\View\View->render('admin/layout/v_content.php', [], true)
 9 APPPATH\Views\admin\layout\v_wrapper.php(5): view('admin/layout/v_content.php')
10 SYSTEMPATH\View\View.php(228): include('C:\\laragon\\www\\diskopukm\\app\\Views\\admin\\layout\\v_wrapper.php')
11 SYSTEMPATH\View\View.php(231): CodeIgniter\View\View->CodeIgniter\View\{closure}()
12 SYSTEMPATH\Common.php(1190): CodeIgniter\View\View->render('admin/layout/v_wrapper', [], true)
13 APPPATH\Controllers\Admin\Umkm.php(104): view('admin/layout/v_wrapper', [...])
14 SYSTEMPATH\CodeIgniter.php(942): App\Controllers\Admin\Umkm->data_edit('1219041407870002')
15 SYSTEMPATH\CodeIgniter.php(502): CodeIgniter\CodeIgniter->runController(Object(App\Controllers\Admin\Umkm))
16 SYSTEMPATH\CodeIgniter.php(361): CodeIgniter\CodeIgniter->handleRequest(null, Object(Config\Cache), false)
17 FCPATH\index.php(42): CodeIgniter\CodeIgniter->run()
18 SYSTEMPATH\Commands\Server\rewrite.php(47): require_once('C:\\laragon\\www\\diskopukm\\public\\index.php')
INFO - 2025-11-28 14:09:10 --> Session: Class initialized using 'CodeIgniter\Session\Handlers\FileHandler' driver.
INFO - 2025-11-28 14:09:49 --> Session: Class initialized using 'CodeIgniter\Session\Handlers\FileHandler' driver.
INFO - 2025-11-28 14:09:49 --> Session: Class initialized using 'CodeIgniter\Session\Handlers\FileHandler' driver.
INFO - 2025-11-28 14:09:55 --> Session: Class initialized using 'CodeIgniter\Session\Handlers\FileHandler' driver.
INFO - 2025-11-28 14:09:57 --> Session: Class initialized using 'CodeIgniter\Session\Handlers\FileHandler' driver.
INFO - 2025-11-28 14:10:06 --> Session: Class initialized using 'CodeIgniter\Session\Handlers\FileHandler' driver.
INFO - 2025-11-28 14:10:09 --> Session: Class initialized using 'CodeIgniter\Session\Handlers\FileHandler' driver.
INFO - 2025-11-28 14:10:11 --> Session: Class initialized using 'CodeIgniter\Session\Handlers\FileHandler' driver.
INFO - 2025-11-28 14:10:12 --> Session: Class initialized using 'CodeIgniter\Session\Handlers\FileHandler' driver.
INFO - 2025-11-28 14:10:17 --> Session: Class initialized using 'CodeIgniter\Session\Handlers\FileHandler' driver.
INFO - 2025-11-28 14:10:31 --> Session: Class initialized using 'CodeIgniter\Session\Handlers\FileHandler' driver.
INFO - 2025-11-28 14:11:29 --> Session: Class initialized using 'CodeIgniter\Session\Handlers\FileHandler' driver.
INFO - 2025-11-28 14:11:31 --> Session: Class initialized using 'CodeIgniter\Session\Handlers\FileHandler' driver.
INFO - 2025-11-28 14:11:33 --> Session: Class initialized using 'CodeIgniter\Session\Handlers\FileHandler' driver.
INFO - 2025-11-28 14:11:35 --> Session: Class initialized using 'CodeIgniter\Session\Handlers\FileHandler' driver.
INFO - 2025-11-28 14:11:36 --> Session: Class initialized using 'CodeIgniter\Session\Handlers\FileHandler' driver.
INFO - 2025-11-28 14:11:38 --> Session: Class initialized using 'CodeIgniter\Session\Handlers\FileHandler' driver.
INFO - 2025-11-28 14:11:40 --> Session: Class initialized using 'CodeIgniter\Session\Handlers\FileHandler' driver.
INFO - 2025-11-28 14:11:41 --> Session: Class initialized using 'CodeIgniter\Session\Handlers\FileHandler' driver.
INFO - 2025-11-28 14:11:44 --> Session: Class initialized using 'CodeIgniter\Session\Handlers\FileHandler' driver.
INFO - 2025-11-28 14:11:46 --> Session: Class initialized using 'CodeIgniter\Session\Handlers\FileHandler' driver.
INFO - 2025-11-28 14:11:52 --> Session: Class initialized using 'CodeIgniter\Session\Handlers\FileHandler' driver.
INFO - 2025-11-28 14:14:26 --> Session: Class initialized using 'CodeIgniter\Session\Handlers\FileHandler' driver.
INFO - 2025-11-28 14:14:29 --> Session: Class initialized using 'CodeIgniter\Session\Handlers\FileHandler' driver.
INFO - 2025-11-28 14:14:36 --> Session: Class initialized using 'CodeIgniter\Session\Handlers\FileHandler' driver.
INFO - 2025-11-28 14:14:55 --> Session: Class initialized using 'CodeIgniter\Session\Handlers\FileHandler' driver.
INFO - 2025-11-28 14:14:55 --> Session: Class initialized using 'CodeIgniter\Session\Handlers\FileHandler' driver.
INFO - 2025-11-28 14:15:00 --> Session: Class initialized using 'CodeIgniter\Session\Handlers\FileHandler' driver.
INFO - 2025-11-28 14:15:03 --> Session: Class initialized using 'CodeIgniter\Session\Handlers\FileHandler' driver.
INFO - 2025-11-28 14:15:03 --> Session: Class initialized using 'CodeIgniter\Session\Handlers\FileHandler' driver.
INFO - 2025-11-28 14:15:08 --> Session: Class initialized using 'CodeIgniter\Session\Handlers\FileHandler' driver.
INFO - 2025-11-28 14:15:08 --> Session: Class initialized using 'CodeIgniter\Session\Handlers\FileHandler' driver.
INFO - 2025-11-28 14:15:12 --> Session: Class initialized using 'CodeIgniter\Session\Handlers\FileHandler' driver.
INFO - 2025-11-28 14:15:16 --> Session: Class initialized using 'CodeIgniter\Session\Handlers\FileHandler' driver.
INFO - 2025-11-28 14:18:21 --> Session: Class initialized using 'CodeIgniter\Session\Handlers\FileHandler' driver.
INFO - 2025-11-28 14:18:26 --> Session: Class initialized using 'CodeIgniter\Session\Handlers\FileHandler' driver.
INFO - 2025-11-28 14:18:26 --> Session: Class initialized using 'CodeIgniter\Session\Handlers\FileHandler' driver.
INFO - 2025-11-28 14:18:43 --> Session: Class initialized using 'CodeIgniter\Session\Handlers\FileHandler' driver.
INFO - 2025-11-28 14:18:43 --> Session: Class initialized using 'CodeIgniter\Session\Handlers\FileHandler' driver.
INFO - 2025-11-28 14:18:47 --> Session: Class initialized using 'CodeIgniter\Session\Handlers\FileHandler' driver.
INFO - 2025-11-28 14:18:49 --> Session: Class initialized using 'CodeIgniter\Session\Handlers\FileHandler' driver.
INFO - 2025-11-28 14:18:49 --> Session: Class initialized using 'CodeIgniter\Session\Handlers\FileHandler' driver.
INFO - 2025-11-28 14:18:53 --> Session: Class initialized using 'CodeIgniter\Session\Handlers\FileHandler' driver.
INFO - 2025-11-28 14:18:55 --> Session: Class initialized using 'CodeIgniter\Session\Handlers\FileHandler' driver.
INFO - 2025-11-28 14:18:55 --> Session: Class initialized using 'CodeIgniter\Session\Handlers\FileHandler' driver.
INFO - 2025-11-28 14:20:11 --> Session: Class initialized using 'CodeIgniter\Session\Handlers\FileHandler' driver.
INFO - 2025-11-28 14:20:32 --> Session: Class initialized using 'CodeIgniter\Session\Handlers\FileHandler' driver.
INFO - 2025-11-28 14:20:52 --> Session: Class initialized using 'CodeIgniter\Session\Handlers\FileHandler' driver.
INFO - 2025-11-28 14:20:56 --> Session: Class initialized using 'CodeIgniter\Session\Handlers\FileHandler' driver.
INFO - 2025-11-28 14:21:00 --> Session: Class initialized using 'CodeIgniter\Session\Handlers\FileHandler' driver.
INFO - 2025-11-28 14:21:00 --> Session: Class initialized using 'CodeIgniter\Session\Handlers\FileHandler' driver.
INFO - 2025-11-28 14:22:26 --> Session: Class initialized using 'CodeIgniter\Session\Handlers\FileHandler' driver.
INFO - 2025-11-28 14:22:33 --> Session: Class initialized using 'CodeIgniter\Session\Handlers\FileHandler' driver.
INFO - 2025-11-28 14:22:33 --> Session: Class initialized using 'CodeIgniter\Session\Handlers\FileHandler' driver.
INFO - 2025-11-28 14:22:36 --> Session: Class initialized using 'CodeIgniter\Session\Handlers\FileHandler' driver.
INFO - 2025-11-28 14:22:55 --> Session: Class initialized using 'CodeIgniter\Session\Handlers\FileHandler' driver.
INFO - 2025-11-28 14:22:55 --> Session: Class initialized using 'CodeIgniter\Session\Handlers\FileHandler' driver.
INFO - 2025-11-28 14:23:02 --> Session: Class initialized using 'CodeIgniter\Session\Handlers\FileHandler' driver.
CRITICAL - 2025-11-28 14:23:02 --> Invalid file: "admin/koperasi/v_lists.php"
in SYSTEMPATH\Exceptions\FrameworkException.php on line 39.
 1 SYSTEMPATH\View\View.php(216): CodeIgniter\Exceptions\FrameworkException::forInvalidFile('admin/koperasi/v_lists.php')
 2 SYSTEMPATH\Common.php(1190): CodeIgniter\View\View->render('admin/koperasi/v_lists', [], true)
 3 APPPATH\Views\admin\layout\v_content.php(3): view('admin/koperasi/v_lists')
 4 SYSTEMPATH\View\View.php(228): include('C:\\laragon\\www\\diskopukm\\app\\Views\\admin\\layout\\v_content.php')
 5 SYSTEMPATH\View\View.php(231): CodeIgniter\View\View->CodeIgniter\View\{closure}()
 6 SYSTEMPATH\Common.php(1190): CodeIgniter\View\View->render('admin/layout/v_content.php', [], true)
 7 APPPATH\Views\admin\layout\v_wrapper.php(5): view('admin/layout/v_content.php')
 8 SYSTEMPATH\View\View.php(228): include('C:\\laragon\\www\\diskopukm\\app\\Views\\admin\\layout\\v_wrapper.php')
 9 SYSTEMPATH\View\View.php(231): CodeIgniter\View\View->CodeIgniter\View\{closure}()
10 SYSTEMPATH\Common.php(1190): CodeIgniter\View\View->render('admin/layout/v_wrapper', [], true)
11 APPPATH\Controllers\Admin\Koperasi.php(65): view('admin/layout/v_wrapper', [...])
12 SYSTEMPATH\CodeIgniter.php(942): App\Controllers\Admin\Koperasi->data()
13 SYSTEMPATH\CodeIgniter.php(502): CodeIgniter\CodeIgniter->runController(Object(App\Controllers\Admin\Koperasi))
14 SYSTEMPATH\CodeIgniter.php(361): CodeIgniter\CodeIgniter->handleRequest(null, Object(Config\Cache), false)
15 FCPATH\index.php(42): CodeIgniter\CodeIgniter->run()
16 SYSTEMPATH\Commands\Server\rewrite.php(47): require_once('C:\\laragon\\www\\diskopukm\\public\\index.php')
INFO - 2025-11-28 14:24:06 --> Session: Class initialized using 'CodeIgniter\Session\Handlers\FileHandler' driver.
INFO - 2025-11-28 14:24:13 --> Session: Class initialized using 'CodeIgniter\Session\Handlers\FileHandler' driver.
INFO - 2025-11-28 14:24:18 --> Session: Class initialized using 'CodeIgniter\Session\Handlers\FileHandler' driver.
INFO - 2025-11-28 14:24:26 --> Session: Class initialized using 'CodeIgniter\Session\Handlers\FileHandler' driver.
INFO - 2025-11-28 14:24:34 --> Session: Class initialized using 'CodeIgniter\Session\Handlers\FileHandler' driver.
INFO - 2025-11-28 14:27:39 --> Session: Class initialized using 'CodeIgniter\Session\Handlers\FileHandler' driver.
INFO - 2025-11-28 14:28:59 --> Session: Class initialized using 'CodeIgniter\Session\Handlers\FileHandler' driver.
INFO - 2025-11-28 14:30:58 --> Session: Class initialized using 'CodeIgniter\Session\Handlers\FileHandler' driver.
INFO - 2025-11-28 14:31:40 --> Session: Class initialized using 'CodeIgniter\Session\Handlers\FileHandler' driver.
INFO - 2025-11-28 14:32:48 --> Session: Class initialized using 'CodeIgniter\Session\Handlers\FileHandler' driver.
CRITICAL - 2025-11-28 14:32:48 --> Undefined variable $datakopukm
in APPPATH\Views\admin\koperasi\v_lists.php on line 73.
 1 APPPATH\Views\admin\koperasi\v_lists.php(73): CodeIgniter\Debug\Exceptions->errorHandler(2, 'Undefined variable $datakopukm', 'C:\\laragon\\www\\diskopukm\\app\\Views\\admin\\koperasi\\v_lists.php', 73)
 2 SYSTEMPATH\View\View.php(228): include('C:\\laragon\\www\\diskopukm\\app\\Views\\admin\\koperasi\\v_lists.php')
 3 SYSTEMPATH\View\View.php(231): CodeIgniter\View\View->CodeIgniter\View\{closure}()
 4 SYSTEMPATH\Common.php(1190): CodeIgniter\View\View->render('admin/koperasi/v_lists', [], true)
 5 APPPATH\Views\admin\layout\v_content.php(3): view('admin/koperasi/v_lists')
 6 SYSTEMPATH\View\View.php(228): include('C:\\laragon\\www\\diskopukm\\app\\Views\\admin\\layout\\v_content.php')
 7 SYSTEMPATH\View\View.php(231): CodeIgniter\View\View->CodeIgniter\View\{closure}()
 8 SYSTEMPATH\Common.php(1190): CodeIgniter\View\View->render('admin/layout/v_content.php', [], true)
 9 APPPATH\Views\admin\layout\v_wrapper.php(5): view('admin/layout/v_content.php')
10 SYSTEMPATH\View\View.php(228): include('C:\\laragon\\www\\diskopukm\\app\\Views\\admin\\layout\\v_wrapper.php')
11 SYSTEMPATH\View\View.php(231): CodeIgniter\View\View->CodeIgniter\View\{closure}()
12 SYSTEMPATH\Common.php(1190): CodeIgniter\View\View->render('admin/layout/v_wrapper', [], true)
13 APPPATH\Controllers\Admin\Koperasi.php(77): view('admin/layout/v_wrapper', [...])
14 SYSTEMPATH\CodeIgniter.php(942): App\Controllers\Admin\Koperasi->data()
15 SYSTEMPATH\CodeIgniter.php(502): CodeIgniter\CodeIgniter->runController(Object(App\Controllers\Admin\Koperasi))
16 SYSTEMPATH\CodeIgniter.php(361): CodeIgniter\CodeIgniter->handleRequest(null, Object(Config\Cache), false)
17 FCPATH\index.php(42): CodeIgniter\CodeIgniter->run()
18 SYSTEMPATH\Commands\Server\rewrite.php(47): require_once('C:\\laragon\\www\\diskopukm\\public\\index.php')
INFO - 2025-11-28 14:33:08 --> Session: Class initialized using 'CodeIgniter\Session\Handlers\FileHandler' driver.
INFO - 2025-11-28 14:33:42 --> Session: Class initialized using 'CodeIgniter\Session\Handlers\FileHandler' driver.
INFO - 2025-11-28 14:34:36 --> Session: Class initialized using 'CodeIgniter\Session\Handlers\FileHandler' driver.
INFO - 2025-11-28 14:35:17 --> Session: Class initialized using 'CodeIgniter\Session\Handlers\FileHandler' driver.
INFO - 2025-11-28 14:35:33 --> Session: Class initialized using 'CodeIgniter\Session\Handlers\FileHandler' driver.
