CRITICAL - 2024-06-14 00:49:23 --> Trying to access array offset on value of type null
in APPPATH/Models/M_pengumuman.php on line 23.
 1 APPPATH/Models/M_pengumuman.php(23): CodeIgniter\Debug\Exceptions->errorHandler(2, 'Trying to access array offset on value of type null', '/home/diskopukm/public_html/app/Models/M_pengumuman.php', 23)
 2 APPPATH/Controllers/Informasi.php(54): App\Models\M_pengumuman->counter('hasil-ujian-test-akademik-rekrutmen-calon-ppkl-2022')
 3 SYSTEMPATH/CodeIgniter.php(942): App\Controllers\Informasi->pengumuman_detail('hasil-ujian-test-akademik-rekrutmen-calon-ppkl-2022')
 4 SYSTEMPATH/CodeIgniter.php(502): CodeIgniter\CodeIgniter->runController(Object(App\Controllers\Informasi))
 5 SYSTEMPATH/CodeIgniter.php(361): CodeIgniter\CodeIgniter->handleRequest(null, Object(Config\Cache), false)
 6 FCPATH/index.php(42): CodeIgniter\CodeIgniter->run()
CRITICAL - 2024-06-14 01:46:32 --> Trying to access array offset on value of type null
in APPPATH/Models/M_berita.php on line 23.
 1 APPPATH/Models/M_berita.php(23): CodeIgniter\Debug\Exceptions->errorHandler(2, 'Trying to access array offset on value of type null', '/home/diskopukm/public_html/app/Models/M_berita.php', 23)
 2 APPPATH/Controllers/Berita.php(55): App\Models\M_berita->counter('frontend')
 3 SYSTEMPATH/CodeIgniter.php(942): App\Controllers\Berita->detail('frontend', 'assets', 'css', 'float.css')
 4 SYSTEMPATH/CodeIgniter.php(502): CodeIgniter\CodeIgniter->runController(Object(App\Controllers\Berita))
 5 SYSTEMPATH/CodeIgniter.php(361): CodeIgniter\CodeIgniter->handleRequest(null, Object(Config\Cache), false)
 6 FCPATH/index.php(42): CodeIgniter\CodeIgniter->run()
CRITICAL - 2024-06-14 03:57:10 --> Trying to access array offset on value of type null
in APPPATH/Models/M_pengumuman.php on line 23.
 1 APPPATH/Models/M_pengumuman.php(23): CodeIgniter\Debug\Exceptions->errorHandler(2, 'Trying to access array offset on value of type null', '/home/diskopukm/public_html/app/Models/M_pengumuman.php', 23)
 2 APPPATH/Controllers/Informasi.php(54): App\Models\M_pengumuman->counter('rekrutmen-business-development-officer-bdo-major-project-pengelolaan-terpadu-umkm-di-kabupaten-batu-bara')
 3 SYSTEMPATH/CodeIgniter.php(942): App\Controllers\Informasi->pengumuman_detail('rekrutmen-business-development-officer-bdo-major-project-pengelolaan-terpadu-umkm-di-kabupaten-batu-bara')
 4 SYSTEMPATH/CodeIgniter.php(502): CodeIgniter\CodeIgniter->runController(Object(App\Controllers\Informasi))
 5 SYSTEMPATH/CodeIgniter.php(361): CodeIgniter\CodeIgniter->handleRequest(null, Object(Config\Cache), false)
 6 FCPATH/index.php(42): CodeIgniter\CodeIgniter->run()
CRITICAL - 2024-06-14 09:10:13 --> Trying to access array offset on value of type null
in APPPATH/Models/M_pengumuman.php on line 23.
 1 APPPATH/Models/M_pengumuman.php(23): CodeIgniter\Debug\Exceptions->errorHandler(2, 'Trying to access array offset on value of type null', '/home/diskopukm/public_html/app/Models/M_pengumuman.php', 23)
 2 APPPATH/Controllers/Informasi.php(54): App\Models\M_pengumuman->counter('hasil-ujian-test-akademik-rekrutmen-calon-ppkl-2022')
 3 SYSTEMPATH/CodeIgniter.php(942): App\Controllers\Informasi->pengumuman_detail('hasil-ujian-test-akademik-rekrutmen-calon-ppkl-2022')
 4 SYSTEMPATH/CodeIgniter.php(502): CodeIgniter\CodeIgniter->runController(Object(App\Controllers\Informasi))
 5 SYSTEMPATH/CodeIgniter.php(361): CodeIgniter\CodeIgniter->handleRequest(null, Object(Config\Cache), false)
 6 FCPATH/index.php(42): CodeIgniter\CodeIgniter->run()
CRITICAL - 2024-06-14 09:32:45 --> Trying to access array offset on value of type null
in APPPATH/Models/M_pengumuman.php on line 23.
 1 APPPATH/Models/M_pengumuman.php(23): CodeIgniter\Debug\Exceptions->errorHandler(2, 'Trying to access array offset on value of type null', '/home/diskopukm/public_html/app/Models/M_pengumuman.php', 23)
 2 APPPATH/Controllers/Informasi.php(54): App\Models\M_pengumuman->counter('hasil-ujian-test-akademik-rekrutmen-calon-ppkl-2022')
 3 SYSTEMPATH/CodeIgniter.php(942): App\Controllers\Informasi->pengumuman_detail('hasil-ujian-test-akademik-rekrutmen-calon-ppkl-2022')
 4 SYSTEMPATH/CodeIgniter.php(502): CodeIgniter\CodeIgniter->runController(Object(App\Controllers\Informasi))
 5 SYSTEMPATH/CodeIgniter.php(361): CodeIgniter\CodeIgniter->handleRequest(null, Object(Config\Cache), false)
 6 FCPATH/index.php(42): CodeIgniter\CodeIgniter->run()
CRITICAL - 2024-06-14 09:59:47 --> Trying to access array offset on value of type null
in APPPATH/Models/M_pengumuman.php on line 23.
 1 APPPATH/Models/M_pengumuman.php(23): CodeIgniter\Debug\Exceptions->errorHandler(2, 'Trying to access array offset on value of type null', '/home/diskopukm/public_html/app/Models/M_pengumuman.php', 23)
 2 APPPATH/Controllers/Informasi.php(54): App\Models\M_pengumuman->counter('perencanaan-dan-pengelolaan-keuangan-dalam-mewujudkan-keluarga-sejahtera')
 3 SYSTEMPATH/CodeIgniter.php(942): App\Controllers\Informasi->pengumuman_detail('perencanaan-dan-pengelolaan-keuangan-dalam-mewujudkan-keluarga-sejahtera')
 4 SYSTEMPATH/CodeIgniter.php(502): CodeIgniter\CodeIgniter->runController(Object(App\Controllers\Informasi))
 5 SYSTEMPATH/CodeIgniter.php(361): CodeIgniter\CodeIgniter->handleRequest(null, Object(Config\Cache), false)
 6 FCPATH/index.php(42): CodeIgniter\CodeIgniter->run()
CRITICAL - 2024-06-14 13:26:15 --> Trying to access array offset on value of type null
in APPPATH/Models/M_berita.php on line 23.
 1 APPPATH/Models/M_berita.php(23): CodeIgniter\Debug\Exceptions->errorHandler(2, 'Trying to access array offset on value of type null', '/home/diskopukm/public_html/app/Models/M_berita.php', 23)
 2 APPPATH/Controllers/Berita.php(55): App\Models\M_berita->counter('frontend')
 3 SYSTEMPATH/CodeIgniter.php(942): App\Controllers\Berita->detail('frontend', 'assets', 'css', 'float.css')
 4 SYSTEMPATH/CodeIgniter.php(502): CodeIgniter\CodeIgniter->runController(Object(App\Controllers\Berita))
 5 SYSTEMPATH/CodeIgniter.php(361): CodeIgniter\CodeIgniter->handleRequest(null, Object(Config\Cache), false)
 6 FCPATH/index.php(42): CodeIgniter\CodeIgniter->run()
CRITICAL - 2024-06-14 14:01:04 --> Trying to access array offset on value of type null
in APPPATH/Models/M_pengumuman.php on line 23.
 1 APPPATH/Models/M_pengumuman.php(23): CodeIgniter\Debug\Exceptions->errorHandler(2, 'Trying to access array offset on value of type null', '/home/diskopukm/public_html/app/Models/M_pengumuman.php', 23)
 2 APPPATH/Controllers/Informasi.php(54): App\Models\M_pengumuman->counter('panduan-praktis-ternak-ayam-kampung-untuk-usaha-mikro-menengah-dan-koperasi')
 3 SYSTEMPATH/CodeIgniter.php(942): App\Controllers\Informasi->pengumuman_detail('panduan-praktis-ternak-ayam-kampung-untuk-usaha-mikro-menengah-dan-koperasi')
 4 SYSTEMPATH/CodeIgniter.php(502): CodeIgniter\CodeIgniter->runController(Object(App\Controllers\Informasi))
 5 SYSTEMPATH/CodeIgniter.php(361): CodeIgniter\CodeIgniter->handleRequest(null, Object(Config\Cache), false)
 6 FCPATH/index.php(42): CodeIgniter\CodeIgniter->run()
CRITICAL - 2024-06-14 14:10:36 --> Trying to access array offset on value of type null
in APPPATH/Models/M_pengumuman.php on line 23.
 1 APPPATH/Models/M_pengumuman.php(23): CodeIgniter\Debug\Exceptions->errorHandler(2, 'Trying to access array offset on value of type null', '/home/diskopukm/public_html/app/Models/M_pengumuman.php', 23)
 2 APPPATH/Controllers/Informasi.php(54): App\Models\M_pengumuman->counter('perkembangan-data-usaha-mikro-kecil-menengah-umkm-dan-usaha-besar-ub-tahun')
 3 SYSTEMPATH/CodeIgniter.php(942): App\Controllers\Informasi->pengumuman_detail('perkembangan-data-usaha-mikro-kecil-menengah-umkm-dan-usaha-besar-ub-tahun')
 4 SYSTEMPATH/CodeIgniter.php(502): CodeIgniter\CodeIgniter->runController(Object(App\Controllers\Informasi))
 5 SYSTEMPATH/CodeIgniter.php(361): CodeIgniter\CodeIgniter->handleRequest(null, Object(Config\Cache), false)
 6 FCPATH/index.php(42): CodeIgniter\CodeIgniter->run()
CRITICAL - 2024-06-14 14:45:27 --> Trying to access array offset on value of type null
in APPPATH/Models/M_pengumuman.php on line 23.
 1 APPPATH/Models/M_pengumuman.php(23): CodeIgniter\Debug\Exceptions->errorHandler(2, 'Trying to access array offset on value of type null', '/home/diskopukm/public_html/app/Models/M_pengumuman.php', 23)
 2 APPPATH/Controllers/Informasi.php(54): App\Models\M_pengumuman->counter('frontend')
 3 SYSTEMPATH/CodeIgniter.php(942): App\Controllers\Informasi->pengumuman_detail('frontend', 'assets', 'css', 'float.css')
 4 SYSTEMPATH/CodeIgniter.php(502): CodeIgniter\CodeIgniter->runController(Object(App\Controllers\Informasi))
 5 SYSTEMPATH/CodeIgniter.php(361): CodeIgniter\CodeIgniter->handleRequest(null, Object(Config\Cache), false)
 6 FCPATH/index.php(42): CodeIgniter\CodeIgniter->run()
CRITICAL - 2024-06-14 18:35:29 --> Trying to access array offset on value of type null
in APPPATH/Models/M_berita.php on line 23.
 1 APPPATH/Models/M_berita.php(23): CodeIgniter\Debug\Exceptions->errorHandler(2, 'Trying to access array offset on value of type null', '/home/diskopukm/public_html/app/Models/M_berita.php', 23)
 2 APPPATH/Controllers/Berita.php(55): App\Models\M_berita->counter('frontend')
 3 SYSTEMPATH/CodeIgniter.php(942): App\Controllers\Berita->detail('frontend', 'assets', 'css', 'float.css')
 4 SYSTEMPATH/CodeIgniter.php(502): CodeIgniter\CodeIgniter->runController(Object(App\Controllers\Berita))
 5 SYSTEMPATH/CodeIgniter.php(361): CodeIgniter\CodeIgniter->handleRequest(null, Object(Config\Cache), false)
 6 FCPATH/index.php(42): CodeIgniter\CodeIgniter->run()
CRITICAL - 2024-06-14 19:20:06 --> Trying to access array offset on value of type null
in APPPATH/Views/front/v_video_detail.php on line 13.
 1 APPPATH/Views/front/v_video_detail.php(13): CodeIgniter\Debug\Exceptions->errorHandler(2, 'Trying to access array offset on value of type null', '/home/diskopukm/public_html/app/Views/front/v_video_detail.php', 13)
 2 SYSTEMPATH/View/View.php(228): include('/home/diskopukm/public_html/app/Views/front/v_video_detail.php')
 3 SYSTEMPATH/View/View.php(231): CodeIgniter\View\View->CodeIgniter\View\{closure}()
 4 SYSTEMPATH/Common.php(1190): CodeIgniter\View\View->render('front/v_video_detail.php', [], true)
 5 APPPATH/Views/front/layout/v_content.php(3): view('front/v_video_detail.php')
 6 SYSTEMPATH/View/View.php(228): include('/home/diskopukm/public_html/app/Views/front/layout/v_content.php')
 7 SYSTEMPATH/View/View.php(231): CodeIgniter\View\View->CodeIgniter\View\{closure}()
 8 SYSTEMPATH/Common.php(1190): CodeIgniter\View\View->render('front/layout/v_content.php', [], true)
 9 APPPATH/Views/front/layout/v_wrapper.php(5): view('front/layout/v_content.php')
10 SYSTEMPATH/View/View.php(228): include('/home/diskopukm/public_html/app/Views/front/layout/v_wrapper.php')
11 SYSTEMPATH/View/View.php(231): CodeIgniter\View\View->CodeIgniter\View\{closure}()
12 SYSTEMPATH/Common.php(1190): CodeIgniter\View\View->render('front/layout/v_wrapper', [], true)
13 APPPATH/Controllers/Galeri.php(80): view('front/layout/v_wrapper', [...])
14 SYSTEMPATH/CodeIgniter.php(942): App\Controllers\Galeri->video_detail('frontend', 'assets', 'css', 'float.css')
15 SYSTEMPATH/CodeIgniter.php(502): CodeIgniter\CodeIgniter->runController(Object(App\Controllers\Galeri))
16 SYSTEMPATH/CodeIgniter.php(361): CodeIgniter\CodeIgniter->handleRequest(null, Object(Config\Cache), false)
17 FCPATH/index.php(42): CodeIgniter\CodeIgniter->run()
CRITICAL - 2024-06-14 19:22:19 --> Trying to access array offset on value of type null
in APPPATH/Models/M_pengumuman.php on line 23.
 1 APPPATH/Models/M_pengumuman.php(23): CodeIgniter\Debug\Exceptions->errorHandler(2, 'Trying to access array offset on value of type null', '/home/diskopukm/public_html/app/Models/M_pengumuman.php', 23)
 2 APPPATH/Controllers/Informasi.php(54): App\Models\M_pengumuman->counter('panduan-praktis-ternak-ayam-kampung-untuk-usaha-mikro-menengah-dan-koperasi')
 3 SYSTEMPATH/CodeIgniter.php(942): App\Controllers\Informasi->pengumuman_detail('panduan-praktis-ternak-ayam-kampung-untuk-usaha-mikro-menengah-dan-koperasi')
 4 SYSTEMPATH/CodeIgniter.php(502): CodeIgniter\CodeIgniter->runController(Object(App\Controllers\Informasi))
 5 SYSTEMPATH/CodeIgniter.php(361): CodeIgniter\CodeIgniter->handleRequest(null, Object(Config\Cache), false)
 6 FCPATH/index.php(42): CodeIgniter\CodeIgniter->run()
CRITICAL - 2024-06-14 21:07:16 --> Trying to access array offset on value of type null
in APPPATH/Models/M_pengumuman.php on line 23.
 1 APPPATH/Models/M_pengumuman.php(23): CodeIgniter\Debug\Exceptions->errorHandler(2, 'Trying to access array offset on value of type null', '/home/diskopukm/public_html/app/Models/M_pengumuman.php', 23)
 2 APPPATH/Controllers/Informasi.php(54): App\Models\M_pengumuman->counter('perencanaan-dan-pengelolaan-keuangan-dalam-mewujudkan-keluarga-sejahtera')
 3 SYSTEMPATH/CodeIgniter.php(942): App\Controllers\Informasi->pengumuman_detail('perencanaan-dan-pengelolaan-keuangan-dalam-mewujudkan-keluarga-sejahtera')
 4 SYSTEMPATH/CodeIgniter.php(502): CodeIgniter\CodeIgniter->runController(Object(App\Controllers\Informasi))
 5 SYSTEMPATH/CodeIgniter.php(361): CodeIgniter\CodeIgniter->handleRequest(null, Object(Config\Cache), false)
 6 FCPATH/index.php(42): CodeIgniter\CodeIgniter->run()
CRITICAL - 2024-06-14 22:45:26 --> Trying to access array offset on value of type null
in APPPATH/Models/M_pengumuman.php on line 23.
 1 APPPATH/Models/M_pengumuman.php(23): CodeIgniter\Debug\Exceptions->errorHandler(2, 'Trying to access array offset on value of type null', '/home/diskopukm/public_html/app/Models/M_pengumuman.php', 23)
 2 APPPATH/Controllers/Informasi.php(54): App\Models\M_pengumuman->counter('rekrutmen-business-development-officer-bdo-major-project-pengelolaan-terpadu-umkm-di-kabupaten-batu-bara')
 3 SYSTEMPATH/CodeIgniter.php(942): App\Controllers\Informasi->pengumuman_detail('rekrutmen-business-development-officer-bdo-major-project-pengelolaan-terpadu-umkm-di-kabupaten-batu-bara')
 4 SYSTEMPATH/CodeIgniter.php(502): CodeIgniter\CodeIgniter->runController(Object(App\Controllers\Informasi))
 5 SYSTEMPATH/CodeIgniter.php(361): CodeIgniter\CodeIgniter->handleRequest(null, Object(Config\Cache), false)
 6 FCPATH/index.php(42): CodeIgniter\CodeIgniter->run()
