CRITICAL - 2024-05-22 01:49:59 --> Trying to access array offset on value of type null
in APPPATH/Models/M_pengumuman.php on line 23.
 1 APPPATH/Models/M_pengumuman.php(23): CodeIgniter\Debug\Exceptions->errorHandler(2, 'Trying to access array offset on value of type null', '/home/diskopukm/public_html/app/Models/M_pengumuman.php', 23)
 2 APPPATH/Controllers/Informasi.php(54): App\Models\M_pengumuman->counter('rekrutmen-business-development-officer-bdo-major-project-pengelolaan-terpadu-umkm-di-kabupaten-batu-bara')
 3 SYSTEMPATH/CodeIgniter.php(942): App\Controllers\Informasi->pengumuman_detail('rekrutmen-business-development-officer-bdo-major-project-pengelolaan-terpadu-umkm-di-kabupaten-batu-bara')
 4 SYSTEMPATH/CodeIgniter.php(502): CodeIgniter\CodeIgniter->runController(Object(App\Controllers\Informasi))
 5 SYSTEMPATH/CodeIgniter.php(361): CodeIgniter\CodeIgniter->handleRequest(null, Object(Config\Cache), false)
 6 FCPATH/index.php(42): CodeIgniter\CodeIgniter->run()
CRITICAL - 2024-05-22 14:13:13 --> Trying to access array offset on value of type null
in APPPATH/Controllers/Pendaftaran.php on line 34.
 1 APPPATH/Controllers/Pendaftaran.php(34): CodeIgniter\Debug\Exceptions->errorHandler(2, 'Trying to access array offset on value of type null', '/home/diskopukm/public_html/app/Controllers/Pendaftaran.php', 34)
 2 SYSTEMPATH/CodeIgniter.php(942): App\Controllers\Pendaftaran->daftar('10')
 3 SYSTEMPATH/CodeIgniter.php(502): CodeIgniter\CodeIgniter->runController(Object(App\Controllers\Pendaftaran))
 4 SYSTEMPATH/CodeIgniter.php(361): CodeIgniter\CodeIgniter->handleRequest(null, Object(Config\Cache), false)
 5 FCPATH/index.php(42): CodeIgniter\CodeIgniter->run()
CRITICAL - 2024-05-22 15:12:25 --> Trying to access array offset on value of type null
in APPPATH/Controllers/Pendaftaran.php on line 34.
 1 APPPATH/Controllers/Pendaftaran.php(34): CodeIgniter\Debug\Exceptions->errorHandler(2, 'Trying to access array offset on value of type null', '/home/diskopukm/public_html/app/Controllers/Pendaftaran.php', 34)
 2 SYSTEMPATH/CodeIgniter.php(942): App\Controllers\Pendaftaran->daftar('10')
 3 SYSTEMPATH/CodeIgniter.php(502): CodeIgniter\CodeIgniter->runController(Object(App\Controllers\Pendaftaran))
 4 SYSTEMPATH/CodeIgniter.php(361): CodeIgniter\CodeIgniter->handleRequest(null, Object(Config\Cache), false)
 5 FCPATH/index.php(42): CodeIgniter\CodeIgniter->run()
CRITICAL - 2024-05-22 16:51:44 --> Too few arguments to function App\Controllers\Galeri::video_detail(), 0 passed in /home/diskopukm/public_html/system/CodeIgniter.php on line 942 and exactly 1 expected
in APPPATH/Controllers/Galeri.php on line 69.
 1 SYSTEMPATH/CodeIgniter.php(942): App\Controllers\Galeri->video_detail()
 2 SYSTEMPATH/CodeIgniter.php(502): CodeIgniter\CodeIgniter->runController(Object(App\Controllers\Galeri))
 3 SYSTEMPATH/CodeIgniter.php(361): CodeIgniter\CodeIgniter->handleRequest(null, Object(Config\Cache), false)
 4 FCPATH/index.php(42): CodeIgniter\CodeIgniter->run()
CRITICAL - 2024-05-22 21:01:23 --> Trying to access array offset on value of type null
in APPPATH/Views/front/v_foto_detail.php on line 5.
 1 APPPATH/Views/front/v_foto_detail.php(5): CodeIgniter\Debug\Exceptions->errorHandler(2, 'Trying to access array offset on value of type null', '/home/diskopukm/public_html/app/Views/front/v_foto_detail.php', 5)
 2 SYSTEMPATH/View/View.php(228): include('/home/diskopukm/public_html/app/Views/front/v_foto_detail.php')
 3 SYSTEMPATH/View/View.php(231): CodeIgniter\View\View->CodeIgniter\View\{closure}()
 4 SYSTEMPATH/Common.php(1190): CodeIgniter\View\View->render('front/v_foto_detail.php', [], true)
 5 APPPATH/Views/front/layout/v_content.php(3): view('front/v_foto_detail.php')
 6 SYSTEMPATH/View/View.php(228): include('/home/diskopukm/public_html/app/Views/front/layout/v_content.php')
 7 SYSTEMPATH/View/View.php(231): CodeIgniter\View\View->CodeIgniter\View\{closure}()
 8 SYSTEMPATH/Common.php(1190): CodeIgniter\View\View->render('front/layout/v_content.php', [], true)
 9 APPPATH/Views/front/layout/v_wrapper.php(5): view('front/layout/v_content.php')
10 SYSTEMPATH/View/View.php(228): include('/home/diskopukm/public_html/app/Views/front/layout/v_wrapper.php')
11 SYSTEMPATH/View/View.php(231): CodeIgniter\View\View->CodeIgniter\View\{closure}()
12 SYSTEMPATH/Common.php(1190): CodeIgniter\View\View->render('front/layout/v_wrapper', [], true)
13 APPPATH/Controllers/Galeri.php(51): view('front/layout/v_wrapper', [...])
14 SYSTEMPATH/CodeIgniter.php(942): App\Controllers\Galeri->foto_detail('frontend', 'assets', 'css', 'float.css')
15 SYSTEMPATH/CodeIgniter.php(502): CodeIgniter\CodeIgniter->runController(Object(App\Controllers\Galeri))
16 SYSTEMPATH/CodeIgniter.php(361): CodeIgniter\CodeIgniter->handleRequest(null, Object(Config\Cache), false)
17 FCPATH/index.php(42): CodeIgniter\CodeIgniter->run()
CRITICAL - 2024-05-22 22:35:43 --> Trying to access array offset on value of type null
in APPPATH/Models/M_pengumuman.php on line 23.
 1 APPPATH/Models/M_pengumuman.php(23): CodeIgniter\Debug\Exceptions->errorHandler(2, 'Trying to access array offset on value of type null', '/home/diskopukm/public_html/app/Models/M_pengumuman.php', 23)
 2 APPPATH/Controllers/Informasi.php(54): App\Models\M_pengumuman->counter('hasil-ujian-test-akademik-rekrutmen-calon-ppkl-2022')
 3 SYSTEMPATH/CodeIgniter.php(942): App\Controllers\Informasi->pengumuman_detail('hasil-ujian-test-akademik-rekrutmen-calon-ppkl-2022')
 4 SYSTEMPATH/CodeIgniter.php(502): CodeIgniter\CodeIgniter->runController(Object(App\Controllers\Informasi))
 5 SYSTEMPATH/CodeIgniter.php(361): CodeIgniter\CodeIgniter->handleRequest(null, Object(Config\Cache), false)
 6 FCPATH/index.php(42): CodeIgniter\CodeIgniter->run()
CRITICAL - 2024-05-22 22:50:52 --> Trying to access array offset on value of type null
in APPPATH/Models/M_pengumuman.php on line 23.
 1 APPPATH/Models/M_pengumuman.php(23): CodeIgniter\Debug\Exceptions->errorHandler(2, 'Trying to access array offset on value of type null', '/home/diskopukm/public_html/app/Models/M_pengumuman.php', 23)
 2 APPPATH/Controllers/Informasi.php(54): App\Models\M_pengumuman->counter('perencanaan-dan-pengelolaan-keuangan-dalam-mewujudkan-keluarga-sejahtera')
 3 SYSTEMPATH/CodeIgniter.php(942): App\Controllers\Informasi->pengumuman_detail('perencanaan-dan-pengelolaan-keuangan-dalam-mewujudkan-keluarga-sejahtera')
 4 SYSTEMPATH/CodeIgniter.php(502): CodeIgniter\CodeIgniter->runController(Object(App\Controllers\Informasi))
 5 SYSTEMPATH/CodeIgniter.php(361): CodeIgniter\CodeIgniter->handleRequest(null, Object(Config\Cache), false)
 6 FCPATH/index.php(42): CodeIgniter\CodeIgniter->run()
CRITICAL - 2024-05-22 22:51:32 --> Trying to access array offset on value of type null
in APPPATH/Models/M_pengumuman.php on line 23.
 1 APPPATH/Models/M_pengumuman.php(23): CodeIgniter\Debug\Exceptions->errorHandler(2, 'Trying to access array offset on value of type null', '/home/diskopukm/public_html/app/Models/M_pengumuman.php', 23)
 2 APPPATH/Controllers/Informasi.php(54): App\Models\M_pengumuman->counter('perkembangan-data-usaha-mikro-kecil-menengah-umkm-dan-usaha-besar-ub-tahun')
 3 SYSTEMPATH/CodeIgniter.php(942): App\Controllers\Informasi->pengumuman_detail('perkembangan-data-usaha-mikro-kecil-menengah-umkm-dan-usaha-besar-ub-tahun')
 4 SYSTEMPATH/CodeIgniter.php(502): CodeIgniter\CodeIgniter->runController(Object(App\Controllers\Informasi))
 5 SYSTEMPATH/CodeIgniter.php(361): CodeIgniter\CodeIgniter->handleRequest(null, Object(Config\Cache), false)
 6 FCPATH/index.php(42): CodeIgniter\CodeIgniter->run()
CRITICAL - 2024-05-22 22:51:35 --> Trying to access array offset on value of type null
in APPPATH/Models/M_pengumuman.php on line 23.
 1 APPPATH/Models/M_pengumuman.php(23): CodeIgniter\Debug\Exceptions->errorHandler(2, 'Trying to access array offset on value of type null', '/home/diskopukm/public_html/app/Models/M_pengumuman.php', 23)
 2 APPPATH/Controllers/Informasi.php(54): App\Models\M_pengumuman->counter('panduan-praktis-ternak-ayam-kampung-untuk-usaha-mikro-menengah-dan-koperasi')
 3 SYSTEMPATH/CodeIgniter.php(942): App\Controllers\Informasi->pengumuman_detail('panduan-praktis-ternak-ayam-kampung-untuk-usaha-mikro-menengah-dan-koperasi')
 4 SYSTEMPATH/CodeIgniter.php(502): CodeIgniter\CodeIgniter->runController(Object(App\Controllers\Informasi))
 5 SYSTEMPATH/CodeIgniter.php(361): CodeIgniter\CodeIgniter->handleRequest(null, Object(Config\Cache), false)
 6 FCPATH/index.php(42): CodeIgniter\CodeIgniter->run()
CRITICAL - 2024-05-22 22:53:15 --> Trying to access array offset on value of type null
in APPPATH/Models/M_pengumuman.php on line 23.
 1 APPPATH/Models/M_pengumuman.php(23): CodeIgniter\Debug\Exceptions->errorHandler(2, 'Trying to access array offset on value of type null', '/home/diskopukm/public_html/app/Models/M_pengumuman.php', 23)
 2 APPPATH/Controllers/Informasi.php(54): App\Models\M_pengumuman->counter('rekrutmen-business-development-officer-bdo-major-project-pengelolaan-terpadu-umkm-di-kabupaten-batu-bara')
 3 SYSTEMPATH/CodeIgniter.php(942): App\Controllers\Informasi->pengumuman_detail('rekrutmen-business-development-officer-bdo-major-project-pengelolaan-terpadu-umkm-di-kabupaten-batu-bara')
 4 SYSTEMPATH/CodeIgniter.php(502): CodeIgniter\CodeIgniter->runController(Object(App\Controllers\Informasi))
 5 SYSTEMPATH/CodeIgniter.php(361): CodeIgniter\CodeIgniter->handleRequest(null, Object(Config\Cache), false)
 6 FCPATH/index.php(42): CodeIgniter\CodeIgniter->run()
