CRITICAL - 2024-04-19 01:48:44 --> Trying to access array offset on value of type null
in APPPATH/Models/M_pengumuman.php on line 23.
 1 APPPATH/Models/M_pengumuman.php(23): CodeIgniter\Debug\Exceptions->errorHandler(2, 'Trying to access array offset on value of type null', '/home/diskopukm/public_html/app/Models/M_pengumuman.php', 23)
 2 APPPATH/Controllers/Informasi.php(54): App\Models\M_pengumuman->counter('perencanaan-dan-pengelolaan-keuangan-dalam-mewujudkan-keluarga-sejahtera')
 3 SYSTEMPATH/CodeIgniter.php(942): App\Controllers\Informasi->pengumuman_detail('perencanaan-dan-pengelolaan-keuangan-dalam-mewujudkan-keluarga-sejahtera')
 4 SYSTEMPATH/CodeIgniter.php(502): CodeIgniter\CodeIgniter->runController(Object(App\Controllers\Informasi))
 5 SYSTEMPATH/CodeIgniter.php(361): CodeIgniter\CodeIgniter->handleRequest(null, Object(Config\Cache), false)
 6 FCPATH/index.php(42): CodeIgniter\CodeIgniter->run()
CRITICAL - 2024-04-19 03:42:59 --> Trying to access array offset on value of type null
in APPPATH/Models/M_pengumuman.php on line 23.
 1 APPPATH/Models/M_pengumuman.php(23): CodeIgniter\Debug\Exceptions->errorHandler(2, 'Trying to access array offset on value of type null', '/home/diskopukm/public_html/app/Models/M_pengumuman.php', 23)
 2 APPPATH/Controllers/Informasi.php(54): App\Models\M_pengumuman->counter('panduan-praktis-ternak-ayam-kampung-untuk-usaha-mikro-menengah-dan-koperasi')
 3 SYSTEMPATH/CodeIgniter.php(942): App\Controllers\Informasi->pengumuman_detail('panduan-praktis-ternak-ayam-kampung-untuk-usaha-mikro-menengah-dan-koperasi')
 4 SYSTEMPATH/CodeIgniter.php(502): CodeIgniter\CodeIgniter->runController(Object(App\Controllers\Informasi))
 5 SYSTEMPATH/CodeIgniter.php(361): CodeIgniter\CodeIgniter->handleRequest(null, Object(Config\Cache), false)
 6 FCPATH/index.php(42): CodeIgniter\CodeIgniter->run()
CRITICAL - 2024-04-19 03:44:50 --> Trying to access array offset on value of type null
in APPPATH/Models/M_pengumuman.php on line 23.
 1 APPPATH/Models/M_pengumuman.php(23): CodeIgniter\Debug\Exceptions->errorHandler(2, 'Trying to access array offset on value of type null', '/home/diskopukm/public_html/app/Models/M_pengumuman.php', 23)
 2 APPPATH/Controllers/Informasi.php(54): App\Models\M_pengumuman->counter('frontend')
 3 SYSTEMPATH/CodeIgniter.php(942): App\Controllers\Informasi->pengumuman_detail('frontend', 'assets', 'css', 'float.css')
 4 SYSTEMPATH/CodeIgniter.php(502): CodeIgniter\CodeIgniter->runController(Object(App\Controllers\Informasi))
 5 SYSTEMPATH/CodeIgniter.php(361): CodeIgniter\CodeIgniter->handleRequest(null, Object(Config\Cache), false)
 6 FCPATH/index.php(42): CodeIgniter\CodeIgniter->run()
CRITICAL - 2024-04-19 09:40:56 --> Trying to access array offset on value of type null
in APPPATH/Models/M_pengumuman.php on line 23.
 1 APPPATH/Models/M_pengumuman.php(23): CodeIgniter\Debug\Exceptions->errorHandler(2, 'Trying to access array offset on value of type null', '/home/diskopukm/public_html/app/Models/M_pengumuman.php', 23)
 2 APPPATH/Controllers/Informasi.php(54): App\Models\M_pengumuman->counter('frontend')
 3 SYSTEMPATH/CodeIgniter.php(942): App\Controllers\Informasi->pengumuman_detail('frontend', 'assets', 'css', 'float.css')
 4 SYSTEMPATH/CodeIgniter.php(502): CodeIgniter\CodeIgniter->runController(Object(App\Controllers\Informasi))
 5 SYSTEMPATH/CodeIgniter.php(361): CodeIgniter\CodeIgniter->handleRequest(null, Object(Config\Cache), false)
 6 FCPATH/index.php(42): CodeIgniter\CodeIgniter->run()
CRITICAL - 2024-04-19 10:41:33 --> Trying to access array offset on value of type null
in APPPATH/Views/front/v_video_detail.php on line 13.
 1 APPPATH/Views/front/v_video_detail.php(13): CodeIgniter\Debug\Exceptions->errorHandler(2, 'Trying to access array offset on value of type null', '/home/diskopukm/public_html/app/Views/front/v_video_detail.php', 13)
 2 SYSTEMPATH/View/View.php(228): include('/home/diskopukm/public_html/app/Views/front/v_video_detail.php')
 3 SYSTEMPATH/View/View.php(231): CodeIgniter\View\View->CodeIgniter\View\{closure}()
 4 SYSTEMPATH/Common.php(1190): CodeIgniter\View\View->render('front/v_video_detail.php', [], true)
 5 APPPATH/Views/front/layout/v_content.php(3): view('front/v_video_detail.php')
 6 SYSTEMPATH/View/View.php(228): include('/home/diskopukm/public_html/app/Views/front/layout/v_content.php')
 7 SYSTEMPATH/View/View.php(231): CodeIgniter\View\View->CodeIgniter\View\{closure}()
 8 SYSTEMPATH/Common.php(1190): CodeIgniter\View\View->render('front/layout/v_content.php', [], true)
 9 APPPATH/Views/front/layout/v_wrapper.php(5): view('front/layout/v_content.php')
10 SYSTEMPATH/View/View.php(228): include('/home/diskopukm/public_html/app/Views/front/layout/v_wrapper.php')
11 SYSTEMPATH/View/View.php(231): CodeIgniter\View\View->CodeIgniter\View\{closure}()
12 SYSTEMPATH/Common.php(1190): CodeIgniter\View\View->render('front/layout/v_wrapper', [], true)
13 APPPATH/Controllers/Galeri.php(80): view('front/layout/v_wrapper', [...])
14 SYSTEMPATH/CodeIgniter.php(942): App\Controllers\Galeri->video_detail('frontend', 'assets', 'css', 'float.css')
15 SYSTEMPATH/CodeIgniter.php(502): CodeIgniter\CodeIgniter->runController(Object(App\Controllers\Galeri))
16 SYSTEMPATH/CodeIgniter.php(361): CodeIgniter\CodeIgniter->handleRequest(null, Object(Config\Cache), false)
17 FCPATH/index.php(42): CodeIgniter\CodeIgniter->run()
CRITICAL - 2024-04-19 10:41:34 --> Trying to access array offset on value of type null
in APPPATH/Views/front/v_video_detail.php on line 13.
 1 APPPATH/Views/front/v_video_detail.php(13): CodeIgniter\Debug\Exceptions->errorHandler(2, 'Trying to access array offset on value of type null', '/home/diskopukm/public_html/app/Views/front/v_video_detail.php', 13)
 2 SYSTEMPATH/View/View.php(228): include('/home/diskopukm/public_html/app/Views/front/v_video_detail.php')
 3 SYSTEMPATH/View/View.php(231): CodeIgniter\View\View->CodeIgniter\View\{closure}()
 4 SYSTEMPATH/Common.php(1190): CodeIgniter\View\View->render('front/v_video_detail.php', [], true)
 5 APPPATH/Views/front/layout/v_content.php(3): view('front/v_video_detail.php')
 6 SYSTEMPATH/View/View.php(228): include('/home/diskopukm/public_html/app/Views/front/layout/v_content.php')
 7 SYSTEMPATH/View/View.php(231): CodeIgniter\View\View->CodeIgniter\View\{closure}()
 8 SYSTEMPATH/Common.php(1190): CodeIgniter\View\View->render('front/layout/v_content.php', [], true)
 9 APPPATH/Views/front/layout/v_wrapper.php(5): view('front/layout/v_content.php')
10 SYSTEMPATH/View/View.php(228): include('/home/diskopukm/public_html/app/Views/front/layout/v_wrapper.php')
11 SYSTEMPATH/View/View.php(231): CodeIgniter\View\View->CodeIgniter\View\{closure}()
12 SYSTEMPATH/Common.php(1190): CodeIgniter\View\View->render('front/layout/v_wrapper', [], true)
13 APPPATH/Controllers/Galeri.php(80): view('front/layout/v_wrapper', [...])
14 SYSTEMPATH/CodeIgniter.php(942): App\Controllers\Galeri->video_detail('frontend', 'assets', 'css', 'float.css')
15 SYSTEMPATH/CodeIgniter.php(502): CodeIgniter\CodeIgniter->runController(Object(App\Controllers\Galeri))
16 SYSTEMPATH/CodeIgniter.php(361): CodeIgniter\CodeIgniter->handleRequest(null, Object(Config\Cache), false)
17 FCPATH/index.php(42): CodeIgniter\CodeIgniter->run()
CRITICAL - 2024-04-19 16:45:23 --> Trying to access array offset on value of type null
in APPPATH/Models/M_berita.php on line 23.
 1 APPPATH/Models/M_berita.php(23): CodeIgniter\Debug\Exceptions->errorHandler(2, 'Trying to access array offset on value of type null', '/home/diskopukm/public_html/app/Models/M_berita.php', 23)
 2 APPPATH/Controllers/Berita.php(55): App\Models\M_berita->counter('promosi-online-brand')
 3 SYSTEMPATH/CodeIgniter.php(942): App\Controllers\Berita->detail('promosi-online-brand')
 4 SYSTEMPATH/CodeIgniter.php(502): CodeIgniter\CodeIgniter->runController(Object(App\Controllers\Berita))
 5 SYSTEMPATH/CodeIgniter.php(361): CodeIgniter\CodeIgniter->handleRequest(null, Object(Config\Cache), false)
 6 FCPATH/index.php(42): CodeIgniter\CodeIgniter->run()
CRITICAL - 2024-04-19 19:21:30 --> Trying to access array offset on value of type null
in APPPATH/Models/M_pengumuman.php on line 23.
 1 APPPATH/Models/M_pengumuman.php(23): CodeIgniter\Debug\Exceptions->errorHandler(2, 'Trying to access array offset on value of type null', '/home/diskopukm/public_html/app/Models/M_pengumuman.php', 23)
 2 APPPATH/Controllers/Informasi.php(54): App\Models\M_pengumuman->counter('analisa-mengenai-pailit-dengan-berdasarkan-pendapat-ibnu-rusyd-dan-juga-perbandingannya-dengan-penerapan-hukum-kepailitan-yang-ada-di-indonesia')
 3 SYSTEMPATH/CodeIgniter.php(942): App\Controllers\Informasi->pengumuman_detail('analisa-mengenai-pailit-dengan-berdasarkan-pendapat-ibnu-rusyd-dan-juga-perbandingannya-dengan-penerapan-hukum-kepailitan-yang-ada-di-indonesia')
 4 SYSTEMPATH/CodeIgniter.php(502): CodeIgniter\CodeIgniter->runController(Object(App\Controllers\Informasi))
 5 SYSTEMPATH/CodeIgniter.php(361): CodeIgniter\CodeIgniter->handleRequest(null, Object(Config\Cache), false)
 6 FCPATH/index.php(42): CodeIgniter\CodeIgniter->run()
