CRITICAL - 2024-06-20 01:52:21 --> Trying to access array offset on value of type null
in APPPATH/Models/M_pengumuman.php on line 23.
 1 APPPATH/Models/M_pengumuman.php(23): CodeIgniter\Debug\Exceptions->errorHandler(2, 'Trying to access array offset on value of type null', '/home/diskopukm/public_html/app/Models/M_pengumuman.php', 23)
 2 APPPATH/Controllers/Informasi.php(54): App\Models\M_pengumuman->counter('rekrutmen-business-development-officer-bdo-major-project-pengelolaan-terpadu-umkm-di-kabupaten-batu-bara')
 3 SYSTEMPATH/CodeIgniter.php(942): App\Controllers\Informasi->pengumuman_detail('rekrutmen-business-development-officer-bdo-major-project-pengelolaan-terpadu-umkm-di-kabupaten-batu-bara')
 4 SYSTEMPATH/CodeIgniter.php(502): CodeIgniter\CodeIgniter->runController(Object(App\Controllers\Informasi))
 5 SYSTEMPATH/CodeIgniter.php(361): CodeIgniter\CodeIgniter->handleRequest(null, Object(Config\Cache), false)
 6 FCPATH/index.php(42): CodeIgniter\CodeIgniter->run()
CRITICAL - 2024-06-20 02:24:39 --> Trying to access array offset on value of type null
in APPPATH/Models/M_berita.php on line 23.
 1 APPPATH/Models/M_berita.php(23): CodeIgniter\Debug\Exceptions->errorHandler(2, 'Trying to access array offset on value of type null', '/home/diskopukm/public_html/app/Models/M_berita.php', 23)
 2 APPPATH/Controllers/Berita.php(55): App\Models\M_berita->counter('frontend')
 3 SYSTEMPATH/CodeIgniter.php(942): App\Controllers\Berita->detail('frontend', 'assets', 'css', 'float.css')
 4 SYSTEMPATH/CodeIgniter.php(502): CodeIgniter\CodeIgniter->runController(Object(App\Controllers\Berita))
 5 SYSTEMPATH/CodeIgniter.php(361): CodeIgniter\CodeIgniter->handleRequest(null, Object(Config\Cache), false)
 6 FCPATH/index.php(42): CodeIgniter\CodeIgniter->run()
CRITICAL - 2024-06-20 05:07:18 --> Trying to access array offset on value of type null
in APPPATH/Models/M_berita.php on line 23.
 1 APPPATH/Models/M_berita.php(23): CodeIgniter\Debug\Exceptions->errorHandler(2, 'Trying to access array offset on value of type null', '/home/diskopukm/public_html/app/Models/M_berita.php', 23)
 2 APPPATH/Controllers/Berita.php(55): App\Models\M_berita->counter('frontend')
 3 SYSTEMPATH/CodeIgniter.php(942): App\Controllers\Berita->detail('frontend', 'assets', 'css', 'float.css')
 4 SYSTEMPATH/CodeIgniter.php(502): CodeIgniter\CodeIgniter->runController(Object(App\Controllers\Berita))
 5 SYSTEMPATH/CodeIgniter.php(361): CodeIgniter\CodeIgniter->handleRequest(null, Object(Config\Cache), false)
 6 FCPATH/index.php(42): CodeIgniter\CodeIgniter->run()
CRITICAL - 2024-06-20 05:14:11 --> Trying to access array offset on value of type null
in APPPATH/Models/M_berita.php on line 23.
 1 APPPATH/Models/M_berita.php(23): CodeIgniter\Debug\Exceptions->errorHandler(2, 'Trying to access array offset on value of type null', '/home/diskopukm/public_html/app/Models/M_berita.php', 23)
 2 APPPATH/Controllers/Berita.php(55): App\Models\M_berita->counter('frontend')
 3 SYSTEMPATH/CodeIgniter.php(942): App\Controllers\Berita->detail('frontend', 'assets', 'css', 'float.css')
 4 SYSTEMPATH/CodeIgniter.php(502): CodeIgniter\CodeIgniter->runController(Object(App\Controllers\Berita))
 5 SYSTEMPATH/CodeIgniter.php(361): CodeIgniter\CodeIgniter->handleRequest(null, Object(Config\Cache), false)
 6 FCPATH/index.php(42): CodeIgniter\CodeIgniter->run()
CRITICAL - 2024-06-20 07:49:22 --> Trying to access array offset on value of type null
in APPPATH/Models/M_berita.php on line 23.
 1 APPPATH/Models/M_berita.php(23): CodeIgniter\Debug\Exceptions->errorHandler(2, 'Trying to access array offset on value of type null', '/home/diskopukm/public_html/app/Models/M_berita.php', 23)
 2 APPPATH/Controllers/Berita.php(55): App\Models\M_berita->counter('frontend')
 3 SYSTEMPATH/CodeIgniter.php(942): App\Controllers\Berita->detail('frontend', 'assets', 'css', 'float.css')
 4 SYSTEMPATH/CodeIgniter.php(502): CodeIgniter\CodeIgniter->runController(Object(App\Controllers\Berita))
 5 SYSTEMPATH/CodeIgniter.php(361): CodeIgniter\CodeIgniter->handleRequest(null, Object(Config\Cache), false)
 6 FCPATH/index.php(42): CodeIgniter\CodeIgniter->run()
CRITICAL - 2024-06-20 07:52:19 --> Trying to access array offset on value of type null
in APPPATH/Views/front/v_foto_detail.php on line 5.
 1 APPPATH/Views/front/v_foto_detail.php(5): CodeIgniter\Debug\Exceptions->errorHandler(2, 'Trying to access array offset on value of type null', '/home/diskopukm/public_html/app/Views/front/v_foto_detail.php', 5)
 2 SYSTEMPATH/View/View.php(228): include('/home/diskopukm/public_html/app/Views/front/v_foto_detail.php')
 3 SYSTEMPATH/View/View.php(231): CodeIgniter\View\View->CodeIgniter\View\{closure}()
 4 SYSTEMPATH/Common.php(1190): CodeIgniter\View\View->render('front/v_foto_detail.php', [], true)
 5 APPPATH/Views/front/layout/v_content.php(3): view('front/v_foto_detail.php')
 6 SYSTEMPATH/View/View.php(228): include('/home/diskopukm/public_html/app/Views/front/layout/v_content.php')
 7 SYSTEMPATH/View/View.php(231): CodeIgniter\View\View->CodeIgniter\View\{closure}()
 8 SYSTEMPATH/Common.php(1190): CodeIgniter\View\View->render('front/layout/v_content.php', [], true)
 9 APPPATH/Views/front/layout/v_wrapper.php(5): view('front/layout/v_content.php')
10 SYSTEMPATH/View/View.php(228): include('/home/diskopukm/public_html/app/Views/front/layout/v_wrapper.php')
11 SYSTEMPATH/View/View.php(231): CodeIgniter\View\View->CodeIgniter\View\{closure}()
12 SYSTEMPATH/Common.php(1190): CodeIgniter\View\View->render('front/layout/v_wrapper', [], true)
13 APPPATH/Controllers/Galeri.php(51): view('front/layout/v_wrapper', [...])
14 SYSTEMPATH/CodeIgniter.php(942): App\Controllers\Galeri->foto_detail('frontend', 'assets', 'css', 'float.css')
15 SYSTEMPATH/CodeIgniter.php(502): CodeIgniter\CodeIgniter->runController(Object(App\Controllers\Galeri))
16 SYSTEMPATH/CodeIgniter.php(361): CodeIgniter\CodeIgniter->handleRequest(null, Object(Config\Cache), false)
17 FCPATH/index.php(42): CodeIgniter\CodeIgniter->run()
CRITICAL - 2024-06-20 11:06:02 --> Trying to access array offset on value of type null
in APPPATH/Models/M_berita.php on line 23.
 1 APPPATH/Models/M_berita.php(23): CodeIgniter\Debug\Exceptions->errorHandler(2, 'Trying to access array offset on value of type null', '/home/diskopukm/public_html/app/Models/M_berita.php', 23)
 2 APPPATH/Controllers/Berita.php(55): App\Models\M_berita->counter('frontend')
 3 SYSTEMPATH/CodeIgniter.php(942): App\Controllers\Berita->detail('frontend', 'assets', 'css', 'float.css')
 4 SYSTEMPATH/CodeIgniter.php(502): CodeIgniter\CodeIgniter->runController(Object(App\Controllers\Berita))
 5 SYSTEMPATH/CodeIgniter.php(361): CodeIgniter\CodeIgniter->handleRequest(null, Object(Config\Cache), false)
 6 FCPATH/index.php(42): CodeIgniter\CodeIgniter->run()
CRITICAL - 2024-06-20 11:42:07 --> Trying to access array offset on value of type null
in APPPATH/Models/M_berita.php on line 23.
 1 APPPATH/Models/M_berita.php(23): CodeIgniter\Debug\Exceptions->errorHandler(2, 'Trying to access array offset on value of type null', '/home/diskopukm/public_html/app/Models/M_berita.php', 23)
 2 APPPATH/Controllers/Berita.php(55): App\Models\M_berita->counter('frontend')
 3 SYSTEMPATH/CodeIgniter.php(942): App\Controllers\Berita->detail('frontend', 'assets', 'css', 'float.css')
 4 SYSTEMPATH/CodeIgniter.php(502): CodeIgniter\CodeIgniter->runController(Object(App\Controllers\Berita))
 5 SYSTEMPATH/CodeIgniter.php(361): CodeIgniter\CodeIgniter->handleRequest(null, Object(Config\Cache), false)
 6 FCPATH/index.php(42): CodeIgniter\CodeIgniter->run()
CRITICAL - 2024-06-20 11:42:26 --> Trying to access array offset on value of type null
in APPPATH/Models/M_berita.php on line 23.
 1 APPPATH/Models/M_berita.php(23): CodeIgniter\Debug\Exceptions->errorHandler(2, 'Trying to access array offset on value of type null', '/home/diskopukm/public_html/app/Models/M_berita.php', 23)
 2 APPPATH/Controllers/Berita.php(55): App\Models\M_berita->counter('frontend')
 3 SYSTEMPATH/CodeIgniter.php(942): App\Controllers\Berita->detail('frontend', 'assets', 'css', 'float.css')
 4 SYSTEMPATH/CodeIgniter.php(502): CodeIgniter\CodeIgniter->runController(Object(App\Controllers\Berita))
 5 SYSTEMPATH/CodeIgniter.php(361): CodeIgniter\CodeIgniter->handleRequest(null, Object(Config\Cache), false)
 6 FCPATH/index.php(42): CodeIgniter\CodeIgniter->run()
CRITICAL - 2024-06-20 11:42:48 --> Trying to access array offset on value of type null
in APPPATH/Models/M_berita.php on line 23.
 1 APPPATH/Models/M_berita.php(23): CodeIgniter\Debug\Exceptions->errorHandler(2, 'Trying to access array offset on value of type null', '/home/diskopukm/public_html/app/Models/M_berita.php', 23)
 2 APPPATH/Controllers/Berita.php(55): App\Models\M_berita->counter('frontend')
 3 SYSTEMPATH/CodeIgniter.php(942): App\Controllers\Berita->detail('frontend', 'assets', 'css', 'float.css')
 4 SYSTEMPATH/CodeIgniter.php(502): CodeIgniter\CodeIgniter->runController(Object(App\Controllers\Berita))
 5 SYSTEMPATH/CodeIgniter.php(361): CodeIgniter\CodeIgniter->handleRequest(null, Object(Config\Cache), false)
 6 FCPATH/index.php(42): CodeIgniter\CodeIgniter->run()
CRITICAL - 2024-06-20 11:46:08 --> Trying to access array offset on value of type null
in APPPATH/Models/M_berita.php on line 23.
 1 APPPATH/Models/M_berita.php(23): CodeIgniter\Debug\Exceptions->errorHandler(2, 'Trying to access array offset on value of type null', '/home/diskopukm/public_html/app/Models/M_berita.php', 23)
 2 APPPATH/Controllers/Berita.php(55): App\Models\M_berita->counter('frontend')
 3 SYSTEMPATH/CodeIgniter.php(942): App\Controllers\Berita->detail('frontend', 'assets', 'css', 'float.css')
 4 SYSTEMPATH/CodeIgniter.php(502): CodeIgniter\CodeIgniter->runController(Object(App\Controllers\Berita))
 5 SYSTEMPATH/CodeIgniter.php(361): CodeIgniter\CodeIgniter->handleRequest(null, Object(Config\Cache), false)
 6 FCPATH/index.php(42): CodeIgniter\CodeIgniter->run()
CRITICAL - 2024-06-20 12:05:51 --> Trying to access array offset on value of type null
in APPPATH/Models/M_berita.php on line 23.
 1 APPPATH/Models/M_berita.php(23): CodeIgniter\Debug\Exceptions->errorHandler(2, 'Trying to access array offset on value of type null', '/home/diskopukm/public_html/app/Models/M_berita.php', 23)
 2 APPPATH/Controllers/Berita.php(55): App\Models\M_berita->counter('frontend')
 3 SYSTEMPATH/CodeIgniter.php(942): App\Controllers\Berita->detail('frontend', 'assets', 'css', 'float.css')
 4 SYSTEMPATH/CodeIgniter.php(502): CodeIgniter\CodeIgniter->runController(Object(App\Controllers\Berita))
 5 SYSTEMPATH/CodeIgniter.php(361): CodeIgniter\CodeIgniter->handleRequest(null, Object(Config\Cache), false)
 6 FCPATH/index.php(42): CodeIgniter\CodeIgniter->run()
